"lwechallenge/40-045.txt" exists.
-------------------------
Primal attack, TU LWE challenge n=40, m=1600, alpha=0.045, q=1601 
Chose 194 samples. Predict solution at bkz-137 + svp-176. 
dim = 195, dvol = 302.19936168844

Generate gs-lengths by GSA assumption... Attack Estimation via simulation + probabilistic model (EnumBS in parallel)
beta_start= 79, gap = 1, J = 8, J_gap = 1, cost_model = 2, max_loop = 5, threads = 10, G_prec = 0.000000e+00,  slope_prec = 1.000000e-04,  progressive_sieve = 1, worst_case, Min G2 Strategy. 

Find the optimal Strategy through EumBS!!
bs = (slope = -2.359531e-02, G_BKZ = 2.228662e+01 sec, B_BKZ = 4.079287e+01 bit cum-pr = 4.067190e-03, dsvp = 0.000000e+00, dsvp_r = 195, G_dsvp = 2.696467e+01 sec, B_dsvp = 4.834927e+01 bit, G = 2.701996e+01 sec, B = 4.834927e+01 bit,  min_G = 2.701996e+01 gate)
S(beta,jump,tours):{( 82,  8,  1),( 85,  8,  1),( 97,  8,  1),(111,  8,  1),(113,  4,  1),(118,  4,  1),(138,  4,  1),(146,  4,  1),(154,  2,  1)}
Min Cost = 27.02 log2(sec) = 37802.01 h, Memory Cost = 48.35 log2(bit) = 40.77 TB 
EnumBS cost:1e+05s.



"lwechallenge/45-035.txt" exists.
-------------------------
Primal attack, TU LWE challenge n=45, m=2025, alpha=0.035, q=2027 
Chose 210 samples. Predict solution at bkz-142 + svp-173. 
dim = 211, dvol = 357.09956384954

Generate gs-lengths by GSA assumption... Attack Estimation via simulation + probabilistic model (EnumBS in parallel)
beta_start= 79, gap = 1, J = 8, J_gap = 1, cost_model = 2, max_loop = 5, threads = 10, G_prec = 0.000000e+00,  slope_prec = 1.000000e-04,  progressive_sieve = 1, worst_case, Min G2 Strategy. 
Find the optimal Strategy through EumBS!!
bs = (slope = -2.331405e-02, G_BKZ = 2.264698e+01 sec, B_BKZ = 4.079287e+01 bit cum-pr = 9.790017e-03, dsvp = 0.000000e+00, dsvp_r = 193, G_dsvp = 2.612473e+01 sec, B_dsvp = 4.815008e+01 bit, G = 2.624874e+01 sec, B = 4.815008e+01 bit,  min_G = 2.624874e+01 gate)
S(beta,jump,tours):{( 82,  8,  2),( 83,  8,  1),(113,  8,  2),(115,  4,  1),(126,  4,  1),(138,  4,  1),(148,  4,  1),(154,  2,  1)}
Min Cost = 26.25 log2(sec) = 22149.08 h, Memory Cost = 48.15 log2(bit) = 35.51 TB 
EnumBS cost:6.6e+04s.



"lwechallenge/50-030.txt" exists.
-------------------------
Primal attack, TU LWE challenge n=50, m=2500, alpha=0.030, q=2503 
Chose 227 samples. Predict solution at bkz-146 + svp-181. 
dim = 228, dvol = 400.40769158427

Generate gs-lengths by GSA assumption... Attack Estimation via simulation + probabilistic model (EnumBS in parallel)
beta_start= 79, gap = 1, J = 8, J_gap = 1, cost_model = 2, max_loop = 5, threads = 10, G_prec = 0.000000e+00,  slope_prec = 1.000000e-04,  progressive_sieve = 1, worst_case, Min G2 Strategy. 
