"lwechallenge/40-025.txt" exists.
-------------------------
Primal attack, TU LWE challenge n=40, m=1600, alpha=0.025, q=1601 
Chose 171 samples. Predict solution at bkz-89 + svp-117. 
Initial slope = -0.0665978
dim = 172, dvol = 331.97353385059

After a sigma normalization,Slope = -0.066598
enumbs min_G_prec = 0.1
 Attack Estimation via simulation + probabilistic model (EnumBS in parallel)
beta_start= 50, gap = 1, J = 8, J_gap = 1, cost_model = 2, max_loop = 5, threads = 10, G_prec = 1.000000e-03,  slope_prec = 1.000000e-04,  progressive_sieve = 1, Find minimal time cost strategy, worst_case, practical_pnjbkz_d4f = 3, practical_pump_d4f = 2, Min G2 Strategy. 

Find the optimal Strategy through EumBS!!
bs = (slope = -4.173394e-02, G_BKZ = 1.037973e+01 sec, B_BKZ = 3.430045e+01 bit cum-pr = 1.110694e-03, dsvp = 0.000000e+00, dsvp_r = 138, G_dsvp = 9.624994e+00 sec, B_dsvp = 3.789370e+01 bit, G = 1.105116e+01 sec, B = 3.789370e+01 bit,  min_GB.first = 1.105116e+01 gate)
S(beta,jump,tours):{( 79,  8,  1),( 89,  8,  1),(104,  8,  1)}
Min Cost = 11.05 log2(sec) = 0.59 h, Memory Cost = 37.89 log2(bit) = 0.03 TB 
EnumBS cost:14s.



"lwechallenge/45-020.txt" exists.
-------------------------
Primal attack, TU LWE challenge n=45, m=2025, alpha=0.020, q=2027 
Chose 184 samples. Predict solution at bkz-89 + svp-121. 
Initial slope = -0.066
dim = 185, dvol = 373.46589773268

After a sigma normalization,Slope = -0.065691
enumbs min_G_prec = 0.1
 Attack Estimation via simulation + probabilistic model (EnumBS in parallel)
beta_start= 50, gap = 1, J = 8, J_gap = 1, cost_model = 2, max_loop = 5, threads = 10, G_prec = 1.000000e-03,  slope_prec = 1.000000e-04,  progressive_sieve = 1, Find minimal time cost strategy, worst_case, practical_pnjbkz_d4f = 3, practical_pump_d4f = 2, Min G2 Strategy. 

Find the optimal Strategy through EumBS!!
bs = (slope = -4.045995e-02, G_BKZ = 1.106351e+01 sec, B_BKZ = 3.483012e+01 bit cum-pr = 1.428084e-02, dsvp = 0.000000e+00, dsvp_r = 141, G_dsvp = 1.023831e+01 sec, B_dsvp = 3.845748e+01 bit, G = 1.170912e+01 sec, B = 3.845748e+01 bit,  min_GB.first = 1.170912e+01 gate)
S(beta,jump,tours):{( 79,  8,  1),( 91,  8,  1),(115,  8,  1)}
Min Cost = 11.71 log2(sec) = 0.93 h, Memory Cost = 38.46 log2(bit) = 0.04 TB 
EnumBS cost:23s.



"lwechallenge/50-015.txt" exists.
-------------------------
Primal attack, TU LWE challenge n=50, m=2500, alpha=0.015, q=2503 
Chose 193 samples. Predict solution at bkz-87 + svp-118. 
Initial slope = -0.068
dim = 194, dvol = 415.65527573918

After a sigma normalization,Slope = -0.068032
enumbs min_G_prec = 0.1
 Attack Estimation via simulation + probabilistic model (EnumBS in parallel)
beta_start= 50, gap = 1, J = 8, J_gap = 1, cost_model = 2, max_loop = 5, threads = 10, G_prec = 1.000000e-03,  slope_prec = 1.000000e-04,  progressive_sieve = 1, Find minimal time cost strategy, worst_case, practical_pnjbkz_d4f = 3, practical_pump_d4f = 2, Min G2 Strategy. 

Find the optimal Strategy through EumBS!!
bs = (slope = -4.168693e-02, G_BKZ = 1.116713e+01 sec, B_BKZ = 3.453165e+01 bit cum-pr = 6.874966e-03, dsvp = 0.000000e+00, dsvp_r = 140, G_dsvp = 1.002996e+01 sec, B_dsvp = 3.826812e+01 bit, G = 1.170780e+01 sec, B = 3.826812e+01 bit,  min_GB.first = 1.170780e+01 gate)
S(beta,jump,tours):{( 79,  8,  1),( 91,  8,  1),(111,  8,  1)}
Min Cost = 11.71 log2(sec) = 0.93 h, Memory Cost = 38.27 log2(bit) = 0.04 TB 
EnumBS cost:28s.



"lwechallenge/55-010.txt" exists.
-------------------------
Primal attack, TU LWE challenge n=55, m=3025, alpha=0.010, q=3037 
Chose 204 samples. Predict solution at bkz-76 + svp-107. 
Initial slope = -0.068
dim = 205, dvol = 495.01685533394

After a sigma normalization,Slope = -0.068057
enumbs min_G_prec = 0.1
 Attack Estimation via simulation + probabilistic model (EnumBS in parallel)
beta_start= 50, gap = 1, J = 8, J_gap = 1, cost_model = 2, max_loop = 5, threads = 10, G_prec = 1.000000e-03,  slope_prec = 1.000000e-04,  progressive_sieve = 1, Find minimal time cost strategy, worst_case, practical_pnjbkz_d4f = 3, practical_pump_d4f = 2, Min G2 Strategy. 

Find the optimal Strategy through EumBS!!
bs = (slope = -4.715011e-02, G_BKZ = 1.068335e+01 sec, B_BKZ = 3.413458e+01 bit cum-pr = 2.018804e-06, dsvp = 0.000000e+00, dsvp_r = 135, G_dsvp = 9.237142e+00 sec, B_dsvp = 3.752632e+01 bit, G = 1.113435e+01 sec, B = 3.752632e+01 bit,  min_GB.first = 1.113435e+01 gate)
S(beta,jump,tours):{( 79,  8,  1),( 82,  8,  1),( 89,  8,  1)}
Min Cost = 11.13 log2(sec) = 0.62 h, Memory Cost = 37.53 log2(bit) = 0.02 TB 
EnumBS cost:20s.



"lwechallenge/60-010.txt" exists.
-------------------------
Primal attack, TU LWE challenge n=60, m=3600, alpha=0.010, q=3607 
Chose 221 samples. Predict solution at bkz-92 + svp-122. 
Initial slope = -0.066
dim = 222, dvol = 522.71923621791

After a sigma normalization,Slope = -0.065713
enumbs min_G_prec = 0.1
 Attack Estimation via simulation + probabilistic model (EnumBS in parallel)
beta_start= 50, gap = 1, J = 8, J_gap = 1, cost_model = 2, max_loop = 5, threads = 10, G_prec = 1.000000e-03,  slope_prec = 1.000000e-04,  progressive_sieve = 1, Find minimal time cost strategy, worst_case, practical_pnjbkz_d4f = 3, practical_pump_d4f = 2, Min G2 Strategy. 

Find the optimal Strategy through EumBS!!
bs = (slope = -3.981251e-02, G_BKZ = 1.226398e+01 sec, B_BKZ = 3.501455e+01 bit cum-pr = 1.524585e-02, dsvp = 0.000000e+00, dsvp_r = 143, G_dsvp = 1.069178e+01 sec, B_dsvp = 3.883970e+01 bit, G = 1.268222e+01 sec, B = 3.883970e+01 bit,  min_GB.first = 1.268222e+01 gate)
S(beta,jump,tours):{( 79,  8,  1),( 89,  8,  1),(104,  8,  1),(117,  8,  1)}
Min Cost = 12.68 log2(sec) = 1.83 h, Memory Cost = 38.84 log2(bit) = 0.06 TB 
EnumBS cost:82s.



"lwechallenge/70-005.txt" exists.
-------------------------
Primal attack, TU LWE challenge n=70, m=4900, alpha=0.005, q=4903 
Chose 234 samples. Predict solution at bkz-77 + svp-106. 
Initial slope = -0.07
dim = 235, dvol = 641.77463704427

After a sigma normalization,Slope = -0.070160
enumbs min_G_prec = 0.1
 Attack Estimation via simulation + probabilistic model (EnumBS in parallel)
beta_start= 50, gap = 1, J = 8, J_gap = 1, cost_model = 2, max_loop = 5, threads = 10, G_prec = 1.000000e-03,  slope_prec = 1.000000e-04,  progressive_sieve = 1, Find minimal time cost strategy, worst_case, practical_pnjbkz_d4f = 3, practical_pump_d4f = 2, Min G2 Strategy. 

Find the optimal Strategy through EumBS!!
bs = (slope = -4.654239e-02, G_BKZ = 1.159620e+01 sec, B_BKZ = 3.430045e+01 bit cum-pr = 8.288004e-04, dsvp = 0.000000e+00, dsvp_r = 137, G_dsvp = 9.568392e+00 sec, B_dsvp = 3.789370e+01 bit, G = 1.191261e+01 sec, B = 3.789370e+01 bit,  min_GB.first = 1.191261e+01 gate)
S(beta,jump,tours):{( 79,  8,  1),( 89,  8,  1),(104,  8,  1)}
Min Cost = 11.91 log2(sec) = 1.07 h, Memory Cost = 37.89 log2(bit) = 0.03 TB 
EnumBS cost:45s.



"lwechallenge/75-005.txt" exists.
-------------------------
Primal attack, TU LWE challenge n=75, m=5625, alpha=0.005, q=5639 
Chose 251 samples. Predict solution at bkz-90 + svp-118. 
Initial slope = -0.067
dim = 252, dvol = 678.72747085249

After a sigma normalization,Slope = -0.066672
enumbs min_G_prec = 0.1
 Attack Estimation via simulation + probabilistic model (EnumBS in parallel)
beta_start= 50, gap = 1, J = 8, J_gap = 1, cost_model = 2, max_loop = 5, threads = 10, G_prec = 1.000000e-03,  slope_prec = 1.000000e-04,  progressive_sieve = 1, Find minimal time cost strategy, worst_case, practical_pnjbkz_d4f = 3, practical_pump_d4f = 2, Min G2 Strategy. 

Find the optimal Strategy through EumBS!!
bs = (slope = -4.126310e-02, G_BKZ = 1.270409e+01 sec, B_BKZ = 3.458505e+01 bit cum-pr = 3.564732e-03, dsvp = 0.000000e+00, dsvp_r = 143, G_dsvp = 1.072941e+01 sec, B_dsvp = 3.883970e+01 bit, G = 1.303111e+01 sec, B = 3.883970e+01 bit,  min_GB.first = 1.303111e+01 gate)
S(beta,jump,tours):{( 79,  8,  1),( 89,  8,  1),(112,  8,  2)}
Min Cost = 13.03 log2(sec) = 2.33 h, Memory Cost = 38.84 log2(bit) = 0.06 TB 
EnumBS cost:1.3e+02s.



"lwechallenge/40-035.txt" exists.
-------------------------
Primal attack, TU LWE challenge n=40, m=1600, alpha=0.035, q=1601 
Chose 187 samples. Predict solution at bkz-114 + svp-148. 
Initial slope = -0.06
dim = 188, dvol = 327.73882468246

After a sigma normalization,Slope = -0.059717
enumbs min_G_prec = 0.1
 Attack Estimation via simulation + probabilistic model (EnumBS in parallel)
beta_start= 50, gap = 1, J = 8, J_gap = 1, cost_model = 2, max_loop = 5, threads = 10, G_prec = 1.000000e-03,  slope_prec = 1.000000e-04,  progressive_sieve = 1, Find minimal time cost strategy, worst_case, practical_pnjbkz_d4f = 3, practical_pump_d4f = 2, Min G2 Strategy. 

Find the optimal Strategy through EumBS!!
bs = (slope = -3.499943e-02, G_BKZ = 1.519080e+01 sec, B_BKZ = 3.734582e+01 bit cum-pr = 3.080101e-02, dsvp = 0.000000e+00, dsvp_r = 167, G_dsvp = 1.734381e+01 sec, B_dsvp = 4.317254e+01 bit, G = 1.763641e+01 sec, B = 4.317254e+01 bit,  min_GB.first = 1.763641e+01 gate)
S(beta,jump,tours):{( 93,  8,  1),(104,  8,  1),(117,  8,  1),(120,  4,  1),(134,  4,  1)}
Min Cost = 17.64 log2(sec) = 56.60 h, Memory Cost = 43.17 log2(bit) = 1.13 TB 
EnumBS cost:1.3e+02s.



"lwechallenge/40-045.txt" exists.
-------------------------
Primal attack, TU LWE challenge n=40, m=1600, alpha=0.045, q=1601 
Chose 194 samples. Predict solution at bkz-137 + svp-176. 
Initial slope = -0.057
dim = 195, dvol = 302.19936168844

After a sigma normalization,Slope = -0.056677
enumbs min_G_prec = 0.1
 Attack Estimation via simulation + probabilistic model (EnumBS in parallel)
beta_start= 50, gap = 1, J = 8, J_gap = 1, cost_model = 2, max_loop = 5, threads = 10, G_prec = 1.000000e-03,  slope_prec = 1.000000e-04,  progressive_sieve = 1, Find minimal time cost strategy, worst_case, practical_pnjbkz_d4f = 3, practical_pump_d4f = 2, Min G2 Strategy. 

Find the optimal Strategy through EumBS!!
bs = (slope = -3.255745e-02, G_BKZ = 2.232714e+01 sec, B_BKZ = 4.118808e+01 bit cum-pr = 8.656460e-03, dsvp = 0.000000e+00, dsvp_r = 195, G_dsvp = 2.710101e+01 sec, B_dsvp = 4.834927e+01 bit, G = 2.715280e+01 sec, B = 4.834927e+01 bit,  min_GB.first = 2.715280e+01 gate)
S(beta,jump,tours):{( 82,  8,  1),( 92,  8,  1),(115,  8,  1),(118,  4,  1),(133,  4,  1),(141,  4,  1),(149,  4,  1),(156,  2,  1)}
Min Cost = 27.15 log2(sec) = 41448.10 h, Memory Cost = 48.35 log2(bit) = 40.77 TB 
EnumBS cost:2.5e+02s.



"lwechallenge/45-035.txt" exists.
-------------------------
Primal attack, TU LWE challenge n=45, m=2025, alpha=0.035, q=2027 
Chose 210 samples. Predict solution at bkz-142 + svp-173. 
Initial slope = -0.056
dim = 211, dvol = 357.09956384954

After a sigma normalization,Slope = -0.056187
enumbs min_G_prec = 0.1
 Attack Estimation via simulation + probabilistic model (EnumBS in parallel)
beta_start= 50, gap = 1, J = 8, J_gap = 1, cost_model = 2, max_loop = 5, threads = 10, G_prec = 1.000000e-03,  slope_prec = 1.000000e-04,  progressive_sieve = 1, Find minimal time cost strategy, worst_case, practical_pnjbkz_d4f = 3, practical_pump_d4f = 2, Min G2 Strategy. 

Find the optimal Strategy through EumBS!!
bs = (slope = -3.208221e-02, G_BKZ = 2.297537e+01 sec, B_BKZ = 4.138599e+01 bit cum-pr = 2.783643e-02, dsvp = 0.000000e+00, dsvp_r = 193, G_dsvp = 2.618836e+01 sec, B_dsvp = 4.815008e+01 bit, G = 2.633611e+01 sec, B = 4.815008e+01 bit,  min_GB.first = 2.633611e+01 gate)
S(beta,jump,tours):{( 82,  8,  1),( 90,  8,  1),(102,  8,  1),(118,  4,  2),(130,  4,  1),(141,  4,  1),(150,  4,  1),(157,  2,  1)}
Min Cost = 26.34 log2(sec) = 23531.92 h, Memory Cost = 48.15 log2(bit) = 35.51 TB 
EnumBS cost:3.6e+02s.



"lwechallenge/50-030.txt" exists.
-------------------------
Primal attack, TU LWE challenge n=50, m=2500, alpha=0.030, q=2503 
Chose 227 samples. Predict solution at bkz-146 + svp-181. 
Initial slope = -0.056
dim = 228, dvol = 400.40769158427

After a sigma normalization,Slope = -0.055556
enumbs min_G_prec = 0.1
 Attack Estimation via simulation + probabilistic model (EnumBS in parallel)
beta_start= 50, gap = 1, J = 8, J_gap = 1, cost_model = 2, max_loop = 5, threads = 10, G_prec = 1.000000e-03,  slope_prec = 1.000000e-04,  progressive_sieve = 1, Find minimal time cost strategy, worst_case, practical_pnjbkz_d4f = 3, practical_pump_d4f = 2, Min G2 Strategy. 

Find the optimal Strategy through EumBS!!
bs = (slope = -3.097570e-02, G_BKZ = 2.646787e+01 sec, B_BKZ = 4.317254e+01 bit cum-pr = 6.020534e-02, dsvp = 0.000000e+00, dsvp_r = 200, G_dsvp = 2.865466e+01 sec, B_dsvp = 4.934524e+01 bit, G = 2.894112e+01 sec, B = 4.934524e+01 bit,  min_GB.first = 2.894112e+01 gate)
S(beta,jump,tours):{( 87,  8,  2),(117,  8,  2),(117,  4,  1),(124,  4,  1),(133,  4,  1),(141,  4,  1),(147,  4,  1),(155,  2,  1),(167,  2,  1)}
Min Cost = 28.94 log2(sec) = 143166.76 h, Memory Cost = 49.35 log2(bit) = 81.30 TB 
EnumBS cost:6.1e+02s.



"lwechallenge/55-025.txt" exists.
