"lwechallenge/40-025.txt" exists.
-------------------------
Primal attack, TU LWE challenge n=40, m=1600, alpha=0.025, q=1601 
Chose 171 samples. Predict solution at bkz-89 + svp-117. 
Initial slope = -0.0665978
dim = 172, dvol = 331.97353385059

After a sigma normalization,Slope = -0.066598
enumbs min_G_prec = 0.1
 Attack Estimation via simulation + probabilistic model (EnumBS in parallel)
beta_start= 50, gap = 1, J = 8, J_gap = 1, cost_model = 2, max_loop = 1, threads = 10, G_prec = 1.000000e-03,  slope_prec = 1.000000e-04,  progressive_sieve = 1, Find minimal time cost strategy, worst_case, practical_pnjbkz_d4f = 3, practical_pump_d4f = 1, Min G2 Strategy. 

Find the optimal Strategy through EumBS!!
bs = (slope = -3.966881e-02, G_BKZ = 1.078180e+01 sec, B_BKZ = 3.572950e+01 bit cum-pr = 1.178109e-01, dsvp = 0.000000e+00, dsvp_r = 136, G_dsvp = 1.044869e+01 sec, B_dsvp = 3.883970e+01 bit, G = 1.162484e+01 sec, B = 3.883970e+01 bit,  min_GB.first = 1.162484e+01 gate)
S(beta,jump,tours):{( 79,  8,  1),( 91,  8,  1),(117,  8,  1)}
Min Cost = 11.62 log2(sec) = 0.88 h, Memory Cost = 38.84 log2(bit) = 0.06 TB 
EnumBS cost:17s.



"lwechallenge/45-020.txt" exists.
-------------------------
Primal attack, TU LWE challenge n=45, m=2025, alpha=0.020, q=2027 
Chose 184 samples. Predict solution at bkz-89 + svp-121. 
Initial slope = -0.066
dim = 185, dvol = 373.46589773268

After a sigma normalization,Slope = -0.065691
enumbs min_G_prec = 0.1
 Attack Estimation via simulation + probabilistic model (EnumBS in parallel)
beta_start= 50, gap = 1, J = 8, J_gap = 1, cost_model = 2, max_loop = 1, threads = 10, G_prec = 1.000000e-03,  slope_prec = 1.000000e-04,  progressive_sieve = 1, Find minimal time cost strategy, worst_case, practical_pnjbkz_d4f = 3, practical_pump_d4f = 1, Min G2 Strategy. 

Find the optimal Strategy through EumBS!!
bs = (slope = -3.912295e-02, G_BKZ = 1.140118e+01 sec, B_BKZ = 3.572950e+01 bit cum-pr = 5.811373e-02, dsvp = 0.000000e+00, dsvp_r = 139, G_dsvp = 1.119749e+01 sec, B_dsvp = 3.941984e+01 bit, G = 1.230293e+01 sec, B = 3.941984e+01 bit,  min_GB.first = 1.230293e+01 gate)
S(beta,jump,tours):{( 89,  8,  1),(104,  8,  1),(117,  8,  1)}
Min Cost = 12.30 log2(sec) = 1.40 h, Memory Cost = 39.42 log2(bit) = 0.08 TB 
EnumBS cost:32s.



"lwechallenge/50-015.txt" exists.
-------------------------
Primal attack, TU LWE challenge n=50, m=2500, alpha=0.015, q=2503 
Chose 193 samples. Predict solution at bkz-87 + svp-118. 
Initial slope = -0.068
dim = 194, dvol = 415.65527573918

After a sigma normalization,Slope = -0.068032
enumbs min_G_prec = 0.1
 Attack Estimation via simulation + probabilistic model (EnumBS in parallel)
beta_start= 50, gap = 1, J = 8, J_gap = 1, cost_model = 2, max_loop = 1, threads = 10, G_prec = 1.000000e-03,  slope_prec = 1.000000e-04,  progressive_sieve = 1, Find minimal time cost strategy, worst_case, practical_pnjbkz_d4f = 3, practical_pump_d4f = 1, Min G2 Strategy. 

Find the optimal Strategy through EumBS!!
bs = (slope = -4.013311e-02, G_BKZ = 1.147187e+01 sec, B_BKZ = 3.572950e+01 bit cum-pr = 8.155268e-02, dsvp = 0.000000e+00, dsvp_r = 138, G_dsvp = 1.082712e+01 sec, B_dsvp = 3.922570e+01 bit, G = 1.218522e+01 sec, B = 3.922570e+01 bit,  min_GB.first = 1.218522e+01 gate)
S(beta,jump,tours):{( 90,  8,  1),( 94,  8,  1),(117,  8,  1)}
Min Cost = 12.19 log2(sec) = 1.29 h, Memory Cost = 39.23 log2(bit) = 0.07 TB 
EnumBS cost:35s.



"lwechallenge/55-010.txt" exists.
-------------------------
Primal attack, TU LWE challenge n=55, m=3025, alpha=0.010, q=3037 
Chose 204 samples. Predict solution at bkz-76 + svp-107. 
Initial slope = -0.068
dim = 205, dvol = 495.01685533394

After a sigma normalization,Slope = -0.068057
enumbs min_G_prec = 0.1
 Attack Estimation via simulation + probabilistic model (EnumBS in parallel)
beta_start= 50, gap = 1, J = 8, J_gap = 1, cost_model = 2, max_loop = 1, threads = 10, G_prec = 1.000000e-03,  slope_prec = 1.000000e-04,  progressive_sieve = 1, Find minimal time cost strategy, worst_case, practical_pnjbkz_d4f = 3, practical_pump_d4f = 1, Min G2 Strategy. 

Find the optimal Strategy through EumBS!!
bs = (slope = -4.387061e-02, G_BKZ = 1.113966e+01 sec, B_BKZ = 3.453165e+01 bit cum-pr = 2.247930e-02, dsvp = 0.000000e+00, dsvp_r = 130, G_dsvp = 9.155408e+00 sec, B_dsvp = 3.770902e+01 bit, G = 1.146475e+01 sec, B = 3.770902e+01 bit,  min_GB.first = 1.146475e+01 gate)
S(beta,jump,tours):{( 79,  8,  1),( 89,  8,  1),(104,  8,  1)}
Min Cost = 11.46 log2(sec) = 0.79 h, Memory Cost = 37.71 log2(bit) = 0.03 TB 
EnumBS cost:26s.



"lwechallenge/60-010.txt" exists.
-------------------------
Primal attack, TU LWE challenge n=60, m=3600, alpha=0.010, q=3607 
Chose 221 samples. Predict solution at bkz-92 + svp-122. 
Initial slope = -0.066
dim = 222, dvol = 522.71923621791

After a sigma normalization,Slope = -0.065713
enumbs min_G_prec = 0.1
 Attack Estimation via simulation + probabilistic model (EnumBS in parallel)
beta_start= 50, gap = 1, J = 8, J_gap = 1, cost_model = 2, max_loop = 1, threads = 10, G_prec = 1.000000e-03,  slope_prec = 1.000000e-04,  progressive_sieve = 1, Find minimal time cost strategy, worst_case, practical_pnjbkz_d4f = 3, practical_pump_d4f = 1, Min G2 Strategy. 

Find the optimal Strategy through EumBS!!
bs = (slope = -3.878534e-02, G_BKZ = 1.253577e+01 sec, B_BKZ = 3.572950e+01 bit cum-pr = 3.789327e-02, dsvp = 0.000000e+00, dsvp_r = 141, G_dsvp = 1.164399e+01 sec, B_dsvp = 3.961462e+01 bit, G = 1.315772e+01 sec, B = 3.961462e+01 bit,  min_GB.first = 1.315772e+01 gate)
S(beta,jump,tours):{( 89,  8,  1),( 93,  8,  1),(115,  8,  1),(117,  8,  1)}
Min Cost = 13.16 log2(sec) = 2.54 h, Memory Cost = 39.61 log2(bit) = 0.10 TB 
EnumBS cost:78s.



"lwechallenge/70-005.txt" exists.
-------------------------
Primal attack, TU LWE challenge n=70, m=4900, alpha=0.005, q=4903 
Chose 234 samples. Predict solution at bkz-77 + svp-106. 
Initial slope = -0.07
dim = 235, dvol = 641.77463704427

After a sigma normalization,Slope = -0.070160
enumbs min_G_prec = 0.1
 Attack Estimation via simulation + probabilistic model (EnumBS in parallel)
beta_start= 50, gap = 1, J = 8, J_gap = 1, cost_model = 2, max_loop = 1, threads = 10, G_prec = 1.000000e-03,  slope_prec = 1.000000e-04,  progressive_sieve = 1, Find minimal time cost strategy, worst_case, practical_pnjbkz_d4f = 3, practical_pump_d4f = 1, Min G2 Strategy. 

Find the optimal Strategy through EumBS!!
bs = (slope = -4.462246e-02, G_BKZ = 1.187577e+01 sec, B_BKZ = 3.453165e+01 bit cum-pr = 8.793916e-03, dsvp = 0.000000e+00, dsvp_r = 132, G_dsvp = 9.757299e+00 sec, B_dsvp = 3.808013e+01 bit, G = 1.217477e+01 sec, B = 3.808013e+01 bit,  min_GB.first = 1.217477e+01 gate)
S(beta,jump,tours):{( 79,  8,  1),( 80,  8,  1),( 89,  8,  1),(104,  8,  1)}
Min Cost = 12.17 log2(sec) = 1.28 h, Memory Cost = 38.08 log2(bit) = 0.03 TB 
EnumBS cost:52s.



"lwechallenge/75-005.txt" exists.
-------------------------
Primal attack, TU LWE challenge n=75, m=5625, alpha=0.005, q=5639 
Chose 251 samples. Predict solution at bkz-90 + svp-118. 
Initial slope = -0.067
dim = 252, dvol = 678.72747085249

After a sigma normalization,Slope = -0.066672
enumbs min_G_prec = 0.1
 Attack Estimation via simulation + probabilistic model (EnumBS in parallel)
beta_start= 50, gap = 1, J = 8, J_gap = 1, cost_model = 2, max_loop = 1, threads = 10, G_prec = 1.000000e-03,  slope_prec = 1.000000e-04,  progressive_sieve = 1, Find minimal time cost strategy, worst_case, practical_pnjbkz_d4f = 3, practical_pump_d4f = 1, Min G2 Strategy. 

Find the optimal Strategy through EumBS!!
bs = (slope = -3.977651e-02, G_BKZ = 1.297868e+01 sec, B_BKZ = 3.572950e+01 bit cum-pr = 5.886092e-02, dsvp = 0.000000e+00, dsvp_r = 139, G_dsvp = 1.116435e+01 sec, B_dsvp = 3.941984e+01 bit, G = 1.333970e+01 sec, B = 3.941984e+01 bit,  min_GB.first = 1.333970e+01 gate)
S(beta,jump,tours):{( 79,  8,  1),( 89,  8,  1),( 92,  8,  1),(110,  8,  1),(117,  8,  1)}
Min Cost = 13.34 log2(sec) = 2.88 h, Memory Cost = 39.42 log2(bit) = 0.08 TB 
EnumBS cost:1.1e+02s.



"lwechallenge/40-035.txt" exists.
-------------------------
Primal attack, TU LWE challenge n=40, m=1600, alpha=0.035, q=1601 
Chose 187 samples. Predict solution at bkz-114 + svp-148. 
Initial slope = -0.06
dim = 188, dvol = 327.73882468246

After a sigma normalization,Slope = -0.059717
enumbs min_G_prec = 0.1
 Attack Estimation via simulation + probabilistic model (EnumBS in parallel)
beta_start= 50, gap = 1, J = 8, J_gap = 1, cost_model = 2, max_loop = 1, threads = 10, G_prec = 1.000000e-03,  slope_prec = 1.000000e-04,  progressive_sieve = 1, Find minimal time cost strategy, worst_case, practical_pnjbkz_d4f = 3, practical_pump_d4f = 1, Min G2 Strategy. 

Find the optimal Strategy through EumBS!!
bs = (slope = -3.426722e-02, G_BKZ = 1.660198e+01 sec, B_BKZ = 3.961462e+01 bit cum-pr = 2.094971e-01, dsvp = 0.000000e+00, dsvp_r = 166, G_dsvp = 1.930713e+01 sec, B_dsvp = 4.436631e+01 bit, G = 1.951295e+01 sec, B = 4.436631e+01 bit,  min_GB.first = 1.951295e+01 gate)
S(beta,jump,tours):{( 83,  8,  1),( 94,  8,  1),(117,  8,  1),(117,  4,  1),(128,  4,  1),(141,  4,  1)}
Min Cost = 19.51 log2(sec) = 207.82 h, Memory Cost = 44.37 log2(bit) = 2.58 TB 
EnumBS cost:1.3e+02s.



"lwechallenge/40-045.txt" exists.
-------------------------
Primal attack, TU LWE challenge n=40, m=1600, alpha=0.045, q=1601 
Chose 194 samples. Predict solution at bkz-137 + svp-176. 
Initial slope = -0.057
dim = 195, dvol = 302.19936168844

After a sigma normalization,Slope = -0.056677
enumbs min_G_prec = 0.1
 Attack Estimation via simulation + probabilistic model (EnumBS in parallel)
beta_start= 50, gap = 1, J = 8, J_gap = 1, cost_model = 2, max_loop = 1, threads = 10, G_prec = 1.000000e-03,  slope_prec = 1.000000e-04,  progressive_sieve = 1, Find minimal time cost strategy, worst_case, practical_pnjbkz_d4f = 3, practical_pump_d4f = 1, Min G2 Strategy. 

Find the optimal Strategy through EumBS!!
bs = (slope = -3.208290e-02, G_BKZ = 2.480849e+01 sec, B_BKZ = 4.376928e+01 bit cum-pr = 7.504435e-02, dsvp = 0.000000e+00, dsvp_r = 195, G_dsvp = 2.942796e+01 sec, B_dsvp = 4.974363e+01 bit, G = 2.948549e+01 sec, B = 4.974363e+01 bit,  min_GB.first = 2.948549e+01 gate)
S(beta,jump,tours):{( 82,  8,  1),(105,  8,  1),(117,  8,  1),(117,  4,  1),(122,  4,  1),(136,  4,  1),(155,  4,  1),(163,  2,  1)}
Min Cost = 29.49 log2(sec) = 208792.23 h, Memory Cost = 49.74 log2(bit) = 107.16 TB 
EnumBS cost:2.7e+02s.



"lwechallenge/45-035.txt" exists.
-------------------------
Primal attack, TU LWE challenge n=45, m=2025, alpha=0.035, q=2027 
Chose 210 samples. Predict solution at bkz-142 + svp-173. 
Initial slope = -0.056
dim = 211, dvol = 357.09956384954

After a sigma normalization,Slope = -0.056187
enumbs min_G_prec = 0.1
 Attack Estimation via simulation + probabilistic model (EnumBS in parallel)
beta_start= 50, gap = 1, J = 8, J_gap = 1, cost_model = 2, max_loop = 1, threads = 10, G_prec = 1.000000e-03,  slope_prec = 1.000000e-04,  progressive_sieve = 1, Find minimal time cost strategy, worst_case, practical_pnjbkz_d4f = 3, practical_pump_d4f = 1, Min G2 Strategy. 

Find the optimal Strategy through EumBS!!
bs = (slope = -3.161487e-02, G_BKZ = 2.524352e+01 sec, B_BKZ = 4.376928e+01 bit cum-pr = 1.617689e-01, dsvp = 0.000000e+00, dsvp_r = 192, G_dsvp = 2.835869e+01 sec, B_dsvp = 4.914604e+01 bit, G = 2.851627e+01 sec, B = 4.914604e+01 bit,  min_GB.first = 2.851627e+01 gate)
S(beta,jump,tours):{( 90,  8,  1),( 98,  8,  1),(117,  8,  1),(117,  4,  1),(123,  4,  1),(135,  4,  1),(144,  4,  1),(156,  2,  1),(163,  2,  1)}
Min Cost = 28.52 log2(sec) = 106647.06 h, Memory Cost = 49.15 log2(bit) = 70.82 TB 
EnumBS cost:3.4e+02s.



"lwechallenge/50-030.txt" exists.
-------------------------
Primal attack, TU LWE challenge n=50, m=2500, alpha=0.030, q=2503 
Chose 227 samples. Predict solution at bkz-146 + svp-181. 
Initial slope = -0.056
dim = 228, dvol = 400.40769158427

After a sigma normalization,Slope = -0.055556
enumbs min_G_prec = 0.1
 Attack Estimation via simulation + probabilistic model (EnumBS in parallel)
beta_start= 50, gap = 1, J = 8, J_gap = 1, cost_model = 2, max_loop = 1, threads = 10, G_prec = 1.000000e-03,  slope_prec = 1.000000e-04,  progressive_sieve = 1, Find minimal time cost strategy, worst_case, practical_pnjbkz_d4f = 3, practical_pump_d4f = 1, Min G2 Strategy. 

Find the optimal Strategy through EumBS!!
bs = (slope = -3.067837e-02, G_BKZ = 2.796206e+01 sec, B_BKZ = 4.536176e+01 bit cum-pr = 1.728705e-01, dsvp = 0.000000e+00, dsvp_r = 200, G_dsvp = 3.089765e+01 sec, B_dsvp = 5.073961e+01 bit, G = 3.107487e+01 sec, B = 5.073961e+01 bit,  min_GB.first = 3.107487e+01 gate)
S(beta,jump,tours):{( 96,  8,  1),( 98,  8,  1),(117,  8,  1),(117,  4,  1),(122,  4,  1),(130,  4,  1),(138,  4,  1),(145,  4,  1),(151,  4,  1),(160,  2,  1),(171,  2,  1)}
Min Cost = 31.07 log2(sec) = 628298.43 h, Memory Cost = 50.74 log2(bit) = 213.73 TB 
EnumBS cost:4.7e+02s.



"lwechallenge/55-025.txt" exists.
-------------------------
Primal attack, TU LWE challenge n=55, m=3025, alpha=0.025, q=3037 
Chose 240 samples. Predict solution at bkz-150 + svp-184. 
Initial slope = -0.056
dim = 241, dvol = 439.97692024407

After a sigma normalization,Slope = -0.056477
enumbs min_G_prec = 0.1
 Attack Estimation via simulation + probabilistic model (EnumBS in parallel)
beta_start= 50, gap = 1, J = 8, J_gap = 1, cost_model = 2, max_loop = 1, threads = 10, G_prec = 1.000000e-03,  slope_prec = 1.000000e-04,  progressive_sieve = 1, Find minimal time cost strategy, worst_case, practical_pnjbkz_d4f = 3, practical_pump_d4f = 1, Min G2 Strategy. 

Find the optimal Strategy through EumBS!!
bs = (slope = -3.019672e-02, G_BKZ = 2.936204e+01 sec, B_BKZ = 4.576002e+01 bit cum-pr = 1.933163e-01, dsvp = 0.000000e+00, dsvp_r = 203, G_dsvp = 3.188794e+01 sec, B_dsvp = 5.133721e+01 bit, G = 3.211892e+01 sec, B = 5.133721e+01 bit,  min_GB.first = 3.211892e+01 gate)
S(beta,jump,tours):{( 81,  8,  1),( 90,  8,  1),(104,  8,  1),(117,  8,  1),(118,  8,  1),(118,  4,  1),(123,  4,  1),(131,  4,  1),(141,  4,  1),(144,  4,  1),(150,  4,  1),(156,  2,  1),(167,  2,  1),(174,  2,  1)}
Min Cost = 32.12 log2(sec) = 1295556.63 h, Memory Cost = 51.34 log2(bit) = 323.41 TB 
EnumBS cost:7.2e+02s.



"lwechallenge/60-020.txt" exists.
-------------------------
Primal attack, TU LWE challenge n=60, m=3600, alpha=0.020, q=3607 
Chose 253 samples. Predict solution at bkz-146 + svp-182. 
Initial slope = -0.056
dim = 254, dvol = 494.02531552183

After a sigma normalization,Slope = -0.056398
enumbs min_G_prec = 0.1
 Attack Estimation via simulation + probabilistic model (EnumBS in parallel)
beta_start= 50, gap = 1, J = 8, J_gap = 1, cost_model = 2, max_loop = 1, threads = 10, G_prec = 1.000000e-03,  slope_prec = 1.000000e-04,  progressive_sieve = 1, Find minimal time cost strategy, worst_case, practical_pnjbkz_d4f = 3, practical_pump_d4f = 1, Min G2 Strategy. 

Find the optimal Strategy through EumBS!!
bs = (slope = -3.020357e-02, G_BKZ = 2.841961e+01 sec, B_BKZ = 4.536176e+01 bit cum-pr = 1.825197e-01, dsvp = 0.000000e+00, dsvp_r = 200, G_dsvp = 3.087447e+01 sec, B_dsvp = 5.073961e+01 bit, G = 3.111618e+01 sec, B = 5.073961e+01 bit,  min_GB.first = 3.111618e+01 gate)
S(beta,jump,tours):{( 80,  8,  1),( 90,  8,  1),( 95,  8,  1),(116,  8,  1),(118,  8,  1),(118,  4,  1),(128,  4,  1),(135,  4,  1),(142,  4,  1),(145,  4,  1),(150,  4,  1),(154,  2,  1),(163,  2,  1),(171,  2,  1)}
Min Cost = 31.12 log2(sec) = 646548.56 h, Memory Cost = 50.74 log2(bit) = 213.73 TB 
EnumBS cost:7.8e+02s.



"lwechallenge/65-015.txt" exists.
-------------------------
Primal attack, TU LWE challenge n=65, m=4225, alpha=0.015, q=4229 
Chose 261 samples. Predict solution at bkz-140 + svp-172. 
Initial slope = -0.058
dim = 262, dvol = 549.24128135648

After a sigma normalization,Slope = -0.057532
enumbs min_G_prec = 0.1
 Attack Estimation via simulation + probabilistic model (EnumBS in parallel)
beta_start= 50, gap = 1, J = 8, J_gap = 1, cost_model = 2, max_loop = 1, threads = 10, G_prec = 1.000000e-03,  slope_prec = 1.000000e-04,  progressive_sieve = 1, Find minimal time cost strategy, worst_case, practical_pnjbkz_d4f = 3, practical_pump_d4f = 1, Min G2 Strategy. 

Find the optimal Strategy through EumBS!!
bs = (slope = -3.077312e-02, G_BKZ = 2.564485e+01 sec, B_BKZ = 4.357033e+01 bit cum-pr = 2.442225e-01, dsvp = 0.000000e+00, dsvp_r = 189, G_dsvp = 2.728614e+01 sec, B_dsvp = 4.874765e+01 bit, G = 2.768730e+01 sec, B = 4.874765e+01 bit,  min_GB.first = 2.768730e+01 gate)
S(beta,jump,tours):{( 89,  8,  1),( 90,  8,  1),( 92,  8,  1),(111,  8,  1),(117,  8,  1),(117,  4,  1),(118,  4,  1),(128,  4,  1),(131,  4,  1),(141,  4,  1),(144,  4,  1),(150,  4,  1),(156,  2,  1),(162,  2,  1)}
Min Cost = 27.69 log2(sec) = 60035.17 h, Memory Cost = 48.75 log2(bit) = 53.73 TB 
EnumBS cost:7e+02s.



"lwechallenge/75-010.txt" exists.
-------------------------
Primal attack, TU LWE challenge n=75, m=5625, alpha=0.010, q=5639 
Chose 280 samples. Predict solution at bkz-137 + svp-170. 
Initial slope = -0.059
dim = 281, dvol = 637.60574731214

After a sigma normalization,Slope = -0.058740
enumbs min_G_prec = 0.1
 Attack Estimation via simulation + probabilistic model (EnumBS in parallel)
beta_start= 50, gap = 1, J = 8, J_gap = 1, cost_model = 2, max_loop = 1, threads = 10, G_prec = 1.000000e-03,  slope_prec = 1.000000e-04,  progressive_sieve = 1, Find minimal time cost strategy, worst_case, practical_pnjbkz_d4f = 3, practical_pump_d4f = 1, Min G2 Strategy. 

Find the optimal Strategy through EumBS!!
bs = (slope = -3.083549e-02, G_BKZ = 2.457135e+01 sec, B_BKZ = 4.277495e+01 bit cum-pr = 2.204698e-01, dsvp = 0.000000e+00, dsvp_r = 186, G_dsvp = 2.621179e+01 sec, B_dsvp = 4.815008e+01 bit, G = 2.661316e+01 sec, B = 4.815008e+01 bit,  min_GB.first = 2.661316e+01 gate)
S(beta,jump,tours):{( 82,  8,  1),( 89,  8,  1),( 93,  8,  1),(108,  8,  1),(116,  8,  1),(117,  8,  1),(117,  4,  1),(119,  4,  1),(128,  4,  1),(132,  4,  1),(138,  4,  1),(143,  4,  1),(149,  4,  1),(154,  2,  1),(158,  2,  1)}
Min Cost = 26.61 log2(sec) = 28513.88 h, Memory Cost = 48.15 log2(bit) = 35.51 TB 
EnumBS cost:8.8e+02s.



"lwechallenge/95-005.txt" exists.
-------------------------
Primal attack, TU LWE challenge n=95, m=9025, alpha=0.005, q=9029 
Chose 322 samples. Predict solution at bkz-140 + svp-169. 
Initial slope = -0.059
dim = 323, dvol = 836.94876527566

After a sigma normalization,Slope = -0.059469
enumbs min_G_prec = 0.1
 Attack Estimation via simulation + probabilistic model (EnumBS in parallel)
beta_start= 50, gap = 1, J = 8, J_gap = 1, cost_model = 2, max_loop = 1, threads = 10, G_prec = 1.000000e-03,  slope_prec = 1.000000e-04,  progressive_sieve = 1, Find minimal time cost strategy, worst_case, practical_pnjbkz_d4f = 3, practical_pump_d4f = 1, Min G2 Strategy. 

Find the optimal Strategy through EumBS!!
bs = (slope = -3.053063e-02, G_BKZ = 2.477312e+01 sec, B_BKZ = 4.257624e+01 bit cum-pr = 2.259067e-01, dsvp = 0.000000e+00, dsvp_r = 185, G_dsvp = 2.590210e+01 sec, B_dsvp = 4.795089e+01 bit, G = 2.644534e+01 sec, B = 4.795089e+01 bit,  min_GB.first = 2.644534e+01 gate)
S(beta,jump,tours):{( 79,  8,  1),( 81,  8,  1),( 89,  8,  1),( 92,  8,  1),(104,  8,  1),(110,  8,  1),(116,  8,  1),(117,  8,  1),(117,  4,  1),(118,  4,  1),(120,  4,  1),(128,  4,  1),(130,  4,  1),(134,  4,  1),(141,  4,  1),(142,  4,  1),(147,  4,  1),(151,  4,  1),(154,  2,  1),(157,  2,  1)}
Min Cost = 26.45 log2(sec) = 25382.67 h, Memory Cost = 47.95 log2(bit) = 30.93 TB 
EnumBS cost:1.1e+03s.



