"lwechallenge/80-005.txt" exists.
-------------------------
Primal attack, TU LWE challenge n=80, m=6400, alpha=0.005, q=6421 
Chose 270 samples. Predict solution at bkz-100 + svp-132. 
Initial slope = -0.0653337
dim = 271, dvol = 725.69003801176

After a sigma normalization,Slope = -0.065334
enumbs min_G_prec = 0.1
 Attack Estimation via simulation + probabilistic model (EnumBS in parallel)
beta_start= 50, gap = 1, J = 11, J_gap = 1, cost_model = 2, max_loop = 10, threads = 2, G_prec = 1.000000e-03,  slope_prec = 1.000000e-04,  progressive_sieve = 1, worst_case = 1Find minimal time cost strategy, worst_case, practical_pnjbkz_d4f = 3, practical_pump_d4f = 3.
 
Find the optimal Strategy through EumBS!!
bs = (slope = -3.766086e-02, G_BKZ = 1.361759e+01 sec, B_BKZ = 3.808013e+01 bit cum-pr = 2.008312e-03, G_dsvp = 1.246947e+01 sec, B_dsvp = 4.020204e+01 bit, G = 1.415485e+01 sec, B = 4.020204e+01 bit,  min_GB.first = 1.415485e+01 gate)
S(beta,jump,tours):{( 101,  11,   1),( 104,  11,   1),( 109,  11,   1),( 117,  11,   2),( 119,  11,   1)}
Min Cost = 14.15 log2(sec) = 5.07 h, Memory Cost = 40.20 log2(bit) = 0.14 TB 
EnumBS cost:1.7e+02s.



"lwechallenge/40-035.txt" exists.
-------------------------
Primal attack, TU LWE challenge n=40, m=1600, alpha=0.035, q=1601 
Chose 187 samples. Predict solution at bkz-114 + svp-148. 
Initial slope = -0.06
dim = 188, dvol = 327.73882468246

After a sigma normalization,Slope = -0.059717
enumbs min_G_prec = 0.1
 Attack Estimation via simulation + probabilistic model (EnumBS in parallel)
beta_start= 50, gap = 1, J = 11, J_gap = 1, cost_model = 2, max_loop = 10, threads = 2, G_prec = 1.000000e-03,  slope_prec = 1.000000e-04,  progressive_sieve = 1, worst_case = 1Find minimal time cost strategy, worst_case, practical_pnjbkz_d4f = 3, practical_pump_d4f = 3.
 
Find the optimal Strategy through EumBS!!
bs = (slope = -3.531495e-02, G_BKZ = 1.458642e+01 sec, B_BKZ = 4.039867e+01 bit cum-pr = 1.074780e-02, G_dsvp = 1.677624e+01 sec, B_dsvp = 4.277495e+01 bit, G = 1.706215e+01 sec, B = 4.277495e+01 bit,  min_GB.first = 1.706215e+01 gate)
S(beta,jump,tours):{(  84,   9,   1),( 105,  11,   1),( 117,  11,   1),( 118,   4,   1),( 131,   4,   1)}
Min Cost = 17.06 log2(sec) = 38.01 h, Memory Cost = 42.77 log2(bit) = 0.86 TB 
EnumBS cost:93s.



"lwechallenge/40-040.txt" exists.
-------------------------
Primal attack, TU LWE challenge n=40, m=1600, alpha=0.040, q=1601 
Chose 191 samples. Predict solution at bkz-128 + svp-162. 
Initial slope = -0.057
dim = 192, dvol = 315.51042609031

After a sigma normalization,Slope = -0.056585
enumbs min_G_prec = 0.1
 Attack Estimation via simulation + probabilistic model (EnumBS in parallel)
beta_start= 50, gap = 1, J = 11, J_gap = 1, cost_model = 2, max_loop = 10, threads = 2, G_prec = 1.000000e-03,  slope_prec = 1.000000e-04,  progressive_sieve = 1, worst_case = 1Find minimal time cost strategy, worst_case, practical_pnjbkz_d4f = 3, practical_pump_d4f = 3.
 
Find the optimal Strategy through EumBS!!
bs = (slope = -3.370228e-02, G_BKZ = 1.820003e+01 sec, B_BKZ = 4.337141e+01 bit cum-pr = 1.461627e-02, G_dsvp = 2.158754e+01 sec, B_dsvp = 4.536176e+01 bit, G = 2.171920e+01 sec, B = 4.536176e+01 bit,  min_GB.first = 2.171920e+01 gate)
S(beta,jump,tours):{(  91,  10,   1),( 106,  11,   1),( 117,  11,   1),( 118,   4,   1),( 135,   4,   1),( 146,   4,   1)}
Min Cost = 21.72 log2(sec) = 959.02 h, Memory Cost = 45.36 log2(bit) = 5.14 TB 
EnumBS cost:1.8e+02s.



"lwechallenge/50-025.txt" exists.
