"lwechallenge/40-025.txt" exists.
-------------------------
Primal attack, TU LWE challenge n=40, m=1600, alpha=0.025, q=1601 
Chose 171 samples. Predict solution at bkz-89 + svp-117. 
Initial slope = -0.0665978
dim = 172, dvol = 331.97353385059

After a sigma normalization,Slope = -0.066598
enumbs min_G_prec = 0.1
 Attack Estimation via simulation + probabilistic model (EnumBS in parallel)
beta_start= 50, gap = 1, J = 8, J_gap = 1, cost_model = 2, max_loop = 5, threads = 2, G_prec = 1.000000e-03,  slope_prec = 1.000000e-04,  progressive_sieve = 1, worst_case = 1Find minimal time cost strategy, worst_case, practical_pnjbkz_d4f = 3, practical_pump_d4f = 3.
 
Find the optimal Strategy through EumBS!!
bs = (slope = -4.295226e-02, G_BKZ = 1.008979e+01 sec, B_BKZ = 3.559428e+01 bit cum-pr = 3.873029e-04, dsvp_r = 139, G_dsvp = 9.592886e+00 sec, B_dsvp = 3.789370e+01 bit, G = 1.086262e+01 sec, B = 3.789370e+01 bit,  min_GB.first = 1.086262e+01 gate)
S(beta,jump,tours):{(  91,   8,   1),( 104,   8,   1)}
Min Cost = 10.86 log2(sec) = 1861.98 s, Memory Cost = 37.89 log2(bit) = 29.73 GB 
EnumBS cost:5.1s.



"lwechallenge/45-020.txt" exists.
-------------------------
Primal attack, TU LWE challenge n=45, m=2025, alpha=0.020, q=2027 
Chose 184 samples. Predict solution at bkz-89 + svp-121. 
Initial slope = -0.066
dim = 185, dvol = 373.46589773268

After a sigma normalization,Slope = -0.065691
enumbs min_G_prec = 0.1
 Attack Estimation via simulation + probabilistic model (EnumBS in parallel)
beta_start= 50, gap = 1, J = 8, J_gap = 1, cost_model = 2, max_loop = 5, threads = 2, G_prec = 1.000000e-03,  slope_prec = 1.000000e-04,  progressive_sieve = 1, worst_case = 1Find minimal time cost strategy, worst_case, practical_pnjbkz_d4f = 3, practical_pump_d4f = 3.
 
Find the optimal Strategy through EumBS!!
bs = (slope = -4.146452e-02, G_BKZ = 1.087595e+01 sec, B_BKZ = 3.616889e+01 bit cum-pr = 8.965574e-04, dsvp_r = 142, G_dsvp = 1.012415e+01 sec, B_dsvp = 3.826812e+01 bit, G = 1.154848e+01 sec, B = 3.826812e+01 bit,  min_GB.first = 1.154848e+01 gate)
S(beta,jump,tours):{(  79,   8,   1),(  91,   8,   1),( 108,   8,   1)}
Min Cost = 11.55 log2(sec) = 2995.29 s, Memory Cost = 38.27 log2(bit) = 38.54 GB 
EnumBS cost:16s.



"lwechallenge/50-015.txt" exists.
-------------------------
Primal attack, TU LWE challenge n=50, m=2500, alpha=0.015, q=2503 
Chose 193 samples. Predict solution at bkz-87 + svp-118. 
Initial slope = -0.068
dim = 194, dvol = 415.65527573918

After a sigma normalization,Slope = -0.068032
enumbs min_G_prec = 0.1
 Attack Estimation via simulation + probabilistic model (EnumBS in parallel)
beta_start= 50, gap = 1, J = 8, J_gap = 1, cost_model = 2, max_loop = 5, threads = 2, G_prec = 1.000000e-03,  slope_prec = 1.000000e-04,  progressive_sieve = 1, worst_case = 1Find minimal time cost strategy, worst_case, practical_pnjbkz_d4f = 3, practical_pump_d4f = 3.
 
Find the optimal Strategy through EumBS!!
bs = (slope = -4.258836e-02, G_BKZ = 1.101755e+01 sec, B_BKZ = 3.587057e+01 bit cum-pr = 5.199726e-04, dsvp_r = 141, G_dsvp = 9.918054e+00 sec, B_dsvp = 3.808013e+01 bit, G = 1.157010e+01 sec, B = 3.808013e+01 bit,  min_GB.first = 1.157010e+01 gate)
S(beta,jump,tours):{(  79,   8,   1),(  91,   8,   1),( 106,   8,   1)}
Min Cost = 11.57 log2(sec) = 3040.52 s, Memory Cost = 38.08 log2(bit) = 33.83 GB 
EnumBS cost:18s.



"lwechallenge/60-010.txt" exists.
-------------------------
Primal attack, TU LWE challenge n=60, m=3600, alpha=0.010, q=3607 
Chose 221 samples. Predict solution at bkz-92 + svp-122. 
Initial slope = -0.066
dim = 222, dvol = 522.71923621791

After a sigma normalization,Slope = -0.065713
enumbs min_G_prec = 0.1
 Attack Estimation via simulation + probabilistic model (EnumBS in parallel)
beta_start= 50, gap = 1, J = 8, J_gap = 1, cost_model = 2, max_loop = 5, threads = 2, G_prec = 1.000000e-03,  slope_prec = 1.000000e-04,  progressive_sieve = 1, worst_case = 1Find minimal time cost strategy, worst_case, practical_pnjbkz_d4f = 3, practical_pump_d4f = 3.
 
Find the optimal Strategy through EumBS!!
bs = (slope = -4.036812e-02, G_BKZ = 1.216867e+01 sec, B_BKZ = 3.682034e+01 bit cum-pr = 2.340269e-03, dsvp_r = 144, G_dsvp = 1.053160e+01 sec, B_dsvp = 3.864805e+01 bit, G = 1.257086e+01 sec, B = 3.864805e+01 bit,  min_GB.first = 1.257086e+01 gate)
S(beta,jump,tours):{(  79,   8,   1),(  89,   8,   1),( 104,   8,   1),( 112,   8,   1)}
Min Cost = 12.57 log2(sec) = 6084.22 s, Memory Cost = 38.65 log2(bit) = 50.15 GB 
EnumBS cost:43s.



