"lwechallenge/40-025.txt" exists.
-------------------------
Primal attack, TU LWE challenge n=40, m=1600, alpha=0.025, q=1601 
Chose 171 samples. Predict solution at bkz-89 + svp-117. 
Initial slope = -0.0665978
dim = 172, dvol = 331.97353385059

After a sigma normalization,Slope = -0.066598
 Attack Estimation via simulation + probabilistic model (BSSA)
gap = 1, J = 8, J_gap = 1, max_loop = 1, cost_model = 2, mul_node = 1, progressive_sieve = 1, Find minimal time cost strategy, worst_case. 
goalbeta = 116 achieves success probability 0.999 
Find the optimized Strategy through BSSA!!
bs = (slope = -0.03923, G_BKZ = 11.03 gate, B_BKZ = 35.73 bit cum-pr = 0.14, dsvp = 0.00, dsvp_r = 136, G_dsvp = 10.27 gate, B_dsvp = 38.84 bit, G = 11.70 gate, B = 38.84 bit)
Block size strategy generated by BSSA (beta,jump,tours):{(116,  8,  1),(117,  8,  1)}
Min Cost = 11.70 log2(sec), Memory Cost = 38.84 log(bit)
BSSA cost:2.9e+02s.



"lwechallenge/45-020.txt" exists.
-------------------------
Primal attack, TU LWE challenge n=45, m=2025, alpha=0.020, q=2027 
Chose 184 samples. Predict solution at bkz-89 + svp-121. 
Initial slope = -0.066
dim = 185, dvol = 373.46589773268

After a sigma normalization,Slope = -0.065691
 Attack Estimation via simulation + probabilistic model (BSSA)
gap = 1, J = 8, J_gap = 1, max_loop = 1, cost_model = 2, mul_node = 1, progressive_sieve = 1, Find minimal time cost strategy, worst_case. 
goalbeta = 118 achieves success probability 0.999 
Find the optimized Strategy through BSSA!!
bs = (slope = -0.03939, G_BKZ = 11.50 gate, B_BKZ = 35.87 bit cum-pr = 0.05, dsvp = 0.00, dsvp_r = 140, G_dsvp = 11.34 gate, B_dsvp = 39.61 bit, G = 12.42 gate, B = 39.61 bit)
Block size strategy generated by BSSA (beta,jump,tours):{(118,  8,  1),(117,  8,  1)}
Min Cost = 12.42 log2(sec), Memory Cost = 39.61 log(bit)
BSSA cost:3.6e+02s.



"lwechallenge/50-015.txt" exists.
-------------------------
Primal attack, TU LWE challenge n=50, m=2500, alpha=0.015, q=2503 
Chose 193 samples. Predict solution at bkz-87 + svp-118. 
Initial slope = -0.068
dim = 194, dvol = 415.65527573918

After a sigma normalization,Slope = -0.068032
 Attack Estimation via simulation + probabilistic model (BSSA)
gap = 1, J = 8, J_gap = 1, max_loop = 1, cost_model = 2, mul_node = 1, progressive_sieve = 1, Find minimal time cost strategy, worst_case. 
goalbeta = 114 achieves success probability 0.999 
Find the optimized Strategy through BSSA!!
bs = (slope = -0.03975, G_BKZ = 11.93 gate, B_BKZ = 36.02 bit cum-pr = 0.10, dsvp = 0.00, dsvp_r = 137, G_dsvp = 10.62 gate, B_dsvp = 39.03 bit, G = 12.42 gate, B = 39.03 bit)
Block size strategy generated by BSSA (beta,jump,tours):{(119,  7,  1),(117,  8,  1)}
Min Cost = 12.42 log2(sec), Memory Cost = 39.03 log(bit)
BSSA cost:3.5e+02s.



"lwechallenge/55-010.txt" exists.
-------------------------
Primal attack, TU LWE challenge n=55, m=3025, alpha=0.010, q=3037 
Chose 204 samples. Predict solution at bkz-76 + svp-107. 
Initial slope = -0.068
dim = 205, dvol = 495.01685533394

After a sigma normalization,Slope = -0.068057
 Attack Estimation via simulation + probabilistic model (BSSA)
gap = 1, J = 8, J_gap = 1, max_loop = 1, cost_model = 2, mul_node = 1, progressive_sieve = 1, Find minimal time cost strategy, worst_case. 
goalbeta = 101 achieves success probability 0.999 
Find the optimized Strategy through BSSA!!
bs = (slope = -0.04450, G_BKZ = 11.58 gate, B_BKZ = 36.02 bit cum-pr = 0.04, dsvp = 0.00, dsvp_r = 130, G_dsvp = 9.33 gate, B_dsvp = 37.71 bit, G = 11.85 gate, B = 37.71 bit)
Block size strategy generated by BSSA (beta,jump,tours):{(119,  8,  1),( 90,  8,  1)}
Min Cost = 11.85 log2(sec), Memory Cost = 37.71 log(bit)
BSSA cost:2.5e+02s.



"lwechallenge/60-010.txt" exists.
-------------------------
Primal attack, TU LWE challenge n=60, m=3600, alpha=0.010, q=3607 
Chose 221 samples. Predict solution at bkz-92 + svp-122. 
Initial slope = -0.066
dim = 222, dvol = 522.71923621791

After a sigma normalization,Slope = -0.065713
 Attack Estimation via simulation + probabilistic model (BSSA)
gap = 1, J = 8, J_gap = 1, max_loop = 1, cost_model = 2, mul_node = 1, progressive_sieve = 1, Find minimal time cost strategy, worst_case. 
goalbeta = 117 achieves success probability 0.999 
Find the optimized Strategy through BSSA!!
bs = (slope = -0.03855, G_BKZ = 13.00 gate, B_BKZ = 35.73 bit cum-pr = 0.05, dsvp = 0.00, dsvp_r = 140, G_dsvp = 11.48 gate, B_dsvp = 39.61 bit, G = 13.43 gate, B = 39.61 bit)
Block size strategy generated by BSSA (beta,jump,tours):{(115,  4,  1),(113,  8,  1),(117,  8,  1)}
Min Cost = 13.43 log2(sec), Memory Cost = 39.61 log(bit)
BSSA cost:4.8e+02s.



"lwechallenge/70-005.txt" exists.
-------------------------
Primal attack, TU LWE challenge n=70, m=4900, alpha=0.005, q=4903 
Chose 234 samples. Predict solution at bkz-77 + svp-106. 
Initial slope = -0.07
dim = 235, dvol = 641.77463704427

After a sigma normalization,Slope = -0.070160
 Attack Estimation via simulation + probabilistic model (BSSA)
gap = 1, J = 8, J_gap = 1, max_loop = 1, cost_model = 2, mul_node = 1, progressive_sieve = 1, Find minimal time cost strategy, worst_case. 
goalbeta = 99 achieves success probability 0.999 
Find the optimized Strategy through BSSA!!
bs = (slope = -0.04432, G_BKZ = 12.63 gate, B_BKZ = 35.59 bit cum-pr = 0.02, dsvp = 0.00, dsvp_r = 131, G_dsvp = 9.47 gate, B_dsvp = 37.89 bit, G = 12.78 gate, B = 37.89 bit)
Block size strategy generated by BSSA (beta,jump,tours):{(116,  4,  1),(104,  8,  1)}
Min Cost = 12.78 log2(sec), Memory Cost = 37.89 log(bit)
BSSA cost:2.8e+02s.



"lwechallenge/75-005.txt" exists.
-------------------------
Primal attack, TU LWE challenge n=75, m=5625, alpha=0.005, q=5639 
Chose 251 samples. Predict solution at bkz-90 + svp-118. 
Initial slope = -0.067
dim = 252, dvol = 678.72747085249

After a sigma normalization,Slope = -0.066672
 Attack Estimation via simulation + probabilistic model (BSSA)
gap = 1, J = 8, J_gap = 1, max_loop = 1, cost_model = 2, mul_node = 1, progressive_sieve = 1, Find minimal time cost strategy, worst_case. 
goalbeta = 112 achieves success probability 0.999 
Find the optimized Strategy through BSSA!!
bs = (slope = -0.03955, G_BKZ = 13.45 gate, B_BKZ = 35.73 bit cum-pr = 0.07, dsvp = 0.00, dsvp_r = 138, G_dsvp = 10.96 gate, B_dsvp = 39.23 bit, G = 13.69 gate, B = 39.23 bit)
Block size strategy generated by BSSA (beta,jump,tours):{(117,  4,  1),(115,  8,  1),(117,  8,  1)}
Min Cost = 13.69 log2(sec), Memory Cost = 39.23 log(bit)
BSSA cost:4.9e+02s.



"lwechallenge/40-035.txt" exists.
-------------------------
Primal attack, TU LWE challenge n=40, m=1600, alpha=0.035, q=1601 
Chose 187 samples. Predict solution at bkz-114 + svp-148. 
Initial slope = -0.06
dim = 188, dvol = 327.73882468246

After a sigma normalization,Slope = -0.059717
 Attack Estimation via simulation + probabilistic model (BSSA)
gap = 1, J = 8, J_gap = 1, max_loop = 1, cost_model = 2, mul_node = 1, progressive_sieve = 1, Find minimal time cost strategy, worst_case. 
goalbeta = 148 achieves success probability 0.999 
Find the optimized Strategy through BSSA!!
bs = (slope = -0.03427, G_BKZ = 16.60 gate, B_BKZ = 39.61 bit cum-pr = 0.21, dsvp = 0.00, dsvp_r = 166, G_dsvp = 19.31 gate, B_dsvp = 44.37 bit, G = 19.51 gate, B = 44.37 bit)
Block size strategy generated by BSSA (beta,jump,tours):{(118,  8,  1),(116,  8,  1),(120,  8,  1),(128,  4,  1),(141,  4,  1)}
Min Cost = 19.51 log2(sec), Memory Cost = 44.37 log(bit)
BSSA cost:6.9e+02s.



"lwechallenge/40-045.txt" exists.
-------------------------
Primal attack, TU LWE challenge n=40, m=1600, alpha=0.045, q=1601 
Chose 194 samples. Predict solution at bkz-137 + svp-176. 
Initial slope = -0.057
dim = 195, dvol = 302.19936168844

After a sigma normalization,Slope = -0.056677
 Attack Estimation via simulation + probabilistic model (BSSA)
gap = 1, J = 8, J_gap = 1, max_loop = 1, cost_model = 2, mul_node = 1, progressive_sieve = 1, Find minimal time cost strategy, worst_case. 
goalbeta = 180 achieves success probability 0.999 
Find the optimized Strategy through BSSA!!
bs = (slope = -0.03208, G_BKZ = 24.80 gate, B_BKZ = 43.77 bit cum-pr = 0.07, dsvp = 0.00, dsvp_r = 195, G_dsvp = 29.43 gate, B_dsvp = 49.74 bit, G = 29.49 gate, B = 49.74 bit)
Block size strategy generated by BSSA (beta,jump,tours):{(118,  8,  1),(119,  8,  1),(119,  4,  1),(132,  4,  1),(139,  4,  1),(151,  2,  1),(163,  2,  1)}
Min Cost = 29.49 log2(sec), Memory Cost = 49.74 log(bit)
BSSA cost:1.1e+03s.



"lwechallenge/45-035.txt" exists.
-------------------------
Primal attack, TU LWE challenge n=45, m=2025, alpha=0.035, q=2027 
Chose 210 samples. Predict solution at bkz-142 + svp-173. 
Initial slope = -0.056
dim = 211, dvol = 357.09956384954

After a sigma normalization,Slope = -0.056187
 Attack Estimation via simulation + probabilistic model (BSSA)
