"lwechallenge/40-025.txt" exists.
-------------------------
Primal attack, TU LWE challenge n=40, m=1600, alpha=0.025, q=1601 
Chose 171 samples. Predict solution at bkz-89 + svp-117. 
Initial slope = -0.0665978
dim = 172, dvol = 331.97353385059

After a sigma normalization,Slope = -0.066598
 Attack Estimation via simulation + probabilistic model (BSSA)
beta_start= 50, gap = 1, J = 100, J_gap = 1, cost_model = 2, max_loop = 5, threads = 1, G_prec = 1.000000e-03,  slope_prec = 1.000000e-04,  progressive_sieve = True, worst_case = 0, Find minimal time cost strategy, average_case, practical_pnjbkz_d4f = 3, practical_pump_d4f = 2, traditonal BSSA 
Find the optimized Strategy through BSSA!!
bs = (slope = -0.04354, G_BKZ = 0.00 log2(sec), B_BKZ = 11.72 log2(bit), cum-pr = 0.00,  pump-{33,139,20}, G_dsvp = 11.60 log2(sec), B_dsvp = 35.87 log2(bit), G = 11.60 log2(sec), B = 35.87 log2(bit))
Block size strategy generated by BSSA (beta,jump,tours):{( 78,  4,  4)}
Min Cost = 11.60 log2(sec) = 3101.51 s, Memory Cost = 35.87 log2(bit) = 7.31 GB 
BSSA cost:77s.



"lwechallenge/40-030.txt" exists.
-------------------------
Primal attack, TU LWE challenge n=40, m=1600, alpha=0.030, q=1601 
Chose 178 samples. Predict solution at bkz-102 + svp-133. 
Initial slope = -0.064
dim = 179, dvol = 325.16013135542

After a sigma normalization,Slope = -0.064016
 Attack Estimation via simulation + probabilistic model (BSSA)
beta_start= 50, gap = 1, J = 100, J_gap = 1, cost_model = 2, max_loop = 5, threads = 1, G_prec = 1.000000e-03,  slope_prec = 1.000000e-04,  progressive_sieve = True, worst_case = 0, Find minimal time cost strategy, average_case, practical_pnjbkz_d4f = 3, practical_pump_d4f = 2, traditonal BSSA 
Find the optimized Strategy through BSSA!!
bs = (slope = -0.03736, G_BKZ = 5.60 log2(sec), B_BKZ = 30.08 log2(bit), cum-pr = 0.01,  pump-{27,152,21}, G_dsvp = 13.70 log2(sec), B_dsvp = 37.55 log2(bit), G = 13.70 log2(sec), B = 37.55 log2(bit))
Block size strategy generated by BSSA (beta,jump,tours):{(113,  4,  3)}
Min Cost = 13.70 log2(sec) = 13340.30 s, Memory Cost = 37.56 log2(bit) = 23.54 GB 
BSSA cost:92s.



"lwechallenge/45-020.txt" exists.
-------------------------
Primal attack, TU LWE challenge n=45, m=2025, alpha=0.020, q=2027 
Chose 184 samples. Predict solution at bkz-89 + svp-121. 
Initial slope = -0.066
dim = 185, dvol = 373.46589773268

After a sigma normalization,Slope = -0.065691
 Attack Estimation via simulation + probabilistic model (BSSA)
beta_start= 50, gap = 1, J = 100, J_gap = 1, cost_model = 2, max_loop = 5, threads = 1, G_prec = 1.000000e-03,  slope_prec = 1.000000e-04,  progressive_sieve = True, worst_case = 0, Find minimal time cost strategy, average_case, practical_pnjbkz_d4f = 3, practical_pump_d4f = 2, traditonal BSSA 
Find the optimized Strategy through BSSA!!
bs = (slope = -0.04399, G_BKZ = 0.00 log2(sec), B_BKZ = 6.30 log2(bit), cum-pr = 0.00,  pump-{41,144,20}, G_dsvp = 12.22 log2(sec), B_dsvp = 36.68 log2(bit), G = 12.22 log2(sec), B = 36.68 log2(bit))
Block size strategy generated by BSSA (beta,jump,tours):{( 77,  4,  4)}
Min Cost = 12.22 log2(sec) = 4764.24 s, Memory Cost = 36.68 log2(bit) = 12.84 GB 
BSSA cost:89s.



"lwechallenge/50-015.txt" exists.
-------------------------
Primal attack, TU LWE challenge n=50, m=2500, alpha=0.015, q=2503 
Chose 193 samples. Predict solution at bkz-87 + svp-118. 
Initial slope = -0.068
dim = 194, dvol = 415.65527573918

After a sigma normalization,Slope = -0.068032
 Attack Estimation via simulation + probabilistic model (BSSA)
beta_start= 50, gap = 1, J = 100, J_gap = 1, cost_model = 2, max_loop = 5, threads = 1, G_prec = 1.000000e-03,  slope_prec = 1.000000e-04,  progressive_sieve = True, worst_case = 0, Find minimal time cost strategy, average_case, practical_pnjbkz_d4f = 3, practical_pump_d4f = 2, traditonal BSSA 
Find the optimized Strategy through BSSA!!
bs = (slope = -0.04456, G_BKZ = 0.00 log2(sec), B_BKZ = 6.97 log2(bit), cum-pr = 0.00,  pump-{51,143,20}, G_dsvp = 12.07 log2(sec), B_dsvp = 36.49 log2(bit), G = 12.08 log2(sec), B = 36.49 log2(bit))
Block size strategy generated by BSSA (beta,jump,tours):{( 77,  4,  4)}
Min Cost = 12.08 log2(sec) = 4315.20 s, Memory Cost = 36.49 log2(bit) = 11.23 GB 
BSSA cost:71s.



"lwechallenge/60-010.txt" exists.
-------------------------
Primal attack, TU LWE challenge n=60, m=3600, alpha=0.010, q=3607 
Chose 221 samples. Predict solution at bkz-92 + svp-122. 
Initial slope = -0.066
dim = 222, dvol = 522.71923621791

After a sigma normalization,Slope = -0.065713
 Attack Estimation via simulation + probabilistic model (BSSA)
beta_start= 50, gap = 1, J = 100, J_gap = 1, cost_model = 2, max_loop = 5, threads = 1, G_prec = 1.000000e-03,  slope_prec = 1.000000e-04,  progressive_sieve = True, worst_case = 0, Find minimal time cost strategy, average_case, practical_pnjbkz_d4f = 3, practical_pump_d4f = 2, traditonal BSSA 
Find the optimized Strategy through BSSA!!
bs = (slope = -0.04117, G_BKZ = 0.03 log2(sec), B_BKZ = 16.54 log2(bit), cum-pr = 0.00,  pump-{76,146,20}, G_dsvp = 13.07 log2(sec), B_dsvp = 36.76 log2(bit), G = 13.07 log2(sec), B = 36.76 log2(bit))
Block size strategy generated by BSSA (beta,jump,tours):{( 73,  6,  5),( 76,  4,  1),( 92,  4,  2)}
Min Cost = 13.07 log2(sec) = 8571.85 s, Memory Cost = 36.76 log2(bit) = 13.56 GB 
BSSA cost:94s.



"lwechallenge/80-005.txt" exists.
-------------------------
Primal attack, TU LWE challenge n=80, m=6400, alpha=0.005, q=6421 
Chose 270 samples. Predict solution at bkz-100 + svp-132. 
Initial slope = -0.065
dim = 271, dvol = 725.69003801176

After a sigma normalization,Slope = -0.065334
 Attack Estimation via simulation + probabilistic model (BSSA)
beta_start= 50, gap = 1, J = 100, J_gap = 1, cost_model = 2, max_loop = 5, threads = 1, G_prec = 1.000000e-03,  slope_prec = 1.000000e-04,  progressive_sieve = True, worst_case = 0, Find minimal time cost strategy, average_case, practical_pnjbkz_d4f = 3, practical_pump_d4f = 2, traditonal BSSA 
Find the optimized Strategy through BSSA!!
bs = (slope = -0.03700, G_BKZ = 7.48 log2(sec), B_BKZ = 30.26 log2(bit), cum-pr = 0.01,  pump-{121,150,20}, G_dsvp = 14.59 log2(sec), B_dsvp = 37.32 log2(bit), G = 14.60 log2(sec), B = 37.32 log2(bit))
Block size strategy generated by BSSA (beta,jump,tours):{( 73,  7,  5),( 77,  7,  2),(113,  4,  3)}
Min Cost = 14.60 log2(sec) = 24888.06 s, Memory Cost = 37.33 log2(bit) = 20.07 GB 
BSSA cost:1.9e+02s.



"lwechallenge/40-035.txt" exists.
-------------------------
Primal attack, TU LWE challenge n=40, m=1600, alpha=0.035, q=1601 
Chose 187 samples. Predict solution at bkz-114 + svp-148. 
Initial slope = -0.06
dim = 188, dvol = 327.73882468246

After a sigma normalization,Slope = -0.059717
 Attack Estimation via simulation + probabilistic model (BSSA)
beta_start= 50, gap = 1, J = 100, J_gap = 1, cost_model = 2, max_loop = 5, threads = 1, G_prec = 1.000000e-03,  slope_prec = 1.000000e-04,  progressive_sieve = True, worst_case = 0, Find minimal time cost strategy, average_case, practical_pnjbkz_d4f = 3, practical_pump_d4f = 2, traditonal BSSA 
Find the optimized Strategy through BSSA!!
bs = (slope = -0.03501, G_BKZ = 10.16 log2(sec), B_BKZ = 35.00 log2(bit), cum-pr = 0.02,  pump-{21,167,22}, G_dsvp = 17.68 log2(sec), B_dsvp = 40.09 log2(bit), G = 17.69 log2(sec), B = 40.09 log2(bit))
Block size strategy generated by BSSA (beta,jump,tours):{( 73,  4,  4),( 85,  4,  1),(118,  4,  2),(131,  2,  1)}
Min Cost = 17.69 log2(sec) = 210910.35 s, Memory Cost = 40.13 log2(bit) = 140.27 GB 
BSSA cost:1.4e+02s.



"lwechallenge/40-040.txt" exists.
-------------------------
Primal attack, TU LWE challenge n=40, m=1600, alpha=0.040, q=1601 
Chose 191 samples. Predict solution at bkz-128 + svp-162. 
Initial slope = -0.057
dim = 192, dvol = 315.51042609031

After a sigma normalization,Slope = -0.056585
 Attack Estimation via simulation + probabilistic model (BSSA)
beta_start= 50, gap = 1, J = 100, J_gap = 1, cost_model = 2, max_loop = 5, threads = 1, G_prec = 1.000000e-03,  slope_prec = 1.000000e-04,  progressive_sieve = True, worst_case = 0, Find minimal time cost strategy, average_case, practical_pnjbkz_d4f = 3, practical_pump_d4f = 2, traditonal BSSA 
Find the optimized Strategy through BSSA!!
bs = (slope = -0.03338, G_BKZ = 14.80 log2(sec), B_BKZ = 38.95 log2(bit), cum-pr = 0.04,  pump-{11,181,23}, G_dsvp = 22.36 log2(sec), B_dsvp = 42.69 log2(bit), G = 22.37 log2(sec), B = 42.69 log2(bit))
Block size strategy generated by BSSA (beta,jump,tours):{(117,  4,  3),(119,  2,  1),(131,  2,  1),(147,  2,  1)}
Min Cost = 22.37 log2(sec) = 5425498.85 s, Memory Cost = 42.79 log2(bit) = 886.14 GB 
BSSA cost:1.9e+02s.



"lwechallenge/50-025.txt" exists.
-------------------------
Primal attack, TU LWE challenge n=50, m=2500, alpha=0.025, q=2503 
Chose 219 samples. Predict solution at bkz-130 + svp-161. 
Initial slope = -0.058
dim = 220, dvol = 412.46597436512

After a sigma normalization,Slope = -0.057964
 Attack Estimation via simulation + probabilistic model (BSSA)
beta_start= 50, gap = 1, J = 100, J_gap = 1, cost_model = 2, max_loop = 5, threads = 1, G_prec = 1.000000e-03,  slope_prec = 1.000000e-04,  progressive_sieve = True, worst_case = 0, Find minimal time cost strategy, average_case, practical_pnjbkz_d4f = 3, practical_pump_d4f = 2, traditonal BSSA 
Find the optimized Strategy through BSSA!!
bs = (slope = -0.03276, G_BKZ = 16.06 log2(sec), B_BKZ = 39.51 log2(bit), cum-pr = 0.06,  pump-{40,180,22}, G_dsvp = 22.09 log2(sec), B_dsvp = 42.40 log2(bit), G = 22.11 log2(sec), B = 42.40 log2(bit))
Block size strategy generated by BSSA (beta,jump,tours):{( 75,  4,  4),( 77,  4,  1),( 99,  4,  2),(141,  4,  2),(147,  2,  1)}
Min Cost = 22.11 log2(sec) = 4529882.12 s, Memory Cost = 42.58 log2(bit) = 767.98 GB 
BSSA cost:2.3e+02s.



"lwechallenge/55-020.txt" exists.
-------------------------
Primal attack, TU LWE challenge n=55, m=3025, alpha=0.020, q=3037 
Chose 230 samples. Predict solution at bkz-128 + svp-161. 
Initial slope = -0.059
dim = 231, dvol = 454.63428930493

After a sigma normalization,Slope = -0.058674
 Attack Estimation via simulation + probabilistic model (BSSA)
beta_start= 50, gap = 1, J = 100, J_gap = 1, cost_model = 2, max_loop = 5, threads = 1, G_prec = 1.000000e-03,  slope_prec = 1.000000e-04,  progressive_sieve = True, worst_case = 0, Find minimal time cost strategy, average_case, practical_pnjbkz_d4f = 3, practical_pump_d4f = 2, traditonal BSSA 
Find the optimized Strategy through BSSA!!
bs = (slope = -0.03273, G_BKZ = 15.30 log2(sec), B_BKZ = 38.62 log2(bit), cum-pr = 0.05,  pump-{52,179,22}, G_dsvp = 21.91 log2(sec), B_dsvp = 42.34 log2(bit), G = 21.93 log2(sec), B = 42.34 log2(bit))
Block size strategy generated by BSSA (beta,jump,tours):{( 73,  6,  5),( 76,  4,  1),( 77,  4,  2),( 86,  4,  1),(113,  4,  2),(129,  4,  2),(141,  4,  2),(145,  2,  1)}
Min Cost = 21.93 log2(sec) = 3992743.03 s, Memory Cost = 42.44 log2(bit) = 695.33 GB 
BSSA cost:2.8e+02s.



"lwechallenge/90-005.txt" exists.
-------------------------
Primal attack, TU LWE challenge n=90, m=8100, alpha=0.005, q=8101 
Chose 306 samples. Predict solution at bkz-127 + svp-156. 
Initial slope = -0.06
dim = 307, dvol = 807.55779063989

After a sigma normalization,Slope = -0.060246
 Attack Estimation via simulation + probabilistic model (BSSA)
beta_start= 50, gap = 1, J = 100, J_gap = 1, cost_model = 2, max_loop = 5, threads = 1, G_prec = 1.000000e-03,  slope_prec = 1.000000e-04,  progressive_sieve = True, worst_case = 0, Find minimal time cost strategy, average_case, practical_pnjbkz_d4f = 3, practical_pump_d4f = 2, traditonal BSSA 
Find the optimized Strategy through BSSA!!
bs = (slope = -0.03261, G_BKZ = 14.46 log2(sec), B_BKZ = 37.83 log2(bit), cum-pr = 0.04,  pump-{133,174,22}, G_dsvp = 20.52 log2(sec), B_dsvp = 41.42 log2(bit), G = 20.54 log2(sec), B = 41.42 log2(bit))
Block size strategy generated by BSSA (beta,jump,tours):{( 73,  7,  5),( 61,  6,  1),( 77,  4,  3),(117,  4,  3),(118,  4,  2),(130,  4,  2),(141,  4,  2)}
Min Cost = 20.54 log2(sec) = 1523558.79 s, Memory Cost = 41.53 log2(bit) = 370.86 GB 
BSSA cost:4e+02s.



