"lwechallenge/40-025.txt" exists.
-------------------------
Primal attack, TU LWE challenge n=40, m=1600, alpha=0.025, q=1601 
Chose 171 samples. Predict solution at bkz-89 + svp-117. 
Initial slope = -0.0665978
dim = 172, dvol = 331.97353385059

After a sigma normalization,Slope = -0.066598
 Attack Estimation via simulation + probabilistic model (BSSA)
beta_start= 50, gap = 1, J = 100, J_gap = 1, cost_model = 2, max_loop = 5, threads = 1, G_prec = 1.000000e-03,  slope_prec = 1.000000e-04,  progressive_sieve = True, worst_case = 0, Find minimal time cost strategy, average_case, practical_pnjbkz_d4f = 3, practical_pump_d4f = 3, traditonal BSSA 
Find the optimized Strategy through BSSA!!
bs = (slope = -0.06660, G_BKZ = 0.00 log2(sec), B_BKZ = 0.00 log2(bit), cum-pr = 0.00,  pump-{29,143,22}, G_dsvp = 11.86 log2(sec), B_dsvp = 36.84 log2(bit), G = 11.86 log2(sec), B = 36.84 log2(bit))
Block size strategy generated by BSSA (beta,jump,tours):{}
Min Cost = 11.86 log2(sec) = 3725.35 s, Memory Cost = 36.84 log2(bit) = 14.29 GB 
BSSA cost:20s.



"lwechallenge/40-030.txt" exists.
-------------------------
Primal attack, TU LWE challenge n=40, m=1600, alpha=0.030, q=1601 
Chose 178 samples. Predict solution at bkz-102 + svp-133. 
Initial slope = -0.064
dim = 179, dvol = 325.16013135542

After a sigma normalization,Slope = -0.064016
 Attack Estimation via simulation + probabilistic model (BSSA)
beta_start= 50, gap = 1, J = 100, J_gap = 1, cost_model = 2, max_loop = 5, threads = 1, G_prec = 1.000000e-03,  slope_prec = 1.000000e-04,  progressive_sieve = True, worst_case = 0, Find minimal time cost strategy, average_case, practical_pnjbkz_d4f = 3, practical_pump_d4f = 3, traditonal BSSA 
Find the optimized Strategy through BSSA!!
bs = (slope = -0.03998, G_BKZ = 0.00 log2(sec), B_BKZ = 13.18 log2(bit), cum-pr = 0.00,  pump-{25,154,23}, G_dsvp = 14.09 log2(sec), B_dsvp = 37.73 log2(bit), G = 14.09 log2(sec), B = 37.73 log2(bit))
Block size strategy generated by BSSA (beta,jump,tours):{( 92,  2,  4)}
Min Cost = 14.09 log2(sec) = 17384.73 s, Memory Cost = 37.73 log2(bit) = 26.48 GB 
BSSA cost:31s.



"lwechallenge/45-020.txt" exists.
-------------------------
Primal attack, TU LWE challenge n=45, m=2025, alpha=0.020, q=2027 
Chose 184 samples. Predict solution at bkz-89 + svp-121. 
Initial slope = -0.066
dim = 185, dvol = 373.46589773268

After a sigma normalization,Slope = -0.065691
 Attack Estimation via simulation + probabilistic model (BSSA)
beta_start= 50, gap = 1, J = 100, J_gap = 1, cost_model = 2, max_loop = 5, threads = 1, G_prec = 1.000000e-03,  slope_prec = 1.000000e-04,  progressive_sieve = True, worst_case = 0, Find minimal time cost strategy, average_case, practical_pnjbkz_d4f = 3, practical_pump_d4f = 3, traditonal BSSA 
Find the optimized Strategy through BSSA!!
bs = (slope = -0.04393, G_BKZ = 0.00 log2(sec), B_BKZ = 5.36 log2(bit), cum-pr = 0.00,  pump-{41,144,22}, G_dsvp = 12.97 log2(sec), B_dsvp = 36.35 log2(bit), G = 12.97 log2(sec), B = 36.35 log2(bit))
Block size strategy generated by BSSA (beta,jump,tours):{( 72,  2,  5)}
Min Cost = 12.97 log2(sec) = 8050.90 s, Memory Cost = 36.35 log2(bit) = 10.20 GB 
BSSA cost:21s.



"lwechallenge/50-015.txt" exists.
-------------------------
Primal attack, TU LWE challenge n=50, m=2500, alpha=0.015, q=2503 
Chose 193 samples. Predict solution at bkz-87 + svp-118. 
Initial slope = -0.068
dim = 194, dvol = 415.65527573918

After a sigma normalization,Slope = -0.068032
 Attack Estimation via simulation + probabilistic model (BSSA)
beta_start= 50, gap = 1, J = 100, J_gap = 1, cost_model = 2, max_loop = 5, threads = 1, G_prec = 1.000000e-03,  slope_prec = 1.000000e-04,  progressive_sieve = True, worst_case = 0, Find minimal time cost strategy, average_case, practical_pnjbkz_d4f = 3, practical_pump_d4f = 3, traditonal BSSA 
Find the optimized Strategy through BSSA!!
bs = (slope = -0.03673, G_BKZ = 12.85 log2(sec), B_BKZ = 37.46 log2(bit), cum-pr = 0.95,  pump-{69,125,20}, G_dsvp = 9.18 log2(sec), B_dsvp = 30.16 log2(bit), G = 12.95 log2(sec), B = 37.46 log2(bit))
Block size strategy generated by BSSA (beta,jump,tours):{(116,  4,  4)}
Min Cost = 12.95 log2(sec) = 7939.96 s, Memory Cost = 37.46 log2(bit) = 21.95 GB 
BSSA cost:24s.



"lwechallenge/60-010.txt" exists.
-------------------------
Primal attack, TU LWE challenge n=60, m=3600, alpha=0.010, q=3607 
Chose 221 samples. Predict solution at bkz-92 + svp-122. 
Initial slope = -0.066
dim = 222, dvol = 522.71923621791

After a sigma normalization,Slope = -0.065713
 Attack Estimation via simulation + probabilistic model (BSSA)
beta_start= 50, gap = 1, J = 100, J_gap = 1, cost_model = 2, max_loop = 5, threads = 1, G_prec = 1.000000e-03,  slope_prec = 1.000000e-04,  progressive_sieve = True, worst_case = 0, Find minimal time cost strategy, average_case, practical_pnjbkz_d4f = 3, practical_pump_d4f = 3, traditonal BSSA 
Find the optimized Strategy through BSSA!!
bs = (slope = -0.04418, G_BKZ = 0.00 log2(sec), B_BKZ = 0.47 log2(bit), cum-pr = 0.00,  pump-{71,151,22}, G_dsvp = 13.87 log2(sec), B_dsvp = 37.47 log2(bit), G = 13.87 log2(sec), B = 37.47 log2(bit))
Block size strategy generated by BSSA (beta,jump,tours):{( 56,  2,  5),( 58,  5,  2),( 72,  4,  4)}
Min Cost = 13.87 log2(sec) = 14926.94 s, Memory Cost = 37.47 log2(bit) = 22.12 GB 
BSSA cost:27s.



"lwechallenge/80-005.txt" exists.
-------------------------
Primal attack, TU LWE challenge n=80, m=6400, alpha=0.005, q=6421 
Chose 270 samples. Predict solution at bkz-100 + svp-132. 
Initial slope = -0.065
dim = 271, dvol = 725.69003801176

After a sigma normalization,Slope = -0.065334
 Attack Estimation via simulation + probabilistic model (BSSA)
beta_start= 50, gap = 1, J = 100, J_gap = 1, cost_model = 2, max_loop = 5, threads = 1, G_prec = 1.000000e-03,  slope_prec = 1.000000e-04,  progressive_sieve = True, worst_case = 0, Find minimal time cost strategy, average_case, practical_pnjbkz_d4f = 3, practical_pump_d4f = 3, traditonal BSSA 
Find the optimized Strategy through BSSA!!
bs = (slope = -0.03856, G_BKZ = 0.12 log2(sec), B_BKZ = 16.86 log2(bit), cum-pr = 0.00,  pump-{116,155,23}, G_dsvp = 15.28 log2(sec), B_dsvp = 37.94 log2(bit), G = 15.28 log2(sec), B = 37.94 log2(bit))
Block size strategy generated by BSSA (beta,jump,tours):{( 57,  2,  5),( 68,  5,  5),( 70,  6,  2),( 99,  4,  5)}
Min Cost = 15.28 log2(sec) = 39839.64 s, Memory Cost = 37.94 log2(bit) = 30.66 GB 
BSSA cost:38s.



"lwechallenge/40-035.txt" exists.
-------------------------
Primal attack, TU LWE challenge n=40, m=1600, alpha=0.035, q=1601 
Chose 187 samples. Predict solution at bkz-114 + svp-148. 
Initial slope = -0.06
dim = 188, dvol = 327.73882468246

After a sigma normalization,Slope = -0.059717
 Attack Estimation via simulation + probabilistic model (BSSA)
beta_start= 50, gap = 1, J = 100, J_gap = 1, cost_model = 2, max_loop = 5, threads = 1, G_prec = 1.000000e-03,  slope_prec = 1.000000e-04,  progressive_sieve = True, worst_case = 0, Find minimal time cost strategy, average_case, practical_pnjbkz_d4f = 3, practical_pump_d4f = 3, traditonal BSSA 
Find the optimized Strategy through BSSA!!
bs = (slope = -0.03566, G_BKZ = 6.02 log2(sec), B_BKZ = 29.86 log2(bit), cum-pr = 0.00,  pump-{21,167,24}, G_dsvp = 17.18 log2(sec), B_dsvp = 39.90 log2(bit), G = 17.18 log2(sec), B = 39.90 log2(bit))
Block size strategy generated by BSSA (beta,jump,tours):{( 56,  2,  5),(117,  2,  3),(124,  2,  1)}
Min Cost = 17.18 log2(sec) = 148182.82 s, Memory Cost = 39.90 log2(bit) = 119.36 GB 
BSSA cost:54s.



"lwechallenge/40-040.txt" exists.
-------------------------
Primal attack, TU LWE challenge n=40, m=1600, alpha=0.040, q=1601 
Chose 191 samples. Predict solution at bkz-128 + svp-162. 
Initial slope = -0.057
dim = 192, dvol = 315.51042609031

After a sigma normalization,Slope = -0.056585
 Attack Estimation via simulation + probabilistic model (BSSA)
beta_start= 50, gap = 1, J = 100, J_gap = 1, cost_model = 2, max_loop = 5, threads = 1, G_prec = 1.000000e-03,  slope_prec = 1.000000e-04,  progressive_sieve = True, worst_case = 0, Find minimal time cost strategy, average_case, practical_pnjbkz_d4f = 3, practical_pump_d4f = 3, traditonal BSSA 
Find the optimized Strategy through BSSA!!
bs = (slope = -0.03397, G_BKZ = 9.52 log2(sec), B_BKZ = 34.02 log2(bit), cum-pr = 0.00,  pump-{11,181,25}, G_dsvp = 21.57 log2(sec), B_dsvp = 42.47 log2(bit), G = 21.57 log2(sec), B = 42.47 log2(bit))
Block size strategy generated by BSSA (beta,jump,tours):{(101,  2,  4),(129,  2,  2),(140,  2,  1)}
Min Cost = 21.57 log2(sec) = 3109697.54 s, Memory Cost = 42.47 log2(bit) = 707.60 GB 
BSSA cost:1e+02s.



"lwechallenge/50-025.txt" exists.
-------------------------
Primal attack, TU LWE challenge n=50, m=2500, alpha=0.025, q=2503 
Chose 219 samples. Predict solution at bkz-130 + svp-161. 
Initial slope = -0.058
dim = 220, dvol = 412.46597436512

After a sigma normalization,Slope = -0.057964
 Attack Estimation via simulation + probabilistic model (BSSA)
beta_start= 50, gap = 1, J = 100, J_gap = 1, cost_model = 2, max_loop = 5, threads = 1, G_prec = 1.000000e-03,  slope_prec = 1.000000e-04,  progressive_sieve = True, worst_case = 0, Find minimal time cost strategy, average_case, practical_pnjbkz_d4f = 3, practical_pump_d4f = 3, traditonal BSSA 
Find the optimized Strategy through BSSA!!
bs = (slope = -0.03311, G_BKZ = 13.28 log2(sec), B_BKZ = 36.75 log2(bit), cum-pr = 0.02,  pump-{40,180,25}, G_dsvp = 21.42 log2(sec), B_dsvp = 42.22 log2(bit), G = 21.42 log2(sec), B = 42.22 log2(bit))
Block size strategy generated by BSSA (beta,jump,tours):{( 58,  2,  5),(116,  2,  3),(121,  2,  2),(135,  2,  2),(143,  2,  1)}
Min Cost = 21.42 log2(sec) = 2807624.79 s, Memory Cost = 42.22 log2(bit) = 594.51 GB 
BSSA cost:81s.



"lwechallenge/55-020.txt" exists.
-------------------------
Primal attack, TU LWE challenge n=55, m=3025, alpha=0.020, q=3037 
Chose 230 samples. Predict solution at bkz-128 + svp-161. 
Initial slope = -0.059
dim = 231, dvol = 454.63428930493

After a sigma normalization,Slope = -0.058674
 Attack Estimation via simulation + probabilistic model (BSSA)
