"lwechallenge/40-025.txt" exists.
-------------------------
Primal attack, TU LWE challenge n=40, m=1600, alpha=0.025, q=1601 
Chose 171 samples. Predict solution at bkz-89 + svp-117. 
Initial slope = -0.0665978
dim = 172, dvol = 331.97353385059

After a sigma normalization,Slope = -0.066598
enumbs min_G_prec = 0.1
 Attack Estimation via simulation + probabilistic model (EnumBS in parallel)
beta_start= 50, gap = 1, J = 100, J_gap = 1, cost_model = 2, max_loop = 5, threads = 2, G_prec = 1.000000e-03,  slope_prec = 1.000000e-04,  progressive_sieve = True, worst_case = 0, Find minimal time cost strategy, average_case, practical_pnjbkz_d4f = 3, practical_pump_d4f = 2.
 
Find the optimal Strategy through EumBS!!
bs = (slope = -4.039596e-02, G_BKZ = 6.708098e+00 log2(sec), B_BKZ = 3.411276e+01 log2(bit), cum-pr = 8.268303e-02, pump-{35,137,19}, G_dsvp = 1.075435e+01 log2(sec), B_dsvp = 3.534857e+01 bit, G = 1.083913e+01 log2(sec), B = 3.534857e+01 log2(bit),  min_GB.first = 1.083913e+01 log2(sec))
S(beta,jump,tours):{( 101,  10,   1),( 117,  11,   1)}
Min Cost = 10.84 log2(sec) = 1831.91 s, Memory Cost = 35.86 log2(bit) = 7.26 GB 
EnumBS cost:13s.



"lwechallenge/40-030.txt" exists.
-------------------------
Primal attack, TU LWE challenge n=40, m=1600, alpha=0.030, q=1601 
Chose 178 samples. Predict solution at bkz-102 + svp-133. 
Initial slope = -0.064
dim = 179, dvol = 325.16013135542

After a sigma normalization,Slope = -0.064016
enumbs min_G_prec = 0.1
 Attack Estimation via simulation + probabilistic model (EnumBS in parallel)
beta_start= 50, gap = 1, J = 100, J_gap = 1, cost_model = 2, max_loop = 5, threads = 2, G_prec = 1.000000e-03,  slope_prec = 1.000000e-04,  progressive_sieve = True, worst_case = 0, Find minimal time cost strategy, average_case, practical_pnjbkz_d4f = 3, practical_pump_d4f = 2.
 
Find the optimal Strategy through EumBS!!
bs = (slope = -3.730533e-02, G_BKZ = 5.750555e+00 log2(sec), B_BKZ = 3.149260e+01 log2(bit), cum-pr = 1.344841e-02, pump-{27,152,21}, G_dsvp = 1.339735e+01 log2(sec), B_dsvp = 3.755359e+01 bit, G = 1.340453e+01 log2(sec), B = 3.755359e+01 log2(bit),  min_GB.first = 1.340453e+01 log2(sec))
S(beta,jump,tours):{( 104,  10,   1),( 117,  11,   1),( 117,   4,   1)}
Min Cost = 13.40 log2(sec) = 10843.38 s, Memory Cost = 37.58 log2(bit) = 23.84 GB 
EnumBS cost:61s.



"lwechallenge/45-020.txt" exists.
-------------------------
Primal attack, TU LWE challenge n=45, m=2025, alpha=0.020, q=2027 
Chose 184 samples. Predict solution at bkz-89 + svp-121. 
Initial slope = -0.066
dim = 185, dvol = 373.46589773268

After a sigma normalization,Slope = -0.065691
enumbs min_G_prec = 0.1
 Attack Estimation via simulation + probabilistic model (EnumBS in parallel)
beta_start= 50, gap = 1, J = 100, J_gap = 1, cost_model = 2, max_loop = 5, threads = 2, G_prec = 1.000000e-03,  slope_prec = 1.000000e-04,  progressive_sieve = True, worst_case = 0, Find minimal time cost strategy, average_case, practical_pnjbkz_d4f = 3, practical_pump_d4f = 2.
 
Find the optimal Strategy through EumBS!!
bs = (slope = -3.996833e-02, G_BKZ = 6.002510e+00 log2(sec), B_BKZ = 3.280032e+01 log2(bit), cum-pr = 3.329153e-02, pump-{45,140,20}, G_dsvp = 1.147305e+01 log2(sec), B_dsvp = 3.585288e+01 bit, G = 1.150522e+01 log2(sec), B = 3.585288e+01 log2(bit),  min_GB.first = 1.150522e+01 log2(sec))
S(beta,jump,tours):{(  73,   7,   1),( 101,  10,   1),( 117,  11,   1)}
Min Cost = 11.51 log2(sec) = 2906.81 s, Memory Cost = 36.02 log2(bit) = 8.10 GB 
EnumBS cost:28s.



"lwechallenge/50-015.txt" exists.
-------------------------
Primal attack, TU LWE challenge n=50, m=2500, alpha=0.015, q=2503 
Chose 193 samples. Predict solution at bkz-87 + svp-118. 
Initial slope = -0.068
dim = 194, dvol = 415.65527573918

After a sigma normalization,Slope = -0.068032
enumbs min_G_prec = 0.1
 Attack Estimation via simulation + probabilistic model (EnumBS in parallel)
beta_start= 50, gap = 1, J = 100, J_gap = 1, cost_model = 2, max_loop = 5, threads = 2, G_prec = 1.000000e-03,  slope_prec = 1.000000e-04,  progressive_sieve = True, worst_case = 0, Find minimal time cost strategy, average_case, practical_pnjbkz_d4f = 3, practical_pump_d4f = 2.
 
Find the optimal Strategy through EumBS!!
bs = (slope = -4.023857e-02, G_BKZ = 7.371663e+00 log2(sec), B_BKZ = 3.395652e+01 log2(bit), cum-pr = 7.419690e-02, pump-{56,138,20}, G_dsvp = 1.139073e+01 log2(sec), B_dsvp = 3.542453e+01 bit, G = 1.147708e+01 log2(sec), B = 3.542453e+01 log2(bit),  min_GB.first = 1.147708e+01 log2(sec))
S(beta,jump,tours):{(  73,   7,   1),( 104,  10,   1),( 117,  11,   1)}
Min Cost = 11.48 log2(sec) = 2850.65 s, Memory Cost = 35.87 log2(bit) = 7.31 GB 
EnumBS cost:39s.



"lwechallenge/60-010.txt" exists.
-------------------------
Primal attack, TU LWE challenge n=60, m=3600, alpha=0.010, q=3607 
Chose 221 samples. Predict solution at bkz-92 + svp-122. 
Initial slope = -0.066
dim = 222, dvol = 522.71923621791

After a sigma normalization,Slope = -0.065713
enumbs min_G_prec = 0.1
 Attack Estimation via simulation + probabilistic model (EnumBS in parallel)
beta_start= 50, gap = 1, J = 100, J_gap = 1, cost_model = 2, max_loop = 5, threads = 2, G_prec = 1.000000e-03,  slope_prec = 1.000000e-04,  progressive_sieve = True, worst_case = 0, Find minimal time cost strategy, average_case, practical_pnjbkz_d4f = 3, practical_pump_d4f = 2.
 
Find the optimal Strategy through EumBS!!
bs = (slope = -3.944534e-02, G_BKZ = 6.349228e+00 log2(sec), B_BKZ = 3.209972e+01 log2(bit), cum-pr = 2.051222e-02, pump-{80,142,20}, G_dsvp = 1.235153e+01 log2(sec), B_dsvp = 3.613517e+01 bit, G = 1.237386e+01 log2(sec), B = 3.613517e+01 log2(bit),  min_GB.first = 1.237386e+01 log2(sec))
S(beta,jump,tours):{(  73,   7,   1),(  77,   7,   2),( 112,  11,   1),( 117,  11,   1)}
Min Cost = 12.37 log2(sec) = 5307.66 s, Memory Cost = 36.22 log2(bit) = 9.32 GB 
EnumBS cost:87s.



"lwechallenge/80-005.txt" exists.
-------------------------
Primal attack, TU LWE challenge n=80, m=6400, alpha=0.005, q=6421 
Chose 270 samples. Predict solution at bkz-100 + svp-132. 
Initial slope = -0.065
dim = 271, dvol = 725.69003801176

After a sigma normalization,Slope = -0.065334
enumbs min_G_prec = 0.1
 Attack Estimation via simulation + probabilistic model (EnumBS in parallel)
beta_start= 50, gap = 1, J = 100, J_gap = 1, cost_model = 2, max_loop = 5, threads = 2, G_prec = 1.000000e-03,  slope_prec = 1.000000e-04,  progressive_sieve = True, worst_case = 0, Find minimal time cost strategy, average_case, practical_pnjbkz_d4f = 3, practical_pump_d4f = 2.
 
Find the optimal Strategy through EumBS!!
bs = (slope = -3.736862e-02, G_BKZ = 5.555560e+00 log2(sec), B_BKZ = 3.004341e+01 log2(bit), cum-pr = 3.810328e-03, pump-{120,151,20}, G_dsvp = 1.425108e+01 log2(sec), B_dsvp = 3.756050e+01 bit, G = 1.425456e+01 log2(sec), B = 3.756050e+01 log2(bit),  min_GB.first = 1.425456e+01 log2(sec))
S(beta,jump,tours):{(  73,   7,   1),(  77,   7,   5),( 113,  11,   1),( 117,  11,   1),( 119,  11,   2)}
Min Cost = 14.25 log2(sec) = 19545.66 s, Memory Cost = 37.57 log2(bit) = 23.73 GB 
EnumBS cost:4.3e+02s.



"lwechallenge/40-035.txt" exists.
-------------------------
Primal attack, TU LWE challenge n=40, m=1600, alpha=0.035, q=1601 
Chose 187 samples. Predict solution at bkz-114 + svp-148. 
Initial slope = -0.06
dim = 188, dvol = 327.73882468246

After a sigma normalization,Slope = -0.059717
enumbs min_G_prec = 0.1
 Attack Estimation via simulation + probabilistic model (EnumBS in parallel)
beta_start= 50, gap = 1, J = 100, J_gap = 1, cost_model = 2, max_loop = 5, threads = 2, G_prec = 1.000000e-03,  slope_prec = 1.000000e-04,  progressive_sieve = True, worst_case = 0, Find minimal time cost strategy, average_case, practical_pnjbkz_d4f = 3, practical_pump_d4f = 2.
 
Find the optimal Strategy through EumBS!!
bs = (slope = -3.471856e-02, G_BKZ = 1.197225e+01 log2(sec), B_BKZ = 3.785450e+01 log2(bit), cum-pr = 7.542397e-02, pump-{22,166,21}, G_dsvp = 1.753402e+01 log2(sec), B_dsvp = 3.993242e+01 bit, G = 1.756425e+01 log2(sec), B = 3.993242e+01 log2(bit),  min_GB.first = 1.756425e+01 log2(sec))
S(beta,jump,tours):{(  91,   9,   1),( 112,  11,   1),( 117,  11,   1),( 119,   4,   1),( 137,   4,   1)}
Min Cost = 17.56 log2(sec) = 193805.20 s, Memory Cost = 40.24 log2(bit) = 151.07 GB 
EnumBS cost:2.2e+02s.



"lwechallenge/40-040.txt" exists.
-------------------------
Primal attack, TU LWE challenge n=40, m=1600, alpha=0.040, q=1601 
Chose 191 samples. Predict solution at bkz-128 + svp-162. 
Initial slope = -0.057
dim = 192, dvol = 315.51042609031

After a sigma normalization,Slope = -0.056585
enumbs min_G_prec = 0.1
 Attack Estimation via simulation + probabilistic model (EnumBS in parallel)
beta_start= 50, gap = 1, J = 100, J_gap = 1, cost_model = 2, max_loop = 5, threads = 2, G_prec = 1.000000e-03,  slope_prec = 1.000000e-04,  progressive_sieve = True, worst_case = 0, Find minimal time cost strategy, average_case, practical_pnjbkz_d4f = 3, practical_pump_d4f = 2.
 
Find the optimal Strategy through EumBS!!
bs = (slope = -3.334374e-02, G_BKZ = 1.519559e+01 log2(sec), B_BKZ = 3.992867e+01 log2(bit), cum-pr = 5.436396e-02, pump-{11,181,23}, G_dsvp = 2.233055e+01 log2(sec), B_dsvp = 4.265519e+01 bit, G = 2.234078e+01 log2(sec), B = 4.265519e+01 log2(bit),  min_GB.first = 2.234078e+01 log2(sec))
S(beta,jump,tours):{(  93,   9,   1),( 117,  11,   1),( 121,  12,   1),( 121,   4,   1),( 141,   4,   1),( 150,   4,   1)}
Min Cost = 22.34 log2(sec) = 5311829.10 s, Memory Cost = 42.86 log2(bit) = 928.13 GB 
EnumBS cost:4.1e+02s.



"lwechallenge/50-025.txt" exists.
-------------------------
Primal attack, TU LWE challenge n=50, m=2500, alpha=0.025, q=2503 
Chose 219 samples. Predict solution at bkz-130 + svp-161. 
Initial slope = -0.058
dim = 220, dvol = 412.46597436512

After a sigma normalization,Slope = -0.057964
enumbs min_G_prec = 0.1
 Attack Estimation via simulation + probabilistic model (EnumBS in parallel)
beta_start= 50, gap = 1, J = 100, J_gap = 1, cost_model = 2, max_loop = 5, threads = 2, G_prec = 1.000000e-03,  slope_prec = 1.000000e-04,  progressive_sieve = True, worst_case = 0, Find minimal time cost strategy, average_case, practical_pnjbkz_d4f = 3, practical_pump_d4f = 2.
 
Find the optimal Strategy through EumBS!!
bs = (slope = -3.277001e-02, G_BKZ = 1.618279e+01 log2(sec), B_BKZ = 4.038621e+01 log2(bit), cum-pr = 7.435757e-02, pump-{40,180,22}, G_dsvp = 2.203544e+01 log2(sec), B_dsvp = 4.238924e+01 bit, G = 2.206019e+01 log2(sec), B = 4.238924e+01 log2(bit),  min_GB.first = 2.206019e+01 log2(sec))
S(beta,jump,tours):{(  77,   7,   2),( 116,  11,   2),( 118,  11,   1),( 118,   4,   1),( 129,   4,   1),( 141,   4,   1),( 150,   4,   1)}
Min Cost = 22.06 log2(sec) = 4373003.32 s, Memory Cost = 42.71 log2(bit) = 837.86 GB 
EnumBS cost:8.7e+02s.



"lwechallenge/55-020.txt" exists.
-------------------------
Primal attack, TU LWE challenge n=55, m=3025, alpha=0.020, q=3037 
Chose 230 samples. Predict solution at bkz-128 + svp-161. 
Initial slope = -0.059
dim = 231, dvol = 454.63428930493

After a sigma normalization,Slope = -0.058674
enumbs min_G_prec = 0.1
 Attack Estimation via simulation + probabilistic model (EnumBS in parallel)
beta_start= 50, gap = 1, J = 100, J_gap = 1, cost_model = 2, max_loop = 5, threads = 2, G_prec = 1.000000e-03,  slope_prec = 1.000000e-04,  progressive_sieve = True, worst_case = 0, Find minimal time cost strategy, average_case, practical_pnjbkz_d4f = 3, practical_pump_d4f = 2.
 
Find the optimal Strategy through EumBS!!
bs = (slope = -3.267595e-02, G_BKZ = 1.596470e+01 log2(sec), B_BKZ = 4.006117e+01 log2(bit), cum-pr = 6.847595e-02, pump-{52,179,22}, G_dsvp = 2.184403e+01 log2(sec), B_dsvp = 4.227857e+01 bit, G = 2.186833e+01 log2(sec), B = 4.227857e+01 log2(bit),  min_GB.first = 2.186833e+01 log2(sec))
S(beta,jump,tours):{(  76,   7,   1),(  77,   7,   2),( 115,  11,   1),( 117,  11,   1),( 117,   4,   1),( 121,   4,   1),( 130,   4,   1),( 141,   4,   1),( 149,   4,   1)}
Min Cost = 21.87 log2(sec) = 3828455.66 s, Memory Cost = 42.56 log2(bit) = 754.59 GB 
EnumBS cost:1e+03s.



"lwechallenge/90-005.txt" exists.
-------------------------
Primal attack, TU LWE challenge n=90, m=8100, alpha=0.005, q=8101 
Chose 306 samples. Predict solution at bkz-127 + svp-156. 
Initial slope = -0.06
dim = 307, dvol = 807.55779063989

After a sigma normalization,Slope = -0.060246
enumbs min_G_prec = 0.1
 Attack Estimation via simulation + probabilistic model (EnumBS in parallel)
beta_start= 50, gap = 1, J = 100, J_gap = 1, cost_model = 2, max_loop = 5, threads = 2, G_prec = 1.000000e-03,  slope_prec = 1.000000e-04,  progressive_sieve = True, worst_case = 0, Find minimal time cost strategy, average_case, practical_pnjbkz_d4f = 3, practical_pump_d4f = 2.
 
Find the optimal Strategy through EumBS!!
bs = (slope = -3.246030e-02, G_BKZ = 1.557653e+01 log2(sec), B_BKZ = 3.894352e+01 log2(bit), cum-pr = 7.411413e-02, pump-{134,173,22}, G_dsvp = 2.044686e+01 log2(sec), B_dsvp = 4.123348e+01 bit, G = 2.049536e+01 log2(sec), B = 4.123348e+01 log2(bit),  min_GB.first = 2.049536e+01 log2(sec))
S(beta,jump,tours):{(  73,   7,   2),(  75,   7,   1),(  77,   7,   5),( 111,  11,   1),( 113,  11,   1),( 117,  11,   1),( 117,   4,   2),( 120,   4,   1),( 128,   4,   1),( 132,   4,   1),( 141,   4,   1),( 143,   4,   1)}
Min Cost = 20.50 log2(sec) = 1478144.63 s, Memory Cost = 41.50 log2(bit) = 362.51 GB 
EnumBS cost:2.3e+03s.



