============= Kyber-1024, list-decoding = agps20, jump = 5
Generate gs-lengths by GSA assumption...
dim = 1918, m = 893, dvol = 7242.61152315450, β = 873.2308

Slope of gs-lengths generated by GSA assumption: -0.0866546
cost_model = 1
Pcums: [0.000135892, 0.000197743, 0.000285353, 0.000408344, 0.000579455, 0.000815366, 0.00113767, 0.00157398, 0.00215922, 0.00293697, 0.00396097, 0.00529659, 0.00702232, 0.00933182, 0.0122865, 0.0160276, 0.0207151, 0.026527, 0.0336573, 0.0423126, 0.0527072, 0.0650571, 0.0795724, 0.096448, 0.115854, 0.137927, 0.162756, 0.190376, 0.220759, 0.253807, 0.289351, 0.327146, 0.366877, 0.408166, 0.450579, 0.493645, 0.536864, 0.57973, 0.621745, 0.66244, 0.701388, 0.738218, 0.772626, 0.804385, 0.833342, 0.860253, 0.884087, 0.904919, 0.922884, 0.938171, 0.951004, 0.961633, 0.970316, 0.977313, 0.982875, 0.987234, 0.990604, 0.993172, 0.995103, 0.996533, 0.997578, 0.998331, 0.998865, 0.999238]
Gcums: [266.948, 267.727, 268.512, 269.295, 270.072, 270.841, 271.599, 272.347, 273.082, 273.805, 274.515, 275.213, 275.899, 276.595, 277.274, 277.937, 278.584, 279.216, 279.738, 280.275, 280.82, 281.364, 281.903, 282.434, 282.954, 283.463, 283.959, 284.441, 284.909, 285.363, 285.803, 286.228, 286.639, 287.035, 287.416, 287.783, 288.076, 288.367, 288.654, 288.934, 289.205, 289.467, 289.719, 289.959, 290.187, 290.41, 290.618, 290.813, 290.993, 291.161, 291.315, 291.456, 291.585, 291.702, 291.808, 291.886, 291.956, 292.018, 292.074, 292.122, 292.165, 292.201, 292.232, 292.258]
slope = -0.00989774
pump-{941,977,70}, sim-pump cost = 292.2577163 sec
Gcum = 292.258, Bcum = 201.715
=============================
============= Kyber-1024, list-decoding = agps20, jump = 1
Generate gs-lengths by GSA assumption...
dim = 1918, m = 893, dvol = 7242.61152315450, β = 873.2308

Slope of gs-lengths generated by GSA assumption: -0.0866546
cost_model = 1
Pcums: [0.000127547, 0.000181078, 0.000255398, 0.000357844, 0.000498041, 0.000688495, 0.000945309, 0.00128901, 0.00174549, 0.00234712, 0.00313388, 0.00415464, 0.00546846, 0.00714585, 0.00926999, 0.0119377, 0.0152601, 0.0193631, 0.0243867, 0.0304847, 0.0378223, 0.0465737, 0.0569185, 0.0690367, 0.0831034, 0.0992816, 0.117716, 0.138523, 0.161786, 0.187545, 0.215793, 0.246467, 0.279447, 0.31455, 0.35154, 0.390119, 0.429942, 0.470624, 0.511748, 0.552878, 0.593576, 0.633411, 0.671978, 0.708907, 0.743876, 0.776617, 0.806927, 0.834666, 0.859761, 0.8822, 0.902029, 0.919344, 0.934284, 0.94702, 0.957745, 0.966666, 0.973995, 0.979941, 0.984704, 0.988472, 0.991413, 0.993681, 0.995406, 0.996701, 0.99766, 0.998361, 0.998867, 0.999227]
Gcums: [266.452, 266.961, 267.461, 267.953, 268.436, 268.91, 269.373, 269.827, 270.274, 270.713, 271.145, 271.57, 271.988, 272.4, 272.806, 273.207, 273.605, 273.998, 274.39, 274.779, 275.168, 275.557, 275.945, 276.335, 276.685, 277.042, 277.403, 277.769, 278.138, 278.509, 278.88, 279.249, 279.617, 279.981, 280.34, 280.694, 281.04, 281.379, 281.71, 282.031, 282.342, 282.643, 282.933, 283.165, 283.394, 283.619, 283.837, 284.047, 284.25, 284.443, 284.627, 284.801, 284.964, 285.118, 285.26, 285.393, 285.515, 285.627, 285.73, 285.822, 285.906, 285.967, 286.022, 286.071, 286.114, 286.152, 286.184, 286.212]
slope = -0.00968709
pump-{962,956,69}, sim-pump cost = 286.2117774 sec
Gcum = 286.212, Bcum = 197.367
=============================
