"lwechallenge/40-025.txt" exists.
-------------------------
Primal attack, TU LWE challenge n=40, m=1600, alpha=0.025, q=1601 
Chose 171 samples. Predict solution at bkz-89 + svp-117. 
Initial slope = -0.0665978
dim = 172, dvol = 331.97353385059

After a sigma normalization,Slope = -0.066598
 Attack Estimation via simulation + probabilistic model (BSSA)
beta_start= 50, gap = 1, J = 100, J_gap = 1, cost_model = 2, max_loop = 10, threads = 1, G_prec = 1.000000e-03,  slope_prec = 1.000000e-04,  progressive_sieve = 1, Find minimal time cost strategy, worst_case, practical_pnjbkz_d4f = 3, practical_pump_d4f = 3, traditonal BSSA 
Find the optimized Strategy through BSSA!!
bs = (slope = -0.03949, G_BKZ = 10.47 gate, B_BKZ = 37.71 bit cum-pr = 0.13,  pump-{36,136,14}, G_dsvp = 9.75 gate, B_dsvp = 35.69 bit, G = 11.16 gate, B = 37.71 bit)
Block size strategy generated by BSSA (beta,jump,tours):{(117, 12,  2)}
Min Cost = 11.16 log2(sec) = 2285.88 s, Memory Cost = 37.71 log2(bit) = 26.16 GB 
BSSA cost:1e+02s.



"lwechallenge/45-020.txt" exists.
-------------------------
Primal attack, TU LWE challenge n=45, m=2025, alpha=0.020, q=2027 
Chose 184 samples. Predict solution at bkz-89 + svp-121. 
Initial slope = -0.066
dim = 185, dvol = 373.46589773268

After a sigma normalization,Slope = -0.065691
 Attack Estimation via simulation + probabilistic model (BSSA)
beta_start= 50, gap = 1, J = 100, J_gap = 1, cost_model = 2, max_loop = 10, threads = 1, G_prec = 1.000000e-03,  slope_prec = 1.000000e-04,  progressive_sieve = 1, Find minimal time cost strategy, worst_case, practical_pnjbkz_d4f = 3, practical_pump_d4f = 3, traditonal BSSA 
Find the optimized Strategy through BSSA!!
bs = (slope = -0.03913, G_BKZ = 11.07 gate, B_BKZ = 37.71 bit cum-pr = 0.06,  pump-{46,139,14}, G_dsvp = 10.60 gate, B_dsvp = 36.19 bit, G = 11.85 gate, B = 37.71 bit)
Block size strategy generated by BSSA (beta,jump,tours):{(104, 11,  2),(117, 12,  1)}
Min Cost = 11.85 log2(sec) = 3696.16 s, Memory Cost = 37.71 log2(bit) = 26.16 GB 
BSSA cost:1.4e+02s.



"lwechallenge/50-015.txt" exists.
-------------------------
Primal attack, TU LWE challenge n=50, m=2500, alpha=0.015, q=2503 
Chose 193 samples. Predict solution at bkz-87 + svp-118. 
Initial slope = -0.068
dim = 194, dvol = 415.65527573918

After a sigma normalization,Slope = -0.068032
 Attack Estimation via simulation + probabilistic model (BSSA)
beta_start= 50, gap = 1, J = 100, J_gap = 1, cost_model = 2, max_loop = 10, threads = 1, G_prec = 1.000000e-03,  slope_prec = 1.000000e-04,  progressive_sieve = 1, Find minimal time cost strategy, worst_case, practical_pnjbkz_d4f = 3, practical_pump_d4f = 3, traditonal BSSA 
Find the optimized Strategy through BSSA!!
bs = (slope = -0.03980, G_BKZ = 11.17 gate, B_BKZ = 37.71 bit cum-pr = 0.09,  pump-{57,137,14}, G_dsvp = 10.05 gate, B_dsvp = 35.87 bit, G = 11.72 gate, B = 37.71 bit)
Block size strategy generated by BSSA (beta,jump,tours):{(101, 11,  2),(117, 12,  1)}
Min Cost = 11.72 log2(sec) = 3367.45 s, Memory Cost = 37.71 log2(bit) = 26.16 GB 
BSSA cost:1.3e+02s.



"lwechallenge/60-010.txt" exists.
-------------------------
Primal attack, TU LWE challenge n=60, m=3600, alpha=0.010, q=3607 
Chose 221 samples. Predict solution at bkz-92 + svp-122. 
Initial slope = -0.066
dim = 222, dvol = 522.71923621791

After a sigma normalization,Slope = -0.065713
 Attack Estimation via simulation + probabilistic model (BSSA)
beta_start= 50, gap = 1, J = 100, J_gap = 1, cost_model = 2, max_loop = 10, threads = 1, G_prec = 1.000000e-03,  slope_prec = 1.000000e-04,  progressive_sieve = 1, Find minimal time cost strategy, worst_case, practical_pnjbkz_d4f = 3, practical_pump_d4f = 3, traditonal BSSA 
Find the optimized Strategy through BSSA!!
bs = (slope = -0.03862, G_BKZ = 12.22 gate, B_BKZ = 37.71 bit cum-pr = 0.05,  pump-{81,141,15}, G_dsvp = 10.92 gate, B_dsvp = 36.39 bit, G = 12.71 gate, B = 37.71 bit)
Block size strategy generated by BSSA (beta,jump,tours):{(102, 11,  2),(117, 12,  2)}
Min Cost = 12.71 log2(sec) = 6706.23 s, Memory Cost = 37.71 log2(bit) = 26.16 GB 
BSSA cost:2.2e+02s.



"lwechallenge/80-005.txt" exists.
-------------------------
Primal attack, TU LWE challenge n=80, m=6400, alpha=0.005, q=6421 
Chose 270 samples. Predict solution at bkz-100 + svp-132. 
Initial slope = -0.065
dim = 271, dvol = 725.69003801176

After a sigma normalization,Slope = -0.065334
 Attack Estimation via simulation + probabilistic model (BSSA)
beta_start= 50, gap = 1, J = 100, J_gap = 1, cost_model = 2, max_loop = 10, threads = 1, G_prec = 1.000000e-03,  slope_prec = 1.000000e-04,  progressive_sieve = 1, Find minimal time cost strategy, worst_case, practical_pnjbkz_d4f = 3, practical_pump_d4f = 3, traditonal BSSA 
Find the optimized Strategy through BSSA!!
bs = (slope = -0.03663, G_BKZ = 14.12 gate, B_BKZ = 38.08 bit cum-pr = 0.03,  pump-{122,149,15}, G_dsvp = 13.15 gate, B_dsvp = 37.70 bit, G = 14.72 gate, B = 38.08 bit)
Block size strategy generated by BSSA (beta,jump,tours):{(112, 12,  2),(117, 12,  2),(119, 11,  1),(117,  4,  1)}
Min Cost = 14.72 log2(sec) = 26897.53 s, Memory Cost = 38.08 log2(bit) = 33.83 GB 
BSSA cost:4.8e+02s.



"lwechallenge/40-035.txt" exists.
-------------------------
Primal attack, TU LWE challenge n=40, m=1600, alpha=0.035, q=1601 
Chose 187 samples. Predict solution at bkz-114 + svp-148. 
Initial slope = -0.06
dim = 188, dvol = 327.73882468246

After a sigma normalization,Slope = -0.059717
 Attack Estimation via simulation + probabilistic model (BSSA)
beta_start= 50, gap = 1, J = 100, J_gap = 1, cost_model = 2, max_loop = 10, threads = 1, G_prec = 1.000000e-03,  slope_prec = 1.000000e-04,  progressive_sieve = 1, Find minimal time cost strategy, worst_case, practical_pnjbkz_d4f = 3, practical_pump_d4f = 3, traditonal BSSA 
Find the optimized Strategy through BSSA!!
bs = (slope = -0.03431, G_BKZ = 16.48 gate, B_BKZ = 42.38 bit cum-pr = 0.20,  pump-{22,166,17}, G_dsvp = 18.19 gate, B_dsvp = 40.44 bit, G = 18.58 gate, B = 42.38 bit)
Block size strategy generated by BSSA (beta,jump,tours):{(117, 12,  2),(121, 12,  1),(122,  4,  1),(141,  4,  1)}
Min Cost = 18.58 log2(sec) = 390872.53 s, Memory Cost = 42.38 log2(bit) = 665.19 GB 
BSSA cost:3.7e+02s.



"lwechallenge/40-040.txt" exists.
-------------------------
Primal attack, TU LWE challenge n=40, m=1600, alpha=0.040, q=1601 
Chose 191 samples. Predict solution at bkz-128 + svp-162. 
Initial slope = -0.057
dim = 192, dvol = 315.51042609031

After a sigma normalization,Slope = -0.056585
 Attack Estimation via simulation + probabilistic model (BSSA)
beta_start= 50, gap = 1, J = 100, J_gap = 1, cost_model = 2, max_loop = 10, threads = 1, G_prec = 1.000000e-03,  slope_prec = 1.000000e-04,  progressive_sieve = 1, Find minimal time cost strategy, worst_case, practical_pnjbkz_d4f = 3, practical_pump_d4f = 3, traditonal BSSA 
Find the optimized Strategy through BSSA!!
bs = (slope = -0.03295, G_BKZ = 20.81 gate, B_BKZ = 45.16 bit cum-pr = 0.18,  pump-{11,181,18}, G_dsvp = 23.24 gate, B_dsvp = 43.15 bit, G = 23.49 gate, B = 45.16 bit)
Block size strategy generated by BSSA (beta,jump,tours):{(102, 11,  2),(117, 12,  1),(117,  4,  1),(128,  4,  1),(142,  4,  1),(155,  4,  1)}
Min Cost = 23.49 log2(sec) = 11759660.29 s, Memory Cost = 45.16 log2(bit) = 4584.79 GB 
BSSA cost:5.5e+02s.



"lwechallenge/50-025.txt" exists.
-------------------------
Primal attack, TU LWE challenge n=50, m=2500, alpha=0.025, q=2503 
Chose 219 samples. Predict solution at bkz-130 + svp-161. 
Initial slope = -0.058
dim = 220, dvol = 412.46597436512

After a sigma normalization,Slope = -0.057964
 Attack Estimation via simulation + probabilistic model (BSSA)
beta_start= 50, gap = 1, J = 100, J_gap = 1, cost_model = 2, max_loop = 10, threads = 1, G_prec = 1.000000e-03,  slope_prec = 1.000000e-04,  progressive_sieve = 1, Find minimal time cost strategy, worst_case, practical_pnjbkz_d4f = 3, practical_pump_d4f = 3, traditonal BSSA 
Find the optimized Strategy through BSSA!!
bs = (slope = -0.03236, G_BKZ = 21.32 gate, B_BKZ = 45.16 bit cum-pr = 0.25,  pump-{41,179,18}, G_dsvp = 22.59 gate, B_dsvp = 42.80 bit, G = 23.09 gate, B = 45.16 bit)
Block size strategy generated by BSSA (beta,jump,tours):{(105, 11,  2),(117, 12,  1),(117,  4,  1),(119,  4,  1),(130,  4,  1),(142,  4,  1),(155,  4,  1)}
Min Cost = 23.09 log2(sec) = 8940867.40 s, Memory Cost = 45.16 log2(bit) = 4584.79 GB 
BSSA cost:6.6e+02s.



"lwechallenge/55-020.txt" exists.
-------------------------
Primal attack, TU LWE challenge n=55, m=3025, alpha=0.020, q=3037 
Chose 230 samples. Predict solution at bkz-128 + svp-161. 
Initial slope = -0.059
dim = 231, dvol = 454.63428930493

After a sigma normalization,Slope = -0.058674
 Attack Estimation via simulation + probabilistic model (BSSA)
beta_start= 50, gap = 1, J = 100, J_gap = 1, cost_model = 2, max_loop = 10, threads = 1, G_prec = 1.000000e-03,  slope_prec = 1.000000e-04,  progressive_sieve = 1, Find minimal time cost strategy, worst_case, practical_pnjbkz_d4f = 3, practical_pump_d4f = 3, traditonal BSSA 
Find the optimized Strategy through BSSA!!
bs = (slope = -0.03214, G_BKZ = 21.59 gate, B_BKZ = 45.16 bit cum-pr = 0.31,  pump-{53,178,18}, G_dsvp = 22.17 gate, B_dsvp = 42.57 bit, G = 22.91 gate, B = 45.16 bit)
Block size strategy generated by BSSA (beta,jump,tours):{(115, 12,  2),(118, 12,  1),(117,  4,  1),(128,  4,  1),(139,  4,  1),(145,  4,  1),(155,  4,  1)}
Min Cost = 22.91 log2(sec) = 7886961.95 s, Memory Cost = 45.16 log2(bit) = 4584.79 GB 
BSSA cost:7.3e+02s.



"lwechallenge/90-005.txt" exists.
-------------------------
Primal attack, TU LWE challenge n=90, m=8100, alpha=0.005, q=8101 
Chose 306 samples. Predict solution at bkz-127 + svp-156. 
Initial slope = -0.06
dim = 307, dvol = 807.55779063989

After a sigma normalization,Slope = -0.060246
 Attack Estimation via simulation + probabilistic model (BSSA)
beta_start= 50, gap = 1, J = 100, J_gap = 1, cost_model = 2, max_loop = 10, threads = 1, G_prec = 1.000000e-03,  slope_prec = 1.000000e-04,  progressive_sieve = 1, Find minimal time cost strategy, worst_case, practical_pnjbkz_d4f = 3, practical_pump_d4f = 3, traditonal BSSA 
Find the optimized Strategy through BSSA!!
bs = (slope = -0.03220, G_BKZ = 20.12 gate, B_BKZ = 43.37 bit cum-pr = 0.18,  pump-{134,173,18}, G_dsvp = 20.41 gate, B_dsvp = 41.63 bit, G = 21.27 gate, B = 43.37 bit)
Block size strategy generated by BSSA (beta,jump,tours):{(104, 11,  3),(117, 12,  2),(119, 12,  1),(117,  4,  1),(128,  4,  2),(136,  4,  1),(141,  4,  1),(146,  4,  1)}
Min Cost = 21.27 log2(sec) = 2532197.42 s, Memory Cost = 43.37 log2(bit) = 1324.67 GB 
BSSA cost:1.2e+03s.



