"lwechallenge/40-025.txt" exists.
-------------------------
Primal attack, TU LWE challenge n=40, m=1600, alpha=0.025, q=1601 
Chose 171 samples. Predict solution at bkz-89 + svp-117. 
Initial slope = -0.0665978
dim = 172, dvol = 331.97353385059

After a sigma normalization,Slope = -0.066598
 Attack Estimation via simulation + probabilistic model (BSSA)
beta_start= 50, gap = 1, J = 8, J_gap = 1, cost_model = 2, max_loop = 5, threads = 1, G_prec = 1.000000e-03,  slope_prec = 1.000000e-04,  progressive_sieve = 1, worst_case = 0, Find minimal time cost strategy, average_case, practical_pnjbkz_d4f = 3, practical_pump_d4f = 3, traditonal BSSA 
Find the optimized Strategy through BSSA!!
bs = (slope = -0.04009, G_BKZ = 4.42 gate, B_BKZ = 25.62 bit cum-pr = 0.00,  pump-{71,101,-20}, G_dsvp = 8.81 gate, B_dsvp = 34.47 bit, G = 8.88 gate, B = 34.47 bit)
Block size strategy generated by BSSA (beta,jump,tours):{( 85,  2,  5),( 92,  2,  2)}
Min Cost = 8.82 log2(sec) = 451.08 s, Memory Cost = 34.47 log2(bit) = 2.77 GB 
BSSA cost:13s.



"lwechallenge/45-020.txt" exists.
-------------------------
Primal attack, TU LWE challenge n=45, m=2025, alpha=0.020, q=2027 
Chose 184 samples. Predict solution at bkz-89 + svp-121. 
Initial slope = -0.066
dim = 185, dvol = 373.46589773268

After a sigma normalization,Slope = -0.065691
 Attack Estimation via simulation + probabilistic model (BSSA)
beta_start= 50, gap = 1, J = 8, J_gap = 1, cost_model = 2, max_loop = 5, threads = 1, G_prec = 1.000000e-03,  slope_prec = 1.000000e-04,  progressive_sieve = 1, worst_case = 0, Find minimal time cost strategy, average_case, practical_pnjbkz_d4f = 3, practical_pump_d4f = 3, traditonal BSSA 
Find the optimized Strategy through BSSA!!
bs = (slope = -0.03940, G_BKZ = 4.84 gate, B_BKZ = 25.73 bit cum-pr = 0.00,  pump-{81,104,-20}, G_dsvp = 9.11 gate, B_dsvp = 34.63 bit, G = 9.18 gate, B = 34.63 bit)
Block size strategy generated by BSSA (beta,jump,tours):{( 89,  2,  5),( 95,  2,  2)}
Min Cost = 9.11 log2(sec) = 552.48 s, Memory Cost = 34.63 log2(bit) = 3.10 GB 
BSSA cost:15s.



"lwechallenge/50-015.txt" exists.
-------------------------
Primal attack, TU LWE challenge n=50, m=2500, alpha=0.015, q=2503 
Chose 193 samples. Predict solution at bkz-87 + svp-118. 
Initial slope = -0.068
dim = 194, dvol = 415.65527573918

After a sigma normalization,Slope = -0.068032
 Attack Estimation via simulation + probabilistic model (BSSA)
beta_start= 50, gap = 1, J = 8, J_gap = 1, cost_model = 2, max_loop = 5, threads = 1, G_prec = 1.000000e-03,  slope_prec = 1.000000e-04,  progressive_sieve = 1, worst_case = 0, Find minimal time cost strategy, average_case, practical_pnjbkz_d4f = 3, practical_pump_d4f = 3, traditonal BSSA 
Find the optimized Strategy through BSSA!!
bs = (slope = -0.03980, G_BKZ = 4.63 gate, B_BKZ = 25.63 bit cum-pr = 0.00,  pump-{93,101,-20}, G_dsvp = 8.85 gate, B_dsvp = 34.48 bit, G = 8.93 gate, B = 34.48 bit)
Block size strategy generated by BSSA (beta,jump,tours):{( 92,  2,  5)}
Min Cost = 8.85 log2(sec) = 462.99 s, Memory Cost = 34.48 log2(bit) = 2.80 GB 
BSSA cost:16s.



"lwechallenge/60-010.txt" exists.
-------------------------
Primal attack, TU LWE challenge n=60, m=3600, alpha=0.010, q=3607 
Chose 221 samples. Predict solution at bkz-92 + svp-122. 
Initial slope = -0.066
dim = 222, dvol = 522.71923621791

After a sigma normalization,Slope = -0.065713
 Attack Estimation via simulation + probabilistic model (BSSA)
beta_start= 50, gap = 1, J = 8, J_gap = 1, cost_model = 2, max_loop = 5, threads = 1, G_prec = 1.000000e-03,  slope_prec = 1.000000e-04,  progressive_sieve = 1, worst_case = 0, Find minimal time cost strategy, average_case, practical_pnjbkz_d4f = 3, practical_pump_d4f = 3, traditonal BSSA 
Find the optimized Strategy through BSSA!!
bs = (slope = -0.03893, G_BKZ = 5.21 gate, B_BKZ = 25.35 bit cum-pr = 0.00,  pump-{116,106,-20}, G_dsvp = 9.31 gate, B_dsvp = 34.77 bit, G = 9.39 gate, B = 34.77 bit)
Block size strategy generated by BSSA (beta,jump,tours):{( 62,  1,  5),( 66,  1,  1),( 96,  2,  4)}
Min Cost = 9.31 log2(sec) = 635.88 s, Memory Cost = 34.77 log2(bit) = 3.40 GB 
BSSA cost:20s.



"lwechallenge/80-005.txt" exists.
-------------------------
Primal attack, TU LWE challenge n=80, m=6400, alpha=0.005, q=6421 
Chose 270 samples. Predict solution at bkz-100 + svp-132. 
Initial slope = -0.065
dim = 271, dvol = 725.69003801176

After a sigma normalization,Slope = -0.065334
 Attack Estimation via simulation + probabilistic model (BSSA)
beta_start= 50, gap = 1, J = 8, J_gap = 1, cost_model = 2, max_loop = 5, threads = 1, G_prec = 1.000000e-03,  slope_prec = 1.000000e-04,  progressive_sieve = 1, worst_case = 0, Find minimal time cost strategy, average_case, practical_pnjbkz_d4f = 3, practical_pump_d4f = 3, traditonal BSSA 
Find the optimized Strategy through BSSA!!
bs = (slope = -0.03685, G_BKZ = 7.65 gate, B_BKZ = 28.25 bit cum-pr = 0.00,  pump-{158,113,-21}, G_dsvp = 10.52 gate, B_dsvp = 35.58 bit, G = 10.70 gate, B = 35.58 bit)
Block size strategy generated by BSSA (beta,jump,tours):{( 69,  1,  5),( 70,  1,  1),( 74,  1,  1),(108,  2,  4)}
Min Cost = 10.52 log2(sec) = 1468.09 s, Memory Cost = 35.58 log2(bit) = 5.99 GB 
BSSA cost:21s.



"lwechallenge/40-035.txt" exists.
-------------------------
Primal attack, TU LWE challenge n=40, m=1600, alpha=0.035, q=1601 
Chose 187 samples. Predict solution at bkz-114 + svp-148. 
Initial slope = -0.06
dim = 188, dvol = 327.73882468246

After a sigma normalization,Slope = -0.059717
 Attack Estimation via simulation + probabilistic model (BSSA)
beta_start= 50, gap = 1, J = 8, J_gap = 1, cost_model = 2, max_loop = 5, threads = 1, G_prec = 1.000000e-03,  slope_prec = 1.000000e-04,  progressive_sieve = 1, worst_case = 0, Find minimal time cost strategy, average_case, practical_pnjbkz_d4f = 3, practical_pump_d4f = 3, traditonal BSSA 
Find the optimized Strategy through BSSA!!
bs = (slope = -0.03509, G_BKZ = 10.16 gate, B_BKZ = 33.91 bit cum-pr = 0.02,  pump-{60,128,-22}, G_dsvp = 13.58 gate, B_dsvp = 37.97 bit, G = 13.71 gate, B = 37.97 bit)
Block size strategy generated by BSSA (beta,jump,tours):{(121,  2,  3),(125,  2,  1),(129,  2,  1)}
Min Cost = 13.59 log2(sec) = 12297.00 s, Memory Cost = 37.97 log2(bit) = 31.31 GB 
BSSA cost:24s.



"lwechallenge/40-040.txt" exists.
-------------------------
Primal attack, TU LWE challenge n=40, m=1600, alpha=0.040, q=1601 
Chose 191 samples. Predict solution at bkz-128 + svp-162. 
Initial slope = -0.057
dim = 192, dvol = 315.51042609031

After a sigma normalization,Slope = -0.056585
 Attack Estimation via simulation + probabilistic model (BSSA)
beta_start= 50, gap = 1, J = 8, J_gap = 1, cost_model = 2, max_loop = 5, threads = 1, G_prec = 1.000000e-03,  slope_prec = 1.000000e-04,  progressive_sieve = 1, worst_case = 0, Find minimal time cost strategy, average_case, practical_pnjbkz_d4f = 3, practical_pump_d4f = 3, traditonal BSSA 
Find the optimized Strategy through BSSA!!
bs = (slope = -0.03341, G_BKZ = 14.44 gate, B_BKZ = 38.41 bit cum-pr = 0.03,  pump-{51,141,-23}, G_dsvp = 17.59 gate, B_dsvp = 40.43 bit, G = 17.74 gate, B = 40.43 bit)
Block size strategy generated by BSSA (beta,jump,tours):{(121,  2,  3),(125,  2,  1),(140,  2,  1),(146,  2,  1)}
Min Cost = 17.60 log2(sec) = 198019.87 s, Memory Cost = 40.43 log2(bit) = 171.86 GB 
BSSA cost:38s.



"lwechallenge/50-025.txt" exists.
-------------------------
Primal attack, TU LWE challenge n=50, m=2500, alpha=0.025, q=2503 
Chose 219 samples. Predict solution at bkz-130 + svp-161. 
Initial slope = -0.058
dim = 220, dvol = 412.46597436512

After a sigma normalization,Slope = -0.057964
 Attack Estimation via simulation + probabilistic model (BSSA)
beta_start= 50, gap = 1, J = 8, J_gap = 1, cost_model = 2, max_loop = 5, threads = 1, G_prec = 1.000000e-03,  slope_prec = 1.000000e-04,  progressive_sieve = 1, worst_case = 0, Find minimal time cost strategy, average_case, practical_pnjbkz_d4f = 3, practical_pump_d4f = 3, traditonal BSSA 
Find the optimized Strategy through BSSA!!
bs = (slope = -0.03294, G_BKZ = 14.71 gate, B_BKZ = 38.16 bit cum-pr = 0.03,  pump-{80,140,-23}, G_dsvp = 17.36 gate, B_dsvp = 40.25 bit, G = 17.57 gate, B = 40.25 bit)
Block size strategy generated by BSSA (beta,jump,tours):{( 82,  2,  5),(116,  2,  3),(136,  2,  2),(145,  2,  1)}
Min Cost = 17.37 log2(sec) = 169073.60 s, Memory Cost = 40.25 log2(bit) = 152.62 GB 
BSSA cost:36s.



"lwechallenge/55-020.txt" exists.
-------------------------
Primal attack, TU LWE challenge n=55, m=3025, alpha=0.020, q=3037 
Chose 230 samples. Predict solution at bkz-128 + svp-161. 
Initial slope = -0.059
dim = 231, dvol = 454.63428930493

After a sigma normalization,Slope = -0.058674
 Attack Estimation via simulation + probabilistic model (BSSA)
beta_start= 50, gap = 1, J = 8, J_gap = 1, cost_model = 2, max_loop = 5, threads = 1, G_prec = 1.000000e-03,  slope_prec = 1.000000e-04,  progressive_sieve = 1, worst_case = 0, Find minimal time cost strategy, average_case, practical_pnjbkz_d4f = 3, practical_pump_d4f = 3, traditonal BSSA 
Find the optimized Strategy through BSSA!!
bs = (slope = -0.03294, G_BKZ = 13.88 gate, B_BKZ = 37.20 bit cum-pr = 0.02,  pump-{91,140,-23}, G_dsvp = 17.22 gate, B_dsvp = 40.24 bit, G = 17.36 gate, B = 40.24 bit)
Block size strategy generated by BSSA (beta,jump,tours):{( 55,  1,  5),(116,  2,  4),(123,  2,  2),(142,  2,  2)}
Min Cost = 17.22 log2(sec) = 153025.79 s, Memory Cost = 40.24 log2(bit) = 151.04 GB 
BSSA cost:36s.



"lwechallenge/90-005.txt" exists.
-------------------------
Primal attack, TU LWE challenge n=90, m=8100, alpha=0.005, q=8101 
Chose 306 samples. Predict solution at bkz-127 + svp-156. 
Initial slope = -0.06
dim = 307, dvol = 807.55779063989

After a sigma normalization,Slope = -0.060246
 Attack Estimation via simulation + probabilistic model (BSSA)
beta_start= 50, gap = 1, J = 8, J_gap = 1, cost_model = 2, max_loop = 5, threads = 1, G_prec = 1.000000e-03,  slope_prec = 1.000000e-04,  progressive_sieve = 1, worst_case = 0, Find minimal time cost strategy, average_case, practical_pnjbkz_d4f = 3, practical_pump_d4f = 3, traditonal BSSA 
Find the optimized Strategy through BSSA!!
bs = (slope = -0.03274, G_BKZ = 13.53 gate, B_BKZ = 35.55 bit cum-pr = 0.02,  pump-{172,135,-23}, G_dsvp = 15.94 gate, B_dsvp = 39.41 bit, G = 16.19 gate, B = 39.41 bit)
Block size strategy generated by BSSA (beta,jump,tours):{( 77,  1,  5),(100,  4,  5),(116,  3,  5),(118,  2,  1),(136,  2,  3)}
Min Cost = 15.94 log2(sec) = 62921.01 s, Memory Cost = 39.41 log2(bit) = 85.19 GB 
BSSA cost:38s.



