"lwechallenge/40-025.txt" exists.
-------------------------
Primal attack, TU LWE challenge n=40, m=1600, alpha=0.025, q=1601 
Chose 171 samples. Predict solution at bkz-89 + svp-117. 
Initial slope = -0.0665978
dim = 172, dvol = 331.97353385059

After a sigma normalization,Slope = -0.066598
 Attack Estimation via simulation + probabilistic model (BSSA)
beta_start= 50, gap = 1, J = 100, J_gap = 1, cost_model = 2, max_loop = 5, threads = 1, G_prec = 1.000000e-03,  slope_prec = 1.000000e-04,  progressive_sieve = True, worst_case = 0, Find minimal time cost strategy, average_case, practical_pnjbkz_d4f = 3, practical_pump_d4f = 3, traditonal BSSA 
Find the optimized Strategy through BSSA!!
bs = (slope = -0.06660, G_BKZ = 0.00 log2(sec), B_BKZ = 0.00 log2(bit), cum-pr = 0.00,  pump-{29,143,22}, G_dsvp = 11.35 log2(sec), B_dsvp = 36.84 log2(bit), G = 11.35 log2(sec), B = 36.84 log2(bit))
Block size strategy generated by BSSA (beta,jump,tours):{}
Min Cost = 11.35 log2(sec) = 2608.17 s, Memory Cost = 36.84 log2(bit) = 14.29 GB 
BSSA cost:67s.



"lwechallenge/40-030.txt" exists.
-------------------------
Primal attack, TU LWE challenge n=40, m=1600, alpha=0.030, q=1601 
Chose 178 samples. Predict solution at bkz-102 + svp-133. 
Initial slope = -0.064
dim = 179, dvol = 325.16013135542

After a sigma normalization,Slope = -0.064016
 Attack Estimation via simulation + probabilistic model (BSSA)
beta_start= 50, gap = 1, J = 100, J_gap = 1, cost_model = 2, max_loop = 5, threads = 1, G_prec = 1.000000e-03,  slope_prec = 1.000000e-04,  progressive_sieve = True, worst_case = 0, Find minimal time cost strategy, average_case, practical_pnjbkz_d4f = 3, practical_pump_d4f = 3, traditonal BSSA 
Find the optimized Strategy through BSSA!!
bs = (slope = -0.03736, G_BKZ = 5.60 log2(sec), B_BKZ = 30.08 log2(bit), cum-pr = 0.01,  pump-{27,152,22}, G_dsvp = 13.44 log2(sec), B_dsvp = 37.22 log2(bit), G = 13.45 log2(sec), B = 37.22 log2(bit))
Block size strategy generated by BSSA (beta,jump,tours):{(113,  4,  3)}
Min Cost = 13.45 log2(sec) = 11160.36 s, Memory Cost = 37.23 log2(bit) = 18.72 GB 
BSSA cost:99s.



"lwechallenge/45-020.txt" exists.
-------------------------
Primal attack, TU LWE challenge n=45, m=2025, alpha=0.020, q=2027 
Chose 184 samples. Predict solution at bkz-89 + svp-121. 
Initial slope = -0.066
dim = 185, dvol = 373.46589773268

After a sigma normalization,Slope = -0.065691
 Attack Estimation via simulation + probabilistic model (BSSA)
beta_start= 50, gap = 1, J = 100, J_gap = 1, cost_model = 2, max_loop = 5, threads = 1, G_prec = 1.000000e-03,  slope_prec = 1.000000e-04,  progressive_sieve = True, worst_case = 0, Find minimal time cost strategy, average_case, practical_pnjbkz_d4f = 3, practical_pump_d4f = 3, traditonal BSSA 
Find the optimized Strategy through BSSA!!
bs = (slope = -0.04399, G_BKZ = 0.00 log2(sec), B_BKZ = 6.30 log2(bit), cum-pr = 0.00,  pump-{41,144,22}, G_dsvp = 12.00 log2(sec), B_dsvp = 36.38 log2(bit), G = 12.00 log2(sec), B = 36.38 log2(bit))
Block size strategy generated by BSSA (beta,jump,tours):{( 77,  4,  4)}
Min Cost = 12.00 log2(sec) = 4095.35 s, Memory Cost = 36.38 log2(bit) = 10.40 GB 
BSSA cost:80s.



"lwechallenge/50-015.txt" exists.
-------------------------
Primal attack, TU LWE challenge n=50, m=2500, alpha=0.015, q=2503 
Chose 193 samples. Predict solution at bkz-87 + svp-118. 
Initial slope = -0.068
dim = 194, dvol = 415.65527573918

After a sigma normalization,Slope = -0.068032
 Attack Estimation via simulation + probabilistic model (BSSA)
beta_start= 50, gap = 1, J = 100, J_gap = 1, cost_model = 2, max_loop = 5, threads = 1, G_prec = 1.000000e-03,  slope_prec = 1.000000e-04,  progressive_sieve = True, worst_case = 0, Find minimal time cost strategy, average_case, practical_pnjbkz_d4f = 3, practical_pump_d4f = 3, traditonal BSSA 
Find the optimized Strategy through BSSA!!
bs = (slope = -0.04456, G_BKZ = 0.00 log2(sec), B_BKZ = 6.97 log2(bit), cum-pr = 0.00,  pump-{51,143,22}, G_dsvp = 11.88 log2(sec), B_dsvp = 36.19 log2(bit), G = 11.89 log2(sec), B = 36.19 log2(bit))
Block size strategy generated by BSSA (beta,jump,tours):{( 77,  4,  4)}
Min Cost = 11.89 log2(sec) = 3783.16 s, Memory Cost = 36.19 log2(bit) = 9.15 GB 
BSSA cost:70s.



"lwechallenge/60-010.txt" exists.
-------------------------
Primal attack, TU LWE challenge n=60, m=3600, alpha=0.010, q=3607 
Chose 221 samples. Predict solution at bkz-92 + svp-122. 
Initial slope = -0.066
dim = 222, dvol = 522.71923621791

After a sigma normalization,Slope = -0.065713
 Attack Estimation via simulation + probabilistic model (BSSA)
beta_start= 50, gap = 1, J = 100, J_gap = 1, cost_model = 2, max_loop = 5, threads = 1, G_prec = 1.000000e-03,  slope_prec = 1.000000e-04,  progressive_sieve = True, worst_case = 0, Find minimal time cost strategy, average_case, practical_pnjbkz_d4f = 3, practical_pump_d4f = 3, traditonal BSSA 
Find the optimized Strategy through BSSA!!
bs = (slope = -0.04143, G_BKZ = 0.01 log2(sec), B_BKZ = 15.33 log2(bit), cum-pr = 0.00,  pump-{76,146,22}, G_dsvp = 12.93 log2(sec), B_dsvp = 36.54 log2(bit), G = 12.93 log2(sec), B = 36.54 log2(bit))
Block size strategy generated by BSSA (beta,jump,tours):{( 73,  6,  5),( 71,  4,  1),( 91,  4,  2)}
Min Cost = 12.93 log2(sec) = 7800.44 s, Memory Cost = 36.54 log2(bit) = 11.66 GB 
BSSA cost:1.2e+02s.



"lwechallenge/80-005.txt" exists.
-------------------------
Primal attack, TU LWE challenge n=80, m=6400, alpha=0.005, q=6421 
Chose 270 samples. Predict solution at bkz-100 + svp-132. 
Initial slope = -0.065
dim = 271, dvol = 725.69003801176

After a sigma normalization,Slope = -0.065334
 Attack Estimation via simulation + probabilistic model (BSSA)
beta_start= 50, gap = 1, J = 100, J_gap = 1, cost_model = 2, max_loop = 5, threads = 1, G_prec = 1.000000e-03,  slope_prec = 1.000000e-04,  progressive_sieve = True, worst_case = 0, Find minimal time cost strategy, average_case, practical_pnjbkz_d4f = 3, practical_pump_d4f = 3, traditonal BSSA 
Find the optimized Strategy through BSSA!!
bs = (slope = -0.03700, G_BKZ = 7.48 log2(sec), B_BKZ = 30.26 log2(bit), cum-pr = 0.01,  pump-{121,150,22}, G_dsvp = 14.50 log2(sec), B_dsvp = 36.99 log2(bit), G = 14.51 log2(sec), B = 36.99 log2(bit))
Block size strategy generated by BSSA (beta,jump,tours):{( 73,  7,  5),( 77,  7,  2),(113,  4,  3)}
Min Cost = 14.51 log2(sec) = 23274.09 s, Memory Cost = 37.00 log2(bit) = 16.04 GB 
BSSA cost:1.7e+02s.



"lwechallenge/40-035.txt" exists.
-------------------------
Primal attack, TU LWE challenge n=40, m=1600, alpha=0.035, q=1601 
Chose 187 samples. Predict solution at bkz-114 + svp-148. 
Initial slope = -0.06
dim = 188, dvol = 327.73882468246

After a sigma normalization,Slope = -0.059717
 Attack Estimation via simulation + probabilistic model (BSSA)
beta_start= 50, gap = 1, J = 100, J_gap = 1, cost_model = 2, max_loop = 5, threads = 1, G_prec = 1.000000e-03,  slope_prec = 1.000000e-04,  progressive_sieve = True, worst_case = 0, Find minimal time cost strategy, average_case, practical_pnjbkz_d4f = 3, practical_pump_d4f = 3, traditonal BSSA 
Find the optimized Strategy through BSSA!!
bs = (slope = -0.03541, G_BKZ = 7.37 log2(sec), B_BKZ = 32.11 log2(bit), cum-pr = 0.01,  pump-{21,167,24}, G_dsvp = 17.13 log2(sec), B_dsvp = 39.85 log2(bit), G = 17.13 log2(sec), B = 39.85 log2(bit))
Block size strategy generated by BSSA (beta,jump,tours):{(117,  4,  3),(127,  2,  1)}
Min Cost = 17.13 log2(sec) = 143691.15 s, Memory Cost = 39.85 log2(bit) = 115.58 GB 
BSSA cost:1.3e+02s.



"lwechallenge/40-040.txt" exists.
-------------------------
Primal attack, TU LWE challenge n=40, m=1600, alpha=0.040, q=1601 
Chose 191 samples. Predict solution at bkz-128 + svp-162. 
Initial slope = -0.057
dim = 192, dvol = 315.51042609031

After a sigma normalization,Slope = -0.056585
 Attack Estimation via simulation + probabilistic model (BSSA)
beta_start= 50, gap = 1, J = 100, J_gap = 1, cost_model = 2, max_loop = 5, threads = 1, G_prec = 1.000000e-03,  slope_prec = 1.000000e-04,  progressive_sieve = True, worst_case = 0, Find minimal time cost strategy, average_case, practical_pnjbkz_d4f = 3, practical_pump_d4f = 3, traditonal BSSA 
Find the optimized Strategy through BSSA!!
bs = (slope = -0.03362, G_BKZ = 12.57 log2(sec), B_BKZ = 36.96 log2(bit), cum-pr = 0.02,  pump-{11,181,25}, G_dsvp = 21.71 log2(sec), B_dsvp = 42.38 log2(bit), G = 21.72 log2(sec), B = 42.38 log2(bit))
Block size strategy generated by BSSA (beta,jump,tours):{(117,  4,  3),(119,  2,  1),(131,  2,  1),(144,  2,  1)}
Min Cost = 21.72 log2(sec) = 3445860.17 s, Memory Cost = 42.41 log2(bit) = 682.33 GB 
BSSA cost:1.9e+02s.



"lwechallenge/50-025.txt" exists.
-------------------------
Primal attack, TU LWE challenge n=50, m=2500, alpha=0.025, q=2503 
Chose 219 samples. Predict solution at bkz-130 + svp-161. 
Initial slope = -0.058
dim = 220, dvol = 412.46597436512

After a sigma normalization,Slope = -0.057964
 Attack Estimation via simulation + probabilistic model (BSSA)
beta_start= 50, gap = 1, J = 100, J_gap = 1, cost_model = 2, max_loop = 5, threads = 1, G_prec = 1.000000e-03,  slope_prec = 1.000000e-04,  progressive_sieve = True, worst_case = 0, Find minimal time cost strategy, average_case, practical_pnjbkz_d4f = 3, practical_pump_d4f = 3, traditonal BSSA 
Find the optimized Strategy through BSSA!!
bs = (slope = -0.03312, G_BKZ = 13.08 log2(sec), B_BKZ = 36.74 log2(bit), cum-pr = 0.02,  pump-{40,180,25}, G_dsvp = 21.53 log2(sec), B_dsvp = 42.22 log2(bit), G = 21.54 log2(sec), B = 42.22 log2(bit))
Block size strategy generated by BSSA (beta,jump,tours):{( 61,  6,  5),(121,  4,  3),(129,  4,  2),(136,  2,  1),(143,  2,  1)}
Min Cost = 21.54 log2(sec) = 3039154.39 s, Memory Cost = 42.25 log2(bit) = 608.43 GB 
BSSA cost:2.3e+02s.



"lwechallenge/55-020.txt" exists.
-------------------------
Primal attack, TU LWE challenge n=55, m=3025, alpha=0.020, q=3037 
Chose 230 samples. Predict solution at bkz-128 + svp-161. 
Initial slope = -0.059
dim = 231, dvol = 454.63428930493

After a sigma normalization,Slope = -0.058674
 Attack Estimation via simulation + probabilistic model (BSSA)
beta_start= 50, gap = 1, J = 100, J_gap = 1, cost_model = 2, max_loop = 5, threads = 1, G_prec = 1.000000e-03,  slope_prec = 1.000000e-04,  progressive_sieve = True, worst_case = 0, Find minimal time cost strategy, average_case, practical_pnjbkz_d4f = 3, practical_pump_d4f = 3, traditonal BSSA 
Find the optimized Strategy through BSSA!!
bs = (slope = -0.03282, G_BKZ = 14.53 log2(sec), B_BKZ = 37.95 log2(bit), cum-pr = 0.03,  pump-{52,179,24}, G_dsvp = 21.37 log2(sec), B_dsvp = 42.00 log2(bit), G = 21.38 log2(sec), B = 42.00 log2(bit))
Block size strategy generated by BSSA (beta,jump,tours):{( 71,  6,  5),(110,  4,  3),(141,  4,  2),(144,  2,  1)}
Min Cost = 21.38 log2(sec) = 2727493.61 s, Memory Cost = 42.09 log2(bit) = 543.70 GB 
BSSA cost:2.6e+02s.



"lwechallenge/90-005.txt" exists.
-------------------------
Primal attack, TU LWE challenge n=90, m=8100, alpha=0.005, q=8101 
Chose 306 samples. Predict solution at bkz-127 + svp-156. 
Initial slope = -0.06
dim = 307, dvol = 807.55779063989

After a sigma normalization,Slope = -0.060246
 Attack Estimation via simulation + probabilistic model (BSSA)
beta_start= 50, gap = 1, J = 100, J_gap = 1, cost_model = 2, max_loop = 5, threads = 1, G_prec = 1.000000e-03,  slope_prec = 1.000000e-04,  progressive_sieve = True, worst_case = 0, Find minimal time cost strategy, average_case, practical_pnjbkz_d4f = 3, practical_pump_d4f = 3, traditonal BSSA 
Find the optimized Strategy through BSSA!!
bs = (slope = -0.03261, G_BKZ = 14.46 log2(sec), B_BKZ = 37.83 log2(bit), cum-pr = 0.04,  pump-{133,174,24}, G_dsvp = 20.12 log2(sec), B_dsvp = 41.04 log2(bit), G = 20.15 log2(sec), B = 41.04 log2(bit))
Block size strategy generated by BSSA (beta,jump,tours):{( 73,  7,  5),( 61,  6,  1),( 77,  4,  3),(117,  4,  3),(118,  4,  2),(130,  4,  2),(141,  4,  2)}
Min Cost = 20.15 log2(sec) = 1160882.60 s, Memory Cost = 41.18 log2(bit) = 290.73 GB 
BSSA cost:4.1e+02s.



