"lwechallenge/40-025.txt" exists.
-------------------------
Primal attack, TU LWE challenge n=40, m=1600, alpha=0.025, q=1601 
Chose 171 samples. Predict solution at bkz-89 + svp-117. 
Initial slope = -0.0665978
dim = 172, dvol = 331.97353385059

After a sigma normalization,Slope = -0.066598
 Attack Estimation via simulation + probabilistic model (BSSA)
beta_start= 50, gap = 1, J = 100, J_gap = 1, cost_model = 2, max_loop = 5, threads = 1, G_prec = 1.000000e-03,  slope_prec = 1.000000e-04,  progressive_sieve = True, worst_case = 0, succ_prob = 0.85, Find minimal time cost strategy, average_case, practical_pnjbkz_d4f = 3, practical_pump_d4f = 3, traditonal BSSA 
Find the optimized Strategy through BSSA!!
bs = (slope = -0.04639, G_BKZ = 9.91 log2(sec), G_avg_BKZ = 0.00 log2(sec), B_BKZ = 3.84 log2(bit), cum-pr = 0.00,  pump-{40,132,21}, G_dsvp = 9.63 log2(sec), G_avg_dsvp = 10.68 log2(sec), B_dsvp = 35.63 log2(bit), G = 10.68 log2(sec), B = 35.63 log2(bit))
Block size strategy generated by BSSA (beta,jump,tours):[( 79,  8,  3)]
Min Cost = 10.68 log2(sec) = 1640.15 s, Memory Cost = 35.63 log2(bit) = 6.18 GB 
BSSA cost:2.3e+02s.



"lwechallenge/40-030.txt" exists.
-------------------------
Primal attack, TU LWE challenge n=40, m=1600, alpha=0.030, q=1601 
Chose 178 samples. Predict solution at bkz-102 + svp-133. 
Initial slope = -0.064
dim = 179, dvol = 325.16013135542

After a sigma normalization,Slope = -0.064016
 Attack Estimation via simulation + probabilistic model (BSSA)
beta_start= 50, gap = 1, J = 100, J_gap = 1, cost_model = 2, max_loop = 5, threads = 1, G_prec = 1.000000e-03,  slope_prec = 1.000000e-04,  progressive_sieve = True, worst_case = 0, succ_prob = 0.85, Find minimal time cost strategy, average_case, practical_pnjbkz_d4f = 3, practical_pump_d4f = 3, traditonal BSSA 
Find the optimized Strategy through BSSA!!
bs = (slope = -0.03947, G_BKZ = 11.97 log2(sec), G_avg_BKZ = 0.03 log2(sec), B_BKZ = 17.51 log2(bit), cum-pr = 0.00,  pump-{37,142,22}, G_dsvp = 11.79 log2(sec), G_avg_dsvp = 12.77 log2(sec), B_dsvp = 37.03 log2(bit), G = 12.77 log2(sec), B = 37.03 log2(bit))
Block size strategy generated by BSSA (beta,jump,tours):[( 99,  4,  3)]
Min Cost = 12.77 log2(sec) = 6990.43 s, Memory Cost = 37.03 log2(bit) = 16.35 GB 
BSSA cost:4.2e+02s.



"lwechallenge/45-020.txt" exists.
-------------------------
Primal attack, TU LWE challenge n=45, m=2025, alpha=0.020, q=2027 
Chose 184 samples. Predict solution at bkz-89 + svp-121. 
Initial slope = -0.066
dim = 185, dvol = 373.46589773268

After a sigma normalization,Slope = -0.065691
 Attack Estimation via simulation + probabilistic model (BSSA)
beta_start= 50, gap = 1, J = 100, J_gap = 1, cost_model = 2, max_loop = 5, threads = 1, G_prec = 1.000000e-03,  slope_prec = 1.000000e-04,  progressive_sieve = True, worst_case = 0, succ_prob = 0.85, Find minimal time cost strategy, average_case, practical_pnjbkz_d4f = 3, practical_pump_d4f = 3, traditonal BSSA 
Find the optimized Strategy through BSSA!!
bs = (slope = -0.04555, G_BKZ = 10.45 log2(sec), G_avg_BKZ = 0.00 log2(sec), B_BKZ = 1.56 log2(bit), cum-pr = 0.00,  pump-{49,136,21}, G_dsvp = 10.51 log2(sec), G_avg_dsvp = 11.38 log2(sec), B_dsvp = 36.20 log2(bit), G = 11.38 log2(sec), B = 36.20 log2(bit))
Block size strategy generated by BSSA (beta,jump,tours):[( 79,  8,  4)]
Min Cost = 11.38 log2(sec) = 2671.02 s, Memory Cost = 36.20 log2(bit) = 9.16 GB 
BSSA cost:3.1e+02s.



"lwechallenge/50-015.txt" exists.
-------------------------
Primal attack, TU LWE challenge n=50, m=2500, alpha=0.015, q=2503 
Chose 193 samples. Predict solution at bkz-87 + svp-118. 
Initial slope = -0.068
dim = 194, dvol = 415.65527573918

After a sigma normalization,Slope = -0.068032
 Attack Estimation via simulation + probabilistic model (BSSA)
beta_start= 50, gap = 1, J = 100, J_gap = 1, cost_model = 2, max_loop = 5, threads = 1, G_prec = 1.000000e-03,  slope_prec = 1.000000e-04,  progressive_sieve = True, worst_case = 0, succ_prob = 0.85, Find minimal time cost strategy, average_case, practical_pnjbkz_d4f = 3, practical_pump_d4f = 3, traditonal BSSA 
Find the optimized Strategy through BSSA!!
bs = (slope = -0.04634, G_BKZ = 10.65 log2(sec), G_avg_BKZ = 0.00 log2(sec), B_BKZ = 1.56 log2(bit), cum-pr = 0.00,  pump-{59,135,21}, G_dsvp = 10.31 log2(sec), G_avg_dsvp = 11.37 log2(sec), B_dsvp = 36.06 log2(bit), G = 11.37 log2(sec), B = 36.06 log2(bit))
Block size strategy generated by BSSA (beta,jump,tours):[( 79,  8,  4)]
Min Cost = 11.37 log2(sec) = 2639.59 s, Memory Cost = 36.06 log2(bit) = 8.31 GB 
BSSA cost:3.4e+02s.



"lwechallenge/80-005.txt" exists.
-------------------------
Primal attack, TU LWE challenge n=80, m=6400, alpha=0.005, q=6421 
Chose 270 samples. Predict solution at bkz-100 + svp-132. 
Initial slope = -0.065
dim = 271, dvol = 725.69003801176

After a sigma normalization,Slope = -0.065334
 Attack Estimation via simulation + probabilistic model (BSSA)
beta_start= 50, gap = 1, J = 100, J_gap = 1, cost_model = 2, max_loop = 5, threads = 1, G_prec = 1.000000e-03,  slope_prec = 1.000000e-04,  progressive_sieve = True, worst_case = 0, succ_prob = 0.85, Find minimal time cost strategy, average_case, practical_pnjbkz_d4f = 3, practical_pump_d4f = 3, traditonal BSSA 
Find the optimized Strategy through BSSA!!
bs = (slope = -0.03896, G_BKZ = 13.87 log2(sec), G_avg_BKZ = 0.03 log2(sec), B_BKZ = 16.86 log2(bit), cum-pr = 0.00,  pump-{126,145,22}, G_dsvp = 12.60 log2(sec), G_avg_dsvp = 14.22 log2(sec), B_dsvp = 37.53 log2(bit), G = 14.22 log2(sec), B = 37.53 log2(bit))
Block size strategy generated by BSSA (beta,jump,tours):[( 79,  6,  3),(107,  8,  5)]
Min Cost = 14.22 log2(sec) = 19039.68 s, Memory Cost = 37.53 log2(bit) = 23.13 GB 
BSSA cost:1.1e+03s.



