"lwechallenge/40-025.txt" exists.
-------------------------
Primal attack, TU LWE challenge n=40, m=1600, alpha=0.025, q=1601 
Chose 171 samples. Predict solution at bkz-89 + svp-117. 
Initial slope = -0.0665978
dim = 172, dvol = 331.97353385059

After a sigma normalization,Slope = -0.066598
enumbs min_G_prec = 0.1
 Attack Estimation via simulation + probabilistic model (EnumBS in parallel)
beta_start= 50, gap = 1, J = 100, J_gap = 1, cost_model = 2, max_loop = 5, threads = 2, G_prec = 1.000000e-03,  slope_prec = 1.000000e-04,  progressive_sieve = True, worst_case = 0, succ_prob = 0.850, Find minimal time cost strategy, average_case, practical_pnjbkz_d4f = 3, practical_pump_d4f = 3.
 
Find the optimal Strategy through EumBS!!
bs = (slope = -4.452105e-02, G_BKZ = -7.582932e+00 log2(sec), B_BKZ = 1.732584e+01 log2(bit), cum-pr = 5.378818e-06, pump-{31,141,32}, G_dsvp = 1.046132e+01 log2(sec), B_dsvp = 3.534777e+01 bit, G = 1.046132e+01 log2(sec), B = 3.534777e+01 log2(bit),  min_GB.first = 1.046132e+01 log2(sec))
S(beta,jump,tours):[(90,9,1),(97,9,1)]
Min Cost = 10.46 log2(sec) = 1409.85 s, Memory Cost = 35.35 log2(bit) = 5.09 GB 
EnumBS cost:62s.



"lwechallenge/40-030.txt" exists.
-------------------------
Primal attack, TU LWE challenge n=40, m=1600, alpha=0.030, q=1601 
Chose 178 samples. Predict solution at bkz-102 + svp-133. 
Initial slope = -0.064
dim = 179, dvol = 325.16013135542

After a sigma normalization,Slope = -0.064016
enumbs min_G_prec = 0.1
 Attack Estimation via simulation + probabilistic model (EnumBS in parallel)
beta_start= 50, gap = 1, J = 100, J_gap = 1, cost_model = 2, max_loop = 5, threads = 2, G_prec = 1.000000e-03,  slope_prec = 1.000000e-04,  progressive_sieve = True, worst_case = 0, succ_prob = 0.850, Find minimal time cost strategy, average_case, practical_pnjbkz_d4f = 3, practical_pump_d4f = 3.
 
Find the optimal Strategy through EumBS!!
bs = (slope = -3.862273e-02, G_BKZ = 1.390817e-01 log2(sec), B_BKZ = 2.668744e+01 log2(bit), cum-pr = 4.810307e-04, pump-{26,153,34}, G_dsvp = 1.227475e+01 log2(sec), B_dsvp = 3.685305e+01 bit, G = 1.227507e+01 log2(sec), B = 3.685305e+01 log2(bit),  min_GB.first = 1.227507e+01 log2(sec))
S(beta,jump,tours):[(87,9,1),(117,10,2)]
Min Cost = 12.28 log2(sec) = 4956.37 s, Memory Cost = 36.85 log2(bit) = 14.46 GB 
EnumBS cost:2.6e+02s.



"lwechallenge/45-020.txt" exists.
-------------------------
Primal attack, TU LWE challenge n=45, m=2025, alpha=0.020, q=2027 
Chose 184 samples. Predict solution at bkz-89 + svp-121. 
Initial slope = -0.066
dim = 185, dvol = 373.46589773268

After a sigma normalization,Slope = -0.065691
enumbs min_G_prec = 0.1
 Attack Estimation via simulation + probabilistic model (EnumBS in parallel)
beta_start= 50, gap = 1, J = 100, J_gap = 1, cost_model = 2, max_loop = 5, threads = 2, G_prec = 1.000000e-03,  slope_prec = 1.000000e-04,  progressive_sieve = True, worst_case = 0, succ_prob = 0.850, Find minimal time cost strategy, average_case, practical_pnjbkz_d4f = 3, practical_pump_d4f = 3.
 
Find the optimal Strategy through EumBS!!
bs = (slope = -4.183416e-02, G_BKZ = 3.335950e+00 log2(sec), B_BKZ = 3.029283e+01 log2(bit), cum-pr = 6.645116e-03, pump-{42,143,32}, G_dsvp = 1.097323e+01 log2(sec), B_dsvp = 3.552411e+01 bit, G = 1.098046e+01 log2(sec), B = 3.552411e+01 log2(bit),  min_GB.first = 1.098046e+01 log2(sec))
S(beta,jump,tours):[(91,9,1),(116,10,1)]
Min Cost = 10.98 log2(sec) = 2020.45 s, Memory Cost = 35.56 log2(bit) = 5.91 GB 
EnumBS cost:1.3e+02s.



"lwechallenge/50-015.txt" exists.
-------------------------
Primal attack, TU LWE challenge n=50, m=2500, alpha=0.015, q=2503 
Chose 193 samples. Predict solution at bkz-87 + svp-118. 
Initial slope = -0.068
dim = 194, dvol = 415.65527573918

After a sigma normalization,Slope = -0.068032
enumbs min_G_prec = 0.1
 Attack Estimation via simulation + probabilistic model (EnumBS in parallel)
beta_start= 50, gap = 1, J = 100, J_gap = 1, cost_model = 2, max_loop = 5, threads = 2, G_prec = 1.000000e-03,  slope_prec = 1.000000e-04,  progressive_sieve = True, worst_case = 0, succ_prob = 0.850, Find minimal time cost strategy, average_case, practical_pnjbkz_d4f = 3, practical_pump_d4f = 3.
 
Find the optimal Strategy through EumBS!!
bs = (slope = -4.280932e-02, G_BKZ = 4.485518e+00 log2(sec), B_BKZ = 3.140329e+01 log2(bit), cum-pr = 1.264115e-02, pump-{52,142,32}, G_dsvp = 1.104365e+01 log2(sec), B_dsvp = 3.539076e+01 bit, G = 1.105887e+01 log2(sec), B = 3.539076e+01 log2(bit),  min_GB.first = 1.105887e+01 log2(sec))
S(beta,jump,tours):[(90,9,1),(117,10,1)]
Min Cost = 11.06 log2(sec) = 2133.31 s, Memory Cost = 35.48 log2(bit) = 5.57 GB 
EnumBS cost:1.5e+02s.



"lwechallenge/80-005.txt" exists.
-------------------------
Primal attack, TU LWE challenge n=80, m=6400, alpha=0.005, q=6421 
Chose 270 samples. Predict solution at bkz-100 + svp-132. 
Initial slope = -0.065
dim = 271, dvol = 725.69003801176

After a sigma normalization,Slope = -0.065334
enumbs min_G_prec = 0.1
 Attack Estimation via simulation + probabilistic model (EnumBS in parallel)
