"lwechallenge/40-025.txt" exists.
-------------------------
Primal attack, TU LWE challenge n=40, m=1600, alpha=0.025, q=1601 
Chose 171 samples. Predict solution at bkz-89 + svp-117. 
Initial slope = -0.0665978
dim = 172, dvol = 331.97353385059

After a sigma normalization,Slope = -0.066598
enumbs min_G_prec = 0.1
 Attack Estimation via simulation + probabilistic model (EnumBS in parallel)
beta_start= 50, gap = 1, J = 100, J_gap = 1, cost_model = 2, max_loop = 5, threads = 2, G_prec = 1.000000e-03,  slope_prec = 1.000000e-04,  progressive_sieve = True, worst_case = 0, Find minimal time cost strategy, average_case, practical_pnjbkz_d4f = 3, practical_pump_d4f = 3.
 
Find the optimal Strategy through EumBS!!
bs = (slope = -4.160710e-02, G_BKZ = 4.447778e+00 log2(sec), B_BKZ = 3.131724e+01 log2(bit), cum-pr = 1.956881e-02, pump-{34,138,21}, G_dsvp = 1.068325e+01 log2(sec), B_dsvp = 3.542863e+01 bit, G = 1.070227e+01 log2(sec), B = 3.542863e+01 log2(bit),  min_GB.first = 1.070227e+01 log2(sec))
S(beta,jump,tours):{(  91,   9,   1),( 113,  11,   1)}
Min Cost = 10.70 log2(sec) = 1666.12 s, Memory Cost = 35.51 log2(bit) = 5.70 GB 
EnumBS cost:11s.



"lwechallenge/40-030.txt" exists.
-------------------------
Primal attack, TU LWE challenge n=40, m=1600, alpha=0.030, q=1601 
Chose 178 samples. Predict solution at bkz-102 + svp-133. 
Initial slope = -0.064
dim = 179, dvol = 325.16013135542

After a sigma normalization,Slope = -0.064016
enumbs min_G_prec = 0.1
 Attack Estimation via simulation + probabilistic model (EnumBS in parallel)
beta_start= 50, gap = 1, J = 100, J_gap = 1, cost_model = 2, max_loop = 5, threads = 2, G_prec = 1.000000e-03,  slope_prec = 1.000000e-04,  progressive_sieve = True, worst_case = 0, Find minimal time cost strategy, average_case, practical_pnjbkz_d4f = 3, practical_pump_d4f = 3.
 
Find the optimal Strategy through EumBS!!
bs = (slope = -3.813231e-02, G_BKZ = 2.661563e+00 log2(sec), B_BKZ = 2.912696e+01 log2(bit), cum-pr = 2.043076e-03, pump-{27,152,22}, G_dsvp = 1.301582e+01 log2(sec), B_dsvp = 3.740327e+01 bit, G = 1.301692e+01 log2(sec), B = 3.740327e+01 log2(bit),  min_GB.first = 1.301692e+01 log2(sec))
S(beta,jump,tours):{( 104,  10,   1),( 117,  11,   1),( 119,  11,   1)}
Min Cost = 13.02 log2(sec) = 8288.66 s, Memory Cost = 37.41 log2(bit) = 21.23 GB 
EnumBS cost:64s.



"lwechallenge/45-020.txt" exists.
-------------------------
Primal attack, TU LWE challenge n=45, m=2025, alpha=0.020, q=2027 
Chose 184 samples. Predict solution at bkz-89 + svp-121. 
Initial slope = -0.066
dim = 185, dvol = 373.46589773268

After a sigma normalization,Slope = -0.065691
enumbs min_G_prec = 0.1
 Attack Estimation via simulation + probabilistic model (EnumBS in parallel)
beta_start= 50, gap = 1, J = 100, J_gap = 1, cost_model = 2, max_loop = 5, threads = 2, G_prec = 1.000000e-03,  slope_prec = 1.000000e-04,  progressive_sieve = True, worst_case = 0, Find minimal time cost strategy, average_case, practical_pnjbkz_d4f = 3, practical_pump_d4f = 3.
 
Find the optimal Strategy through EumBS!!
bs = (slope = -4.068733e-02, G_BKZ = 3.558726e+00 log2(sec), B_BKZ = 2.952780e+01 log2(bit), cum-pr = 6.378604e-03, pump-{44,141,22}, G_dsvp = 1.134320e+01 log2(sec), B_dsvp = 3.578957e+01 bit, G = 1.134973e+01 log2(sec), B = 3.578957e+01 log2(bit),  min_GB.first = 1.134973e+01 log2(sec))
S(beta,jump,tours):{( 112,  11,   2)}
Min Cost = 11.35 log2(sec) = 2609.81 s, Memory Cost = 35.81 log2(bit) = 7.00 GB 
EnumBS cost:36s.



"lwechallenge/50-015.txt" exists.
-------------------------
Primal attack, TU LWE challenge n=50, m=2500, alpha=0.015, q=2503 
Chose 193 samples. Predict solution at bkz-87 + svp-118. 
Initial slope = -0.068
dim = 194, dvol = 415.65527573918

After a sigma normalization,Slope = -0.068032
enumbs min_G_prec = 0.1
 Attack Estimation via simulation + probabilistic model (EnumBS in parallel)
beta_start= 50, gap = 1, J = 100, J_gap = 1, cost_model = 2, max_loop = 5, threads = 2, G_prec = 1.000000e-03,  slope_prec = 1.000000e-04,  progressive_sieve = True, worst_case = 0, Find minimal time cost strategy, average_case, practical_pnjbkz_d4f = 3, practical_pump_d4f = 3.
 
Find the optimal Strategy through EumBS!!
bs = (slope = -4.128851e-02, G_BKZ = 4.239608e+00 log2(sec), B_BKZ = 2.986887e+01 log2(bit), cum-pr = 9.082713e-03, pump-{55,139,21}, G_dsvp = 1.135773e+01 log2(sec), B_dsvp = 3.552608e+01 bit, G = 1.136808e+01 log2(sec), B = 3.552608e+01 log2(bit),  min_GB.first = 1.136808e+01 log2(sec))
S(beta,jump,tours):{(  77,   7,   1),( 101,  10,   1),( 111,  11,   1)}
Min Cost = 11.37 log2(sec) = 2643.22 s, Memory Cost = 35.55 log2(bit) = 5.87 GB 
EnumBS cost:38s.



"lwechallenge/60-010.txt" exists.
-------------------------
Primal attack, TU LWE challenge n=60, m=3600, alpha=0.010, q=3607 
Chose 221 samples. Predict solution at bkz-92 + svp-122. 
Initial slope = -0.066
dim = 222, dvol = 522.71923621791

After a sigma normalization,Slope = -0.065713
enumbs min_G_prec = 0.1
 Attack Estimation via simulation + probabilistic model (EnumBS in parallel)
beta_start= 50, gap = 1, J = 100, J_gap = 1, cost_model = 2, max_loop = 5, threads = 2, G_prec = 1.000000e-03,  slope_prec = 1.000000e-04,  progressive_sieve = True, worst_case = 0, Find minimal time cost strategy, average_case, practical_pnjbkz_d4f = 3, practical_pump_d4f = 3.
 
Find the optimal Strategy through EumBS!!
bs = (slope = -3.986426e-02, G_BKZ = 5.298222e+00 log2(sec), B_BKZ = 3.093737e+01 log2(bit), cum-pr = 1.038797e-02, pump-{79,143,22}, G_dsvp = 1.224729e+01 log2(sec), B_dsvp = 3.602148e+01 bit, G = 1.225892e+01 log2(sec), B = 3.602148e+01 log2(bit),  min_GB.first = 1.225892e+01 log2(sec))
S(beta,jump,tours):{(  73,   7,   1),(  77,   7,   1),( 116,  11,   2)}
Min Cost = 12.26 log2(sec) = 4901.19 s, Memory Cost = 36.06 log2(bit) = 8.36 GB 
EnumBS cost:1.1e+02s.



"lwechallenge/80-005.txt" exists.
-------------------------
Primal attack, TU LWE challenge n=80, m=6400, alpha=0.005, q=6421 
Chose 270 samples. Predict solution at bkz-100 + svp-132. 
Initial slope = -0.065
dim = 271, dvol = 725.69003801176

After a sigma normalization,Slope = -0.065334
enumbs min_G_prec = 0.1
 Attack Estimation via simulation + probabilistic model (EnumBS in parallel)
beta_start= 50, gap = 1, J = 100, J_gap = 1, cost_model = 2, max_loop = 5, threads = 2, G_prec = 1.000000e-03,  slope_prec = 1.000000e-04,  progressive_sieve = True, worst_case = 0, Find minimal time cost strategy, average_case, practical_pnjbkz_d4f = 3, practical_pump_d4f = 3.
 
Find the optimal Strategy through EumBS!!
bs = (slope = -3.758103e-02, G_BKZ = 4.775641e+00 log2(sec), B_BKZ = 2.928410e+01 log2(bit), cum-pr = 2.279046e-03, pump-{119,152,22}, G_dsvp = 1.406226e+01 log2(sec), B_dsvp = 3.736371e+01 bit, G = 1.406456e+01 log2(sec), B = 3.736371e+01 log2(bit),  min_GB.first = 1.406456e+01 log2(sec))
S(beta,jump,tours):{(  73,   7,   4),(  77,   7,   2),( 111,  11,   1),( 117,  11,   2),( 119,  11,   1)}
Min Cost = 14.06 log2(sec) = 17133.88 s, Memory Cost = 37.37 log2(bit) = 20.66 GB 
EnumBS cost:4.9e+02s.



"lwechallenge/40-035.txt" exists.
-------------------------
Primal attack, TU LWE challenge n=40, m=1600, alpha=0.035, q=1601 
Chose 187 samples. Predict solution at bkz-114 + svp-148. 
Initial slope = -0.06
dim = 188, dvol = 327.73882468246

After a sigma normalization,Slope = -0.059717
enumbs min_G_prec = 0.1
 Attack Estimation via simulation + probabilistic model (EnumBS in parallel)
beta_start= 50, gap = 1, J = 100, J_gap = 1, cost_model = 2, max_loop = 5, threads = 2, G_prec = 1.000000e-03,  slope_prec = 1.000000e-04,  progressive_sieve = True, worst_case = 0, Find minimal time cost strategy, average_case, practical_pnjbkz_d4f = 3, practical_pump_d4f = 3.
 
Find the optimal Strategy through EumBS!!
bs = (slope = -3.521322e-02, G_BKZ = 8.752894e+00 log2(sec), B_BKZ = 3.457837e+01 log2(bit), cum-pr = 1.545954e-02, pump-{21,167,24}, G_dsvp = 1.704479e+01 log2(sec), B_dsvp = 3.978884e+01 bit, G = 1.704939e+01 log2(sec), B = 3.978884e+01 log2(bit),  min_GB.first = 1.704939e+01 log2(sec))
S(beta,jump,tours):{(  81,   8,   1),( 111,  11,   1),( 117,  11,   1),( 118,   4,   1),( 132,   4,   1)}
Min Cost = 17.05 log2(sec) = 135636.44 s, Memory Cost = 39.83 log2(bit) = 113.56 GB 
EnumBS cost:2.1e+02s.



"lwechallenge/40-040.txt" exists.
-------------------------
Primal attack, TU LWE challenge n=40, m=1600, alpha=0.040, q=1601 
Chose 191 samples. Predict solution at bkz-128 + svp-162. 
Initial slope = -0.057
dim = 192, dvol = 315.51042609031

After a sigma normalization,Slope = -0.056585
enumbs min_G_prec = 0.1
 Attack Estimation via simulation + probabilistic model (EnumBS in parallel)
beta_start= 50, gap = 1, J = 100, J_gap = 1, cost_model = 2, max_loop = 5, threads = 2, G_prec = 1.000000e-03,  slope_prec = 1.000000e-04,  progressive_sieve = True, worst_case = 0, Find minimal time cost strategy, average_case, practical_pnjbkz_d4f = 3, practical_pump_d4f = 3.
 
Find the optimal Strategy through EumBS!!
bs = (slope = -3.360948e-02, G_BKZ = 1.289627e+01 log2(sec), B_BKZ = 3.796534e+01 log2(bit), cum-pr = 2.070318e-02, pump-{11,181,25}, G_dsvp = 2.169275e+01 log2(sec), B_dsvp = 4.236997e+01 bit, G = 2.169599e+01 log2(sec), B = 4.236997e+01 log2(bit),  min_GB.first = 2.169599e+01 log2(sec))
S(beta,jump,tours):{( 103,  10,   1),( 115,  11,   1),( 119,  11,   1),( 119,   4,   1),( 136,   4,   1),( 147,   4,   1)}
Min Cost = 21.70 log2(sec) = 3397370.18 s, Memory Cost = 42.44 log2(bit) = 692.91 GB 
EnumBS cost:3.7e+02s.



"lwechallenge/50-025.txt" exists.
-------------------------
Primal attack, TU LWE challenge n=50, m=2500, alpha=0.025, q=2503 
Chose 219 samples. Predict solution at bkz-130 + svp-161. 
Initial slope = -0.058
dim = 220, dvol = 412.46597436512

After a sigma normalization,Slope = -0.057964
enumbs min_G_prec = 0.1
 Attack Estimation via simulation + probabilistic model (EnumBS in parallel)
beta_start= 50, gap = 1, J = 100, J_gap = 1, cost_model = 2, max_loop = 5, threads = 2, G_prec = 1.000000e-03,  slope_prec = 1.000000e-04,  progressive_sieve = True, worst_case = 0, Find minimal time cost strategy, average_case, practical_pnjbkz_d4f = 3, practical_pump_d4f = 3.
 
Find the optimal Strategy through EumBS!!
bs = (slope = -3.301352e-02, G_BKZ = 1.409220e+01 log2(sec), B_BKZ = 3.847438e+01 log2(bit), cum-pr = 3.049616e-02, pump-{40,180,25}, G_dsvp = 2.147564e+01 log2(sec), B_dsvp = 4.215612e+01 bit, G = 2.148426e+01 log2(sec), B = 4.215612e+01 log2(bit),  min_GB.first = 2.148426e+01 log2(sec))
S(beta,jump,tours):{(  73,   7,   1),(  77,   7,   1),( 117,  11,   2),( 118,  11,   1),( 118,   4,   1),( 128,   4,   1),( 141,   4,   1),( 147,   4,   1)}
Min Cost = 21.48 log2(sec) = 2933635.46 s, Memory Cost = 42.26 log2(bit) = 614.97 GB 
EnumBS cost:8.3e+02s.



"lwechallenge/55-020.txt" exists.
-------------------------
Primal attack, TU LWE challenge n=55, m=3025, alpha=0.020, q=3037 
Chose 230 samples. Predict solution at bkz-128 + svp-161. 
Initial slope = -0.059
dim = 231, dvol = 454.63428930493

After a sigma normalization,Slope = -0.058674
enumbs min_G_prec = 0.1
 Attack Estimation via simulation + probabilistic model (EnumBS in parallel)
beta_start= 50, gap = 1, J = 100, J_gap = 1, cost_model = 2, max_loop = 5, threads = 2, G_prec = 1.000000e-03,  slope_prec = 1.000000e-04,  progressive_sieve = True, worst_case = 0, Find minimal time cost strategy, average_case, practical_pnjbkz_d4f = 3, practical_pump_d4f = 3.
 
Find the optimal Strategy through EumBS!!
bs = (slope = -3.282476e-02, G_BKZ = 1.464623e+01 log2(sec), B_BKZ = 3.879809e+01 log2(bit), cum-pr = 3.827622e-02, pump-{52,179,24}, G_dsvp = 2.130922e+01 log2(sec), B_dsvp = 4.199872e+01 bit, G = 2.132339e+01 log2(sec), B = 4.199872e+01 log2(bit),  min_GB.first = 2.132339e+01 log2(sec))
S(beta,jump,tours):{(  76,   7,   1),(  77,   7,   2),( 115,  11,   1),( 117,  11,   1),( 117,   4,   1),( 124,   4,   1),( 133,   4,   1),( 141,   4,   1),( 147,   4,   1)}
Min Cost = 21.32 log2(sec) = 2624093.16 s, Memory Cost = 42.15 log2(bit) = 567.19 GB 
EnumBS cost:1.2e+03s.



"lwechallenge/90-005.txt" exists.
-------------------------
Primal attack, TU LWE challenge n=90, m=8100, alpha=0.005, q=8101 
Chose 306 samples. Predict solution at bkz-127 + svp-156. 
Initial slope = -0.06
dim = 307, dvol = 807.55779063989

After a sigma normalization,Slope = -0.060246
enumbs min_G_prec = 0.1
 Attack Estimation via simulation + probabilistic model (EnumBS in parallel)
beta_start= 50, gap = 1, J = 100, J_gap = 1, cost_model = 2, max_loop = 5, threads = 2, G_prec = 1.000000e-03,  slope_prec = 1.000000e-04,  progressive_sieve = True, worst_case = 0, Find minimal time cost strategy, average_case, practical_pnjbkz_d4f = 3, practical_pump_d4f = 3.
 
Find the optimal Strategy through EumBS!!
bs = (slope = -3.269129e-02, G_BKZ = 1.383516e+01 log2(sec), B_BKZ = 3.720743e+01 log2(bit), cum-pr = 2.925563e-02, pump-{133,174,24}, G_dsvp = 2.010358e+01 log2(sec), B_dsvp = 4.112364e+01 bit, G = 2.012217e+01 log2(sec), B = 4.112364e+01 log2(bit),  min_GB.first = 2.012217e+01 log2(sec))
S(beta,jump,tours):{(  73,   7,   1),(  76,   7,   1),(  77,   7,   5),(  77,   4,   1),( 117,  11,   3),( 117,   4,   2),( 121,   4,   1),( 128,   4,   1),( 132,   4,   1),( 138,   4,   1),( 141,   4,   1)}
Min Cost = 20.12 log2(sec) = 1141239.70 s, Memory Cost = 41.22 log2(bit) = 297.38 GB 
EnumBS cost:2.4e+03s.



