"lwechallenge/40-025.txt" exists.
-------------------------
Primal attack, TU LWE challenge n=40, m=1600, alpha=0.025, q=1601 
Chose 171 samples. Predict solution at bkz-89 + svp-117. 
Initial slope = -0.0665978
dim = 172, dvol = 331.97353385059

After a sigma normalization,Slope = -0.066598
enumbs min_G_prec = 0.1
 Attack Estimation via simulation + probabilistic model (EnumBS in parallel)
beta_start= 55, gap = 1, J = 100, J_gap = 1, cost_model = 2, max_loop = 5, threads = 2, G_prec = 1.000000e-03,  slope_prec = 1.000000e-04,  progressive_sieve = True, worst_case = 0, succ_prob = 0.999, Find minimal time cost strategy, average_case, practical_pnjbkz_d4f = 3, practical_pump_d4f = 3.
 
Find the optimal Strategy through EumBS!!
bs = (slope = -4.165278e-02, G_BKZ = 4.642258e+00 log2(sec), B_BKZ = 3.147695e+01 log2(bit), cum-pr = 1.935897e-02, pump-{33,139,21}, G_dsvp = 1.087770e+01 log2(sec), B_dsvp = 3.544804e+01 bit, G = 1.089672e+01 log2(sec), B = 3.544804e+01 log2(bit),  min_GB.first = 1.089672e+01 log2(sec))
S(beta,jump,tours):[(89,9,1),(114,10,1)]
Min Cost = 10.90 log2(sec) = 1906.52 s, Memory Cost = 35.54 log2(bit) = 5.80 GB 
EnumBS cost:9.4s.



"lwechallenge/40-030.txt" exists.
-------------------------
Primal attack, TU LWE challenge n=40, m=1600, alpha=0.030, q=1601 
Chose 178 samples. Predict solution at bkz-102 + svp-133. 
Initial slope = -0.064
dim = 179, dvol = 325.16013135542

After a sigma normalization,Slope = -0.064016
enumbs min_G_prec = 0.1
 Attack Estimation via simulation + probabilistic model (EnumBS in parallel)
