============= Kyber-1024, list-decoding = agps20
Generate gs-lengths by GSA assumption...
dim = 1918, m = 893, dvol = 7242.61152315450, β = 873.2308

Slope of gs-lengths generated by GSA assumption: -0.0866546
cost_model = 1
Pcums: [0.000137177, 0.000203766, 0.000301064, 0.000440586, 0.000638607, 0.000916763, 0.00130344, 0.00183536, 0.00255944, 0.00353469, 0.0048343, 0.00654771, 0.00880774, 0.0117306, 0.015469, 0.0201971, 0.02611, 0.0334212, 0.0423591, 0.053161, 0.066066, 0.081306, 0.0992769, 0.120034, 0.143724, 0.170435, 0.200188, 0.232928, 0.268513, 0.306716, 0.34722, 0.389632, 0.43389, 0.479079, 0.524625, 0.569937, 0.614428, 0.657541, 0.698768, 0.73767, 0.773888, 0.807156, 0.837553, 0.864695, 0.888595, 0.909347, 0.927113, 0.942109, 0.954586, 0.964821, 0.973095, 0.979689, 0.984905, 0.988933, 0.991996, 0.994291, 0.995985, 0.997216, 0.998097, 0.998718, 0.999148]
Gcums: [273.356, 274.208, 275.056, 275.89, 276.708, 277.513, 278.303, 279.078, 279.839, 280.585, 281.317, 282.033, 282.741, 283.328, 283.936, 284.553, 285.17, 285.782, 286.384, 286.975, 287.553, 288.117, 288.671, 289.209, 289.731, 290.236, 290.726, 291.2, 291.657, 292.099, 292.524, 292.933, 293.264, 293.594, 293.919, 294.236, 294.544, 294.841, 295.126, 295.398, 295.657, 295.901, 296.134, 296.352, 296.555, 296.744, 296.92, 297.081, 297.229, 297.364, 297.487, 297.578, 297.66, 297.735, 297.801, 297.859, 297.91, 297.954, 297.991, 298.023, 298.049]
slope = -0.0101183
pump-{921,997,71}, sim-pump cost = 298.0488974 sec
Gcum = 298.049, Bcum = 205.864
=============================
============= Kyber-1024, list-decoding = agps20, jump = 1
Generate gs-lengths by GSA assumption...
dim = 1918, m = 893, dvol = 7242.61152315450, β = 873.2308

Slope of gs-lengths generated by GSA assumption: -0.0866546
cost_model = 1
Pcums: [0.000144894, 0.000212771, 0.000309831, 0.000447362, 0.000640456, 0.000909053, 0.00127919, 0.00178444, 0.00246755, 0.00338226, 0.00459519, 0.00618781, 0.00825827, 0.010923, 0.0143181, 0.0185995, 0.0239432, 0.0305436, 0.0386108, 0.0483664, 0.0600382, 0.073852, 0.0900234, 0.108747, 0.130186, 0.15446, 0.181635, 0.211711, 0.244617, 0.280202, 0.318235, 0.358408, 0.400335, 0.44357, 0.487615, 0.531939, 0.575995, 0.619242, 0.661164, 0.70129, 0.739209, 0.774582, 0.807155, 0.836757, 0.863307, 0.886803, 0.90732, 0.924993, 0.94001, 0.952595, 0.962997, 0.971475, 0.978288, 0.983685, 0.9879, 0.991144, 0.993605, 0.995445, 0.9968, 0.997783, 0.998486, 0.99898, 0.999323]
Gcums: [269.575, 270.415, 271.242, 272.057, 272.858, 273.647, 274.423, 275.186, 275.935, 276.56, 277.213, 277.879, 278.548, 279.213, 279.87, 280.518, 281.154, 281.777, 282.386, 282.982, 283.564, 284.132, 284.685, 285.223, 285.747, 286.255, 286.749, 287.151, 287.558, 287.965, 288.369, 288.765, 289.152, 289.528, 289.891, 290.242, 290.579, 290.902, 291.21, 291.505, 291.784, 292.049, 292.3, 292.536, 292.757, 292.965, 293.124, 293.276, 293.418, 293.551, 293.675, 293.789, 293.893, 293.987, 294.072, 294.148, 294.216, 294.275, 294.326, 294.37, 294.408, 294.44, 294.466]
slope = -0.00998054
pump-{933,985,70}, sim-pump cost = 294.4662089 sec
Gcum = 294.466, Bcum = 203.294
=============================
