======Dilithium-III
----------------------

Find the optimal Strategy through EumBS!!
bs = (slope = -1.182689e-02, G_BKZ = 2.081824e+02 log2(gate), B_BKZ = 1.402124e+02 log2(bit), cum-pr = 1.943195e-02, pump-{1960,694,54}, G_dsvp = 2.086104e+02 log2(gate), B_dsvp = 1.454984e+02 bit, avgG = 2.08
6311e+02 log2(gate), avgB = 1.454991e+02 log2(bit),  G = 2.086397e+02 log2(gate), min_GB.first = 2.086397e+02 log2(gate), leaf = 0)
S(beta,jump,tours):[(57,4,1),(59,4,1),(58,4,1),(59,4,1),(59,4,1),(59,4,1),(59,4,1),(59,4,1),(59,4,1),(59,4,1),(60,4,1),(60,4,1),(60,4,1),(60,4,1),(60,4,1),(60,4,1),(61,4,1),(61,4,1),(61,4,1),(61,4,1),(61,4,1),
(61,4,1),(61,4,1),(61,4,1),(61,4,1),(61,4,1),(62,4,1),(62,4,1),(62,4,1),(62,4,1),(62,4,1),(62,4,1),(62,4,1),(62,4,1),(62,4,1),(62,4,1),(63,4,1),(63,4,1),(63,4,1),(63,4,1),(63,4,1),(63,4,1),(63,4,1),(63,4,1),(6
3,4,1),(63,4,1),(64,4,1),(64,4,1),(64,4,1),(64,4,1),(64,4,1),(64,4,1),(66,4,1),(66,4,1),(66,4,1),(66,4,1),(66,4,1),(66,4,1),(66,4,1),(66,4,1),(66,4,1),(66,4,1),(66,4,1),(66,4,1),(66,4,1),(66,4,1),(66,4,1),(66,
4,1),(66,4,1),(66,4,1),(66,4,1),(66,4,1),(66,4,1),(66,4,1),(66,4,1),(66,4,1),(66,4,1),(67,4,1),(67,4,1),(67,4,1),(67,4,1),(67,4,1),(67,4,1),(67,4,1),(67,4,1),(67,4,1),(67,4,1),(67,4,1),(67,4,1),(68,4,1),(68,4,
1),(68,4,1),(68,4,1),(68,4,1),(68,4,1),(68,4,1),(68,4,1),(68,4,1),(68,4,1),(68,4,1),(69,4,1),(69,4,1),(69,4,1),(69,4,1),(69,4,1),(69,4,1),(69,4,1),(69,4,1),(69,4,1),(69,4,1),(69,4,1),(70,4,1),(70,4,1),(70,4,1)
,(70,4,1),(70,4,1),(70,4,1),(70,4,1),(70,4,1),(70,4,1),(70,4,1),(70,4,1),(71,4,1),(71,4,1),(71,4,1),(71,4,1),(71,4,1),(71,4,1),(71,4,1),(71,4,1),(71,4,1),(71,4,1),(71,4,1),(72,4,1),(72,4,1),(72,4,1),(72,4,1),(
72,4,1),(72,4,1),(72,4,1),(72,4,1),(72,4,1),(72,4,1),(73,4,1),(73,4,1),(73,4,1),(73,4,1),(73,4,1),(73,4,1),(73,4,1),(73,4,1),(73,4,1),(74,4,1),(74,4,1),(74,4,1),(74,4,1),(74,4,1),(74,4,1),(74,4,1),(74,4,1),(74
,4,1),(74,4,1),(74,4,1),(75,4,1),(75,4,1),(75,4,1),(75,4,1),(75,4,1),(75,4,1),(75,4,1),(75,4,1),(75,4,1),(76,4,1),(76,4,1),(76,4,1),(76,4,1),(76,4,1),(76,4,1),(76,4,1),(76,4,1),(76,4,1),(77,4,1),(77,4,1),(77,4
,1),(77,4,1),(77,4,1),(77,4,1),(77,4,1),(77,4,1),(77,4,1),(78,4,1),(78,4,1),(78,4,1),(78,4,1),(78,4,1),(78,4,1),(78,4,1),(78,4,1),(78,4,1),(79,4,1),(79,4,1),(79,4,1),(79,4,1),(79,4,1),(79,4,1),(79,4,1),(79,4,1
),(80,4,1),(80,4,1),(80,4,1),(80,4,1),(80,4,1),(80,4,1),(80,4,1),(80,4,1),(82,4,1),(82,4,1),(82,4,1),(82,4,1),(82,4,1),(82,4,1),(82,4,1),(82,4,1),(82,4,1),(82,4,1),(82,4,1),(82,4,1),(82,4,1),(82,4,1),(82,4,1),
(82,4,1),(83,4,1),(83,4,1),(83,4,1),(83,4,1),(83,4,1),(83,4,1),(83,4,1),(84,4,1),(84,4,1),(84,4,1),(84,4,1),(84,4,1),(84,4,1),(84,4,1),(85,4,1),(85,4,1),(85,4,1),(85,4,1),(85,4,1),(85,4,1),(85,4,1),(86,4,1),(8
6,4,1),(86,4,1),(86,4,1),(86,4,1),(86,4,1),(86,4,1),(86,4,1),(87,4,1),(87,4,1),(87,4,1),(87,4,1),(87,4,1),(87,4,1),(88,4,1),(88,4,1),(88,4,1),(88,4,1),(88,4,1),(88,4,1),(88,4,1),(89,4,1),(89,4,1),(89,4,1),(89,
4,1),(89,4,1),(89,4,1),(90,4,1),(90,4,1),(90,4,1),(90,4,1),(90,4,1),(90,4,1),(91,4,1),(91,4,1),(91,4,1),(91,4,1),(91,4,1),(91,4,1),(92,4,1),(92,4,1),(92,4,1),(92,4,1),(92,4,1),(92,4,1),(93,4,1),(93,4,1),(93,4,
1),(93,4,1),(93,4,1),(93,4,1),(94,4,1),(94,4,1),(94,4,1),(94,4,1),(94,4,1),(95,4,1),(95,4,1),(95,4,1),(95,4,1),(95,4,1),(95,4,1),(97,4,1),(97,4,1),(97,4,1),(97,4,1),(97,4,1),(97,4,1),(97,4,1),(97,4,1),(97,4,1)
,(97,4,1),(98,4,1),(98,4,1),(98,4,1),(98,4,1),(98,4,1),(99,4,1),(99,4,1),(99,4,1),(99,4,1),(99,4,1),(100,4,1),(100,4,1),(100,4,1),(100,4,1),(100,4,1),(101,4,1),(101,4,1),(101,4,1),(101,4,1),(101,4,1),(102,4,1)
,(102,4,1),(102,4,1),(102,4,1),(103,4,1),(103,4,1),(103,4,1),(103,4,1),(103,4,1),(104,4,1),(104,4,1),(104,4,1),(104,4,1),(105,4,1),(105,4,1),(105,4,1),(105,4,1),(105,4,1),(106,4,1),(106,4,1),(106,4,1),(107,4,1
),(107,4,1),(107,4,1),(107,4,1),(107,4,1),(108,4,1),(108,4,1),(108,4,1),(108,4,1),(109,4,1),(109,4,1),(109,4,1),(109,4,1),(111,4,1),(111,4,1),(111,4,1),(111,4,1),(111,4,1),(111,4,1),(111,4,1),(111,4,1),(112,4,
1),(112,4,1),(112,4,1),(113,4,1),(113,4,1),(113,4,1),(113,4,1),(114,4,1),(114,4,1),(114,4,1),(114,4,1),(115,4,1),(115,4,1),(115,4,1),(116,4,1),(116,4,1),(116,4,1),(117,4,1),(117,4,1),(117,4,1),(117,4,1),(118,4
,1),(118,4,1),(118,4,1),(119,4,1),(119,4,1),(119,4,1),(119,4,1),(120,4,1),(120,4,1),(120,4,1),(121,4,1),(121,4,1),(121,4,1),(122,4,1),(122,4,1),(122,4,1),(123,4,1),(123,4,1),(123,4,1),(125,4,1),(125,4,1),(125,
4,1),(125,4,1),(125,4,1),(125,4,1),(126,4,1),(126,4,1),(126,4,1),(127,4,1),(127,4,1),(127,4,1),(128,4,1),(128,4,1),(129,4,1),(129,4,1),(129,4,1),(130,4,1),(130,4,1),(130,4,1),(131,4,1),(131,4,1),(131,4,1),(132
,4,1),(132,4,1),(133,4,1),(133,4,1),(133,4,1),(134,4,1),(134,4,1),(135,4,1),(135,4,1),(135,4,1),(136,4,1),(136,4,1),(138,4,1),(138,4,1),(138,4,1),(138,4,1),(138,4,1),(139,4,1),(139,4,1),(140,4,1),(140,4,1),(14
1,4,1),(141,4,1),(141,4,1),(142,4,1),(142,4,1),(143,4,1),(143,4,1),(144,4,1),(144,4,1),(145,4,1),(145,4,1),(145,4,1),(146,4,1),(146,4,1),(147,4,1),(147,4,1),(148,4,1),(148,4,1),(149,4,1),(149,4,1),(150,4,1),(1
50,4,1),(152,4,1),(152,4,1),(152,4,1),(152,4,1),(153,4,1),(153,4,1),(154,4,1),(155,4,1),(155,4,1),(156,4,1),(156,4,1),(157,4,1),(157,4,1),(158,4,1),(158,4,1),(159,4,1),(159,4,1),(160,4,1),(161,4,1),(161,4,1),(
162,4,1),(162,4,1),(163,4,1),(163,4,1),(164,4,1),(165,4,1),(165,4,1),(167,4,1),(167,4,1),(167,4,1),(168,4,1),(169,4,1),(169,4,1),(170,4,1),(170,4,1),(171,4,1),(172,4,1),(172,4,1),(173,4,1),(174,4,1),(174,4,1),
(175,4,1),(176,4,1),(176,4,1),(177,4,1),(178,4,1),(178,4,1),(179,4,1),(181,4,1),(181,4,1),(182,4,1),(182,4,1),(183,4,1),(184,4,1),(185,4,1),(185,4,1),(186,4,1),(187,4,1),(188,4,1),(188,4,1),(189,4,1),(190,4,1)
,(191,4,1),(191,4,1),(192,4,1),(193,4,1),(195,4,1),(195,4,1),(196,4,1),(197,4,1),(198,4,1),(198,4,1),(199,4,1),(200,4,1),(201,4,1),(202,4,1),(203,4,1),(204,4,1),(205,4,1),(206,4,1),(206,4,1),(209,4,1),(209,4,1
),(210,4,1),(211,4,1),(212,4,1),(212,4,1),(214,4,1),(215,4,1),(215,4,1),(216,4,1),(217,4,1),(219,4,1),(220,4,1),(221,4,1),(222,4,1),(224,4,1),(224,4,1),(225,4,1),(226,4,1),(227,4,1),(228,4,1),(230,4,1),(231,4,
1),(232,4,1),(233,4,1),(234,4,1),(235,4,1),(237,4,1),(239,4,1),(239,4,1),(240,4,1),(242,4,1),(243,4,1),(244,4,1),(246,4,1),(247,4,1),(248,4,1),(250,4,1),(251,4,1),(253,4,1),(254,4,1),(255,4,1),(257,4,1),(258,4
,1),(260,4,1),(261,4,1),(262,4,1),(264,4,1),(265,4,1),(268,4,1),(269,4,1),(270,4,1),(272,4,1),(273,4,1),(275,4,1),(276,4,1),(278,4,1),(280,4,1),(282,4,1),(284,4,1),(285,4,1),(287,4,1),(289,4,1),(290,4,1),(292,
4,1),(294,4,1),(296,4,1),(299,4,1),(300,4,1),(302,4,1),(303,4,1),(306,4,1),(307,4,1),(309,4,1),(314,4,1),(314,4,1),(316,4,1),(318,4,1),(320,4,1),(322,4,1),(324,4,1),(327,4,1),(330,4,1),(331,4,1),(334,4,1),(336
,4,1),(338,4,1),(341,4,1),(343,4,1),(346,4,1),(348,4,1),(350,4,1),(353,4,1),(356,4,1),(358,4,1),(361,4,1),(364,4,1),(366,4,1),(369,4,1),(372,4,1),(375,4,1),(377,4,1),(381,4,1),(384,4,1),(387,4,1),(390,4,1),(39
3,4,1),(396,4,1),(399,4,1),(402,4,1),(406,4,1),(409,4,1),(412,4,1),(415,4,1),(419,4,1),(422,4,1),(426,4,1),(429,4,1),(433,4,1),(437,4,1),(441,4,1),(444,4,1),(449,4,1),(452,4,1),(456,4,1),(460,4,1),(464,4,1),(4
69,4,1),(474,4,1),(477,4,1),(482,4,1),(487,4,1),(491,4,1),(496,4,1),(500,4,1),(507,4,1),(510,4,1),(516,4,1),(521,4,1),(526,4,1),(532,4,1),(537,4,1),(542,4,1),(548,4,1),(554,4,1),(560,4,1),(566,4,1),(571,4,1),(
577,4,1),(584,4,1),(592,4,1),(597,4,1),(604,4,1),(610,4,1),(618,4,1),(624,4,1),(632,4,1),(639,4,1),(646,4,1)]
Min Cost = 208.63 log2(gate), Memory Cost = 145.50 log(bit)
EnumBS cost:1.2e+05s.