"lwechallenge/40-025.txt" exists.
-------------------------
Primal attack, TU LWE challenge n=40, m=1600, alpha=0.025, q=1601 
Chose 171 samples. Predict solution at bkz-89 + svp-117. 
Initial slope = -0.0665978
dim = 172, dvol = 331.97353385059

After a sigma normalization,Slope = -0.066598
 Attack Estimation via simulation + probabilistic model (BSSA)
gap = 1, J = 8, J_gap = 1, max_loop = 5, cost_model = 2, mul_node = 1, progressive_sieve = 1, Find minimal time cost strategy, worst_case. 
goalbeta = 116 achieves success probability 0.999 
Find the optimized Strategy through BSSA!!
bs = (slope = -0.04184, G_BKZ = 10.39 gate, B_BKZ = 34.30 bit cum-pr = 0.00, dsvp = 0.00, dsvp_r = 138, G_dsvp = 9.66 gate, B_dsvp = 37.89 bit, G = 11.07 gate, B = 37.89 bit)
Block size strategy generated by BSSA (beta,jump,tours):{(104,  8,  2)}
Min Cost = 11.07 log2(sec), Memory Cost = 37.89 log(bit)
BSSA cost:3.4e+02s.



"lwechallenge/45-020.txt" exists.
-------------------------
Primal attack, TU LWE challenge n=45, m=2025, alpha=0.020, q=2027 
Chose 184 samples. Predict solution at bkz-89 + svp-121. 
Initial slope = -0.066
dim = 185, dvol = 373.46589773268

After a sigma normalization,Slope = -0.065691
 Attack Estimation via simulation + probabilistic model (BSSA)
gap = 1, J = 8, J_gap = 1, max_loop = 5, cost_model = 2, mul_node = 1, progressive_sieve = 1, Find minimal time cost strategy, worst_case. 
goalbeta = 119 achieves success probability 0.999 
Find the optimized Strategy through BSSA!!
bs = (slope = -0.04070, G_BKZ = 11.07 gate, B_BKZ = 34.53 bit cum-pr = 0.00, dsvp = 0.00, dsvp_r = 141, G_dsvp = 10.29 gate, B_dsvp = 38.46 bit, G = 11.73 gate, B = 38.46 bit)
Block size strategy generated by BSSA (beta,jump,tours):{( 91,  8,  2),(110,  8,  1)}
Min Cost = 11.73 log2(sec), Memory Cost = 38.46 log(bit)
BSSA cost:4.5e+02s.



"lwechallenge/50-015.txt" exists.
-------------------------
Primal attack, TU LWE challenge n=50, m=2500, alpha=0.015, q=2503 
Chose 193 samples. Predict solution at bkz-87 + svp-118. 
Initial slope = -0.068
dim = 194, dvol = 415.65527573918

After a sigma normalization,Slope = -0.068032
 Attack Estimation via simulation + probabilistic model (BSSA)
gap = 1, J = 8, J_gap = 1, max_loop = 5, cost_model = 2, mul_node = 1, progressive_sieve = 1, Find minimal time cost strategy, worst_case. 
goalbeta = 115 achieves success probability 0.999 
Find the optimized Strategy through BSSA!!
bs = (slope = -0.04190, G_BKZ = 11.15 gate, B_BKZ = 34.44 bit cum-pr = 0.00, dsvp = 0.00, dsvp_r = 140, G_dsvp = 10.09 gate, B_dsvp = 38.27 bit, G = 11.72 gate, B = 38.27 bit)
Block size strategy generated by BSSA (beta,jump,tours):{( 89,  8,  2),(108,  8,  1)}
Min Cost = 11.72 log2(sec), Memory Cost = 38.27 log(bit)
BSSA cost:4.6e+02s.



"lwechallenge/55-010.txt" exists.
-------------------------
Primal attack, TU LWE challenge n=55, m=3025, alpha=0.010, q=3037 
Chose 204 samples. Predict solution at bkz-76 + svp-107. 
Initial slope = -0.068
dim = 205, dvol = 495.01685533394

After a sigma normalization,Slope = -0.068057
 Attack Estimation via simulation + probabilistic model (BSSA)
gap = 1, J = 8, J_gap = 1, max_loop = 5, cost_model = 2, mul_node = 1, progressive_sieve = 1, Find minimal time cost strategy, worst_case. 
goalbeta = 102 achieves success probability 0.999 
Find the optimized Strategy through BSSA!!
bs = (slope = -0.04763, G_BKZ = 10.67 gate, B_BKZ = 34.12 bit cum-pr = 0.00, dsvp = 0.00, dsvp_r = 136, G_dsvp = 9.39 gate, B_dsvp = 37.71 bit, G = 11.16 gate, B = 37.71 bit)
Block size strategy generated by BSSA (beta,jump,tours):{( 83,  8,  3)}
Min Cost = 11.16 log2(sec), Memory Cost = 37.71 log(bit)
BSSA cost:3.4e+02s.



"lwechallenge/60-010.txt" exists.
-------------------------
Primal attack, TU LWE challenge n=60, m=3600, alpha=0.010, q=3607 
Chose 221 samples. Predict solution at bkz-92 + svp-122. 
Initial slope = -0.066
dim = 222, dvol = 522.71923621791

After a sigma normalization,Slope = -0.065713
 Attack Estimation via simulation + probabilistic model (BSSA)
gap = 1, J = 8, J_gap = 1, max_loop = 5, cost_model = 2, mul_node = 1, progressive_sieve = 1, Find minimal time cost strategy, worst_case. 
goalbeta = 118 achieves success probability 0.999 
Find the optimized Strategy through BSSA!!
bs = (slope = -0.04030, G_BKZ = 12.22 gate, B_BKZ = 35.01 bit cum-pr = 0.01, dsvp = 0.00, dsvp_r = 145, G_dsvp = 11.02 gate, B_dsvp = 39.23 bit, G = 12.74 gate, B = 39.23 bit)
Block size strategy generated by BSSA (beta,jump,tours):{( 91,  8,  3),(117,  8,  1)}
Min Cost = 12.74 log2(sec), Memory Cost = 39.23 log(bit)
BSSA cost:7e+02s.



"lwechallenge/70-005.txt" exists.
-------------------------
Primal attack, TU LWE challenge n=70, m=4900, alpha=0.005, q=4903 
Chose 234 samples. Predict solution at bkz-77 + svp-106. 
Initial slope = -0.07
dim = 235, dvol = 641.77463704427

After a sigma normalization,Slope = -0.070160
 Attack Estimation via simulation + probabilistic model (BSSA)
gap = 1, J = 8, J_gap = 1, max_loop = 5, cost_model = 2, mul_node = 1, progressive_sieve = 1, Find minimal time cost strategy, worst_case. 
goalbeta = 99 achieves success probability 0.999 
Find the optimized Strategy through BSSA!!
bs = (slope = -0.04705, G_BKZ = 11.57 gate, B_BKZ = 34.15 bit cum-pr = 0.00, dsvp = 0.00, dsvp_r = 138, G_dsvp = 9.78 gate, B_dsvp = 37.89 bit, G = 11.94 gate, B = 37.89 bit)
Block size strategy generated by BSSA (beta,jump,tours):{( 92,  8,  3)}
Min Cost = 11.94 log2(sec), Memory Cost = 37.89 log(bit)
BSSA cost:4.6e+02s.



"lwechallenge/75-005.txt" exists.
-------------------------
Primal attack, TU LWE challenge n=75, m=5625, alpha=0.005, q=5639 
Chose 251 samples. Predict solution at bkz-90 + svp-118. 
Initial slope = -0.067
dim = 252, dvol = 678.72747085249

After a sigma normalization,Slope = -0.066672
 Attack Estimation via simulation + probabilistic model (BSSA)
gap = 1, J = 8, J_gap = 1, max_loop = 5, cost_model = 2, mul_node = 1, progressive_sieve = 1, Find minimal time cost strategy, worst_case. 
goalbeta = 113 achieves success probability 0.999 
Find the optimized Strategy through BSSA!!
bs = (slope = -0.04130, G_BKZ = 12.79 gate, B_BKZ = 34.53 bit cum-pr = 0.00, dsvp = 0.00, dsvp_r = 143, G_dsvp = 10.75 gate, B_dsvp = 38.84 bit, G = 13.10 gate, B = 38.84 bit)
Block size strategy generated by BSSA (beta,jump,tours):{(111,  8,  3)}
Min Cost = 13.10 log2(sec), Memory Cost = 38.84 log(bit)
BSSA cost:8.1e+02s.



"lwechallenge/40-035.txt" exists.
-------------------------
Primal attack, TU LWE challenge n=40, m=1600, alpha=0.035, q=1601 
Chose 187 samples. Predict solution at bkz-114 + svp-148. 
Initial slope = -0.06
dim = 188, dvol = 327.73882468246

After a sigma normalization,Slope = -0.059717
 Attack Estimation via simulation + probabilistic model (BSSA)
gap = 1, J = 8, J_gap = 1, max_loop = 5, cost_model = 2, mul_node = 1, progressive_sieve = 1, Find minimal time cost strategy, worst_case. 
goalbeta = 148 achieves success probability 0.999 
Find the optimized Strategy through BSSA!!
bs = (slope = -0.03511, G_BKZ = 14.99 gate, B_BKZ = 37.17 bit cum-pr = 0.02, dsvp = 0.00, dsvp_r = 167, G_dsvp = 17.39 gate, B_dsvp = 43.17 bit, G = 17.64 gate, B = 43.17 bit)
Block size strategy generated by BSSA (beta,jump,tours):{( 98,  8,  2),(117,  8,  1),(119,  4,  1),(133,  4,  1)}
Min Cost = 17.64 log2(sec), Memory Cost = 43.17 log(bit)
BSSA cost:7.4e+02s.



"lwechallenge/40-045.txt" exists.
-------------------------
Primal attack, TU LWE challenge n=40, m=1600, alpha=0.045, q=1601 
Chose 194 samples. Predict solution at bkz-137 + svp-176. 
Initial slope = -0.057
dim = 195, dvol = 302.19936168844

After a sigma normalization,Slope = -0.056677
 Attack Estimation via simulation + probabilistic model (BSSA)
gap = 1, J = 8, J_gap = 1, max_loop = 5, cost_model = 2, mul_node = 1, progressive_sieve = 1, Find minimal time cost strategy, worst_case. 
goalbeta = 178 achieves success probability 0.999 
There's no strategy whose memory cost (47.353340 log(bit)) is below 44.000000 log(bit), the lowest memory cost strategy is:
bs = (slope = -0.03106, G_BKZ = 33.55 gate, B_BKZ = 47.35 bit cum-pr = 1.00, dsvp = 0.00, dsvp_r =   0, G_dsvp = 0.00 gate, B_dsvp = 0.00 bit, G = 33.55 gate, B = 47.35 bit)
Block size strategy generated by BSSA (beta,jump,tours):{(189,  4,  2)}
Min Cost = 33.55 log2(sec), Memory Cost = 47.35 log(bit)
BSSA cost:1.2e+03s.



"lwechallenge/45-035.txt" exists.
-------------------------
Primal attack, TU LWE challenge n=45, m=2025, alpha=0.035, q=2027 
Chose 210 samples. Predict solution at bkz-142 + svp-173. 
Initial slope = -0.056
dim = 211, dvol = 357.09956384954

After a sigma normalization,Slope = -0.056187
 Attack Estimation via simulation + probabilistic model (BSSA)
gap = 1, J = 8, J_gap = 1, max_loop = 5, cost_model = 2, mul_node = 1, progressive_sieve = 1, Find minimal time cost strategy, worst_case. 
goalbeta = 174 achieves success probability 0.999 
There's no strategy whose memory cost (46.556643 log(bit)) is below 44.000000 log(bit), the lowest memory cost strategy is:
bs = (slope = -0.03044, G_BKZ = 32.37 gate, B_BKZ = 46.56 bit cum-pr = 1.00, dsvp = 0.00, dsvp_r =   0, G_dsvp = 0.00 gate, B_dsvp = 0.00 bit, G = 32.37 gate, B = 46.56 bit)
Block size strategy generated by BSSA (beta,jump,tours):{( 90,  8,  2),(185,  4,  2)}
Min Cost = 32.37 log2(sec), Memory Cost = 46.56 log(bit)
BSSA cost:1.3e+03s.



"lwechallenge/50-030.txt" exists.
-------------------------
Primal attack, TU LWE challenge n=50, m=2500, alpha=0.030, q=2503 
Chose 227 samples. Predict solution at bkz-146 + svp-181. 
Initial slope = -0.056
dim = 228, dvol = 400.40769158427

After a sigma normalization,Slope = -0.055556
 Attack Estimation via simulation + probabilistic model (BSSA)
