"lwechallenge/40-025.txt" exists.
-------------------------
Primal attack, TU LWE challenge n=40, m=1600, alpha=0.025, q=1601 
Chose 171 samples. Predict solution at bkz-89 + svp-117. 
Initial slope = -0.0665978
dim = 172, dvol = 331.97353385059

After a sigma normalization,Slope = -0.066598
 Attack Estimation via simulation + probabilistic model (BSSA)
gap = 1, J = 1, J_gap = 1, max_loop = 5, cost_model = 2, mul_node = 1, progressive_sieve = 1, Find minimal time cost strategy, worst_case. 
goalbeta = 116 achieves success probability 0.999 
Find the optimized Strategy through BSSA!!
bs = (slope = -0.06660, G_BKZ = 0.00 gate, B_BKZ = 0.00 bit cum-pr = 0.00, dsvp = 0.00, dsvp_r = 143, G_dsvp = 11.83 gate, B_dsvp = 38.84 bit, G = 11.83 gate, B = 38.84 bit)
Block size strategy generated by BSSA (beta,jump,tours):{}
Min Cost = 11.83 log2(sec), Memory Cost = 38.84 log(bit)
BSSA cost:24s.



"lwechallenge/45-020.txt" exists.
-------------------------
Primal attack, TU LWE challenge n=45, m=2025, alpha=0.020, q=2027 
Chose 184 samples. Predict solution at bkz-89 + svp-121. 
Initial slope = -0.066
dim = 185, dvol = 373.46589773268

After a sigma normalization,Slope = -0.065691
 Attack Estimation via simulation + probabilistic model (BSSA)
gap = 1, J = 1, J_gap = 1, max_loop = 5, cost_model = 2, mul_node = 1, progressive_sieve = 1, Find minimal time cost strategy, worst_case. 
goalbeta = 119 achieves success probability 0.999 
Find the optimized Strategy through BSSA!!
bs = (slope = -0.04507, G_BKZ = 12.63 gate, B_BKZ = 34.03 bit cum-pr = 0.00, dsvp = 0.00, dsvp_r = 146, G_dsvp = 11.63 gate, B_dsvp = 39.42 bit, G = 13.21 gate, B = 39.42 bit)
Block size strategy generated by BSSA (beta,jump,tours):{( 74,  1,  3)}
Min Cost = 13.21 log2(sec), Memory Cost = 39.42 log(bit)
BSSA cost:34s.



"lwechallenge/50-015.txt" exists.
-------------------------
Primal attack, TU LWE challenge n=50, m=2500, alpha=0.015, q=2503 
Chose 193 samples. Predict solution at bkz-87 + svp-118. 
Initial slope = -0.068
dim = 194, dvol = 415.65527573918

After a sigma normalization,Slope = -0.068032
 Attack Estimation via simulation + probabilistic model (BSSA)
gap = 1, J = 1, J_gap = 1, max_loop = 5, cost_model = 2, mul_node = 1, progressive_sieve = 1, Find minimal time cost strategy, worst_case. 
goalbeta = 115 achieves success probability 0.999 
Find the optimized Strategy through BSSA!!
bs = (slope = -0.04605, G_BKZ = 12.63 gate, B_BKZ = 34.03 bit cum-pr = 0.00, dsvp = 0.00, dsvp_r = 145, G_dsvp = 11.54 gate, B_dsvp = 39.23 bit, G = 13.18 gate, B = 39.23 bit)
Block size strategy generated by BSSA (beta,jump,tours):{( 74,  1,  3)}
Min Cost = 13.18 log2(sec), Memory Cost = 39.23 log(bit)
BSSA cost:40s.



"lwechallenge/55-010.txt" exists.
-------------------------
Primal attack, TU LWE challenge n=55, m=3025, alpha=0.010, q=3037 
Chose 204 samples. Predict solution at bkz-76 + svp-107. 
Initial slope = -0.068
dim = 205, dvol = 495.01685533394

After a sigma normalization,Slope = -0.068057
 Attack Estimation via simulation + probabilistic model (BSSA)
gap = 1, J = 1, J_gap = 1, max_loop = 5, cost_model = 2, mul_node = 1, progressive_sieve = 1, Find minimal time cost strategy, worst_case. 
goalbeta = 101 achieves success probability 0.999 
Find the optimized Strategy through BSSA!!
bs = (slope = -0.04941, G_BKZ = 12.21 gate, B_BKZ = 34.03 bit cum-pr = 0.00, dsvp = 0.00, dsvp_r = 139, G_dsvp = 10.23 gate, B_dsvp = 38.08 bit, G = 12.54 gate, B = 38.08 bit)
Block size strategy generated by BSSA (beta,jump,tours):{( 77,  1,  2)}
Min Cost = 12.54 log2(sec), Memory Cost = 38.08 log(bit)
BSSA cost:26s.



"lwechallenge/60-010.txt" exists.
-------------------------
Primal attack, TU LWE challenge n=60, m=3600, alpha=0.010, q=3607 
Chose 221 samples. Predict solution at bkz-92 + svp-122. 
Initial slope = -0.066
dim = 222, dvol = 522.71923621791

After a sigma normalization,Slope = -0.065713
 Attack Estimation via simulation + probabilistic model (BSSA)
gap = 1, J = 1, J_gap = 1, max_loop = 5, cost_model = 2, mul_node = 1, progressive_sieve = 1, Find minimal time cost strategy, worst_case. 
goalbeta = 119 achieves success probability 0.999 
Find the optimized Strategy through BSSA!!
bs = (slope = -0.04325, G_BKZ = 13.53 gate, B_BKZ = 34.03 bit cum-pr = 0.00, dsvp = 0.00, dsvp_r = 149, G_dsvp = 12.52 gate, B_dsvp = 40.01 bit, G = 14.11 gate, B = 40.01 bit)
Block size strategy generated by BSSA (beta,jump,tours):{( 77,  1,  5)}
Min Cost = 14.11 log2(sec), Memory Cost = 40.01 log(bit)
BSSA cost:51s.



"lwechallenge/70-005.txt" exists.
-------------------------
Primal attack, TU LWE challenge n=70, m=4900, alpha=0.005, q=4903 
Chose 234 samples. Predict solution at bkz-77 + svp-106. 
Initial slope = -0.07
dim = 235, dvol = 641.77463704427

After a sigma normalization,Slope = -0.070160
 Attack Estimation via simulation + probabilistic model (BSSA)
gap = 1, J = 1, J_gap = 1, max_loop = 5, cost_model = 2, mul_node = 1, progressive_sieve = 1, Find minimal time cost strategy, worst_case. 
goalbeta = 97 achieves success probability 0.999 
Find the optimized Strategy through BSSA!!
bs = (slope = -0.04868, G_BKZ = 12.74 gate, B_BKZ = 34.03 bit cum-pr = 0.00, dsvp = 0.00, dsvp_r = 141, G_dsvp = 10.72 gate, B_dsvp = 38.46 bit, G = 13.06 gate, B = 38.46 bit)
Block size strategy generated by BSSA (beta,jump,tours):{( 76,  1,  3)}
Min Cost = 13.06 log2(sec), Memory Cost = 38.46 log(bit)
BSSA cost:32s.



"lwechallenge/75-005.txt" exists.
-------------------------
Primal attack, TU LWE challenge n=75, m=5625, alpha=0.005, q=5639 
Chose 251 samples. Predict solution at bkz-90 + svp-118. 
Initial slope = -0.067
dim = 252, dvol = 678.72747085249

After a sigma normalization,Slope = -0.066672
 Attack Estimation via simulation + probabilistic model (BSSA)
gap = 1, J = 1, J_gap = 1, max_loop = 5, cost_model = 2, mul_node = 1, progressive_sieve = 1, Find minimal time cost strategy, worst_case. 
goalbeta = 113 achieves success probability 0.999 
Find the optimized Strategy through BSSA!!
bs = (slope = -0.04299, G_BKZ = 13.99 gate, B_BKZ = 34.03 bit cum-pr = 0.00, dsvp = 0.00, dsvp_r = 147, G_dsvp = 11.96 gate, B_dsvp = 39.61 bit, G = 14.31 gate, B = 39.61 bit)
Block size strategy generated by BSSA (beta,jump,tours):{( 76,  1,  3),( 77,  1,  4)}
Min Cost = 14.31 log2(sec), Memory Cost = 39.61 log(bit)
BSSA cost:53s.



"lwechallenge/40-035.txt" exists.
-------------------------
Primal attack, TU LWE challenge n=40, m=1600, alpha=0.035, q=1601 
Chose 187 samples. Predict solution at bkz-114 + svp-148. 
Initial slope = -0.06
dim = 188, dvol = 327.73882468246

After a sigma normalization,Slope = -0.059717
 Attack Estimation via simulation + probabilistic model (BSSA)
gap = 1, J = 1, J_gap = 1, max_loop = 5, cost_model = 2, mul_node = 1, progressive_sieve = 1, Find minimal time cost strategy, worst_case. 
goalbeta = 148 achieves success probability 0.999 
Find the optimized Strategy through BSSA!!
bs = (slope = -0.03540, G_BKZ = 15.90 gate, B_BKZ = 36.17 bit cum-pr = 0.01, dsvp = 0.00, dsvp_r = 167, G_dsvp = 17.50 gate, B_dsvp = 43.17 bit, G = 17.91 gate, B = 43.17 bit)
Block size strategy generated by BSSA (beta,jump,tours):{( 77,  1,  3),(117,  1,  1),(127,  1,  1)}
Min Cost = 17.91 log2(sec), Memory Cost = 43.17 log(bit)
BSSA cost:60s.



"lwechallenge/40-045.txt" exists.
-------------------------
Primal attack, TU LWE challenge n=40, m=1600, alpha=0.045, q=1601 
Chose 194 samples. Predict solution at bkz-137 + svp-176. 
Initial slope = -0.057
dim = 195, dvol = 302.19936168844

After a sigma normalization,Slope = -0.056677
 Attack Estimation via simulation + probabilistic model (BSSA)
gap = 1, J = 1, J_gap = 1, max_loop = 5, cost_model = 2, mul_node = 1, progressive_sieve = 1, Find minimal time cost strategy, worst_case. 
goalbeta = 178 achieves success probability 0.999 
Find the optimized Strategy through BSSA!!
bs = (slope = -0.03268, G_BKZ = 22.54 gate, B_BKZ = 40.79 bit cum-pr = 0.00, dsvp = 0.00, dsvp_r = 195, G_dsvp = 27.12 gate, B_dsvp = 48.35 bit, G = 27.18 gate, B = 48.35 bit)
Block size strategy generated by BSSA (beta,jump,tours):{( 76,  1,  2),(114,  1,  1),(117,  1,  1),(129,  1,  1),(142,  1,  1),(154,  1,  1)}
Min Cost = 27.18 log2(sec), Memory Cost = 48.35 log(bit)
BSSA cost:91s.



"lwechallenge/45-035.txt" exists.
-------------------------
Primal attack, TU LWE challenge n=45, m=2025, alpha=0.035, q=2027 
Chose 210 samples. Predict solution at bkz-142 + svp-173. 
Initial slope = -0.056
dim = 211, dvol = 357.09956384954

After a sigma normalization,Slope = -0.056187
 Attack Estimation via simulation + probabilistic model (BSSA)
gap = 1, J = 1, J_gap = 1, max_loop = 5, cost_model = 2, mul_node = 1, progressive_sieve = 1, Find minimal time cost strategy, worst_case. 
goalbeta = 174 achieves success probability 0.999 
Find the optimized Strategy through BSSA!!
bs = (slope = -0.03227, G_BKZ = 23.06 gate, B_BKZ = 40.79 bit cum-pr = 0.01, dsvp = 0.00, dsvp_r = 193, G_dsvp = 26.27 gate, B_dsvp = 48.15 bit, G = 26.41 gate, B = 48.15 bit)
Block size strategy generated by BSSA (beta,jump,tours):{( 75,  1,  3),(114,  1,  1),(117,  1,  1),(124,  1,  1),(136,  1,  1),(147,  1,  1),(154,  1,  1)}
Min Cost = 26.41 log2(sec), Memory Cost = 48.15 log(bit)
BSSA cost:99s.



"lwechallenge/50-030.txt" exists.
-------------------------
Primal attack, TU LWE challenge n=50, m=2500, alpha=0.030, q=2503 
Chose 227 samples. Predict solution at bkz-146 + svp-181. 
Initial slope = -0.056
dim = 228, dvol = 400.40769158427

After a sigma normalization,Slope = -0.055556
 Attack Estimation via simulation + probabilistic model (BSSA)
gap = 1, J = 1, J_gap = 1, max_loop = 5, cost_model = 2, mul_node = 1, progressive_sieve = 1, Find minimal time cost strategy, worst_case. 
goalbeta = 181 achieves success probability 0.999 
Find the optimized Strategy through BSSA!!
bs = (slope = -0.03137, G_BKZ = 25.79 gate, B_BKZ = 42.18 bit cum-pr = 0.01, dsvp = 0.00, dsvp_r = 201, G_dsvp = 28.90 gate, B_dsvp = 49.54 bit, G = 29.06 gate, B = 49.54 bit)
Block size strategy generated by BSSA (beta,jump,tours):{( 76,  1,  3),(114,  1,  1),(117,  1,  1),(121,  1,  1),(128,  1,  1),(137,  1,  1),(144,  1,  1),(154,  1,  1),(161,  1,  1)}
Min Cost = 29.06 log2(sec), Memory Cost = 49.54 log(bit)
BSSA cost:1.2e+02s.



"lwechallenge/55-025.txt" exists.
-------------------------
Primal attack, TU LWE challenge n=55, m=3025, alpha=0.025, q=3037 
Chose 240 samples. Predict solution at bkz-150 + svp-184. 
Initial slope = -0.056
dim = 241, dvol = 439.97692024407

After a sigma normalization,Slope = -0.056477
 Attack Estimation via simulation + probabilistic model (BSSA)
gap = 1, J = 1, J_gap = 1, max_loop = 5, cost_model = 2, mul_node = 1, progressive_sieve = 1, Find minimal time cost strategy, worst_case. 
goalbeta = 184 achieves success probability 0.999 
Find the optimized Strategy through BSSA!!
bs = (slope = -0.03072, G_BKZ = 27.62 gate, B_BKZ = 43.17 bit cum-pr = 0.02, dsvp = 0.00, dsvp_r = 204, G_dsvp = 29.86 gate, B_dsvp = 50.14 bit, G = 30.14 gate, B = 50.14 bit)
Block size strategy generated by BSSA (beta,jump,tours):{( 73,  1,  3),(117,  1,  2),(127,  1,  1),(129,  1,  1),(140,  1,  1),(141,  1,  1),(154,  1,  1),(167,  1,  1)}
Min Cost = 30.14 log2(sec), Memory Cost = 50.14 log(bit)
BSSA cost:1.5e+02s.



"lwechallenge/60-020.txt" exists.
-------------------------
Primal attack, TU LWE challenge n=60, m=3600, alpha=0.020, q=3607 
Chose 253 samples. Predict solution at bkz-146 + svp-182. 
Initial slope = -0.056
dim = 254, dvol = 494.02531552183

After a sigma normalization,Slope = -0.056398
 Attack Estimation via simulation + probabilistic model (BSSA)
gap = 1, J = 1, J_gap = 1, max_loop = 5, cost_model = 2, mul_node = 1, progressive_sieve = 1, Find minimal time cost strategy, worst_case. 
goalbeta = 181 achieves success probability 0.999 
Find the optimized Strategy through BSSA!!
bs = (slope = -0.03080, G_BKZ = 26.76 gate, B_BKZ = 42.58 bit cum-pr = 0.01, dsvp = 0.00, dsvp_r = 201, G_dsvp = 29.00 gate, B_dsvp = 49.54 bit, G = 29.28 gate, B = 49.54 bit)
Block size strategy generated by BSSA (beta,jump,tours):{( 76,  1,  4),(116,  1,  2),(130,  1,  2),(140,  1,  1),(144,  1,  1),(154,  1,  1),(163,  1,  1)}
Min Cost = 29.28 log2(sec), Memory Cost = 49.54 log(bit)
BSSA cost:1.5e+02s.



"lwechallenge/65-015.txt" exists.
-------------------------
Primal attack, TU LWE challenge n=65, m=4225, alpha=0.015, q=4229 
Chose 261 samples. Predict solution at bkz-140 + svp-172. 
Initial slope = -0.058
dim = 262, dvol = 549.24128135648

After a sigma normalization,Slope = -0.057532
 Attack Estimation via simulation + probabilistic model (BSSA)
gap = 1, J = 1, J_gap = 1, max_loop = 5, cost_model = 2, mul_node = 1, progressive_sieve = 1, Find minimal time cost strategy, worst_case. 
goalbeta = 171 achieves success probability 0.999 
Find the optimized Strategy through BSSA!!
bs = (slope = -0.03142, G_BKZ = 23.84 gate, B_BKZ = 40.79 bit cum-pr = 0.02, dsvp = 0.00, dsvp_r = 191, G_dsvp = 25.61 gate, B_dsvp = 47.75 bit, G = 25.98 gate, B = 47.75 bit)
Block size strategy generated by BSSA (beta,jump,tours):{( 71,  1,  3),( 77,  1,  4),(117,  1,  2),(122,  1,  1),(127,  1,  1),(140,  1,  1),(142,  1,  1),(147,  1,  1),(154,  1,  1)}
Min Cost = 25.98 log2(sec), Memory Cost = 47.75 log(bit)
BSSA cost:1.5e+02s.



"lwechallenge/75-010.txt" exists.
-------------------------
Primal attack, TU LWE challenge n=75, m=5625, alpha=0.010, q=5639 
Chose 280 samples. Predict solution at bkz-137 + svp-170. 
Initial slope = -0.059
dim = 281, dvol = 637.60574731214

After a sigma normalization,Slope = -0.058740
 Attack Estimation via simulation + probabilistic model (BSSA)
gap = 1, J = 1, J_gap = 1, max_loop = 5, cost_model = 2, mul_node = 1, progressive_sieve = 1, Find minimal time cost strategy, worst_case. 
goalbeta = 168 achieves success probability 0.999 
Find the optimized Strategy through BSSA!!
bs = (slope = -0.03142, G_BKZ = 23.50 gate, B_BKZ = 40.40 bit cum-pr = 0.02, dsvp = 0.00, dsvp_r = 188, G_dsvp = 24.62 gate, B_dsvp = 47.15 bit, G = 25.16 gate, B = 47.15 bit)
Block size strategy generated by BSSA (beta,jump,tours):{( 77,  1,  5),(108,  1,  1),(117,  1,  1),(119,  1,  2),(127,  1,  1),(140,  1,  2),(147,  1,  1),(151,  1,  1)}
Min Cost = 25.16 log2(sec), Memory Cost = 47.15 log(bit)
BSSA cost:1.6e+02s.



"lwechallenge/95-005.txt" exists.
-------------------------
Primal attack, TU LWE challenge n=95, m=9025, alpha=0.005, q=9029 
Chose 322 samples. Predict solution at bkz-140 + svp-169. 
Initial slope = -0.059
dim = 323, dvol = 836.94876527566

After a sigma normalization,Slope = -0.059469
 Attack Estimation via simulation + probabilistic model (BSSA)
gap = 1, J = 1, J_gap = 1, max_loop = 5, cost_model = 2, mul_node = 1, progressive_sieve = 1, Find minimal time cost strategy, worst_case. 
goalbeta = 166 achieves success probability 0.999 
Find the optimized Strategy through BSSA!!
bs = (slope = -0.03115, G_BKZ = 23.87 gate, B_BKZ = 40.40 bit cum-pr = 0.02, dsvp = 0.00, dsvp_r = 188, G_dsvp = 24.62 gate, B_dsvp = 47.15 bit, G = 25.29 gate, B = 47.15 bit)
Block size strategy generated by BSSA (beta,jump,tours):{( 70,  1,  3),( 77,  1,  5),(102,  1,  1),(117,  1,  3),(128,  1,  2),(134,  1,  1),(141,  1,  2),(146,  1,  1),(151,  1,  1)}
Min Cost = 25.29 log2(sec), Memory Cost = 47.15 log(bit)
BSSA cost:2.2e+02s.



