"lwechallenge/40-025.txt" exists.
-------------------------
Primal attack, TU LWE challenge n=40, m=1600, alpha=0.025, q=1601 
Chose 171 samples. Predict solution at bkz-89 + svp-117. 
Initial slope = -0.0665978
dim = 172, dvol = 331.97353385059

After a sigma normalization,Slope = -0.066598
 Attack Estimation via simulation + probabilistic model (BSSA)
gap = 1, J = 8, J_gap = 1, max_loop = 5, cost_model = 2, mul_node = 1, progressive_sieve = 1, Find minimal time cost strategy, worst_case. 
goalbeta = 116 achieves success probability 0.999 
Find the optimized Strategy through BSSA!!
bs = (slope = -0.04184, G_BKZ = 10.39 gate, B_BKZ = 34.30 bit cum-pr = 0.00, dsvp = 0.00, dsvp_r = 138, G_dsvp = 9.66 gate, B_dsvp = 37.89 bit, G = 11.07 gate, B = 37.89 bit)
Block size strategy generated by BSSA (beta,jump,tours):{(104,  8,  2)}
Min Cost = 11.07 log2(sec), Memory Cost = 37.89 log(bit)
BSSA cost:2.8e+02s.



"lwechallenge/45-020.txt" exists.
-------------------------
Primal attack, TU LWE challenge n=45, m=2025, alpha=0.020, q=2027 
Chose 184 samples. Predict solution at bkz-89 + svp-121. 
Initial slope = -0.066
dim = 185, dvol = 373.46589773268

After a sigma normalization,Slope = -0.065691
 Attack Estimation via simulation + probabilistic model (BSSA)
gap = 1, J = 8, J_gap = 1, max_loop = 5, cost_model = 2, mul_node = 1, progressive_sieve = 1, Find minimal time cost strategy, worst_case. 
goalbeta = 119 achieves success probability 0.999 
Find the optimized Strategy through BSSA!!
bs = (slope = -0.04070, G_BKZ = 11.07 gate, B_BKZ = 34.53 bit cum-pr = 0.00, dsvp = 0.00, dsvp_r = 141, G_dsvp = 10.29 gate, B_dsvp = 38.46 bit, G = 11.73 gate, B = 38.46 bit)
Block size strategy generated by BSSA (beta,jump,tours):{( 91,  8,  2),(110,  8,  1)}
Min Cost = 11.73 log2(sec), Memory Cost = 38.46 log(bit)
BSSA cost:3.6e+02s.



"lwechallenge/50-015.txt" exists.
-------------------------
Primal attack, TU LWE challenge n=50, m=2500, alpha=0.015, q=2503 
Chose 193 samples. Predict solution at bkz-87 + svp-118. 
Initial slope = -0.068
dim = 194, dvol = 415.65527573918

After a sigma normalization,Slope = -0.068032
 Attack Estimation via simulation + probabilistic model (BSSA)
gap = 1, J = 8, J_gap = 1, max_loop = 5, cost_model = 2, mul_node = 1, progressive_sieve = 1, Find minimal time cost strategy, worst_case. 
goalbeta = 115 achieves success probability 0.999 
Find the optimized Strategy through BSSA!!
bs = (slope = -0.04190, G_BKZ = 11.15 gate, B_BKZ = 34.44 bit cum-pr = 0.00, dsvp = 0.00, dsvp_r = 140, G_dsvp = 10.09 gate, B_dsvp = 38.27 bit, G = 11.72 gate, B = 38.27 bit)
Block size strategy generated by BSSA (beta,jump,tours):{( 89,  8,  2),(108,  8,  1)}
Min Cost = 11.72 log2(sec), Memory Cost = 38.27 log(bit)
BSSA cost:3.8e+02s.



"lwechallenge/55-010.txt" exists.
-------------------------
Primal attack, TU LWE challenge n=55, m=3025, alpha=0.010, q=3037 
Chose 204 samples. Predict solution at bkz-76 + svp-107. 
Initial slope = -0.068
dim = 205, dvol = 495.01685533394

After a sigma normalization,Slope = -0.068057
 Attack Estimation via simulation + probabilistic model (BSSA)
gap = 1, J = 8, J_gap = 1, max_loop = 5, cost_model = 2, mul_node = 1, progressive_sieve = 1, Find minimal time cost strategy, worst_case. 
goalbeta = 102 achieves success probability 0.999 
Find the optimized Strategy through BSSA!!
bs = (slope = -0.04763, G_BKZ = 10.67 gate, B_BKZ = 34.12 bit cum-pr = 0.00, dsvp = 0.00, dsvp_r = 136, G_dsvp = 9.39 gate, B_dsvp = 37.71 bit, G = 11.16 gate, B = 37.71 bit)
Block size strategy generated by BSSA (beta,jump,tours):{( 83,  8,  3)}
Min Cost = 11.16 log2(sec), Memory Cost = 37.71 log(bit)
BSSA cost:2.9e+02s.



"lwechallenge/60-010.txt" exists.
-------------------------
Primal attack, TU LWE challenge n=60, m=3600, alpha=0.010, q=3607 
Chose 221 samples. Predict solution at bkz-92 + svp-122. 
Initial slope = -0.066
dim = 222, dvol = 522.71923621791

After a sigma normalization,Slope = -0.065713
 Attack Estimation via simulation + probabilistic model (BSSA)
gap = 1, J = 8, J_gap = 1, max_loop = 5, cost_model = 2, mul_node = 1, progressive_sieve = 1, Find minimal time cost strategy, worst_case. 
goalbeta = 118 achieves success probability 0.999 
Find the optimized Strategy through BSSA!!
bs = (slope = -0.04030, G_BKZ = 12.22 gate, B_BKZ = 35.01 bit cum-pr = 0.01, dsvp = 0.00, dsvp_r = 145, G_dsvp = 11.02 gate, B_dsvp = 39.23 bit, G = 12.74 gate, B = 39.23 bit)
Block size strategy generated by BSSA (beta,jump,tours):{( 91,  8,  3),(117,  8,  1)}
Min Cost = 12.74 log2(sec), Memory Cost = 39.23 log(bit)
BSSA cost:6e+02s.



"lwechallenge/70-005.txt" exists.
-------------------------
Primal attack, TU LWE challenge n=70, m=4900, alpha=0.005, q=4903 
Chose 234 samples. Predict solution at bkz-77 + svp-106. 
Initial slope = -0.07
dim = 235, dvol = 641.77463704427

After a sigma normalization,Slope = -0.070160
 Attack Estimation via simulation + probabilistic model (BSSA)
gap = 1, J = 8, J_gap = 1, max_loop = 5, cost_model = 2, mul_node = 1, progressive_sieve = 1, Find minimal time cost strategy, worst_case. 
goalbeta = 99 achieves success probability 0.999 
Find the optimized Strategy through BSSA!!
bs = (slope = -0.04705, G_BKZ = 11.57 gate, B_BKZ = 34.15 bit cum-pr = 0.00, dsvp = 0.00, dsvp_r = 138, G_dsvp = 9.78 gate, B_dsvp = 37.89 bit, G = 11.94 gate, B = 37.89 bit)
Block size strategy generated by BSSA (beta,jump,tours):{( 92,  8,  3)}
Min Cost = 11.94 log2(sec), Memory Cost = 37.89 log(bit)
BSSA cost:4.1e+02s.



"lwechallenge/75-005.txt" exists.
-------------------------
Primal attack, TU LWE challenge n=75, m=5625, alpha=0.005, q=5639 
Chose 251 samples. Predict solution at bkz-90 + svp-118. 
Initial slope = -0.067
dim = 252, dvol = 678.72747085249

After a sigma normalization,Slope = -0.066672
 Attack Estimation via simulation + probabilistic model (BSSA)
gap = 1, J = 8, J_gap = 1, max_loop = 5, cost_model = 2, mul_node = 1, progressive_sieve = 1, Find minimal time cost strategy, worst_case. 
goalbeta = 113 achieves success probability 0.999 
Find the optimized Strategy through BSSA!!
bs = (slope = -0.04130, G_BKZ = 12.79 gate, B_BKZ = 34.53 bit cum-pr = 0.00, dsvp = 0.00, dsvp_r = 143, G_dsvp = 10.75 gate, B_dsvp = 38.84 bit, G = 13.10 gate, B = 38.84 bit)
Block size strategy generated by BSSA (beta,jump,tours):{(111,  8,  3)}
Min Cost = 13.10 log2(sec), Memory Cost = 38.84 log(bit)
BSSA cost:7e+02s.



"lwechallenge/40-035.txt" exists.
-------------------------
Primal attack, TU LWE challenge n=40, m=1600, alpha=0.035, q=1601 
Chose 187 samples. Predict solution at bkz-114 + svp-148. 
Initial slope = -0.06
dim = 188, dvol = 327.73882468246

After a sigma normalization,Slope = -0.059717
 Attack Estimation via simulation + probabilistic model (BSSA)
gap = 1, J = 8, J_gap = 1, max_loop = 5, cost_model = 2, mul_node = 1, progressive_sieve = 1, Find minimal time cost strategy, worst_case. 
goalbeta = 148 achieves success probability 0.999 
Find the optimized Strategy through BSSA!!
bs = (slope = -0.03511, G_BKZ = 14.99 gate, B_BKZ = 37.17 bit cum-pr = 0.02, dsvp = 0.00, dsvp_r = 167, G_dsvp = 17.39 gate, B_dsvp = 43.17 bit, G = 17.64 gate, B = 43.17 bit)
Block size strategy generated by BSSA (beta,jump,tours):{( 98,  8,  2),(117,  8,  1),(119,  4,  1),(133,  4,  1)}
Min Cost = 17.64 log2(sec), Memory Cost = 43.17 log(bit)
BSSA cost:6.5e+02s.



"lwechallenge/40-045.txt" exists.
-------------------------
Primal attack, TU LWE challenge n=40, m=1600, alpha=0.045, q=1601 
Chose 194 samples. Predict solution at bkz-137 + svp-176. 
Initial slope = -0.057
dim = 195, dvol = 302.19936168844

After a sigma normalization,Slope = -0.056677
 Attack Estimation via simulation + probabilistic model (BSSA)
gap = 1, J = 8, J_gap = 1, max_loop = 5, cost_model = 2, mul_node = 1, progressive_sieve = 1, Find minimal time cost strategy, worst_case. 
goalbeta = 178 achieves success probability 0.999 
Find the optimized Strategy through BSSA!!
bs = (slope = -0.03255, G_BKZ = 22.45 gate, B_BKZ = 41.19 bit cum-pr = 0.01, dsvp = 0.00, dsvp_r = 195, G_dsvp = 27.10 gate, B_dsvp = 48.35 bit, G = 27.15 gate, B = 48.35 bit)
Block size strategy generated by BSSA (beta,jump,tours):{(101,  8,  2),(117,  8,  1),(117,  4,  1),(125,  4,  1),(138,  4,  1),(149,  2,  1),(156,  2,  1)}
Min Cost = 27.15 log2(sec), Memory Cost = 48.35 log(bit)
BSSA cost:1e+03s.



"lwechallenge/45-035.txt" exists.
-------------------------
Primal attack, TU LWE challenge n=45, m=2025, alpha=0.035, q=2027 
Chose 210 samples. Predict solution at bkz-142 + svp-173. 
Initial slope = -0.056
dim = 211, dvol = 357.09956384954

After a sigma normalization,Slope = -0.056187
 Attack Estimation via simulation + probabilistic model (BSSA)
gap = 1, J = 8, J_gap = 1, max_loop = 5, cost_model = 2, mul_node = 1, progressive_sieve = 1, Find minimal time cost strategy, worst_case. 
goalbeta = 174 achieves success probability 0.999 
Find the optimized Strategy through BSSA!!
bs = (slope = -0.03210, G_BKZ = 22.89 gate, B_BKZ = 41.39 bit cum-pr = 0.03, dsvp = 0.00, dsvp_r = 193, G_dsvp = 26.20 gate, B_dsvp = 48.15 bit, G = 26.34 gate, B = 48.15 bit)
Block size strategy generated by BSSA (beta,jump,tours):{( 90,  8,  2),(113,  8,  1),(117,  4,  1),(119,  4,  1),(130,  4,  1),(139,  4,  1),(146,  4,  1),(157,  2,  1)}
Min Cost = 26.34 log2(sec), Memory Cost = 48.15 log(bit)
BSSA cost:1.1e+03s.



"lwechallenge/50-030.txt" exists.
-------------------------
Primal attack, TU LWE challenge n=50, m=2500, alpha=0.030, q=2503 
Chose 227 samples. Predict solution at bkz-146 + svp-181. 
Initial slope = -0.056
dim = 228, dvol = 400.40769158427

After a sigma normalization,Slope = -0.055556
 Attack Estimation via simulation + probabilistic model (BSSA)
gap = 1, J = 8, J_gap = 1, max_loop = 5, cost_model = 2, mul_node = 1, progressive_sieve = 1, Find minimal time cost strategy, worst_case. 
goalbeta = 181 achieves success probability 0.999 
Find the optimized Strategy through BSSA!!
bs = (slope = -0.03099, G_BKZ = 26.44 gate, B_BKZ = 43.17 bit cum-pr = 0.06, dsvp = 0.00, dsvp_r = 200, G_dsvp = 28.66 gate, B_dsvp = 49.35 bit, G = 28.94 gate, B = 49.35 bit)
Block size strategy generated by BSSA (beta,jump,tours):{( 79,  8,  3),(116,  8,  2),(117,  4,  1),(128,  4,  1),(136,  4,  1),(143,  4,  1),(148,  4,  1),(156,  4,  1),(167,  2,  1)}
Min Cost = 28.94 log2(sec), Memory Cost = 49.35 log(bit)
BSSA cost:1.4e+03s.



"lwechallenge/55-025.txt" exists.
-------------------------
Primal attack, TU LWE challenge n=55, m=3025, alpha=0.025, q=3037 
Chose 240 samples. Predict solution at bkz-150 + svp-184. 
Initial slope = -0.056
dim = 241, dvol = 439.97692024407

After a sigma normalization,Slope = -0.056477
 Attack Estimation via simulation + probabilistic model (BSSA)
gap = 1, J = 8, J_gap = 1, max_loop = 5, cost_model = 2, mul_node = 1, progressive_sieve = 1, Find minimal time cost strategy, worst_case. 
goalbeta = 184 achieves success probability 0.999 
Find the optimized Strategy through BSSA!!
bs = (slope = -0.03066, G_BKZ = 27.05 gate, B_BKZ = 43.37 bit cum-pr = 0.03, dsvp = 0.00, dsvp_r = 204, G_dsvp = 29.82 gate, B_dsvp = 50.14 bit, G = 30.01 gate, B = 50.14 bit)
Block size strategy generated by BSSA (beta,jump,tours):{(107,  8,  3),(117,  4,  2),(128,  4,  1),(134,  4,  1),(141,  4,  1),(148,  4,  1),(153,  4,  1),(157,  2,  1),(168,  2,  1)}
Min Cost = 30.01 log2(sec), Memory Cost = 50.14 log(bit)
BSSA cost:1.6e+03s.



"lwechallenge/60-020.txt" exists.
-------------------------
Primal attack, TU LWE challenge n=60, m=3600, alpha=0.020, q=3607 
Chose 253 samples. Predict solution at bkz-146 + svp-182. 
Initial slope = -0.056
dim = 254, dvol = 494.02531552183

After a sigma normalization,Slope = -0.056398
 Attack Estimation via simulation + probabilistic model (BSSA)
gap = 1, J = 8, J_gap = 1, max_loop = 5, cost_model = 2, mul_node = 1, progressive_sieve = 1, Find minimal time cost strategy, worst_case. 
goalbeta = 181 achieves success probability 0.999 
Find the optimized Strategy through BSSA!!
bs = (slope = -0.03050, G_BKZ = 26.99 gate, B_BKZ = 43.17 bit cum-pr = 0.06, dsvp = 0.00, dsvp_r = 201, G_dsvp = 28.74 gate, B_dsvp = 49.54 bit, G = 29.12 gate, B = 49.54 bit)
Block size strategy generated by BSSA (beta,jump,tours):{( 82,  8,  3),(117,  8,  2),(117,  4,  1),(123,  4,  2),(142,  4,  2),(149,  4,  1),(154,  2,  1),(159,  2,  1),(167,  2,  1)}
Min Cost = 29.12 log2(sec), Memory Cost = 49.54 log(bit)
BSSA cost:2e+03s.



"lwechallenge/65-015.txt" exists.
-------------------------
Primal attack, TU LWE challenge n=65, m=4225, alpha=0.015, q=4229 
Chose 261 samples. Predict solution at bkz-140 + svp-172. 
Initial slope = -0.058
dim = 262, dvol = 549.24128135648

After a sigma normalization,Slope = -0.057532
 Attack Estimation via simulation + probabilistic model (BSSA)
gap = 1, J = 8, J_gap = 1, max_loop = 5, cost_model = 2, mul_node = 1, progressive_sieve = 1, Find minimal time cost strategy, worst_case. 
goalbeta = 171 achieves success probability 0.999 
Find the optimized Strategy through BSSA!!
bs = (slope = -0.03125, G_BKZ = 23.69 gate, B_BKZ = 41.19 bit cum-pr = 0.05, dsvp = 0.00, dsvp_r = 191, G_dsvp = 25.43 gate, B_dsvp = 47.75 bit, G = 25.80 gate, B = 47.75 bit)
Block size strategy generated by BSSA (beta,jump,tours):{(112,  8,  3),(117,  4,  2),(121,  4,  1),(128,  4,  1),(136,  4,  1),(142,  4,  1),(147,  4,  1),(155,  4,  1),(156,  2,  1)}
Min Cost = 25.80 log2(sec), Memory Cost = 47.75 log(bit)
BSSA cost:1.9e+03s.



"lwechallenge/75-010.txt" exists.
-------------------------
Primal attack, TU LWE challenge n=75, m=5625, alpha=0.010, q=5639 
Chose 280 samples. Predict solution at bkz-137 + svp-170. 
Initial slope = -0.059
dim = 281, dvol = 637.60574731214

After a sigma normalization,Slope = -0.058740
 Attack Estimation via simulation + probabilistic model (BSSA)
gap = 1, J = 8, J_gap = 1, max_loop = 5, cost_model = 2, mul_node = 1, progressive_sieve = 1, Find minimal time cost strategy, worst_case. 
goalbeta = 168 achieves success probability 0.999 
Find the optimized Strategy through BSSA!!
bs = (slope = -0.03125, G_BKZ = 23.01 gate, B_BKZ = 40.79 bit cum-pr = 0.05, dsvp = 0.00, dsvp_r = 188, G_dsvp = 24.42 gate, B_dsvp = 47.15 bit, G = 24.88 gate, B = 47.15 bit)
Block size strategy generated by BSSA (beta,jump,tours):{( 81,  8,  3),(117,  8,  3),(118,  4,  1),(121,  4,  1),(130,  4,  1),(137,  4,  1),(141,  4,  1),(145,  4,  1),(150,  4,  1),(154,  2,  1)}
Min Cost = 24.88 log2(sec), Memory Cost = 47.15 log(bit)
BSSA cost:2.4e+03s.



"lwechallenge/95-005.txt" exists.
-------------------------
Primal attack, TU LWE challenge n=95, m=9025, alpha=0.005, q=9029 
Chose 322 samples. Predict solution at bkz-140 + svp-169. 
Initial slope = -0.059
dim = 323, dvol = 836.94876527566

After a sigma normalization,Slope = -0.059469
 Attack Estimation via simulation + probabilistic model (BSSA)
gap = 1, J = 8, J_gap = 1, max_loop = 5, cost_model = 2, mul_node = 1, progressive_sieve = 1, Find minimal time cost strategy, worst_case. 
goalbeta = 165 achieves success probability 0.999 
Find the optimized Strategy through BSSA!!
bs = (slope = -0.03095, G_BKZ = 23.50 gate, B_BKZ = 40.99 bit cum-pr = 0.07, dsvp = 0.00, dsvp_r = 187, G_dsvp = 24.28 gate, B_dsvp = 46.95 bit, G = 24.94 gate, B = 46.95 bit)
Block size strategy generated by BSSA (beta,jump,tours):{( 82,  8,  5),(117,  4,  4),(128,  4,  2),(132,  4,  1),(135,  4,  1),(141,  4,  1),(145,  4,  2),(155,  4,  2)}
Min Cost = 24.94 log2(sec), Memory Cost = 46.95 log(bit)
BSSA cost:3.3e+03s.



