"lwechallenge/40-025.txt" exists.
-------------------------
Primal attack, TU LWE challenge n=40, m=1600, alpha=0.025, q=1601 
Chose 171 samples. Predict solution at bkz-89 + svp-117. 
Initial slope = -0.0665978
dim = 172, dvol = 331.97353385059

After a sigma normalization,Slope = -0.066598
 Attack Estimation via simulation + probabilistic model (BSSA)
beta_start= 50, gap = 1, J = 8, J_gap = 1, cost_model = 2, max_loop = 5, threads = 1, G_prec = 1.000000e-03,  slope_prec = 1.000000e-04,  progressive_sieve = True, worst_case = 0, Find minimal time cost strategy, average_case, practical_pnjbkz_d4f = 3, practical_pump_d4f = 3, traditonal BSSA 
Find the optimized Strategy through BSSA!!
bs = (slope = -0.04639, G_BKZ = 9.91 log2(sec), G_avg_BKZ = 0.00 log2(sec), B_BKZ = 3.84 log2(bit), cum-pr = 0.00,  pump-{31,141,22}, G_dsvp = 10.22 log2(sec), G_avg_dsvp = 11.07 log2(sec), B_dsvp = 36.05 log2(bit), G = 11.07 log2(sec), B = 36.05 log2(bit))
Block size strategy generated by BSSA (beta,jump,tours):[( 79,  8,  3)]
Min Cost = 11.07 log2(sec) = 2155.61 s, Memory Cost = 36.05 log2(bit) = 8.27 GB 
BSSA cost:2.1e+02s.



"lwechallenge/40-030.txt" exists.
-------------------------
Primal attack, TU LWE challenge n=40, m=1600, alpha=0.030, q=1601 
Chose 178 samples. Predict solution at bkz-102 + svp-133. 
Initial slope = -0.064
dim = 179, dvol = 325.16013135542

After a sigma normalization,Slope = -0.064016
 Attack Estimation via simulation + probabilistic model (BSSA)
beta_start= 50, gap = 1, J = 8, J_gap = 1, cost_model = 2, max_loop = 5, threads = 1, G_prec = 1.000000e-03,  slope_prec = 1.000000e-04,  progressive_sieve = True, worst_case = 0, Find minimal time cost strategy, average_case, practical_pnjbkz_d4f = 3, practical_pump_d4f = 3, traditonal BSSA 
Find the optimized Strategy through BSSA!!
bs = (slope = -0.03878, G_BKZ = 12.25 log2(sec), G_avg_BKZ = 0.34 log2(sec), B_BKZ = 21.56 log2(bit), cum-pr = 0.00,  pump-{26,153,22}, G_dsvp = 12.64 log2(sec), G_avg_dsvp = 13.45 log2(sec), B_dsvp = 37.52 log2(bit), G = 13.45 log2(sec), B = 37.52 log2(bit))
Block size strategy generated by BSSA (beta,jump,tours):[( 79,  7,  3),( 79,  4,  1),(104,  4,  2)]
Min Cost = 13.45 log2(sec) = 11224.61 s, Memory Cost = 37.52 log2(bit) = 22.92 GB 
BSSA cost:1.4e+02s.



"lwechallenge/45-020.txt" exists.
-------------------------
Primal attack, TU LWE challenge n=45, m=2025, alpha=0.020, q=2027 
Chose 184 samples. Predict solution at bkz-89 + svp-121. 
Initial slope = -0.066
dim = 185, dvol = 373.46589773268

After a sigma normalization,Slope = -0.065691
 Attack Estimation via simulation + probabilistic model (BSSA)
beta_start= 50, gap = 1, J = 8, J_gap = 1, cost_model = 2, max_loop = 5, threads = 1, G_prec = 1.000000e-03,  slope_prec = 1.000000e-04,  progressive_sieve = True, worst_case = 0, Find minimal time cost strategy, average_case, practical_pnjbkz_d4f = 3, practical_pump_d4f = 3, traditonal BSSA 
Find the optimized Strategy through BSSA!!
bs = (slope = -0.04485, G_BKZ = 10.77 log2(sec), G_avg_BKZ = 0.00 log2(sec), B_BKZ = 2.92 log2(bit), cum-pr = 0.00,  pump-{40,145,22}, G_dsvp = 10.99 log2(sec), G_avg_dsvp = 11.88 log2(sec), B_dsvp = 36.53 log2(bit), G = 11.88 log2(sec), B = 36.53 log2(bit))
Block size strategy generated by BSSA (beta,jump,tours):[( 79,  8,  5)]
Min Cost = 11.88 log2(sec) = 3773.16 s, Memory Cost = 36.53 log2(bit) = 11.58 GB 
BSSA cost:1.3e+02s.



"lwechallenge/50-015.txt" exists.
-------------------------
Primal attack, TU LWE challenge n=50, m=2500, alpha=0.015, q=2503 
Chose 193 samples. Predict solution at bkz-87 + svp-118. 
Initial slope = -0.068
dim = 194, dvol = 415.65527573918

After a sigma normalization,Slope = -0.068032
 Attack Estimation via simulation + probabilistic model (BSSA)
beta_start= 50, gap = 1, J = 8, J_gap = 1, cost_model = 2, max_loop = 5, threads = 1, G_prec = 1.000000e-03,  slope_prec = 1.000000e-04,  progressive_sieve = True, worst_case = 0, Find minimal time cost strategy, average_case, practical_pnjbkz_d4f = 3, practical_pump_d4f = 3, traditonal BSSA 
Find the optimized Strategy through BSSA!!
bs = (slope = -0.04536, G_BKZ = 10.97 log2(sec), G_avg_BKZ = 0.00 log2(sec), B_BKZ = 3.43 log2(bit), cum-pr = 0.00,  pump-{50,144,22}, G_dsvp = 10.71 log2(sec), G_avg_dsvp = 11.85 log2(sec), B_dsvp = 36.36 log2(bit), G = 11.85 log2(sec), B = 36.36 log2(bit))
Block size strategy generated by BSSA (beta,jump,tours):[( 79,  8,  5)]
Min Cost = 11.85 log2(sec) = 3684.95 s, Memory Cost = 36.36 log2(bit) = 10.25 GB 
BSSA cost:3.6e+02s.



"lwechallenge/60-010.txt" exists.
-------------------------
Primal attack, TU LWE challenge n=60, m=3600, alpha=0.010, q=3607 
Chose 221 samples. Predict solution at bkz-92 + svp-122. 
Initial slope = -0.066
dim = 222, dvol = 522.71923621791

After a sigma normalization,Slope = -0.065713
 Attack Estimation via simulation + probabilistic model (BSSA)
beta_start= 50, gap = 1, J = 8, J_gap = 1, cost_model = 2, max_loop = 5, threads = 1, G_prec = 1.000000e-03,  slope_prec = 1.000000e-04,  progressive_sieve = True, worst_case = 0, Find minimal time cost strategy, average_case, practical_pnjbkz_d4f = 3, practical_pump_d4f = 3, traditonal BSSA 
Find the optimized Strategy through BSSA!!
bs = (slope = -0.04210, G_BKZ = 12.41 log2(sec), G_avg_BKZ = 0.00 log2(sec), B_BKZ = 12.48 log2(bit), cum-pr = 0.00,  pump-{75,147,22}, G_dsvp = 11.40 log2(sec), G_avg_dsvp = 12.99 log2(sec), B_dsvp = 36.79 log2(bit), G = 12.99 log2(sec), B = 36.79 log2(bit))
Block size strategy generated by BSSA (beta,jump,tours):[( 79,  8,  4),( 89,  4,  2)]
Min Cost = 12.99 log2(sec) = 8141.31 s, Memory Cost = 36.79 log2(bit) = 13.80 GB 
BSSA cost:5.6e+02s.



"lwechallenge/80-005.txt" exists.
