"lwechallenge/40-025.txt" exists.
-------------------------
Primal attack, TU LWE challenge n=40, m=1600, alpha=0.025, q=1601 
Chose 171 samples. Predict solution at bkz-89 + svp-117. 
Initial slope = -0.0665978
dim = 172, dvol = 331.97353385059

After a sigma normalization,Slope = -0.066598
enumbs min_G_prec = 0.1
 Attack Estimation via simulation + probabilistic model (EnumBS in parallel)
beta_start= 50, gap = 1, J = 1, J_gap = 1, cost_model = 2, max_loop = 5, threads = 10, G_prec = 1.000000e-03,  slope_prec = 1.000000e-04,  progressive_sieve = 1, Find minimal time cost strategy, worst_case, practical_pnjbkz_d4f = 3, practical_pump_d4f = 3, 
Find the optimal Strategy through EumBS!!
bs = (slope = -6.659782e-02, G_BKZ = 0.000000e+00 sec, B_BKZ = 0.000000e+00 bit cum-pr = 0.000000e+00, dsvp = 0.000000e+00, dsvp_r = 143, G_dsvp = 1.134827e+01 sec, B_dsvp = 3.845748e+01 bit, G = 1.134882e+01 sec, B = 3.845748e+01 bit,  min_GB.first = 1.134827e+01 gate)
S(beta,jump,tours):{}
Min Cost = 11.35 log2(sec) = 0.72 h, Memory Cost = 38.46 log2(bit) = 0.04 TB 
EnumBS cost:0.039s.



"lwechallenge/45-020.txt" exists.
-------------------------
Primal attack, TU LWE challenge n=45, m=2025, alpha=0.020, q=2027 
Chose 184 samples. Predict solution at bkz-89 + svp-121. 
Initial slope = -0.066
dim = 185, dvol = 373.46589773268

After a sigma normalization,Slope = -0.065691
enumbs min_G_prec = 0.1
 Attack Estimation via simulation + probabilistic model (EnumBS in parallel)
beta_start= 50, gap = 1, J = 1, J_gap = 1, cost_model = 2, max_loop = 5, threads = 10, G_prec = 1.000000e-03,  slope_prec = 1.000000e-04,  progressive_sieve = 1, Find minimal time cost strategy, worst_case, practical_pnjbkz_d4f = 3, practical_pump_d4f = 3, 
Find the optimal Strategy through EumBS!!
bs = (slope = -6.569068e-02, G_BKZ = 0.000000e+00 sec, B_BKZ = 0.000000e+00 bit cum-pr = 0.000000e+00, dsvp = 0.000000e+00, dsvp_r = 150, G_dsvp = 1.317821e+01 sec, B_dsvp = 3.980996e+01 bit, G = 1.317837e+01 sec, B = 3.980996e+01 bit,  min_GB.first = 1.317821e+01 gate)
S(beta,jump,tours):{}
Min Cost = 13.18 log2(sec) = 2.57 h, Memory Cost = 39.81 log2(bit) = 0.11 TB 
EnumBS cost:0.021s.



"lwechallenge/50-015.txt" exists.
-------------------------
Primal attack, TU LWE challenge n=50, m=2500, alpha=0.015, q=2503 
Chose 193 samples. Predict solution at bkz-87 + svp-118. 
Initial slope = -0.068
dim = 194, dvol = 415.65527573918

After a sigma normalization,Slope = -0.068032
enumbs min_G_prec = 0.1
 Attack Estimation via simulation + probabilistic model (EnumBS in parallel)
beta_start= 50, gap = 1, J = 1, J_gap = 1, cost_model = 2, max_loop = 5, threads = 10, G_prec = 1.000000e-03,  slope_prec = 1.000000e-04,  progressive_sieve = 1, Find minimal time cost strategy, worst_case, practical_pnjbkz_d4f = 3, practical_pump_d4f = 3, 
Find the optimal Strategy through EumBS!!
bs = (slope = -4.604725e-02, G_BKZ = 1.262719e+01 sec, B_BKZ = 3.403021e+01 bit cum-pr = 5.571153e-10, dsvp = 0.000000e+00, dsvp_r = 145, G_dsvp = 1.105249e+01 sec, B_dsvp = 3.883970e+01 bit, G = 1.304480e+01 sec, B = 3.883970e+01 bit,  min_GB.first = 1.304480e+01 gate)
S(beta,jump,tours):{( 74,  1,  3)}
Min Cost = 13.04 log2(sec) = 2.35 h, Memory Cost = 38.84 log2(bit) = 0.06 TB 
EnumBS cost:3.1s.



"lwechallenge/55-010.txt" exists.
-------------------------
Primal attack, TU LWE challenge n=55, m=3025, alpha=0.010, q=3037 
Chose 204 samples. Predict solution at bkz-76 + svp-107. 
Initial slope = -0.068
dim = 205, dvol = 495.01685533394

After a sigma normalization,Slope = -0.068057
enumbs min_G_prec = 0.1
 Attack Estimation via simulation + probabilistic model (EnumBS in parallel)
beta_start= 50, gap = 1, J = 1, J_gap = 1, cost_model = 2, max_loop = 5, threads = 10, G_prec = 1.000000e-03,  slope_prec = 1.000000e-04,  progressive_sieve = 1, Find minimal time cost strategy, worst_case, practical_pnjbkz_d4f = 3, practical_pump_d4f = 3, 
Find the optimal Strategy through EumBS!!
bs = (slope = -5.043524e-02, G_BKZ = 1.204234e+01 sec, B_BKZ = 3.403021e+01 bit cum-pr = 7.650596e-10, dsvp = 0.000000e+00, dsvp_r = 140, G_dsvp = 1.018231e+01 sec, B_dsvp = 3.789370e+01 bit, G = 1.239337e+01 sec, B = 3.789370e+01 bit,  min_GB.first = 1.239337e+01 gate)
S(beta,jump,tours):{( 74,  1,  2)}
Min Cost = 12.39 log2(sec) = 1.49 h, Memory Cost = 37.89 log2(bit) = 0.03 TB 
EnumBS cost:1.2s.



"lwechallenge/60-010.txt" exists.
-------------------------
Primal attack, TU LWE challenge n=60, m=3600, alpha=0.010, q=3607 
Chose 221 samples. Predict solution at bkz-92 + svp-122. 
Initial slope = -0.066
dim = 222, dvol = 522.71923621791

After a sigma normalization,Slope = -0.065713
enumbs min_G_prec = 0.1
 Attack Estimation via simulation + probabilistic model (EnumBS in parallel)
beta_start= 50, gap = 1, J = 1, J_gap = 1, cost_model = 2, max_loop = 5, threads = 10, G_prec = 1.000000e-03,  slope_prec = 1.000000e-04,  progressive_sieve = 1, Find minimal time cost strategy, worst_case, practical_pnjbkz_d4f = 3, practical_pump_d4f = 3, 
Find the optimal Strategy through EumBS!!
bs = (slope = -4.423591e-02, G_BKZ = 1.321015e+01 sec, B_BKZ = 3.403245e+01 bit cum-pr = 1.174247e-10, dsvp = 0.000000e+00, dsvp_r = 151, G_dsvp = 1.258685e+01 sec, B_dsvp = 4.000578e+01 bit, G = 1.393190e+01 sec, B = 4.000578e+01 bit,  min_GB.first = 1.393190e+01 gate)
S(beta,jump,tours):{( 77,  1,  4)}
Min Cost = 13.93 log2(sec) = 4.34 h, Memory Cost = 40.01 log2(bit) = 0.13 TB 
EnumBS cost:7.3s.



"lwechallenge/70-005.txt" exists.
-------------------------
Primal attack, TU LWE challenge n=70, m=4900, alpha=0.005, q=4903 
Chose 234 samples. Predict solution at bkz-77 + svp-106. 
Initial slope = -0.07
dim = 235, dvol = 641.77463704427

After a sigma normalization,Slope = -0.070160
enumbs min_G_prec = 0.1
 Attack Estimation via simulation + probabilistic model (EnumBS in parallel)
beta_start= 50, gap = 1, J = 1, J_gap = 1, cost_model = 2, max_loop = 5, threads = 10, G_prec = 1.000000e-03,  slope_prec = 1.000000e-04,  progressive_sieve = 1, Find minimal time cost strategy, worst_case, practical_pnjbkz_d4f = 3, practical_pump_d4f = 3, 
Find the optimal Strategy through EumBS!!
bs = (slope = -4.912272e-02, G_BKZ = 1.266549e+01 sec, B_BKZ = 3.403159e+01 bit cum-pr = 2.264115e-09, dsvp = 0.000000e+00, dsvp_r = 142, G_dsvp = 1.053155e+01 sec, B_dsvp = 3.826812e+01 bit, G = 1.296161e+01 sec, B = 3.826812e+01 bit,  min_GB.first = 1.296161e+01 gate)
S(beta,jump,tours):{( 74,  1,  2),( 76,  1,  1)}
Min Cost = 12.96 log2(sec) = 2.22 h, Memory Cost = 38.27 log2(bit) = 0.04 TB 
EnumBS cost:4.7s.



"lwechallenge/75-005.txt" exists.
-------------------------
Primal attack, TU LWE challenge n=75, m=5625, alpha=0.005, q=5639 
Chose 251 samples. Predict solution at bkz-90 + svp-118. 
Initial slope = -0.067
dim = 252, dvol = 678.72747085249

After a sigma normalization,Slope = -0.066672
enumbs min_G_prec = 0.1
 Attack Estimation via simulation + probabilistic model (EnumBS in parallel)
beta_start= 50, gap = 1, J = 1, J_gap = 1, cost_model = 2, max_loop = 5, threads = 10, G_prec = 1.000000e-03,  slope_prec = 1.000000e-04,  progressive_sieve = 1, Find minimal time cost strategy, worst_case, practical_pnjbkz_d4f = 3, practical_pump_d4f = 3, 
Find the optimal Strategy through EumBS!!
bs = (slope = -4.375802e-02, G_BKZ = 1.371351e+01 sec, B_BKZ = 3.403245e+01 bit cum-pr = 6.102577e-10, dsvp = 0.000000e+00, dsvp_r = 149, G_dsvp = 1.201970e+01 sec, B_dsvp = 3.961462e+01 bit, G = 1.410210e+01 sec, B = 3.961462e+01 bit,  min_GB.first = 1.410210e+01 gate)
S(beta,jump,tours):{( 74,  1,  3),( 77,  1,  3)}
Min Cost = 14.10 log2(sec) = 4.88 h, Memory Cost = 39.61 log2(bit) = 0.10 TB 
EnumBS cost:11s.



"lwechallenge/40-035.txt" exists.
-------------------------
Primal attack, TU LWE challenge n=40, m=1600, alpha=0.035, q=1601 
Chose 187 samples. Predict solution at bkz-114 + svp-148. 
Initial slope = -0.06
dim = 188, dvol = 327.73882468246

After a sigma normalization,Slope = -0.059717
enumbs min_G_prec = 0.1
 Attack Estimation via simulation + probabilistic model (EnumBS in parallel)
beta_start= 50, gap = 1, J = 1, J_gap = 1, cost_model = 2, max_loop = 5, threads = 10, G_prec = 1.000000e-03,  slope_prec = 1.000000e-04,  progressive_sieve = 1, Find minimal time cost strategy, worst_case, practical_pnjbkz_d4f = 3, practical_pump_d4f = 3, 
Find the optimal Strategy through EumBS!!
bs = (slope = -3.612948e-02, G_BKZ = 1.502065e+01 sec, B_BKZ = 3.511705e+01 bit cum-pr = 2.763980e-04, dsvp = 0.000000e+00, dsvp_r = 167, G_dsvp = 1.704659e+01 sec, B_dsvp = 4.277495e+01 bit, G = 1.736337e+01 sec, B = 4.277495e+01 bit,  min_GB.first = 1.736337e+01 gate)
S(beta,jump,tours):{( 74,  1,  1),( 77,  1,  1),(117,  1,  1),(120,  1,  1)}
Min Cost = 17.36 log2(sec) = 46.84 h, Memory Cost = 42.77 log2(bit) = 0.86 TB 
EnumBS cost:16s.



