"lwechallenge/40-025.txt" exists.
-------------------------
Primal attack, TU LWE challenge n=40, m=1600, alpha=0.025, q=1601 
Chose 171 samples. Predict solution at bkz-89 + svp-117. 
Initial slope = -0.0665978
dim = 172, dvol = 331.97353385059

After a sigma normalization,Slope = -0.066598
 Attack Estimation via simulation + probabilistic model (BSSA)
beta_start= 50, gap = 1, J = 100, J_gap = 1, cost_model = 2, max_loop = 5, threads = 1, G_prec = 1.000000e-03,  slope_prec = 1.000000e-04,  progressive_sieve = True, worst_case = 0, succ_prob = 0.85, Find minimal time cost strategy, average_case, practical_pnjbkz_d4f = 3, practical_pump_d4f = 3, traditonal BSSA 
Find the optimized Strategy through BSSA!!
bs = (slope = -0.04639, G_BKZ = 9.91 log2(sec), G_avg_BKZ = 0.00 log2(sec), B_BKZ = 3.84 log2(bit), cum-pr = 0.00,  pump-{31,141,30}, G_dsvp = 9.63 log2(sec), G_avg_dsvp = 10.68 log2(sec), B_dsvp = 35.63 log2(bit), G = 10.68 log2(sec), B = 35.63 log2(bit))
Block size strategy generated by BSSA (beta,jump,tours):[( 79,  8,  3)]
Min Cost = 10.68 log2(sec) = 1640.15 s, Memory Cost = 35.63 log2(bit) = 6.18 GB 
BSSA cost:2.5e+02s.



"lwechallenge/40-030.txt" exists.
-------------------------
Primal attack, TU LWE challenge n=40, m=1600, alpha=0.030, q=1601 
Chose 178 samples. Predict solution at bkz-102 + svp-133. 
Initial slope = -0.064
dim = 179, dvol = 325.16013135542

After a sigma normalization,Slope = -0.064016
 Attack Estimation via simulation + probabilistic model (BSSA)
beta_start= 50, gap = 1, J = 100, J_gap = 1, cost_model = 2, max_loop = 5, threads = 1, G_prec = 1.000000e-03,  slope_prec = 1.000000e-04,  progressive_sieve = True, worst_case = 0, succ_prob = 0.85, Find minimal time cost strategy, average_case, practical_pnjbkz_d4f = 3, practical_pump_d4f = 3, traditonal BSSA 
Find the optimized Strategy through BSSA!!
bs = (slope = -0.03947, G_BKZ = 11.97 log2(sec), G_avg_BKZ = 0.03 log2(sec), B_BKZ = 17.51 log2(bit), cum-pr = 0.00,  pump-{26,153,33}, G_dsvp = 11.79 log2(sec), G_avg_dsvp = 12.77 log2(sec), B_dsvp = 37.03 log2(bit), G = 12.77 log2(sec), B = 37.03 log2(bit))
Block size strategy generated by BSSA (beta,jump,tours):[( 99,  4,  3)]
Min Cost = 12.77 log2(sec) = 6990.43 s, Memory Cost = 37.03 log2(bit) = 16.35 GB 
BSSA cost:4.5e+02s.



"lwechallenge/45-020.txt" exists.
-------------------------
Primal attack, TU LWE challenge n=45, m=2025, alpha=0.020, q=2027 
Chose 184 samples. Predict solution at bkz-89 + svp-121. 
Initial slope = -0.066
dim = 185, dvol = 373.46589773268

After a sigma normalization,Slope = -0.065691
 Attack Estimation via simulation + probabilistic model (BSSA)
beta_start= 50, gap = 1, J = 100, J_gap = 1, cost_model = 2, max_loop = 5, threads = 1, G_prec = 1.000000e-03,  slope_prec = 1.000000e-04,  progressive_sieve = True, worst_case = 0, succ_prob = 0.85, Find minimal time cost strategy, average_case, practical_pnjbkz_d4f = 3, practical_pump_d4f = 3, traditonal BSSA 
Find the optimized Strategy through BSSA!!
bs = (slope = -0.04555, G_BKZ = 10.45 log2(sec), G_avg_BKZ = 0.00 log2(sec), B_BKZ = 1.56 log2(bit), cum-pr = 0.00,  pump-{39,146,31}, G_dsvp = 10.51 log2(sec), G_avg_dsvp = 11.38 log2(sec), B_dsvp = 36.20 log2(bit), G = 11.38 log2(sec), B = 36.20 log2(bit))
Block size strategy generated by BSSA (beta,jump,tours):[( 79,  8,  4)]
Min Cost = 11.38 log2(sec) = 2671.02 s, Memory Cost = 36.20 log2(bit) = 9.16 GB 
BSSA cost:3.4e+02s.



"lwechallenge/50-015.txt" exists.
-------------------------
Primal attack, TU LWE challenge n=50, m=2500, alpha=0.015, q=2503 
Chose 193 samples. Predict solution at bkz-87 + svp-118. 
Initial slope = -0.068
dim = 194, dvol = 415.65527573918

After a sigma normalization,Slope = -0.068032
 Attack Estimation via simulation + probabilistic model (BSSA)
beta_start= 50, gap = 1, J = 100, J_gap = 1, cost_model = 2, max_loop = 5, threads = 1, G_prec = 1.000000e-03,  slope_prec = 1.000000e-04,  progressive_sieve = True, worst_case = 0, succ_prob = 0.85, Find minimal time cost strategy, average_case, practical_pnjbkz_d4f = 3, practical_pump_d4f = 3, traditonal BSSA 
Find the optimized Strategy through BSSA!!
bs = (slope = -0.04634, G_BKZ = 10.65 log2(sec), G_avg_BKZ = 0.00 log2(sec), B_BKZ = 1.56 log2(bit), cum-pr = 0.00,  pump-{49,145,31}, G_dsvp = 10.31 log2(sec), G_avg_dsvp = 11.37 log2(sec), B_dsvp = 36.06 log2(bit), G = 11.37 log2(sec), B = 36.06 log2(bit))
Block size strategy generated by BSSA (beta,jump,tours):[( 79,  8,  4)]
Min Cost = 11.37 log2(sec) = 2639.59 s, Memory Cost = 36.06 log2(bit) = 8.31 GB 
BSSA cost:3.6e+02s.



"lwechallenge/60-010.txt" exists.
-------------------------
Primal attack, TU LWE challenge n=60, m=3600, alpha=0.010, q=3607 
Chose 221 samples. Predict solution at bkz-92 + svp-122. 
Initial slope = -0.066
dim = 222, dvol = 522.71923621791

After a sigma normalization,Slope = -0.065713
 Attack Estimation via simulation + probabilistic model (BSSA)
beta_start= 50, gap = 1, J = 100, J_gap = 1, cost_model = 2, max_loop = 5, threads = 1, G_prec = 1.000000e-03,  slope_prec = 1.000000e-04,  progressive_sieve = True, worst_case = 0, succ_prob = 0.85, Find minimal time cost strategy, average_case, practical_pnjbkz_d4f = 3, practical_pump_d4f = 3, traditonal BSSA 
Find the optimized Strategy through BSSA!!
bs = (slope = -0.04192, G_BKZ = 12.44 log2(sec), G_avg_BKZ = 0.00 log2(sec), B_BKZ = 13.55 log2(bit), cum-pr = 0.00,  pump-{75,147,32}, G_dsvp = 10.43 log2(sec), G_avg_dsvp = 12.58 log2(sec), B_dsvp = 36.13 log2(bit), G = 12.58 log2(sec), B = 36.13 log2(bit))
Block size strategy generated by BSSA (beta,jump,tours):[( 79,  8,  4),( 90,  4,  2)]
Min Cost = 12.58 log2(sec) = 6112.34 s, Memory Cost = 36.13 log2(bit) = 8.73 GB 
BSSA cost:6.1e+02s.



"lwechallenge/80-005.txt" exists.
-------------------------
Primal attack, TU LWE challenge n=80, m=6400, alpha=0.005, q=6421 
Chose 270 samples. Predict solution at bkz-100 + svp-132. 
Initial slope = -0.065
dim = 271, dvol = 725.69003801176

After a sigma normalization,Slope = -0.065334
 Attack Estimation via simulation + probabilistic model (BSSA)
beta_start= 50, gap = 1, J = 100, J_gap = 1, cost_model = 2, max_loop = 5, threads = 1, G_prec = 1.000000e-03,  slope_prec = 1.000000e-04,  progressive_sieve = True, worst_case = 0, succ_prob = 0.85, Find minimal time cost strategy, average_case, practical_pnjbkz_d4f = 3, practical_pump_d4f = 3, traditonal BSSA 
Find the optimized Strategy through BSSA!!
bs = (slope = -0.03896, G_BKZ = 13.87 log2(sec), G_avg_BKZ = 0.03 log2(sec), B_BKZ = 16.86 log2(bit), cum-pr = 0.00,  pump-{115,156,33}, G_dsvp = 12.60 log2(sec), G_avg_dsvp = 14.22 log2(sec), B_dsvp = 37.53 log2(bit), G = 14.22 log2(sec), B = 37.53 log2(bit))
Block size strategy generated by BSSA (beta,jump,tours):[( 79,  6,  3),(107,  8,  5)]
Min Cost = 14.22 log2(sec) = 19039.68 s, Memory Cost = 37.53 log2(bit) = 23.13 GB 
BSSA cost:1.2e+03s.



"lwechallenge/40-035.txt" exists.
-------------------------
Primal attack, TU LWE challenge n=40, m=1600, alpha=0.035, q=1601 
Chose 187 samples. Predict solution at bkz-114 + svp-148. 
Initial slope = -0.06
dim = 188, dvol = 327.73882468246

After a sigma normalization,Slope = -0.059717
 Attack Estimation via simulation + probabilistic model (BSSA)
beta_start= 50, gap = 1, J = 100, J_gap = 1, cost_model = 2, max_loop = 5, threads = 1, G_prec = 1.000000e-03,  slope_prec = 1.000000e-04,  progressive_sieve = True, worst_case = 0, succ_prob = 0.85, Find minimal time cost strategy, average_case, practical_pnjbkz_d4f = 3, practical_pump_d4f = 3, traditonal BSSA 
Find the optimized Strategy through BSSA!!
bs = (slope = -0.03600, G_BKZ = 14.18 log2(sec), G_avg_BKZ = 3.17 log2(sec), B_BKZ = 27.30 log2(bit), cum-pr = 0.00,  pump-{21,167,35}, G_dsvp = 15.54 log2(sec), G_avg_dsvp = 15.95 log2(sec), B_dsvp = 39.26 log2(bit), G = 15.95 log2(sec), B = 39.26 log2(bit))
Block size strategy generated by BSSA (beta,jump,tours):[( 79,  8,  3),( 82,  4,  2),(117,  4,  2),(121,  2,  1)]
Min Cost = 15.95 log2(sec) = 63503.98 s, Memory Cost = 39.26 log2(bit) = 76.41 GB 
BSSA cost:6.6e+02s.



"lwechallenge/40-040.txt" exists.
-------------------------
Primal attack, TU LWE challenge n=40, m=1600, alpha=0.040, q=1601 
Chose 191 samples. Predict solution at bkz-128 + svp-162. 
Initial slope = -0.057
dim = 192, dvol = 315.51042609031

After a sigma normalization,Slope = -0.056585
 Attack Estimation via simulation + probabilistic model (BSSA)
beta_start= 50, gap = 1, J = 100, J_gap = 1, cost_model = 2, max_loop = 5, threads = 1, G_prec = 1.000000e-03,  slope_prec = 1.000000e-04,  progressive_sieve = True, worst_case = 0, succ_prob = 0.85, Find minimal time cost strategy, average_case, practical_pnjbkz_d4f = 3, practical_pump_d4f = 3, traditonal BSSA 
Find the optimized Strategy through BSSA!!
bs = (slope = -0.03401, G_BKZ = 17.32 log2(sec), G_avg_BKZ = 9.11 log2(sec), B_BKZ = 33.98 log2(bit), cum-pr = 0.00,  pump-{10,182,37}, G_dsvp = 20.17 log2(sec), G_avg_dsvp = 20.32 log2(sec), B_dsvp = 41.75 log2(bit), G = 20.33 log2(sec), B = 41.75 log2(bit))
Block size strategy generated by BSSA (beta,jump,tours):[(116,  4,  3),(125,  2,  1),(140,  2,  1)]
Min Cost = 20.33 log2(sec) = 1313977.86 s, Memory Cost = 41.76 log2(bit) = 432.71 GB 
BSSA cost:9.1e+02s.



"lwechallenge/50-025.txt" exists.
-------------------------
Primal attack, TU LWE challenge n=50, m=2500, alpha=0.025, q=2503 
Chose 219 samples. Predict solution at bkz-130 + svp-161. 
Initial slope = -0.058
dim = 220, dvol = 412.46597436512

After a sigma normalization,Slope = -0.057964
 Attack Estimation via simulation + probabilistic model (BSSA)
beta_start= 50, gap = 1, J = 100, J_gap = 1, cost_model = 2, max_loop = 5, threads = 1, G_prec = 1.000000e-03,  slope_prec = 1.000000e-04,  progressive_sieve = True, worst_case = 0, succ_prob = 0.85, Find minimal time cost strategy, average_case, practical_pnjbkz_d4f = 3, practical_pump_d4f = 3, traditonal BSSA 
Find the optimized Strategy through BSSA!!
bs = (slope = -0.03339, G_BKZ = 18.32 log2(sec), G_avg_BKZ = 10.57 log2(sec), B_BKZ = 34.43 log2(bit), cum-pr = 0.00,  pump-{39,181,37}, G_dsvp = 19.86 log2(sec), G_avg_dsvp = 20.22 log2(sec), B_dsvp = 41.57 log2(bit), G = 20.23 log2(sec), B = 41.57 log2(bit))
Block size strategy generated by BSSA (beta,jump,tours):[( 79,  8,  3),(103,  4,  3),(128,  4,  2),(134,  2,  1),(140,  2,  1)]
Min Cost = 20.23 log2(sec) = 1226916.49 s, Memory Cost = 41.58 log2(bit) = 383.87 GB 
BSSA cost:1.3e+03s.



"lwechallenge/55-020.txt" exists.
-------------------------
Primal attack, TU LWE challenge n=55, m=3025, alpha=0.020, q=3037 
Chose 230 samples. Predict solution at bkz-128 + svp-161. 
Initial slope = -0.059
dim = 231, dvol = 454.63428930493

After a sigma normalization,Slope = -0.058674
 Attack Estimation via simulation + probabilistic model (BSSA)
beta_start= 50, gap = 1, J = 100, J_gap = 1, cost_model = 2, max_loop = 5, threads = 1, G_prec = 1.000000e-03,  slope_prec = 1.000000e-04,  progressive_sieve = True, worst_case = 0, succ_prob = 0.85, Find minimal time cost strategy, average_case, practical_pnjbkz_d4f = 3, practical_pump_d4f = 3, traditonal BSSA 
Find the optimized Strategy through BSSA!!
bs = (slope = -0.03329, G_BKZ = 18.26 log2(sec), G_avg_BKZ = 10.67 log2(sec), B_BKZ = 34.59 log2(bit), cum-pr = 0.01,  pump-{51,180,36}, G_dsvp = 19.83 log2(sec), G_avg_dsvp = 20.19 log2(sec), B_dsvp = 41.56 log2(bit), G = 20.19 log2(sec), B = 41.56 log2(bit))
Block size strategy generated by BSSA (beta,jump,tours):[( 79,  8,  3),(109,  4,  3),(123,  4,  2),(131,  2,  1),(140,  2,  1)]
Min Cost = 20.19 log2(sec) = 1198163.38 s, Memory Cost = 41.57 log2(bit) = 380.78 GB 
BSSA cost:1.5e+03s.



"lwechallenge/90-005.txt" exists.
-------------------------
Primal attack, TU LWE challenge n=90, m=8100, alpha=0.005, q=8101 
Chose 306 samples. Predict solution at bkz-127 + svp-156. 
Initial slope = -0.06
dim = 307, dvol = 807.55779063989

After a sigma normalization,Slope = -0.060246
 Attack Estimation via simulation + probabilistic model (BSSA)
beta_start= 50, gap = 1, J = 100, J_gap = 1, cost_model = 2, max_loop = 5, threads = 1, G_prec = 1.000000e-03,  slope_prec = 1.000000e-04,  progressive_sieve = True, worst_case = 0, succ_prob = 0.85, Find minimal time cost strategy, average_case, practical_pnjbkz_d4f = 3, practical_pump_d4f = 3, traditonal BSSA 
Find the optimized Strategy through BSSA!!
bs = (slope = -0.03296, G_BKZ = 18.81 log2(sec), G_avg_BKZ = 11.57 log2(sec), B_BKZ = 34.53 log2(bit), cum-pr = 0.01,  pump-{131,176,36}, G_dsvp = 18.16 log2(sec), G_avg_dsvp = 19.38 log2(sec), B_dsvp = 40.65 log2(bit), G = 19.38 log2(sec), B = 40.65 log2(bit))
Block size strategy generated by BSSA (beta,jump,tours):[( 79,  8,  4),(104,  9,  5),(117,  4,  2),(121,  4,  2),(132,  4,  2),(137,  4,  2)]
Min Cost = 19.38 log2(sec) = 684131.39 s, Memory Cost = 40.67 log2(bit) = 203.77 GB 
BSSA cost:6.9e+02s.



