"lwechallenge/40-025.txt" exists.
-------------------------
Primal attack, TU LWE challenge n=40, m=1600, alpha=0.025, q=1601 
Chose 171 samples. Predict solution at bkz-89 + svp-117. 
Initial slope = -0.0665978
dim = 172, dvol = 331.97353385059

After a sigma normalization,Slope = -0.066598
enumbs min_G_prec = 0.1
 Attack Estimation via simulation + probabilistic model (EnumBS in parallel)
beta_start= 50, gap = 1, J = 100, J_gap = 1, cost_model = 2, max_loop = 5, threads = 2, G_prec = 1.000000e-03,  slope_prec = 1.000000e-04,  progressive_sieve = True, worst_case = 0, succ_prob = 0.850, Find minimal time cost strategy, average_case, practical_pnjbkz_d4f = 3, practical_pump_d4f = 3.
 
Find the optimal Strategy through EumBS!!
bs = (slope = -4.452105e-02, G_BKZ = -7.582932e+00 log2(sec), B_BKZ = 1.732584e+01 log2(bit), cum-pr = 5.378818e-06, pump-{31,141,32}, G_dsvp = 1.046132e+01 log2(sec), B_dsvp = 3.534777e+01 bit, G = 1.046132e+01 log2(sec), B = 3.534777e+01 log2(bit),  min_GB.first = 1.046132e+01 log2(sec))
S(beta,jump,tours):[(90,9,1),(97,9,1)]
Min Cost = 10.46 log2(sec) = 1409.85 s, Memory Cost = 35.35 log2(bit) = 5.09 GB 
EnumBS cost:50s.



"lwechallenge/40-030.txt" exists.
-------------------------
Primal attack, TU LWE challenge n=40, m=1600, alpha=0.030, q=1601 
Chose 178 samples. Predict solution at bkz-102 + svp-133. 
Initial slope = -0.064
dim = 179, dvol = 325.16013135542

After a sigma normalization,Slope = -0.064016
enumbs min_G_prec = 0.1
 Attack Estimation via simulation + probabilistic model (EnumBS in parallel)
beta_start= 50, gap = 1, J = 100, J_gap = 1, cost_model = 2, max_loop = 5, threads = 2, G_prec = 1.000000e-03,  slope_prec = 1.000000e-04,  progressive_sieve = True, worst_case = 0, succ_prob = 0.850, Find minimal time cost strategy, average_case, practical_pnjbkz_d4f = 3, practical_pump_d4f = 3.
 
Find the optimal Strategy through EumBS!!
bs = (slope = -3.862273e-02, G_BKZ = 1.390817e-01 log2(sec), B_BKZ = 2.668744e+01 log2(bit), cum-pr = 4.810307e-04, pump-{26,153,34}, G_dsvp = 1.227475e+01 log2(sec), B_dsvp = 3.685305e+01 bit, G = 1.227507e+01 log2(sec), B = 3.685305e+01 log2(bit),  min_GB.first = 1.227507e+01 log2(sec))
S(beta,jump,tours):[(87,9,1),(117,10,2)]
Min Cost = 12.28 log2(sec) = 4956.37 s, Memory Cost = 36.85 log2(bit) = 14.46 GB 
EnumBS cost:1.9e+02s.



"lwechallenge/45-020.txt" exists.
-------------------------
Primal attack, TU LWE challenge n=45, m=2025, alpha=0.020, q=2027 
Chose 184 samples. Predict solution at bkz-89 + svp-121. 
Initial slope = -0.066
dim = 185, dvol = 373.46589773268

After a sigma normalization,Slope = -0.065691
enumbs min_G_prec = 0.1
 Attack Estimation via simulation + probabilistic model (EnumBS in parallel)
beta_start= 50, gap = 1, J = 100, J_gap = 1, cost_model = 2, max_loop = 5, threads = 2, G_prec = 1.000000e-03,  slope_prec = 1.000000e-04,  progressive_sieve = True, worst_case = 0, succ_prob = 0.850, Find minimal time cost strategy, average_case, practical_pnjbkz_d4f = 3, practical_pump_d4f = 3.
 
Find the optimal Strategy through EumBS!!
bs = (slope = -4.183416e-02, G_BKZ = 3.335950e+00 log2(sec), B_BKZ = 3.029283e+01 log2(bit), cum-pr = 6.645116e-03, pump-{42,143,32}, G_dsvp = 1.097323e+01 log2(sec), B_dsvp = 3.552411e+01 bit, G = 1.098046e+01 log2(sec), B = 3.552411e+01 log2(bit),  min_GB.first = 1.098046e+01 log2(sec))
S(beta,jump,tours):[(91,9,1),(116,10,1)]
Min Cost = 10.98 log2(sec) = 2020.45 s, Memory Cost = 35.56 log2(bit) = 5.91 GB 
EnumBS cost:87s.



"lwechallenge/50-015.txt" exists.
-------------------------
Primal attack, TU LWE challenge n=50, m=2500, alpha=0.015, q=2503 
Chose 193 samples. Predict solution at bkz-87 + svp-118. 
Initial slope = -0.068
dim = 194, dvol = 415.65527573918

After a sigma normalization,Slope = -0.068032
enumbs min_G_prec = 0.1
 Attack Estimation via simulation + probabilistic model (EnumBS in parallel)
beta_start= 50, gap = 1, J = 100, J_gap = 1, cost_model = 2, max_loop = 5, threads = 2, G_prec = 1.000000e-03,  slope_prec = 1.000000e-04,  progressive_sieve = True, worst_case = 0, succ_prob = 0.850, Find minimal time cost strategy, average_case, practical_pnjbkz_d4f = 3, practical_pump_d4f = 3.
 
Find the optimal Strategy through EumBS!!
bs = (slope = -4.280932e-02, G_BKZ = 4.485518e+00 log2(sec), B_BKZ = 3.140329e+01 log2(bit), cum-pr = 1.264115e-02, pump-{52,142,32}, G_dsvp = 1.104365e+01 log2(sec), B_dsvp = 3.539076e+01 bit, G = 1.105887e+01 log2(sec), B = 3.539076e+01 log2(bit),  min_GB.first = 1.105887e+01 log2(sec))
S(beta,jump,tours):[(90,9,1),(117,10,1)]
Min Cost = 11.06 log2(sec) = 2133.31 s, Memory Cost = 35.48 log2(bit) = 5.57 GB 
EnumBS cost:88s.



"lwechallenge/60-010.txt" exists.
-------------------------
Primal attack, TU LWE challenge n=60, m=3600, alpha=0.010, q=3607 
Chose 221 samples. Predict solution at bkz-92 + svp-122. 
Initial slope = -0.066
dim = 222, dvol = 522.71923621791

After a sigma normalization,Slope = -0.065713
enumbs min_G_prec = 0.1
 Attack Estimation via simulation + probabilistic model (EnumBS in parallel)
beta_start= 50, gap = 1, J = 100, J_gap = 1, cost_model = 2, max_loop = 5, threads = 2, G_prec = 1.000000e-03,  slope_prec = 1.000000e-04,  progressive_sieve = True, worst_case = 0, succ_prob = 0.850, Find minimal time cost strategy, average_case, practical_pnjbkz_d4f = 3, practical_pump_d4f = 3.
 
Find the optimal Strategy through EumBS!!
bs = (slope = -4.045707e-02, G_BKZ = 3.519009e+00 log2(sec), B_BKZ = 2.876630e+01 log2(bit), cum-pr = 2.957300e-03, pump-{77,145,33}, G_dsvp = 1.200763e+01 log2(sec), B_dsvp = 3.563940e+01 bit, G = 1.201165e+01 log2(sec), B = 3.563940e+01 log2(bit),  min_GB.first = 1.201165e+01 log2(sec))
S(beta,jump,tours):[(91,9,1),(114,10,2)]
Min Cost = 12.01 log2(sec) = 4129.20 s, Memory Cost = 35.65 log2(bit) = 6.28 GB 
EnumBS cost:1.8e+02s.



"lwechallenge/80-005.txt" exists.
-------------------------
Primal attack, TU LWE challenge n=80, m=6400, alpha=0.005, q=6421 
Chose 270 samples. Predict solution at bkz-100 + svp-132. 
Initial slope = -0.065
dim = 271, dvol = 725.69003801176

After a sigma normalization,Slope = -0.065334
enumbs min_G_prec = 0.1
 Attack Estimation via simulation + probabilistic model (EnumBS in parallel)
beta_start= 50, gap = 1, J = 100, J_gap = 1, cost_model = 2, max_loop = 5, threads = 2, G_prec = 1.000000e-03,  slope_prec = 1.000000e-04,  progressive_sieve = True, worst_case = 0, succ_prob = 0.850, Find minimal time cost strategy, average_case, practical_pnjbkz_d4f = 3, practical_pump_d4f = 3.
 
Find the optimal Strategy through EumBS!!
bs = (slope = -3.811477e-02, G_BKZ = 1.990624e+00 log2(sec), B_BKZ = 2.618729e+01 log2(bit), cum-pr = 3.401266e-04, pump-{117,154,34}, G_dsvp = 1.373904e+01 log2(sec), B_dsvp = 3.700854e+01 bit, G = 1.373946e+01 log2(sec), B = 3.700854e+01 log2(bit),  min_GB.first = 1.373946e+01 log2(sec))
S(beta,jump,tours):[(87,9,1),(89,9,1),(114,10,2),(117,10,2)]
Min Cost = 13.74 log2(sec) = 13676.95 s, Memory Cost = 37.01 log2(bit) = 16.10 GB 
EnumBS cost:6.3e+02s.



"lwechallenge/40-035.txt" exists.
-------------------------
Primal attack, TU LWE challenge n=40, m=1600, alpha=0.035, q=1601 
Chose 187 samples. Predict solution at bkz-114 + svp-148. 
Initial slope = -0.06
dim = 188, dvol = 327.73882468246

After a sigma normalization,Slope = -0.059717
enumbs min_G_prec = 0.1
 Attack Estimation via simulation + probabilistic model (EnumBS in parallel)
beta_start= 50, gap = 1, J = 100, J_gap = 1, cost_model = 2, max_loop = 5, threads = 2, G_prec = 1.000000e-03,  slope_prec = 1.000000e-04,  progressive_sieve = True, worst_case = 0, succ_prob = 0.850, Find minimal time cost strategy, average_case, practical_pnjbkz_d4f = 3, practical_pump_d4f = 3.
 
Find the optimal Strategy through EumBS!!
bs = (slope = -3.602389e-02, G_BKZ = 2.933679e+00 log2(sec), B_BKZ = 2.830168e+01 log2(bit), cum-pr = 5.966637e-04, pump-{21,167,35}, G_dsvp = 1.584567e+01 log2(sec), B_dsvp = 3.925708e+01 bit, G = 1.584586e+01 log2(sec), B = 3.925708e+01 log2(bit),  min_GB.first = 1.584586e+01 log2(sec))
S(beta,jump,tours):[(89,9,1),(98,9,1),(117,10,1),(117,4,1),(124,4,1)]
Min Cost = 15.85 log2(sec) = 58895.16 s, Memory Cost = 39.26 log2(bit) = 76.52 GB 
EnumBS cost:9.8e+02s.



"lwechallenge/40-040.txt" exists.
-------------------------
Primal attack, TU LWE challenge n=40, m=1600, alpha=0.040, q=1601 
Chose 191 samples. Predict solution at bkz-128 + svp-162. 
Initial slope = -0.057
dim = 192, dvol = 315.51042609031

After a sigma normalization,Slope = -0.056585
enumbs min_G_prec = 0.1
 Attack Estimation via simulation + probabilistic model (EnumBS in parallel)
beta_start= 50, gap = 1, J = 100, J_gap = 1, cost_model = 2, max_loop = 5, threads = 2, G_prec = 1.000000e-03,  slope_prec = 1.000000e-04,  progressive_sieve = True, worst_case = 0, succ_prob = 0.850, Find minimal time cost strategy, average_case, practical_pnjbkz_d4f = 3, practical_pump_d4f = 3.
 
Find the optimal Strategy through EumBS!!
bs = (slope = -3.418593e-02, G_BKZ = 7.735244e+00 log2(sec), B_BKZ = 3.345382e+01 log2(bit), cum-pr = 2.061310e-03, pump-{10,182,37}, G_dsvp = 2.029316e+01 log2(sec), B_dsvp = 4.176788e+01 bit, G = 2.029340e+01 log2(sec), B = 4.176788e+01 log2(bit),  min_GB.first = 2.029340e+01 log2(sec))
S(beta,jump,tours):[(95,9,1),(117,10,1),(119,10,1),(128,4,1),(141,4,1)]
Min Cost = 20.29 log2(sec) = 1285059.53 s, Memory Cost = 41.77 log2(bit) = 437.28 GB 
EnumBS cost:1.7e+03s.



"lwechallenge/50-025.txt" exists.
-------------------------
Primal attack, TU LWE challenge n=50, m=2500, alpha=0.025, q=2503 
Chose 219 samples. Predict solution at bkz-130 + svp-161. 
Initial slope = -0.058
dim = 220, dvol = 412.46597436512

After a sigma normalization,Slope = -0.057964
enumbs min_G_prec = 0.1
 Attack Estimation via simulation + probabilistic model (EnumBS in parallel)
beta_start= 50, gap = 1, J = 100, J_gap = 1, cost_model = 2, max_loop = 5, threads = 2, G_prec = 1.000000e-03,  slope_prec = 1.000000e-04,  progressive_sieve = True, worst_case = 0, succ_prob = 0.850, Find minimal time cost strategy, average_case, practical_pnjbkz_d4f = 3, practical_pump_d4f = 3.
 
Find the optimal Strategy through EumBS!!
bs = (slope = -3.339753e-02, G_BKZ = 1.079402e+01 log2(sec), B_BKZ = 3.545483e+01 log2(bit), cum-pr = 6.439522e-03, pump-{39,181,37}, G_dsvp = 2.017965e+01 log2(sec), B_dsvp = 4.157214e+01 bit, G = 2.018181e+01 log2(sec), B = 4.157214e+01 log2(bit),  min_GB.first = 2.018181e+01 log2(sec))
S(beta,jump,tours):[(87,9,1),(117,10,2),(117,4,1),(126,4,1),(137,4,1),(143,4,1)]
Min Cost = 20.18 log2(sec) = 1189403.27 s, Memory Cost = 41.59 log2(bit) = 386.08 GB 
EnumBS cost:3.4e+03s.



"lwechallenge/55-020.txt" exists.
-------------------------
Primal attack, TU LWE challenge n=55, m=3025, alpha=0.020, q=3037 
Chose 230 samples. Predict solution at bkz-128 + svp-161. 
Initial slope = -0.059
dim = 231, dvol = 454.63428930493

After a sigma normalization,Slope = -0.058674
enumbs min_G_prec = 0.1
 Attack Estimation via simulation + probabilistic model (EnumBS in parallel)
beta_start= 50, gap = 1, J = 100, J_gap = 1, cost_model = 2, max_loop = 5, threads = 2, G_prec = 1.000000e-03,  slope_prec = 1.000000e-04,  progressive_sieve = True, worst_case = 0, succ_prob = 0.850, Find minimal time cost strategy, average_case, practical_pnjbkz_d4f = 3, practical_pump_d4f = 3.
 
Find the optimal Strategy through EumBS!!
bs = (slope = -3.306228e-02, G_BKZ = 1.282123e+01 log2(sec), B_BKZ = 3.724138e+01 log2(bit), cum-pr = 1.664482e-02, pump-{51,180,37}, G_dsvp = 2.009191e+01 log2(sec), B_dsvp = 4.137072e+01 bit, G = 2.010123e+01 log2(sec), B = 4.137072e+01 log2(bit),  min_GB.first = 2.010123e+01 log2(sec))
S(beta,jump,tours):[(75,8,1),(89,9,1),(114,10,1),(117,10,1),(117,4,1),(118,4,1),(128,4,1),(137,4,1),(145,4,1)]
Min Cost = 20.10 log2(sec) = 1124792.31 s, Memory Cost = 41.45 log2(bit) = 349.92 GB 
EnumBS cost:4.2e+03s.



"lwechallenge/90-005.txt" exists.
-------------------------
Primal attack, TU LWE challenge n=90, m=8100, alpha=0.005, q=8101 
Chose 306 samples. Predict solution at bkz-127 + svp-156. 
Initial slope = -0.06
dim = 307, dvol = 807.55779063989

After a sigma normalization,Slope = -0.060246
enumbs min_G_prec = 0.1
 Attack Estimation via simulation + probabilistic model (EnumBS in parallel)
beta_start= 50, gap = 1, J = 100, J_gap = 1, cost_model = 2, max_loop = 5, threads = 2, G_prec = 1.000000e-03,  slope_prec = 1.000000e-04,  progressive_sieve = True, worst_case = 0, succ_prob = 0.850, Find minimal time cost strategy, average_case, practical_pnjbkz_d4f = 3, practical_pump_d4f = 3.
 
Find the optimal Strategy through EumBS!!
bs = (slope = -3.300272e-02, G_BKZ = 1.257366e+01 log2(sec), B_BKZ = 3.641116e+01 log2(bit), cum-pr = 1.605919e-02, pump-{131,176,36}, G_dsvp = 1.920768e+01 log2(sec), B_dsvp = 4.062890e+01 bit, G = 1.922214e+01 log2(sec), B = 4.062890e+01 log2(bit),  min_GB.first = 1.922214e+01 log2(sec))
S(beta,jump,tours):[(87,9,1),(89,9,1),(90,9,1),(114,10,1),(115,10,1),(117,10,2),(117,4,1),(118,4,1),(120,4,1),(128,4,1),(132,4,1),(141,4,1)]
Min Cost = 19.22 log2(sec) = 611561.32 s, Memory Cost = 40.70 log2(bit) = 208.58 GB 
EnumBS cost:8.7e+03s.



