"lwechallenge/40-040.txt" exists.
-------------------------
Primal attack, TU LWE challenge n=40, m=1600, alpha=0.040, q=1601 
Chose 191 samples. Predict solution at bkz-128 + svp-162. 
Initial slope = -0.056585
dim = 192, dvol = 315.51042609031

After a sigma normalization,Slope = -0.056585
enumbs min_G_prec = 0.1
 Attack Estimation via simulation + probabilistic model (EnumBS in parallel)
beta_start= 50, gap = 1, J = 100, J_gap = 1, cost_model = 2, max_loop = 10, threads = 2, G_prec = 1.000000e-03,  slope_prec = 1.000000e-04,  progressive_sieve = 1, worst_case = 1Find minimal time cost strategy, worst_case, practical_pnjbkz_d4f = 3, practical_pump_d4f = 1.
 
Find the optimal Strategy through EumBS!!
bs = (slope = -3.279772e-02, G_BKZ = 2.149377e+01 sec, B_BKZ = 4.496353e+01 bit cum-pr = 2.420956e-01, dsvp_r = 181, G_dsvp = 2.472863e+01 sec, B_dsvp = 4.735334e+01 bit, G = 2.487427e+01 sec, B = 4.735334e+01 bit,  min_GB.first = 2.487427e+01 gate)
S(beta,jump,tours):{( 102,  10,   1),( 116,  11,   1),( 120,  11,   1),( 120,   4,   1),( 134,   4,   1),( 146,   4,   1),( 154,   2,   1)}
Min Cost = 24.87 log2(sec) = 30753888.50 s, Memory Cost = 47.35 log2(bit) = 20930.80 GB 
EnumBS cost:2.5e+02s.



"lwechallenge/50-025.txt" exists.
-------------------------
Primal attack, TU LWE challenge n=50, m=2500, alpha=0.025, q=2503 
Chose 219 samples. Predict solution at bkz-130 + svp-161. 
Initial slope = -0.058
dim = 220, dvol = 412.46597436512

After a sigma normalization,Slope = -0.057964
enumbs min_G_prec = 0.1
 Attack Estimation via simulation + probabilistic model (EnumBS in parallel)
beta_start= 50, gap = 1, J = 100, J_gap = 1, cost_model = 2, max_loop = 10, threads = 2, G_prec = 1.000000e-03,  slope_prec = 1.000000e-04,  progressive_sieve = 1, worst_case = 1Find minimal time cost strategy, worst_case, practical_pnjbkz_d4f = 3, practical_pump_d4f = 1.
 
Find the optimal Strategy through EumBS!!
bs = (slope = -3.215968e-02, G_BKZ = 2.201821e+01 sec, B_BKZ = 4.496353e+01 bit cum-pr = 3.313128e-01, dsvp_r = 179, G_dsvp = 2.404964e+01 sec, B_dsvp = 4.695498e+01 bit, G = 2.436534e+01 sec, B = 4.695498e+01 bit,  min_GB.first = 2.436534e+01 gate)
S(beta,jump,tours):{(  94,   9,   1),( 112,  11,   1),( 117,  11,   1),( 118,  11,   1),( 118,   4,   1),( 129,   4,   1),( 139,   4,   1),( 146,   4,   1),( 154,   2,   1)}
Min Cost = 24.37 log2(sec) = 21612127.89 s, Memory Cost = 46.95 log2(bit) = 15880.67 GB 
EnumBS cost:5.2e+02s.



"lwechallenge/55-020.txt" exists.
-------------------------
Primal attack, TU LWE challenge n=55, m=3025, alpha=0.020, q=3037 
Chose 230 samples. Predict solution at bkz-128 + svp-161. 
Initial slope = -0.059
dim = 231, dvol = 454.63428930493

After a sigma normalization,Slope = -0.058674
enumbs min_G_prec = 0.1
 Attack Estimation via simulation + probabilistic model (EnumBS in parallel)
beta_start= 50, gap = 1, J = 100, J_gap = 1, cost_model = 2, max_loop = 10, threads = 2, G_prec = 1.000000e-03,  slope_prec = 1.000000e-04,  progressive_sieve = 1, worst_case = 1Find minimal time cost strategy, worst_case, practical_pnjbkz_d4f = 3, practical_pump_d4f = 1.
 
Find the optimal Strategy through EumBS!!
bs = (slope = -3.211382e-02, G_BKZ = 2.167602e+01 sec, B_BKZ = 4.516264e+01 bit cum-pr = 3.251639e-01, dsvp_r = 178, G_dsvp = 2.379631e+01 sec, B_dsvp = 4.675581e+01 bit, G = 2.409497e+01 sec, B = 4.675581e+01 bit,  min_GB.first = 2.409497e+01 gate)
S(beta,jump,tours):{( 101,  10,   1),( 111,  11,   1),( 117,  11,   1),( 117,   4,   1),( 119,   4,   1),( 128,   4,   1),( 139,   4,   1),( 147,   4,   1),( 155,   4,   1)}
Min Cost = 24.09 log2(sec) = 17918782.12 s, Memory Cost = 46.76 log2(bit) = 13832.86 GB 
EnumBS cost:6.2e+02s.



"lwechallenge/90-005.txt" exists.
-------------------------
Primal attack, TU LWE challenge n=90, m=8100, alpha=0.005, q=8101 
Chose 306 samples. Predict solution at bkz-127 + svp-156. 
Initial slope = -0.06
dim = 307, dvol = 807.55779063989

After a sigma normalization,Slope = -0.060246
enumbs min_G_prec = 0.1
 Attack Estimation via simulation + probabilistic model (EnumBS in parallel)
beta_start= 50, gap = 1, J = 100, J_gap = 1, cost_model = 2, max_loop = 10, threads = 2, G_prec = 1.000000e-03,  slope_prec = 1.000000e-04,  progressive_sieve = 1, worst_case = 1Find minimal time cost strategy, worst_case, practical_pnjbkz_d4f = 3, practical_pump_d4f = 1.
 
Find the optimal Strategy through EumBS!!
bs = (slope = -3.191948e-02, G_BKZ = 2.080432e+01 sec, B_BKZ = 4.376928e+01 bit cum-pr = 3.425505e-01, dsvp_r = 171, G_dsvp = 2.143595e+01 sec, B_dsvp = 4.556089e+01 bit, G = 2.215443e+01 sec, B = 4.556089e+01 bit,  min_GB.first = 2.215443e+01 gate)
S(beta,jump,tours):{(  91,   9,   1),( 103,  10,   1),( 111,  11,   1),( 117,  11,   3),( 117,   4,   1),( 118,   4,   1),( 120,   4,   1),( 128,   4,   1),( 133,   4,   1),( 141,   4,   1),( 143,   4,   1),( 148,   4,   1)}
Min Cost = 22.15 log2(sec) = 4668190.44 s, Memory Cost = 45.56 log2(bit) = 6042.31 GB 
EnumBS cost:1.3e+03s.



