"lwechallenge/40-025.txt" exists.
-------------------------
Primal attack, TU LWE challenge n=40, m=1600, alpha=0.025, q=1601 
Chose 171 samples. Predict solution at bkz-89 + svp-117. 
Initial slope = -0.0665978
dim = 172, dvol = 331.97353385059

After a sigma normalization,Slope = -0.066598
enumbs min_G_prec = 0.1
 Attack Estimation via simulation + probabilistic model (EnumBS in parallel)
beta_start= 50, gap = 1, J = 8, J_gap = 1, cost_model = 2, max_loop = 5, threads = 2, G_prec = 1.000000e-03,  slope_prec = 1.000000e-04,  progressive_sieve = True, worst_case = 0, Find minimal time cost strategy, average_case, practical_pnjbkz_d4f = 3, practical_pump_d4f = 3.
 
Find the optimal Strategy through EumBS!!
bs = (slope = -4.295226e-02, G_BKZ = -1.245789e+00 log2(sec), B_BKZ = 2.426003e+01 log2(bit), cum-pr = 3.873029e-04, pump-{33,139,21}, G_dsvp = 1.085969e+01 log2(sec), B_dsvp = 3.565028e+01 bit, G = 1.086002e+01 log2(sec), B = 3.565028e+01 log2(bit),  min_GB.first = 1.086002e+01 log2(sec))
S(beta,jump,tours):[(91,8,1),(104,8,1)]
Min Cost = 10.86 log2(sec) = 1858.62 s, Memory Cost = 35.65 log2(bit) = 6.28 GB 
EnumBS cost:9.5s.



"lwechallenge/40-030.txt" exists.
-------------------------
Primal attack, TU LWE challenge n=40, m=1600, alpha=0.030, q=1601 
Chose 178 samples. Predict solution at bkz-102 + svp-133. 
Initial slope = -0.064
dim = 179, dvol = 325.16013135542

After a sigma normalization,Slope = -0.064016
enumbs min_G_prec = 0.1
 Attack Estimation via simulation + probabilistic model (EnumBS in parallel)
beta_start= 50, gap = 1, J = 8, J_gap = 1, cost_model = 2, max_loop = 5, threads = 2, G_prec = 1.000000e-03,  slope_prec = 1.000000e-04,  progressive_sieve = True, worst_case = 0, Find minimal time cost strategy, average_case, practical_pnjbkz_d4f = 3, practical_pump_d4f = 3.
 
Find the optimal Strategy through EumBS!!
bs = (slope = -3.826895e-02, G_BKZ = 1.224573e+00 log2(sec), B_BKZ = 2.740382e+01 log2(bit), cum-pr = 7.903621e-04, pump-{27,152,22}, G_dsvp = 1.312354e+01 log2(sec), B_dsvp = 3.742147e+01 bit, G = 1.312392e+01 log2(sec), B = 3.742147e+01 log2(bit),  min_GB.first = 1.312392e+01 log2(sec))
S(beta,jump,tours):[(78,8,1),(90,8,1),(117,8,2)]
Min Cost = 13.12 log2(sec) = 8926.74 s, Memory Cost = 37.42 log2(bit) = 21.45 GB 
EnumBS cost:50s.



"lwechallenge/45-020.txt" exists.
-------------------------
Primal attack, TU LWE challenge n=45, m=2025, alpha=0.020, q=2027 
Chose 184 samples. Predict solution at bkz-89 + svp-121. 
Initial slope = -0.066
dim = 185, dvol = 373.46589773268

After a sigma normalization,Slope = -0.065691
enumbs min_G_prec = 0.1
 Attack Estimation via simulation + probabilistic model (EnumBS in parallel)
beta_start= 50, gap = 1, J = 8, J_gap = 1, cost_model = 2, max_loop = 5, threads = 2, G_prec = 1.000000e-03,  slope_prec = 1.000000e-04,  progressive_sieve = True, worst_case = 0, Find minimal time cost strategy, average_case, practical_pnjbkz_d4f = 3, practical_pump_d4f = 3.
 
Find the optimal Strategy through EumBS!!
bs = (slope = -4.145689e-02, G_BKZ = 1.734469e+00 log2(sec), B_BKZ = 2.738062e+01 log2(bit), cum-pr = 1.814983e-03, pump-{43,142,22}, G_dsvp = 1.153166e+01 log2(sec), B_dsvp = 3.597860e+01 bit, G = 1.153328e+01 log2(sec), B = 3.597860e+01 log2(bit),  min_GB.first = 1.153328e+01 log2(sec))
S(beta,jump,tours):[(73,8,1),(89,8,1),(110,8,1)]
Min Cost = 11.53 log2(sec) = 2963.89 s, Memory Cost = 35.98 log2(bit) = 7.90 GB 
EnumBS cost:19s.



"lwechallenge/50-015.txt" exists.
-------------------------
Primal attack, TU LWE challenge n=50, m=2500, alpha=0.015, q=2503 
Chose 193 samples. Predict solution at bkz-87 + svp-118. 
Initial slope = -0.068
dim = 194, dvol = 415.65527573918

After a sigma normalization,Slope = -0.068032
enumbs min_G_prec = 0.1
 Attack Estimation via simulation + probabilistic model (EnumBS in parallel)
beta_start= 50, gap = 1, J = 8, J_gap = 1, cost_model = 2, max_loop = 5, threads = 2, G_prec = 1.000000e-03,  slope_prec = 1.000000e-04,  progressive_sieve = True, worst_case = 0, Find minimal time cost strategy, average_case, practical_pnjbkz_d4f = 3, practical_pump_d4f = 3.
 
Find the optimal Strategy through EumBS!!
bs = (slope = -4.275676e-02, G_BKZ = -2.982701e-01 log2(sec), B_BKZ = 2.467057e+01 log2(bit), cum-pr = 4.250756e-04, pump-{53,141,22}, G_dsvp = 1.151553e+01 log2(sec), B_dsvp = 3.588824e+01 bit, G = 1.151593e+01 log2(sec), B = 3.588824e+01 log2(bit),  min_GB.first = 1.151593e+01 log2(sec))
S(beta,jump,tours):[(73,8,1),(77,8,2),(106,8,1)]
Min Cost = 11.52 log2(sec) = 2928.47 s, Memory Cost = 35.89 log2(bit) = 7.41 GB 
EnumBS cost:18s.



"lwechallenge/60-010.txt" exists.
-------------------------
Primal attack, TU LWE challenge n=60, m=3600, alpha=0.010, q=3607 
Chose 221 samples. Predict solution at bkz-92 + svp-122. 
Initial slope = -0.066
dim = 222, dvol = 522.71923621791

After a sigma normalization,Slope = -0.065713
enumbs min_G_prec = 0.1
 Attack Estimation via simulation + probabilistic model (EnumBS in parallel)
beta_start= 50, gap = 1, J = 8, J_gap = 1, cost_model = 2, max_loop = 5, threads = 2, G_prec = 1.000000e-03,  slope_prec = 1.000000e-04,  progressive_sieve = True, worst_case = 0, Find minimal time cost strategy, average_case, practical_pnjbkz_d4f = 3, practical_pump_d4f = 3.
 
Find the optimal Strategy through EumBS!!
bs = (slope = -4.092924e-02, G_BKZ = 4.113414e+00 log2(sec), B_BKZ = 2.999083e+01 log2(bit), cum-pr = 4.748880e-03, pump-{76,146,22}, G_dsvp = 1.244553e+01 log2(sec), B_dsvp = 3.646715e+01 bit, G = 1.245000e+01 log2(sec), B = 3.646715e+01 log2(bit),  min_GB.first = 1.245000e+01 log2(sec))
S(beta,jump,tours):[(75,8,1),(77,8,4),(117,8,1)]
Min Cost = 12.45 log2(sec) = 5595.31 s, Memory Cost = 36.48 log2(bit) = 11.18 GB 
EnumBS cost:43s.



"lwechallenge/80-005.txt" exists.
-------------------------
Primal attack, TU LWE challenge n=80, m=6400, alpha=0.005, q=6421 
Chose 270 samples. Predict solution at bkz-100 + svp-132. 
Initial slope = -0.065
dim = 271, dvol = 725.69003801176

After a sigma normalization,Slope = -0.065334
enumbs min_G_prec = 0.1
 Attack Estimation via simulation + probabilistic model (EnumBS in parallel)
beta_start= 50, gap = 1, J = 8, J_gap = 1, cost_model = 2, max_loop = 5, threads = 2, G_prec = 1.000000e-03,  slope_prec = 1.000000e-04,  progressive_sieve = True, worst_case = 0, Find minimal time cost strategy, average_case, practical_pnjbkz_d4f = 3, practical_pump_d4f = 3.
 
Find the optimal Strategy through EumBS!!
bs = (slope = -3.765279e-02, G_BKZ = 4.812089e+00 log2(sec), B_BKZ = 2.919112e+01 log2(bit), cum-pr = 2.123632e-03, pump-{119,152,22}, G_dsvp = 1.420662e+01 log2(sec), B_dsvp = 3.739754e+01 bit, G = 1.420876e+01 log2(sec), B = 3.739754e+01 log2(bit),  min_GB.first = 1.420876e+01 log2(sec))
S(beta,jump,tours):[(73,8,2),(77,8,5),(77,4,1),(116,8,1),(117,8,1),(119,8,1)]
Min Cost = 14.21 log2(sec) = 18934.92 s, Memory Cost = 37.40 log2(bit) = 21.15 GB 
EnumBS cost:1.8e+02s.



"lwechallenge/40-035.txt" exists.
-------------------------
Primal attack, TU LWE challenge n=40, m=1600, alpha=0.035, q=1601 
Chose 187 samples. Predict solution at bkz-114 + svp-148. 
Initial slope = -0.06
dim = 188, dvol = 327.73882468246

After a sigma normalization,Slope = -0.059717
enumbs min_G_prec = 0.1
 Attack Estimation via simulation + probabilistic model (EnumBS in parallel)
beta_start= 50, gap = 1, J = 8, J_gap = 1, cost_model = 2, max_loop = 5, threads = 2, G_prec = 1.000000e-03,  slope_prec = 1.000000e-04,  progressive_sieve = True, worst_case = 0, Find minimal time cost strategy, average_case, practical_pnjbkz_d4f = 3, practical_pump_d4f = 3.
 
Find the optimal Strategy through EumBS!!
bs = (slope = -3.523151e-02, G_BKZ = 8.714037e+00 log2(sec), B_BKZ = 3.455912e+01 log2(bit), cum-pr = 1.525051e-02, pump-{21,167,24}, G_dsvp = 1.704982e+01 log2(sec), B_dsvp = 3.979521e+01 bit, G = 1.705428e+01 log2(sec), B = 3.979521e+01 log2(bit),  min_GB.first = 1.705428e+01 log2(sec))
S(beta,jump,tours):[(75,8,1),(86,8,1),(112,8,1),(118,4,1),(132,4,1)]
Min Cost = 17.05 log2(sec) = 136097.47 s, Memory Cost = 39.83 log2(bit) = 114.01 GB 
EnumBS cost:91s.



"lwechallenge/40-040.txt" exists.
-------------------------
Primal attack, TU LWE challenge n=40, m=1600, alpha=0.040, q=1601 
Chose 191 samples. Predict solution at bkz-128 + svp-162. 
Initial slope = -0.057
dim = 192, dvol = 315.51042609031

After a sigma normalization,Slope = -0.056585
enumbs min_G_prec = 0.1
 Attack Estimation via simulation + probabilistic model (EnumBS in parallel)
beta_start= 50, gap = 1, J = 8, J_gap = 1, cost_model = 2, max_loop = 5, threads = 2, G_prec = 1.000000e-03,  slope_prec = 1.000000e-04,  progressive_sieve = True, worst_case = 0, Find minimal time cost strategy, average_case, practical_pnjbkz_d4f = 3, practical_pump_d4f = 3.
 
Find the optimal Strategy through EumBS!!
bs = (slope = -3.360861e-02, G_BKZ = 1.290623e+01 log2(sec), B_BKZ = 3.796630e+01 log2(bit), cum-pr = 2.071987e-02, pump-{11,181,25}, G_dsvp = 2.169331e+01 log2(sec), B_dsvp = 4.236967e+01 bit, G = 2.169657e+01 log2(sec), B = 4.236967e+01 log2(bit),  min_GB.first = 2.169657e+01 log2(sec))
S(beta,jump,tours):[(77,8,2),(112,8,1),(117,4,1),(120,4,1),(136,4,1),(147,4,1)]
Min Cost = 21.70 log2(sec) = 3398752.07 s, Memory Cost = 42.44 log2(bit) = 692.79 GB 
EnumBS cost:1.5e+02s.



"lwechallenge/50-025.txt" exists.
-------------------------
Primal attack, TU LWE challenge n=50, m=2500, alpha=0.025, q=2503 
Chose 219 samples. Predict solution at bkz-130 + svp-161. 
Initial slope = -0.058
dim = 220, dvol = 412.46597436512

After a sigma normalization,Slope = -0.057964
enumbs min_G_prec = 0.1
 Attack Estimation via simulation + probabilistic model (EnumBS in parallel)
beta_start= 50, gap = 1, J = 8, J_gap = 1, cost_model = 2, max_loop = 5, threads = 2, G_prec = 1.000000e-03,  slope_prec = 1.000000e-04,  progressive_sieve = True, worst_case = 0, Find minimal time cost strategy, average_case, practical_pnjbkz_d4f = 3, practical_pump_d4f = 3.
 
Find the optimal Strategy through EumBS!!
bs = (slope = -3.301497e-02, G_BKZ = 1.408305e+01 log2(sec), B_BKZ = 3.847197e+01 log2(bit), cum-pr = 3.042777e-02, pump-{40,180,25}, G_dsvp = 2.147535e+01 log2(sec), B_dsvp = 4.215691e+01 bit, G = 2.148391e+01 log2(sec), B = 4.215691e+01 log2(bit),  min_GB.first = 2.148391e+01 log2(sec))
S(beta,jump,tours):[(77,8,4),(117,8,1),(117,4,1),(128,4,1),(141,4,1),(147,4,1)]
Min Cost = 21.48 log2(sec) = 2932935.97 s, Memory Cost = 42.26 log2(bit) = 615.21 GB 
EnumBS cost:2.9e+02s.



"lwechallenge/55-020.txt" exists.
-------------------------
Primal attack, TU LWE challenge n=55, m=3025, alpha=0.020, q=3037 
Chose 230 samples. Predict solution at bkz-128 + svp-161. 
Initial slope = -0.059
dim = 231, dvol = 454.63428930493

After a sigma normalization,Slope = -0.058674
enumbs min_G_prec = 0.1
 Attack Estimation via simulation + probabilistic model (EnumBS in parallel)
beta_start= 50, gap = 1, J = 8, J_gap = 1, cost_model = 2, max_loop = 5, threads = 2, G_prec = 1.000000e-03,  slope_prec = 1.000000e-04,  progressive_sieve = True, worst_case = 0, Find minimal time cost strategy, average_case, practical_pnjbkz_d4f = 3, practical_pump_d4f = 3.
 
Find the optimal Strategy through EumBS!!
bs = (slope = -3.282462e-02, G_BKZ = 1.465006e+01 log2(sec), B_BKZ = 3.879831e+01 log2(bit), cum-pr = 3.828439e-02, pump-{52,179,24}, G_dsvp = 2.131003e+01 log2(sec), B_dsvp = 4.199864e+01 bit, G = 2.132423e+01 log2(sec), B = 4.199864e+01 log2(bit),  min_GB.first = 2.132423e+01 log2(sec))
S(beta,jump,tours):[(77,8,3),(77,6,1),(117,8,2),(117,4,1),(124,4,1),(133,4,1),(141,4,1),(147,4,1)]
Min Cost = 21.32 log2(sec) = 2625621.88 s, Memory Cost = 42.15 log2(bit) = 567.17 GB 
EnumBS cost:3.6e+02s.



"lwechallenge/90-005.txt" exists.
-------------------------
Primal attack, TU LWE challenge n=90, m=8100, alpha=0.005, q=8101 
Chose 306 samples. Predict solution at bkz-127 + svp-156. 
Initial slope = -0.06
dim = 307, dvol = 807.55779063989

After a sigma normalization,Slope = -0.060246
enumbs min_G_prec = 0.1
 Attack Estimation via simulation + probabilistic model (EnumBS in parallel)
beta_start= 50, gap = 1, J = 8, J_gap = 1, cost_model = 2, max_loop = 5, threads = 2, G_prec = 1.000000e-03,  slope_prec = 1.000000e-04,  progressive_sieve = True, worst_case = 0, Find minimal time cost strategy, average_case, practical_pnjbkz_d4f = 3, practical_pump_d4f = 3.
 
Find the optimal Strategy through EumBS!!
bs = (slope = -3.269118e-02, G_BKZ = 1.384078e+01 log2(sec), B_BKZ = 3.720771e+01 log2(bit), cum-pr = 2.926178e-02, pump-{133,174,24}, G_dsvp = 2.010583e+01 log2(sec), B_dsvp = 4.112354e+01 bit, G = 2.012447e+01 log2(sec), B = 4.112354e+01 log2(bit),  min_GB.first = 2.012447e+01 log2(sec))
S(beta,jump,tours):[(76,8,1),(77,8,5),(77,7,1),(77,4,4),(117,8,2),(117,4,1),(118,4,1),(121,4,1),(128,4,1),(132,4,1),(138,4,1),(141,4,1)]
Min Cost = 20.12 log2(sec) = 1143058.55 s, Memory Cost = 41.22 log2(bit) = 297.37 GB 
EnumBS cost:8.2e+02s.



