"lwechallenge/40-025.txt" exists.
-------------------------
Primal attack, TU LWE challenge n=40, m=1600, alpha=0.025, q=1601 
Chose 171 samples. Predict solution at bkz-89 + svp-117. 
Initial slope = -0.0665978
dim = 172, dvol = 331.97353385059

After a sigma normalization,Slope = -0.066598
 Attack Estimation via simulation + probabilistic model (BSSA)
gap = 1, J = 1, J_gap = 1, max_loop = 1, cost_model = 2, mul_node = 1, progressive_sieve = 1, Find minimal time cost strategy, worst_case. 
goalbeta = 116 achieves success probability 0.999 
Find the optimized Strategy through BSSA!!
bs = (slope = -0.06660, G_BKZ = 0.00 gate, B_BKZ = 0.00 bit cum-pr = 0.00, dsvp = 0.00, dsvp_r = 143, G_dsvp = 11.35 gate, B_dsvp = 38.46 bit, G = 11.35 gate, B = 38.46 bit)
Block size strategy generated by BSSA (beta,jump,tours):{}
Min Cost = 11.35 log2(sec), Memory Cost = 38.46 log(bit)
BSSA cost:40s.



"lwechallenge/45-020.txt" exists.
-------------------------
Primal attack, TU LWE challenge n=45, m=2025, alpha=0.020, q=2027 
Chose 184 samples. Predict solution at bkz-89 + svp-121. 
Initial slope = -0.066
dim = 185, dvol = 373.46589773268

After a sigma normalization,Slope = -0.065691
 Attack Estimation via simulation + probabilistic model (BSSA)
gap = 1, J = 1, J_gap = 1, max_loop = 1, cost_model = 2, mul_node = 1, progressive_sieve = 1, Find minimal time cost strategy, worst_case. 
goalbeta = 118 achieves success probability 0.999 
Find the optimized Strategy through BSSA!!
bs = (slope = -0.06569, G_BKZ = 0.00 gate, B_BKZ = 0.00 bit cum-pr = 0.00, dsvp = 0.00, dsvp_r = 150, G_dsvp = 13.18 gate, B_dsvp = 39.81 bit, G = 13.18 gate, B = 39.81 bit)
Block size strategy generated by BSSA (beta,jump,tours):{}
Min Cost = 13.18 log2(sec), Memory Cost = 39.81 log(bit)
BSSA cost:48s.



"lwechallenge/50-015.txt" exists.
-------------------------
Primal attack, TU LWE challenge n=50, m=2500, alpha=0.015, q=2503 
Chose 193 samples. Predict solution at bkz-87 + svp-118. 
Initial slope = -0.068
dim = 194, dvol = 415.65527573918

After a sigma normalization,Slope = -0.068032
 Attack Estimation via simulation + probabilistic model (BSSA)
gap = 1, J = 1, J_gap = 1, max_loop = 1, cost_model = 2, mul_node = 1, progressive_sieve = 1, Find minimal time cost strategy, worst_case. 
goalbeta = 114 achieves success probability 0.999 
Find the optimized Strategy through BSSA!!
bs = (slope = -0.04478, G_BKZ = 13.44 gate, B_BKZ = 34.36 bit cum-pr = 0.00, dsvp = 0.00, dsvp_r = 143, G_dsvp = 10.52 gate, B_dsvp = 38.46 bit, G = 13.62 gate, B = 38.46 bit)
Block size strategy generated by BSSA (beta,jump,tours):{(108,  1,  1),( 70,  1,  1)}
Min Cost = 13.62 log2(sec), Memory Cost = 38.46 log(bit)
BSSA cost:53s.



"lwechallenge/55-010.txt" exists.
-------------------------
Primal attack, TU LWE challenge n=55, m=3025, alpha=0.010, q=3037 
Chose 204 samples. Predict solution at bkz-76 + svp-107. 
Initial slope = -0.068
dim = 205, dvol = 495.01685533394

After a sigma normalization,Slope = -0.068057
 Attack Estimation via simulation + probabilistic model (BSSA)
gap = 1, J = 1, J_gap = 1, max_loop = 1, cost_model = 2, mul_node = 1, progressive_sieve = 1, Find minimal time cost strategy, worst_case. 
goalbeta = 101 achieves success probability 0.999 
Find the optimized Strategy through BSSA!!
bs = (slope = -0.06806, G_BKZ = 0.00 gate, B_BKZ = 0.00 bit cum-pr = 0.00, dsvp = 0.00, dsvp_r = 148, G_dsvp = 13.15 gate, B_dsvp = 39.42 bit, G = 13.15 gate, B = 39.42 bit)
Block size strategy generated by BSSA (beta,jump,tours):{}
Min Cost = 13.15 log2(sec), Memory Cost = 39.42 log(bit)
BSSA cost:36s.



"lwechallenge/60-010.txt" exists.
-------------------------
Primal attack, TU LWE challenge n=60, m=3600, alpha=0.010, q=3607 
Chose 221 samples. Predict solution at bkz-92 + svp-122. 
Initial slope = -0.066
dim = 222, dvol = 522.71923621791

After a sigma normalization,Slope = -0.065713
 Attack Estimation via simulation + probabilistic model (BSSA)
gap = 1, J = 1, J_gap = 1, max_loop = 1, cost_model = 2, mul_node = 1, progressive_sieve = 1, Find minimal time cost strategy, worst_case. 
goalbeta = 117 achieves success probability 0.999 
Find the optimized Strategy through BSSA!!
bs = (slope = -0.04356, G_BKZ = 14.21 gate, B_BKZ = 34.48 bit cum-pr = 0.00, dsvp = 0.00, dsvp_r = 150, G_dsvp = 12.17 gate, B_dsvp = 39.81 bit, G = 14.53 gate, B = 39.81 bit)
Block size strategy generated by BSSA (beta,jump,tours):{(111,  1,  1),( 76,  1,  1),( 76,  1,  1)}
Min Cost = 14.53 log2(sec), Memory Cost = 39.81 log(bit)
BSSA cost:63s.



"lwechallenge/70-005.txt" exists.
-------------------------
Primal attack, TU LWE challenge n=70, m=4900, alpha=0.005, q=4903 
Chose 234 samples. Predict solution at bkz-77 + svp-106. 
Initial slope = -0.07
dim = 235, dvol = 641.77463704427

After a sigma normalization,Slope = -0.070160
 Attack Estimation via simulation + probabilistic model (BSSA)
gap = 1, J = 1, J_gap = 1, max_loop = 1, cost_model = 2, mul_node = 1, progressive_sieve = 1, Find minimal time cost strategy, worst_case. 
goalbeta = 97 achieves success probability 0.999 
Find the optimized Strategy through BSSA!!
bs = (slope = -0.04744, G_BKZ = 14.21 gate, B_BKZ = 34.53 bit cum-pr = 0.00, dsvp = 0.00, dsvp_r = 138, G_dsvp = 9.42 gate, B_dsvp = 37.71 bit, G = 14.26 gate, B = 37.71 bit)
Block size strategy generated by BSSA (beta,jump,tours):{(112,  1,  1),( 72,  1,  1)}
Min Cost = 14.26 log2(sec), Memory Cost = 37.71 log(bit)
BSSA cost:36s.



"lwechallenge/75-005.txt" exists.
-------------------------
Primal attack, TU LWE challenge n=75, m=5625, alpha=0.005, q=5639 
Chose 251 samples. Predict solution at bkz-90 + svp-118. 
Initial slope = -0.067
dim = 252, dvol = 678.72747085249

After a sigma normalization,Slope = -0.066672
 Attack Estimation via simulation + probabilistic model (BSSA)
gap = 1, J = 1, J_gap = 1, max_loop = 1, cost_model = 2, mul_node = 1, progressive_sieve = 1, Find minimal time cost strategy, worst_case. 
goalbeta = 112 achieves success probability 0.999 
Find the optimized Strategy through BSSA!!
bs = (slope = -0.04365, G_BKZ = 14.75 gate, B_BKZ = 34.59 bit cum-pr = 0.00, dsvp = 0.00, dsvp_r = 149, G_dsvp = 11.94 gate, B_dsvp = 39.61 bit, G = 14.94 gate, B = 39.61 bit)
Block size strategy generated by BSSA (beta,jump,tours):{(114,  1,  1),( 77,  1,  1),( 77,  1,  1),( 77,  1,  1)}
Min Cost = 14.94 log2(sec), Memory Cost = 39.61 log(bit)
BSSA cost:70s.



"lwechallenge/40-035.txt" exists.
-------------------------
Primal attack, TU LWE challenge n=40, m=1600, alpha=0.035, q=1601 
Chose 187 samples. Predict solution at bkz-114 + svp-148. 
Initial slope = -0.06
dim = 188, dvol = 327.73882468246

After a sigma normalization,Slope = -0.059717
 Attack Estimation via simulation + probabilistic model (BSSA)
gap = 1, J = 1, J_gap = 1, max_loop = 1, cost_model = 2, mul_node = 1, progressive_sieve = 1, Find minimal time cost strategy, worst_case. 
goalbeta = 148 achieves success probability 0.999 
Find the optimized Strategy through BSSA!!
bs = (slope = -0.03618, G_BKZ = 15.07 gate, B_BKZ = 35.01 bit cum-pr = 0.00, dsvp = 0.00, dsvp_r = 167, G_dsvp = 17.05 gate, B_dsvp = 42.77 bit, G = 17.38 gate, B = 42.77 bit)
Block size strategy generated by BSSA (beta,jump,tours):{(107,  1,  1),(117,  1,  1),(119,  1,  1)}
Min Cost = 17.38 log2(sec), Memory Cost = 42.77 log(bit)
BSSA cost:88s.



"lwechallenge/40-045.txt" exists.
-------------------------
Primal attack, TU LWE challenge n=40, m=1600, alpha=0.045, q=1601 
Chose 194 samples. Predict solution at bkz-137 + svp-176. 
Initial slope = -0.057
dim = 195, dvol = 302.19936168844

After a sigma normalization,Slope = -0.056677
 Attack Estimation via simulation + probabilistic model (BSSA)
gap = 1, J = 1, J_gap = 1, max_loop = 1, cost_model = 2, mul_node = 1, progressive_sieve = 1, Find minimal time cost strategy, worst_case. 
goalbeta = 179 achieves success probability 0.999 
Find the optimized Strategy through BSSA!!
bs = (slope = -0.03268, G_BKZ = 22.54 gate, B_BKZ = 40.40 bit cum-pr = 0.00, dsvp = 0.00, dsvp_r = 195, G_dsvp = 26.36 gate, B_dsvp = 47.95 bit, G = 26.46 gate, B = 47.95 bit)
Block size strategy generated by BSSA (beta,jump,tours):{(108,  1,  1),(114,  1,  1),(117,  1,  1),(130,  1,  1),(142,  1,  1),(154,  1,  1)}
Min Cost = 26.46 log2(sec), Memory Cost = 47.95 log(bit)
BSSA cost:1.5e+02s.



"lwechallenge/45-035.txt" exists.
-------------------------
Primal attack, TU LWE challenge n=45, m=2025, alpha=0.035, q=2027 
Chose 210 samples. Predict solution at bkz-142 + svp-173. 
Initial slope = -0.056
dim = 211, dvol = 357.09956384954

After a sigma normalization,Slope = -0.056187
 Attack Estimation via simulation + probabilistic model (BSSA)
gap = 1, J = 1, J_gap = 1, max_loop = 1, cost_model = 2, mul_node = 1, progressive_sieve = 1, Find minimal time cost strategy, worst_case. 
goalbeta = 174 achieves success probability 0.999 
Find the optimized Strategy through BSSA!!
bs = (slope = -0.03233, G_BKZ = 22.78 gate, B_BKZ = 40.40 bit cum-pr = 0.01, dsvp = 0.00, dsvp_r = 193, G_dsvp = 25.55 gate, B_dsvp = 47.75 bit, G = 25.74 gate, B = 47.75 bit)
Block size strategy generated by BSSA (beta,jump,tours):{(114,  1,  1),(118,  1,  1),(127,  1,  1),(138,  1,  1),(154,  1,  1)}
Min Cost = 25.74 log2(sec), Memory Cost = 47.75 log(bit)
BSSA cost:1.7e+02s.



"lwechallenge/50-030.txt" exists.
-------------------------
Primal attack, TU LWE challenge n=50, m=2500, alpha=0.030, q=2503 
Chose 227 samples. Predict solution at bkz-146 + svp-181. 
Initial slope = -0.056
dim = 228, dvol = 400.40769158427

After a sigma normalization,Slope = -0.055556
 Attack Estimation via simulation + probabilistic model (BSSA)
gap = 1, J = 1, J_gap = 1, max_loop = 1, cost_model = 2, mul_node = 1, progressive_sieve = 1, Find minimal time cost strategy, worst_case. 
goalbeta = 181 achieves success probability 0.999 
Find the optimized Strategy through BSSA!!
bs = (slope = -0.03152, G_BKZ = 25.17 gate, B_BKZ = 41.39 bit cum-pr = 0.00, dsvp = 0.00, dsvp_r = 201, G_dsvp = 28.21 gate, B_dsvp = 49.15 bit, G = 28.38 gate, B = 49.15 bit)
Block size strategy generated by BSSA (beta,jump,tours):{(114,  1,  1),(117,  1,  1),(118,  1,  1),(123,  1,  1),(140,  1,  1),(154,  1,  1),(159,  1,  1)}
Min Cost = 28.38 log2(sec), Memory Cost = 49.15 log(bit)
BSSA cost:2.2e+02s.



"lwechallenge/55-025.txt" exists.
-------------------------
Primal attack, TU LWE challenge n=55, m=3025, alpha=0.025, q=3037 
Chose 240 samples. Predict solution at bkz-150 + svp-184. 
Initial slope = -0.056
dim = 241, dvol = 439.97692024407

After a sigma normalization,Slope = -0.056477
 Attack Estimation via simulation + probabilistic model (BSSA)
gap = 1, J = 1, J_gap = 1, max_loop = 1, cost_model = 2, mul_node = 1, progressive_sieve = 1, Find minimal time cost strategy, worst_case. 
goalbeta = 184 achieves success probability 0.999 
Find the optimized Strategy through BSSA!!
bs = (slope = -0.03104, G_BKZ = 26.49 gate, B_BKZ = 41.98 bit cum-pr = 0.00, dsvp = 0.00, dsvp_r = 204, G_dsvp = 29.30 gate, B_dsvp = 49.74 bit, G = 29.49 gate, B = 49.74 bit)
Block size strategy generated by BSSA (beta,jump,tours):{(116,  1,  1),(116,  1,  1),(117,  1,  1),(122,  1,  1),(130,  1,  1),(140,  1,  1),(141,  1,  1),(148,  1,  1),(157,  1,  1),(162,  1,  1)}
Min Cost = 29.49 log2(sec), Memory Cost = 49.74 log(bit)
BSSA cost:2.8e+02s.



"lwechallenge/60-020.txt" exists.
-------------------------
Primal attack, TU LWE challenge n=60, m=3600, alpha=0.020, q=3607 
Chose 253 samples. Predict solution at bkz-146 + svp-182. 
Initial slope = -0.056
dim = 254, dvol = 494.02531552183

After a sigma normalization,Slope = -0.056398
 Attack Estimation via simulation + probabilistic model (BSSA)
gap = 1, J = 1, J_gap = 1, max_loop = 1, cost_model = 2, mul_node = 1, progressive_sieve = 1, Find minimal time cost strategy, worst_case. 
goalbeta = 181 achieves success probability 0.999 
Find the optimized Strategy through BSSA!!
bs = (slope = -0.03098, G_BKZ = 26.05 gate, B_BKZ = 41.58 bit cum-pr = 0.01, dsvp = 0.00, dsvp_r = 201, G_dsvp = 28.37 gate, B_dsvp = 49.15 bit, G = 28.63 gate, B = 49.15 bit)
Block size strategy generated by BSSA (beta,jump,tours):{(117,  1,  1),( 76,  1,  1),(116,  1,  1),(117,  1,  1),(123,  1,  1),(129,  1,  1),(140,  1,  1),(143,  1,  1),(149,  1,  1),(156,  1,  1),(160,  1,  1)}
Min Cost = 28.63 log2(sec), Memory Cost = 49.15 log(bit)
BSSA cost:3e+02s.



"lwechallenge/65-015.txt" exists.
-------------------------
Primal attack, TU LWE challenge n=65, m=4225, alpha=0.015, q=4229 
Chose 261 samples. Predict solution at bkz-140 + svp-172. 
Initial slope = -0.058
dim = 262, dvol = 549.24128135648

After a sigma normalization,Slope = -0.057532
 Attack Estimation via simulation + probabilistic model (BSSA)
gap = 1, J = 1, J_gap = 1, max_loop = 1, cost_model = 2, mul_node = 1, progressive_sieve = 1, Find minimal time cost strategy, worst_case. 
goalbeta = 170 achieves success probability 0.999 
Find the optimized Strategy through BSSA!!
bs = (slope = -0.03150, G_BKZ = 23.61 gate, B_BKZ = 40.40 bit cum-pr = 0.02, dsvp = 0.00, dsvp_r = 191, G_dsvp = 24.93 gate, B_dsvp = 47.35 bit, G = 25.42 gate, B = 47.35 bit)
Block size strategy generated by BSSA (beta,jump,tours):{(118,  1,  1),( 77,  1,  1),( 76,  1,  1),(116,  1,  1),(117,  1,  1),(119,  1,  1),(127,  1,  1),(131,  1,  1),(140,  1,  1),(143,  1,  1),(154,  1,  1)}
Min Cost = 25.42 log2(sec), Memory Cost = 47.35 log(bit)
BSSA cost:2.7e+02s.



"lwechallenge/75-010.txt" exists.
-------------------------
Primal attack, TU LWE challenge n=75, m=5625, alpha=0.010, q=5639 
Chose 280 samples. Predict solution at bkz-137 + svp-170. 
Initial slope = -0.059
dim = 281, dvol = 637.60574731214

After a sigma normalization,Slope = -0.058740
 Attack Estimation via simulation + probabilistic model (BSSA)
gap = 1, J = 1, J_gap = 1, max_loop = 1, cost_model = 2, mul_node = 1, progressive_sieve = 1, Find minimal time cost strategy, worst_case. 
goalbeta = 166 achieves success probability 0.999 
Find the optimized Strategy through BSSA!!
bs = (slope = -0.03161, G_BKZ = 22.88 gate, B_BKZ = 39.61 bit cum-pr = 0.01, dsvp = 0.00, dsvp_r = 189, G_dsvp = 24.10 gate, B_dsvp = 46.95 bit, G = 24.61 gate, B = 46.95 bit)
Block size strategy generated by BSSA (beta,jump,tours):{(118,  1,  1),( 84,  1,  1),( 75,  1,  1),(101,  1,  1),(117,  1,  1),(117,  1,  1),(119,  1,  1),(128,  1,  1),(134,  1,  1),(140,  1,  1),(145,  1,  1),(149,  1,  1)}
Min Cost = 24.61 log2(sec), Memory Cost = 46.95 log(bit)
BSSA cost:3e+02s.



"lwechallenge/95-005.txt" exists.
-------------------------
Primal attack, TU LWE challenge n=95, m=9025, alpha=0.005, q=9029 
Chose 322 samples. Predict solution at bkz-140 + svp-169. 
Initial slope = -0.059
dim = 323, dvol = 836.94876527566

After a sigma normalization,Slope = -0.059469
 Attack Estimation via simulation + probabilistic model (BSSA)
gap = 1, J = 1, J_gap = 1, max_loop = 1, cost_model = 2, mul_node = 1, progressive_sieve = 1, Find minimal time cost strategy, worst_case. 
goalbeta = 164 achieves success probability 0.999 
Find the optimized Strategy through BSSA!!
bs = (slope = -0.03134, G_BKZ = 23.33 gate, B_BKZ = 39.42 bit cum-pr = 0.01, dsvp = 0.00, dsvp_r = 189, G_dsvp = 24.19 gate, B_dsvp = 46.95 bit, G = 24.82 gate, B = 46.95 bit)
Block size strategy generated by BSSA (beta,jump,tours):{(120,  1,  1),( 96,  1,  1),( 77,  1,  1),( 77,  1,  1),( 77,  1,  1),( 77,  1,  1),(117,  1,  1),(117,  1,  1),(118,  1,  1),(118,  1,  1),(127,  1,  1),(130,  1,  1),(140,  1,  1),(140,  1,  1),(142,  1,  1),(145,  1,  1),(148,  1,  1)}
Min Cost = 24.82 log2(sec), Memory Cost = 46.95 log(bit)
BSSA cost:4e+02s.



