"lwechallenge/40-025.txt" exists.
-------------------------
Primal attack, TU LWE challenge n=40, m=1600, alpha=0.025, q=1601 
Chose 171 samples. Predict solution at bkz-89 + svp-117. 
Initial slope = -0.0665978
dim = 172, dvol = 331.97353385059

After a sigma normalization,Slope = -0.066598
enumbs min_G_prec = 0.1
 Attack Estimation via simulation + probabilistic model (EnumBS)
beta_start= 50, gap = 1, J = 1, J_gap = 1, cost_model = 2, max_loop = 5, threads = 1, G_prec = 1.000000e-03,  slope_prec = 1.000000e-04,  progressive_sieve = 1, Find minimal time cost strategy, worst_case, practical_pnjbkz_d4f = 3, practical_pump_d4f = 3, Min G2 Strategy. 

Find the optimal Strategy through EumBS!!
bs = (slope = -6.659782e-02, G_BKZ = 0.000000e+00 sec, B_BKZ = 0.000000e+00 bit cum-pr = 0.000000e+00, dsvp = 0.000000e+00, dsvp_r = 143, G_dsvp = 1.134827e+01 sec, B_dsvp = 3.845748e+01 bit, G = 1.134882e+01 sec, B = 3.845748e+01 bit,  min_GB.first = 1.134827e+01 gate)
S(beta,jump,tours):{}
Min Cost = 11.35 log2(sec) = 0.72 h, Memory Cost = 38.46 log2(bit) = 0.04 TB 
EnumBS cost:0.043s.



"lwechallenge/45-020.txt" exists.
-------------------------
Primal attack, TU LWE challenge n=45, m=2025, alpha=0.020, q=2027 
Chose 184 samples. Predict solution at bkz-89 + svp-121. 
Initial slope = -0.066
dim = 185, dvol = 373.46589773268

After a sigma normalization,Slope = -0.065691
enumbs min_G_prec = 0.1
 Attack Estimation via simulation + probabilistic model (EnumBS)
beta_start= 50, gap = 1, J = 1, J_gap = 1, cost_model = 2, max_loop = 5, threads = 1, G_prec = 1.000000e-03,  slope_prec = 1.000000e-04,  progressive_sieve = 1, Find minimal time cost strategy, worst_case, practical_pnjbkz_d4f = 3, practical_pump_d4f = 3, Min G2 Strategy. 

Find the optimal Strategy through EumBS!!
bs = (slope = -6.569068e-02, G_BKZ = 0.000000e+00 sec, B_BKZ = 0.000000e+00 bit cum-pr = 0.000000e+00, dsvp = 0.000000e+00, dsvp_r = 150, G_dsvp = 1.317821e+01 sec, B_dsvp = 3.980996e+01 bit, G = 1.317837e+01 sec, B = 3.980996e+01 bit,  min_GB.first = 1.317821e+01 gate)
S(beta,jump,tours):{}
Min Cost = 13.18 log2(sec) = 2.57 h, Memory Cost = 39.81 log2(bit) = 0.11 TB 
EnumBS cost:0.037s.



"lwechallenge/50-015.txt" exists.
-------------------------
Primal attack, TU LWE challenge n=50, m=2500, alpha=0.015, q=2503 
Chose 193 samples. Predict solution at bkz-87 + svp-118. 
Initial slope = -0.068
dim = 194, dvol = 415.65527573918

After a sigma normalization,Slope = -0.068032
enumbs min_G_prec = 0.1
 Attack Estimation via simulation + probabilistic model (EnumBS)
beta_start= 50, gap = 1, J = 1, J_gap = 1, cost_model = 2, max_loop = 5, threads = 1, G_prec = 1.000000e-03,  slope_prec = 1.000000e-04,  progressive_sieve = 1, Find minimal time cost strategy, worst_case, practical_pnjbkz_d4f = 3, practical_pump_d4f = 3, Min G2 Strategy. 

Find the optimal Strategy through EumBS!!
bs = (slope = -5.018579e-02, G_BKZ = 1.275994e+01 sec, B_BKZ = 3.402226e+01 bit cum-pr = 8.756568e-15, dsvp = 0.000000e+00, dsvp_r = 148, G_dsvp = 1.221008e+01 sec, B_dsvp = 3.941984e+01 bit, G = 1.351105e+01 sec, B = 3.941984e+01 bit,  min_GB.first = 1.351105e+01 gate)
S(beta,jump,tours):{( 50,  1,  1),( 51,  1,  1),( 52,  1,  1),( 53,  1,  1),( 54,  1,  1)}
Min Cost = 13.51 log2(sec) = 3.24 h, Memory Cost = 39.42 log2(bit) = 0.08 TB 
EnumBS cost:0.5s.



"lwechallenge/55-010.txt" exists.
-------------------------
Primal attack, TU LWE challenge n=55, m=3025, alpha=0.010, q=3037 
Chose 204 samples. Predict solution at bkz-76 + svp-107. 
Initial slope = -0.068
dim = 205, dvol = 495.01685533394

After a sigma normalization,Slope = -0.068057
enumbs min_G_prec = 0.1
 Attack Estimation via simulation + probabilistic model (EnumBS)
beta_start= 50, gap = 1, J = 1, J_gap = 1, cost_model = 2, max_loop = 5, threads = 1, G_prec = 1.000000e-03,  slope_prec = 1.000000e-04,  progressive_sieve = 1, Find minimal time cost strategy, worst_case, practical_pnjbkz_d4f = 3, practical_pump_d4f = 3, Min G2 Strategy. 

Find the optimal Strategy through EumBS!!
bs = (slope = -5.510341e-02, G_BKZ = 1.199289e+01 sec, B_BKZ = 3.402226e+01 bit cum-pr = 5.217432e-16, dsvp = 0.000000e+00, dsvp_r = 144, G_dsvp = 1.149725e+01 sec, B_dsvp = 3.864805e+01 bit, G = 1.276625e+01 sec, B = 3.864805e+01 bit,  min_GB.first = 1.276625e+01 gate)
S(beta,jump,tours):{( 50,  1,  1),( 51,  1,  1),( 52,  1,  1)}
Min Cost = 12.77 log2(sec) = 1.94 h, Memory Cost = 38.65 log2(bit) = 0.05 TB 
EnumBS cost:0.013s.



"lwechallenge/60-010.txt" exists.
-------------------------
Primal attack, TU LWE challenge n=60, m=3600, alpha=0.010, q=3607 
Chose 221 samples. Predict solution at bkz-92 + svp-122. 
Initial slope = -0.066
dim = 222, dvol = 522.71923621791

After a sigma normalization,Slope = -0.065713
enumbs min_G_prec = 0.1
 Attack Estimation via simulation + probabilistic model (EnumBS)
beta_start= 50, gap = 1, J = 1, J_gap = 1, cost_model = 2, max_loop = 5, threads = 1, G_prec = 1.000000e-03,  slope_prec = 1.000000e-04,  progressive_sieve = 1, Find minimal time cost strategy, worst_case, practical_pnjbkz_d4f = 3, practical_pump_d4f = 3, Min G2 Strategy. 

Find the optimal Strategy through EumBS!!
bs = (slope = -4.628848e-02, G_BKZ = 1.398503e+01 sec, B_BKZ = 3.402226e+01 bit cum-pr = 2.895714e-14, dsvp = 0.000000e+00, dsvp_r = 154, G_dsvp = 1.354604e+01 sec, B_dsvp = 4.039867e+01 bit, G = 1.478216e+01 sec, B = 4.039867e+01 bit,  min_GB.first = 1.478216e+01 gate)
S(beta,jump,tours):{( 50,  1,  1),( 51,  1,  1),( 52,  1,  1),( 53,  1,  1),( 54,  1,  1),( 55,  1,  1),( 56,  1,  1),( 57,  1,  1),( 58,  1,  1),( 59,  1,  1),( 60,  1,  1)}
Min Cost = 14.78 log2(sec) = 7.83 h, Memory Cost = 40.40 log2(bit) = 0.16 TB 
EnumBS cost:1.3s.



"lwechallenge/70-005.txt" exists.
-------------------------
Primal attack, TU LWE challenge n=70, m=4900, alpha=0.005, q=4903 
Chose 234 samples. Predict solution at bkz-77 + svp-106. 
Initial slope = -0.07
dim = 235, dvol = 641.77463704427

After a sigma normalization,Slope = -0.070160
enumbs min_G_prec = 0.1
 Attack Estimation via simulation + probabilistic model (EnumBS)
beta_start= 50, gap = 1, J = 1, J_gap = 1, cost_model = 2, max_loop = 5, threads = 1, G_prec = 1.000000e-03,  slope_prec = 1.000000e-04,  progressive_sieve = 1, Find minimal time cost strategy, worst_case, practical_pnjbkz_d4f = 3, practical_pump_d4f = 3, Min G2 Strategy. 

Find the optimal Strategy through EumBS!!
bs = (slope = -5.176477e-02, G_BKZ = 1.304013e+01 sec, B_BKZ = 3.402226e+01 bit cum-pr = 1.731741e-14, dsvp = 0.000000e+00, dsvp_r = 147, G_dsvp = 1.179259e+01 sec, B_dsvp = 3.922570e+01 bit, G = 1.354720e+01 sec, B = 3.922570e+01 bit,  min_GB.first = 1.354720e+01 gate)
S(beta,jump,tours):{( 50,  1,  1),( 51,  1,  1),( 52,  1,  1),( 53,  1,  1),( 54,  1,  1),( 55,  1,  1)}
Min Cost = 13.55 log2(sec) = 3.33 h, Memory Cost = 39.23 log2(bit) = 0.07 TB 
EnumBS cost:0.53s.



"lwechallenge/75-005.txt" exists.
-------------------------
Primal attack, TU LWE challenge n=75, m=5625, alpha=0.005, q=5639 
Chose 251 samples. Predict solution at bkz-90 + svp-118. 
Initial slope = -0.067
dim = 252, dvol = 678.72747085249

After a sigma normalization,Slope = -0.066672
enumbs min_G_prec = 0.1
 Attack Estimation via simulation + probabilistic model (EnumBS)
beta_start= 50, gap = 1, J = 1, J_gap = 1, cost_model = 2, max_loop = 5, threads = 1, G_prec = 1.000000e-03,  slope_prec = 1.000000e-04,  progressive_sieve = 1, Find minimal time cost strategy, worst_case, practical_pnjbkz_d4f = 3, practical_pump_d4f = 3, Min G2 Strategy. 

Find the optimal Strategy through EumBS!!
bs = (slope = -4.552553e-02, G_BKZ = 1.449115e+01 sec, B_BKZ = 3.402226e+01 bit cum-pr = 2.294781e-13, dsvp = 0.000000e+00, dsvp_r = 153, G_dsvp = 1.326228e+01 sec, B_dsvp = 4.039867e+01 bit, G = 1.500378e+01 sec, B = 4.039867e+01 bit,  min_GB.first = 1.500378e+01 gate)
S(beta,jump,tours):{( 50,  1,  1),( 51,  1,  1),( 52,  1,  1),( 53,  1,  1),( 54,  1,  1),( 55,  1,  1),( 56,  1,  1),( 57,  1,  1),( 58,  1,  1),( 59,  1,  1),( 60,  1,  1),( 61,  1,  1),( 62,  1,  1),( 63,  1,  1),( 64,  1,  1)}
Min Cost = 15.00 log2(sec) = 9.13 h, Memory Cost = 40.40 log2(bit) = 0.16 TB 
EnumBS cost:1.6s.



"lwechallenge/40-035.txt" exists.
-------------------------
Primal attack, TU LWE challenge n=40, m=1600, alpha=0.035, q=1601 
Chose 187 samples. Predict solution at bkz-114 + svp-148. 
Initial slope = -0.06
dim = 188, dvol = 327.73882468246

After a sigma normalization,Slope = -0.059717
enumbs min_G_prec = 0.1
 Attack Estimation via simulation + probabilistic model (EnumBS)
beta_start= 50, gap = 1, J = 1, J_gap = 1, cost_model = 2, max_loop = 5, threads = 1, G_prec = 1.000000e-03,  slope_prec = 1.000000e-04,  progressive_sieve = 1, Find minimal time cost strategy, worst_case, practical_pnjbkz_d4f = 3, practical_pump_d4f = 3, Min G2 Strategy. 

Find the optimal Strategy through EumBS!!
bs = (slope = -3.608202e-02, G_BKZ = 1.763561e+01 sec, B_BKZ = 3.522640e+01 bit cum-pr = 3.942693e-04, dsvp = 0.000000e+00, dsvp_r = 167, G_dsvp = 1.704302e+01 sec, B_dsvp = 4.277495e+01 bit, G = 1.836953e+01 sec, B = 4.277495e+01 bit,  min_GB.first = 1.836953e+01 gate)
S(beta,jump,tours):{( 50,  1,  1),( 51,  1,  1),( 52,  1,  1),( 53,  1,  1),( 54,  1,  1),( 55,  1,  1),( 56,  1,  1),( 57,  1,  1),( 58,  1,  1),( 59,  1,  1),( 60,  1,  1),( 61,  1,  1),( 62,  1,  1),( 63,  1,  1),( 64,  1,  1),( 65,  1,  1),( 66,  1,  1),( 67,  1,  1),( 68,  1,  1),( 69,  1,  1),( 70,  1,  1),( 71,  1,  1),( 72,  1,  1),( 73,  1,  1),( 74,  1,  1),( 75,  1,  1),( 76,  1,  1),( 77,  1,  1),( 78,  1,  1),( 79,  1,  1),( 80,  1,  1),( 81,  1,  1),( 82,  1,  1),( 83,  1,  1),( 84,  1,  1),( 85,  1,  1),( 86,  1,  1),( 87,  1,  1),( 88,  1,  1),( 89,  1,  1),( 90,  1,  1),( 91,  1,  1),( 92,  1,  1),( 93,  1,  1),( 94,  1,  1),( 95,  1,  1),( 96,  1,  1),( 97,  1,  1),( 98,  1,  1),( 99,  1,  1),(100,  1,  1),(101,  1,  1),(102,  1,  1),(103,  1,  1),(104,  1,  1),(105,  1,  1),(121,  1,  1)}
Min Cost = 18.37 log2(sec) = 94.08 h, Memory Cost = 42.77 log2(bit) = 0.86 TB 
EnumBS cost:0.86s.



"lwechallenge/40-045.txt" exists.
-------------------------
Primal attack, TU LWE challenge n=40, m=1600, alpha=0.045, q=1601 
Chose 194 samples. Predict solution at bkz-137 + svp-176. 
Initial slope = -0.057
dim = 195, dvol = 302.19936168844

After a sigma normalization,Slope = -0.056677
enumbs min_G_prec = 0.1
 Attack Estimation via simulation + probabilistic model (EnumBS)
beta_start= 50, gap = 1, J = 1, J_gap = 1, cost_model = 2, max_loop = 5, threads = 1, G_prec = 1.000000e-03,  slope_prec = 1.000000e-04,  progressive_sieve = 1, Find minimal time cost strategy, worst_case, practical_pnjbkz_d4f = 3, practical_pump_d4f = 3, Min G2 Strategy. 

Find the optimal Strategy through EumBS!!
bs = (slope = -3.343765e-02, G_BKZ = 2.215666e+01 sec, B_BKZ = 3.864805e+01 bit cum-pr = 1.272617e-04, dsvp = 0.000000e+00, dsvp_r = 195, G_dsvp = 2.647858e+01 sec, B_dsvp = 4.795089e+01 bit, G = 2.654897e+01 sec, B = 4.795089e+01 bit,  min_GB.first = 2.654897e+01 gate)
S(beta,jump,tours):{( 50,  1,  1),( 51,  1,  1),( 52,  1,  1),( 53,  1,  1),( 54,  1,  1),( 55,  1,  1),( 56,  1,  1),( 57,  1,  1),( 58,  1,  1),( 59,  1,  1),( 60,  1,  1),( 61,  1,  1),( 62,  1,  1),( 63,  1,  1),( 64,  1,  1),( 65,  1,  1),( 66,  1,  1),( 67,  1,  1),( 68,  1,  1),( 69,  1,  1),( 70,  1,  1),( 71,  1,  1),( 72,  1,  1),( 73,  1,  1),( 74,  1,  1),( 75,  1,  1),( 76,  1,  1),( 77,  1,  1),( 78,  1,  1),( 79,  1,  1),( 80,  1,  1),( 81,  1,  1),( 82,  1,  1),( 83,  1,  1),( 84,  1,  1),( 85,  1,  1),( 86,  1,  1),( 87,  1,  1),( 88,  1,  1),( 89,  1,  1),( 90,  1,  1),( 91,  1,  1),( 92,  1,  1),( 93,  1,  1),( 94,  1,  1),( 95,  1,  1),( 96,  1,  1),( 97,  1,  1),( 98,  1,  1),( 99,  1,  1),(100,  1,  1),(101,  1,  1),(102,  1,  1),(103,  1,  1),(104,  1,  1),(105,  1,  1),(106,  1,  1),(107,  1,  1),(108,  1,  1),(109,  1,  1),(110,  1,  1),(111,  1,  1),(112,  1,  1),(113,  1,  1),(114,  1,  1),(115,  1,  1),(116,  1,  1),(117,  1,  1),(118,  1,  1),(119,  1,  1),(120,  1,  1),(121,  1,  1),(122,  1,  1),(123,  1,  1),(124,  1,  1),(125,  1,  1),(126,  1,  1),(127,  1,  1),(128,  1,  1),(129,  1,  1),(130,  1,  1),(131,  1,  1),(132,  1,  1),(133,  1,  1),(134,  1,  1),(135,  1,  1),(136,  1,  1),(137,  1,  1),(138,  1,  1),(139,  1,  1),(140,  1,  1),(141,  1,  1),(142,  1,  1),(143,  1,  1),(144,  1,  1)}
Min Cost = 26.55 log2(sec) = 27273.14 h, Memory Cost = 47.95 log2(bit) = 30.93 TB 
EnumBS cost:0.19s.



"lwechallenge/45-035.txt" exists.
-------------------------
Primal attack, TU LWE challenge n=45, m=2025, alpha=0.035, q=2027 
Chose 210 samples. Predict solution at bkz-142 + svp-173. 
Initial slope = -0.056
dim = 211, dvol = 357.09956384954

After a sigma normalization,Slope = -0.056187
enumbs min_G_prec = 0.1
 Attack Estimation via simulation + probabilistic model (EnumBS)
beta_start= 50, gap = 1, J = 1, J_gap = 1, cost_model = 2, max_loop = 5, threads = 1, G_prec = 1.000000e-03,  slope_prec = 1.000000e-04,  progressive_sieve = 1, Find minimal time cost strategy, worst_case, practical_pnjbkz_d4f = 3, practical_pump_d4f = 3, Min G2 Strategy. 

Find the optimal Strategy through EumBS!!
bs = (slope = -3.289665e-02, G_BKZ = 2.295167e+01 sec, B_BKZ = 3.903228e+01 bit cum-pr = 8.768614e-04, dsvp = 0.000000e+00, dsvp_r = 193, G_dsvp = 2.574136e+01 sec, B_dsvp = 4.775171e+01 bit, G = 2.593622e+01 sec, B = 4.775171e+01 bit,  min_GB.first = 2.593622e+01 gate)
S(beta,jump,tours):{( 50,  1,  1),( 51,  1,  1),( 52,  1,  1),( 53,  1,  1),( 54,  1,  1),( 55,  1,  1),( 56,  1,  1),( 57,  1,  1),( 58,  1,  1),( 59,  1,  1),( 60,  1,  1),( 61,  1,  1),( 62,  1,  1),( 63,  1,  1),( 64,  1,  1),( 65,  1,  1),( 66,  1,  1),( 67,  1,  1),( 68,  1,  1),( 69,  1,  1),( 70,  1,  1),( 71,  1,  1),( 72,  1,  1),( 73,  1,  1),( 74,  1,  1),( 75,  1,  1),( 76,  1,  1),( 77,  1,  1),( 78,  1,  1),( 79,  1,  1),( 80,  1,  1),( 81,  1,  1),( 82,  1,  1),( 83,  1,  1),( 84,  1,  1),( 85,  1,  1),( 86,  1,  1),( 87,  1,  1),( 88,  1,  1),( 89,  1,  1),( 90,  1,  1),( 91,  1,  1),( 92,  1,  1),( 93,  1,  1),( 94,  1,  1),( 95,  1,  1),( 96,  1,  1),( 97,  1,  1),( 98,  1,  1),( 99,  1,  1),(100,  1,  1),(101,  1,  1),(102,  1,  1),(103,  1,  1),(104,  1,  1),(105,  1,  1),(106,  1,  1),(107,  1,  1),(108,  1,  1),(109,  1,  1),(110,  1,  1),(111,  1,  1),(112,  1,  1),(113,  1,  1),(114,  1,  1),(115,  1,  1),(116,  1,  1),(117,  1,  1),(118,  1,  1),(119,  1,  1),(120,  1,  1),(121,  1,  1),(122,  1,  1),(123,  1,  1),(124,  1,  1),(125,  1,  1),(126,  1,  1),(127,  1,  1),(128,  1,  1),(129,  1,  1),(130,  1,  1),(131,  1,  1),(132,  1,  1),(133,  1,  1),(134,  1,  1),(135,  1,  1),(136,  1,  1),(137,  1,  1),(138,  1,  1),(139,  1,  1),(140,  1,  1),(141,  1,  1),(142,  1,  1),(143,  1,  1),(144,  1,  1),(145,  1,  1),(146,  1,  1)}
Min Cost = 25.94 log2(sec) = 17835.22 h, Memory Cost = 47.75 log2(bit) = 26.94 TB 
EnumBS cost:0.066s.



"lwechallenge/50-030.txt" exists.
-------------------------
Primal attack, TU LWE challenge n=50, m=2500, alpha=0.030, q=2503 
Chose 227 samples. Predict solution at bkz-146 + svp-181. 
Initial slope = -0.056
dim = 228, dvol = 400.40769158427

After a sigma normalization,Slope = -0.055556
enumbs min_G_prec = 0.1
 Attack Estimation via simulation + probabilistic model (EnumBS)
beta_start= 50, gap = 1, J = 1, J_gap = 1, cost_model = 2, max_loop = 5, threads = 1, G_prec = 1.000000e-03,  slope_prec = 1.000000e-04,  progressive_sieve = 1, Find minimal time cost strategy, worst_case, practical_pnjbkz_d4f = 3, practical_pump_d4f = 3, Min G2 Strategy. 

Find the optimal Strategy through EumBS!!
bs = (slope = -3.187832e-02, G_BKZ = 2.552863e+01 sec, B_BKZ = 4.039867e+01 bit cum-pr = 1.015819e-03, dsvp = 0.000000e+00, dsvp_r = 201, G_dsvp = 2.837900e+01 sec, B_dsvp = 4.914604e+01 bit, G = 2.856634e+01 sec, B = 4.914604e+01 bit,  min_GB.first = 2.856634e+01 gate)
S(beta,jump,tours):{( 50,  1,  1),( 51,  1,  1),( 52,  1,  1),( 53,  1,  1),( 54,  1,  1),( 55,  1,  1),( 56,  1,  1),( 57,  1,  1),( 58,  1,  1),( 59,  1,  1),( 60,  1,  1),( 61,  1,  1),( 62,  1,  1),( 63,  1,  1),( 64,  1,  1),( 65,  1,  1),( 66,  1,  1),( 67,  1,  1),( 68,  1,  1),( 69,  1,  1),( 70,  1,  1),( 71,  1,  1),( 72,  1,  1),( 73,  1,  1),( 74,  1,  1),( 75,  1,  1),( 76,  1,  1),( 77,  1,  1),( 78,  1,  1),( 79,  1,  1),( 80,  1,  1),( 81,  1,  1),( 82,  1,  1),( 83,  1,  1),( 84,  1,  1),( 85,  1,  1),( 86,  1,  1),( 87,  1,  1),( 88,  1,  1),( 89,  1,  1),( 90,  1,  1),( 91,  1,  1),( 92,  1,  1),( 93,  1,  1),( 94,  1,  1),( 95,  1,  1),( 96,  1,  1),( 97,  1,  1),( 98,  1,  1),( 99,  1,  1),(100,  1,  1),(101,  1,  1),(102,  1,  1),(103,  1,  1),(104,  1,  1),(105,  1,  1),(106,  1,  1),(107,  1,  1),(108,  1,  1),(109,  1,  1),(110,  1,  1),(111,  1,  1),(112,  1,  1),(113,  1,  1),(114,  1,  1),(115,  1,  1),(116,  1,  1),(117,  1,  1),(118,  1,  1),(119,  1,  1),(120,  1,  1),(121,  1,  1),(122,  1,  1),(123,  1,  1),(124,  1,  1),(125,  1,  1),(126,  1,  1),(127,  1,  1),(128,  1,  1),(129,  1,  1),(130,  1,  1),(131,  1,  1),(132,  1,  1),(133,  1,  1),(134,  1,  1),(135,  1,  1),(136,  1,  1),(137,  1,  1),(138,  1,  1),(139,  1,  1),(140,  1,  1),(141,  1,  1),(142,  1,  1),(143,  1,  1),(144,  1,  1),(145,  1,  1),(146,  1,  1),(147,  1,  1),(148,  1,  1),(149,  1,  1),(150,  1,  1),(151,  1,  1),(152,  1,  1),(153,  1,  1),(154,  1,  1)}
Min Cost = 28.57 log2(sec) = 110413.34 h, Memory Cost = 49.15 log2(bit) = 70.82 TB 
EnumBS cost:0.07s.



"lwechallenge/55-025.txt" exists.
-------------------------
Primal attack, TU LWE challenge n=55, m=3025, alpha=0.025, q=3037 
Chose 240 samples. Predict solution at bkz-150 + svp-184. 
Initial slope = -0.056
dim = 241, dvol = 439.97692024407

After a sigma normalization,Slope = -0.056477
enumbs min_G_prec = 0.1
 Attack Estimation via simulation + probabilistic model (EnumBS)
beta_start= 50, gap = 1, J = 1, J_gap = 1, cost_model = 2, max_loop = 5, threads = 1, G_prec = 1.000000e-03,  slope_prec = 1.000000e-04,  progressive_sieve = 1, Find minimal time cost strategy, worst_case, practical_pnjbkz_d4f = 3, practical_pump_d4f = 3, Min G2 Strategy. 

Find the optimal Strategy through EumBS!!
bs = (slope = -3.123487e-02, G_BKZ = 2.724856e+01 sec, B_BKZ = 4.138599e+01 bit cum-pr = 2.433999e-03, dsvp = 0.000000e+00, dsvp_r = 204, G_dsvp = 2.940304e+01 sec, B_dsvp = 4.974363e+01 bit, G = 2.969536e+01 sec, B = 4.974363e+01 bit,  min_GB.first = 2.969536e+01 gate)
S(beta,jump,tours):{( 50,  1,  1),( 51,  1,  1),( 52,  1,  1),( 53,  1,  1),( 54,  1,  1),( 55,  1,  1),( 56,  1,  1),( 57,  1,  1),( 58,  1,  1),( 59,  1,  1),( 60,  1,  1),( 61,  1,  1),( 62,  1,  1),( 63,  1,  1),( 64,  1,  1),( 65,  1,  1),( 66,  1,  1),( 67,  1,  1),( 68,  1,  1),( 69,  1,  1),( 70,  1,  1),( 71,  1,  1),( 72,  1,  1),( 73,  1,  1),( 74,  1,  1),( 75,  1,  1),( 76,  1,  1),( 77,  1,  1),( 78,  1,  1),( 79,  1,  1),( 80,  1,  1),( 81,  1,  1),( 82,  1,  1),( 83,  1,  1),( 84,  1,  1),( 85,  1,  1),( 86,  1,  1),( 87,  1,  1),( 88,  1,  1),( 89,  1,  1),( 90,  1,  1),( 91,  1,  1),( 92,  1,  1),( 93,  1,  1),( 94,  1,  1),( 95,  1,  1),( 96,  1,  1),( 97,  1,  1),( 98,  1,  1),( 99,  1,  1),(100,  1,  1),(101,  1,  1),(102,  1,  1),(103,  1,  1),(104,  1,  1),(105,  1,  1),(106,  1,  1),(107,  1,  1),(108,  1,  1),(109,  1,  1),(110,  1,  1),(111,  1,  1),(112,  1,  1),(113,  1,  1),(114,  1,  1),(115,  1,  1),(116,  1,  1),(117,  1,  1),(118,  1,  1),(119,  1,  1),(120,  1,  1),(121,  1,  1),(122,  1,  1),(123,  1,  1),(124,  1,  1),(125,  1,  1),(126,  1,  1),(127,  1,  1),(128,  1,  1),(129,  1,  1),(130,  1,  1),(131,  1,  1),(132,  1,  1),(133,  1,  1),(134,  1,  1),(135,  1,  1),(136,  1,  1),(137,  1,  1),(138,  1,  1),(139,  1,  1),(140,  1,  1),(141,  1,  1),(142,  1,  1),(143,  1,  1),(144,  1,  1),(145,  1,  1),(146,  1,  1),(147,  1,  1),(148,  1,  1),(149,  1,  1),(150,  1,  1),(151,  1,  1),(152,  1,  1),(153,  1,  1),(154,  1,  1),(155,  1,  1),(156,  1,  1),(157,  1,  1),(158,  1,  1),(159,  1,  1)}
Min Cost = 29.70 log2(sec) = 241486.36 h, Memory Cost = 49.74 log2(bit) = 107.16 TB 
EnumBS cost:0.044s.



"lwechallenge/60-020.txt" exists.
-------------------------
Primal attack, TU LWE challenge n=60, m=3600, alpha=0.020, q=3607 
Chose 253 samples. Predict solution at bkz-146 + svp-182. 
Initial slope = -0.056
dim = 254, dvol = 494.02531552183

After a sigma normalization,Slope = -0.056398
enumbs min_G_prec = 0.1
 Attack Estimation via simulation + probabilistic model (EnumBS)
beta_start= 50, gap = 1, J = 1, J_gap = 1, cost_model = 2, max_loop = 5, threads = 1, G_prec = 1.000000e-03,  slope_prec = 1.000000e-04,  progressive_sieve = 1, Find minimal time cost strategy, worst_case, practical_pnjbkz_d4f = 3, practical_pump_d4f = 3, Min G2 Strategy. 

Find the optimal Strategy through EumBS!!
bs = (slope = -3.125676e-02, G_BKZ = 2.643373e+01 sec, B_BKZ = 4.079287e+01 bit cum-pr = 1.799697e-03, dsvp = 0.000000e+00, dsvp_r = 202, G_dsvp = 2.859594e+01 sec, B_dsvp = 4.934524e+01 bit, G = 2.888685e+01 sec, B = 4.934524e+01 bit,  min_GB.first = 2.888685e+01 gate)
S(beta,jump,tours):{( 50,  1,  1),( 51,  1,  1),( 52,  1,  1),( 53,  1,  1),( 54,  1,  1),( 55,  1,  1),( 56,  1,  1),( 57,  1,  1),( 58,  1,  1),( 59,  1,  1),( 60,  1,  1),( 61,  1,  1),( 62,  1,  1),( 63,  1,  1),( 64,  1,  1),( 65,  1,  1),( 66,  1,  1),( 67,  1,  1),( 68,  1,  1),( 69,  1,  1),( 70,  1,  1),( 71,  1,  1),( 72,  1,  1),( 73,  1,  1),( 74,  1,  1),( 75,  1,  1),( 76,  1,  1),( 77,  1,  1),( 78,  1,  1),( 79,  1,  1),( 80,  1,  1),( 81,  1,  1),( 82,  1,  1),( 83,  1,  1),( 84,  1,  1),( 85,  1,  1),( 86,  1,  1),( 87,  1,  1),( 88,  1,  1),( 89,  1,  1),( 90,  1,  1),( 91,  1,  1),( 92,  1,  1),( 93,  1,  1),( 94,  1,  1),( 95,  1,  1),( 96,  1,  1),( 97,  1,  1),( 98,  1,  1),( 99,  1,  1),(100,  1,  1),(101,  1,  1),(102,  1,  1),(103,  1,  1),(104,  1,  1),(105,  1,  1),(106,  1,  1),(107,  1,  1),(108,  1,  1),(109,  1,  1),(110,  1,  1),(111,  1,  1),(112,  1,  1),(113,  1,  1),(114,  1,  1),(115,  1,  1),(116,  1,  1),(117,  1,  1),(118,  1,  1),(119,  1,  1),(120,  1,  1),(121,  1,  1),(122,  1,  1),(123,  1,  1),(124,  1,  1),(125,  1,  1),(126,  1,  1),(127,  1,  1),(128,  1,  1),(129,  1,  1),(130,  1,  1),(131,  1,  1),(132,  1,  1),(133,  1,  1),(134,  1,  1),(135,  1,  1),(136,  1,  1),(137,  1,  1),(138,  1,  1),(139,  1,  1),(140,  1,  1),(141,  1,  1),(142,  1,  1),(143,  1,  1),(144,  1,  1),(145,  1,  1),(146,  1,  1),(147,  1,  1),(148,  1,  1),(149,  1,  1),(150,  1,  1),(151,  1,  1),(152,  1,  1),(153,  1,  1),(154,  1,  1),(155,  1,  1),(156,  1,  1)}
Min Cost = 28.89 log2(sec) = 137881.28 h, Memory Cost = 49.35 log2(bit) = 81.30 TB 
EnumBS cost:0.088s.



"lwechallenge/65-015.txt" exists.
-------------------------
Primal attack, TU LWE challenge n=65, m=4225, alpha=0.015, q=4229 
Chose 261 samples. Predict solution at bkz-140 + svp-172. 
Initial slope = -0.058
dim = 262, dvol = 549.24128135648

After a sigma normalization,Slope = -0.057532
enumbs min_G_prec = 0.1
 Attack Estimation via simulation + probabilistic model (EnumBS)
beta_start= 50, gap = 1, J = 1, J_gap = 1, cost_model = 2, max_loop = 5, threads = 1, G_prec = 1.000000e-03,  slope_prec = 1.000000e-04,  progressive_sieve = 1, Find minimal time cost strategy, worst_case, practical_pnjbkz_d4f = 3, practical_pump_d4f = 3, Min G2 Strategy. 

Find the optimal Strategy through EumBS!!
bs = (slope = -3.200637e-02, G_BKZ = 2.361672e+01 sec, B_BKZ = 3.903228e+01 bit cum-pr = 1.227084e-03, dsvp = 0.000000e+00, dsvp_r = 192, G_dsvp = 2.539562e+01 sec, B_dsvp = 4.755252e+01 bit, G = 2.576456e+01 sec, B = 4.755252e+01 bit,  min_GB.first = 2.576456e+01 gate)
S(beta,jump,tours):{( 50,  1,  1),( 51,  1,  1),( 52,  1,  1),( 53,  1,  1),( 54,  1,  1),( 55,  1,  1),( 56,  1,  1),( 57,  1,  1),( 58,  1,  1),( 59,  1,  1),( 60,  1,  1),( 61,  1,  1),( 62,  1,  1),( 63,  1,  1),( 64,  1,  1),( 65,  1,  1),( 66,  1,  1),( 67,  1,  1),( 68,  1,  1),( 69,  1,  1),( 70,  1,  1),( 71,  1,  1),( 72,  1,  1),( 73,  1,  1),( 74,  1,  1),( 75,  1,  1),( 76,  1,  1),( 77,  1,  1),( 78,  1,  1),( 79,  1,  1),( 80,  1,  1),( 81,  1,  1),( 82,  1,  1),( 83,  1,  1),( 84,  1,  1),( 85,  1,  1),( 86,  1,  1),( 87,  1,  1),( 88,  1,  1),( 89,  1,  1),( 90,  1,  1),( 91,  1,  1),( 92,  1,  1),( 93,  1,  1),( 94,  1,  1),( 95,  1,  1),( 96,  1,  1),( 97,  1,  1),( 98,  1,  1),( 99,  1,  1),(100,  1,  1),(101,  1,  1),(102,  1,  1),(103,  1,  1),(104,  1,  1),(105,  1,  1),(106,  1,  1),(107,  1,  1),(108,  1,  1),(109,  1,  1),(110,  1,  1),(111,  1,  1),(112,  1,  1),(113,  1,  1),(114,  1,  1),(115,  1,  1),(116,  1,  1),(117,  1,  1),(118,  1,  1),(119,  1,  1),(120,  1,  1),(121,  1,  1),(122,  1,  1),(123,  1,  1),(124,  1,  1),(125,  1,  1),(126,  1,  1),(127,  1,  1),(128,  1,  1),(129,  1,  1),(130,  1,  1),(131,  1,  1),(132,  1,  1),(133,  1,  1),(134,  1,  1),(135,  1,  1),(136,  1,  1),(137,  1,  1),(138,  1,  1),(139,  1,  1),(140,  1,  1),(141,  1,  1),(142,  1,  1),(143,  1,  1),(144,  1,  1),(145,  1,  1),(146,  1,  1)}
Min Cost = 25.76 log2(sec) = 15834.43 h, Memory Cost = 47.55 log2(bit) = 23.47 TB 
EnumBS cost:0.28s.



"lwechallenge/75-010.txt" exists.
-------------------------
Primal attack, TU LWE challenge n=75, m=5625, alpha=0.010, q=5639 
Chose 280 samples. Predict solution at bkz-137 + svp-170. 
Initial slope = -0.059
dim = 281, dvol = 637.60574731214

After a sigma normalization,Slope = -0.058740
enumbs min_G_prec = 0.1
 Attack Estimation via simulation + probabilistic model (EnumBS)
beta_start= 50, gap = 1, J = 1, J_gap = 1, cost_model = 2, max_loop = 5, threads = 1, G_prec = 1.000000e-03,  slope_prec = 1.000000e-04,  progressive_sieve = 1, Find minimal time cost strategy, worst_case, practical_pnjbkz_d4f = 3, practical_pump_d4f = 3, Min G2 Strategy. 

Find the optimal Strategy through EumBS!!
bs = (slope = -3.196056e-02, G_BKZ = 2.329811e+01 sec, B_BKZ = 3.864805e+01 bit cum-pr = 1.552240e-03, dsvp = 0.000000e+00, dsvp_r = 190, G_dsvp = 2.449836e+01 sec, B_dsvp = 4.715416e+01 bit, G = 2.501961e+01 sec, B = 4.715416e+01 bit,  min_GB.first = 2.501961e+01 gate)
S(beta,jump,tours):{( 50,  1,  1),( 51,  1,  1),( 52,  1,  1),( 53,  1,  1),( 54,  1,  1),( 55,  1,  1),( 56,  1,  1),( 57,  1,  1),( 58,  1,  1),( 59,  1,  1),( 60,  1,  1),( 61,  1,  1),( 62,  1,  1),( 63,  1,  1),( 64,  1,  1),( 65,  1,  1),( 66,  1,  1),( 67,  1,  1),( 68,  1,  1),( 69,  1,  1),( 70,  1,  1),( 71,  1,  1),( 72,  1,  1),( 73,  1,  1),( 74,  1,  1),( 75,  1,  1),( 76,  1,  1),( 77,  1,  1),( 78,  1,  1),( 79,  1,  1),( 80,  1,  1),( 81,  1,  1),( 82,  1,  1),( 83,  1,  1),( 84,  1,  1),( 85,  1,  1),( 86,  1,  1),( 87,  1,  1),( 88,  1,  1),( 89,  1,  1),( 90,  1,  1),( 91,  1,  1),( 92,  1,  1),( 93,  1,  1),( 94,  1,  1),( 95,  1,  1),( 96,  1,  1),( 97,  1,  1),( 98,  1,  1),( 99,  1,  1),(100,  1,  1),(101,  1,  1),(102,  1,  1),(103,  1,  1),(104,  1,  1),(105,  1,  1),(106,  1,  1),(107,  1,  1),(108,  1,  1),(109,  1,  1),(110,  1,  1),(111,  1,  1),(112,  1,  1),(113,  1,  1),(114,  1,  1),(115,  1,  1),(116,  1,  1),(117,  1,  1),(118,  1,  1),(119,  1,  1),(120,  1,  1),(121,  1,  1),(122,  1,  1),(123,  1,  1),(124,  1,  1),(125,  1,  1),(126,  1,  1),(127,  1,  1),(128,  1,  1),(129,  1,  1),(130,  1,  1),(131,  1,  1),(132,  1,  1),(133,  1,  1),(134,  1,  1),(135,  1,  1),(136,  1,  1),(137,  1,  1),(138,  1,  1),(139,  1,  1),(140,  1,  1),(141,  1,  1),(142,  1,  1),(143,  1,  1),(144,  1,  1)}
Min Cost = 25.02 log2(sec) = 9448.26 h, Memory Cost = 47.15 log2(bit) = 17.80 TB 
EnumBS cost:0.24s.



"lwechallenge/95-005.txt" exists.
-------------------------
Primal attack, TU LWE challenge n=95, m=9025, alpha=0.005, q=9029 
Chose 322 samples. Predict solution at bkz-140 + svp-169. 
Initial slope = -0.059
dim = 323, dvol = 836.94876527566

After a sigma normalization,Slope = -0.059469
enumbs min_G_prec = 0.1
 Attack Estimation via simulation + probabilistic model (EnumBS)
beta_start= 50, gap = 1, J = 1, J_gap = 1, cost_model = 2, max_loop = 5, threads = 1, G_prec = 1.000000e-03,  slope_prec = 1.000000e-04,  progressive_sieve = 1, Find minimal time cost strategy, worst_case, practical_pnjbkz_d4f = 3, practical_pump_d4f = 3, Min G2 Strategy. 

Find the optimal Strategy through EumBS!!
bs = (slope = -3.152576e-02, G_BKZ = 2.388666e+01 sec, B_BKZ = 3.883970e+01 bit cum-pr = 2.258525e-03, dsvp = 0.000000e+00, dsvp_r = 190, G_dsvp = 2.447911e+01 sec, B_dsvp = 4.715416e+01 bit, G = 2.521309e+01 sec, B = 4.715416e+01 bit,  min_GB.first = 2.521309e+01 gate)
S(beta,jump,tours):{( 50,  1,  1),( 51,  1,  1),( 52,  1,  1),( 53,  1,  1),( 54,  1,  1),( 55,  1,  1),( 56,  1,  1),( 57,  1,  1),( 58,  1,  1),( 59,  1,  1),( 60,  1,  1),( 61,  1,  1),( 62,  1,  1),( 63,  1,  1),( 64,  1,  1),( 65,  1,  1),( 66,  1,  1),( 67,  1,  1),( 68,  1,  1),( 69,  1,  1),( 70,  1,  1),( 71,  1,  1),( 72,  1,  1),( 73,  1,  1),( 74,  1,  1),( 75,  1,  1),( 76,  1,  1),( 77,  1,  1),( 78,  1,  1),( 79,  1,  1),( 80,  1,  1),( 81,  1,  1),( 82,  1,  1),( 83,  1,  1),( 84,  1,  1),( 85,  1,  1),( 86,  1,  1),( 87,  1,  1),( 88,  1,  1),( 89,  1,  1),( 90,  1,  1),( 91,  1,  1),( 92,  1,  1),( 93,  1,  1),( 94,  1,  1),( 95,  1,  1),( 96,  1,  1),( 97,  1,  1),( 98,  1,  1),( 99,  1,  1),(100,  1,  1),(101,  1,  1),(102,  1,  1),(103,  1,  1),(104,  1,  1),(105,  1,  1),(106,  1,  1),(107,  1,  1),(108,  1,  1),(109,  1,  1),(110,  1,  1),(111,  1,  1),(112,  1,  1),(113,  1,  1),(114,  1,  1),(115,  1,  1),(116,  1,  1),(117,  1,  1),(118,  1,  1),(119,  1,  1),(120,  1,  1),(121,  1,  1),(122,  1,  1),(123,  1,  1),(124,  1,  1),(125,  1,  1),(126,  1,  1),(127,  1,  1),(128,  1,  1),(129,  1,  1),(130,  1,  1),(131,  1,  1),(132,  1,  1),(133,  1,  1),(134,  1,  1),(135,  1,  1),(136,  1,  1),(137,  1,  1),(138,  1,  1),(139,  1,  1),(140,  1,  1),(141,  1,  1),(142,  1,  1),(143,  1,  1),(144,  1,  1),(145,  1,  1)}
Min Cost = 25.21 log2(sec) = 10804.22 h, Memory Cost = 47.15 log2(bit) = 17.80 TB 
EnumBS cost:0.13s.



