"lwechallenge/40-025.txt" exists.
-------------------------
Primal attack, TU LWE challenge n=40, m=1600, alpha=0.025, q=1601 
Chose 171 samples. Predict solution at bkz-89 + svp-117. 
Initial slope = -0.0665978
dim = 172, dvol = 331.97353385059

After a sigma normalization,Slope = -0.066598
 Attack Estimation via simulation + probabilistic model (BSSA)
gap = 1, J = 8, J_gap = 1, max_loop = 5, cost_model = 2, mul_node = 1, progressive_sieve = 1, max_RAM = 1000.000000
worst_case. 
Find the optimized Strategy through BSSA!!
bs = (G_BKZ = 10.39 gate, B_BKZ = 34.25 bit cum-pr = 0.01, dsvp = 0.00, dsvp_r = 140, G_dsvp = 9.77 gate, B_dsvp = 37.89 bit, G = 11.11 gate, B = 37.89 bit)
Block size strategy generated by BSSA (beta,jump,tours):{(104,  8,  2)}
Min Cost = 11.11 log2(sec), Memory Cost = 37.89 log(bit)
BSSA cost:58s.



"lwechallenge/45-020.txt" exists.
-------------------------
Primal attack, TU LWE challenge n=45, m=2025, alpha=0.020, q=2027 
Chose 184 samples. Predict solution at bkz-89 + svp-121. 
Initial slope = -0.066
dim = 185, dvol = 373.46589773268

After a sigma normalization,Slope = -0.065691
 Attack Estimation via simulation + probabilistic model (BSSA)
gap = 1, J = 8, J_gap = 1, max_loop = 5, cost_model = 2, mul_node = 1, progressive_sieve = 1, max_RAM = 1000.000000
worst_case. 
Find the optimized Strategy through BSSA!!
bs = (G_BKZ = 11.17 gate, B_BKZ = 34.33 bit cum-pr = 0.01, dsvp = 0.00, dsvp_r = 143, G_dsvp = 10.45 gate, B_dsvp = 38.46 bit, G = 11.86 gate, B = 38.46 bit)
Block size strategy generated by BSSA (beta,jump,tours):{( 97,  8,  2),(107,  8,  1)}
Min Cost = 11.86 log2(sec), Memory Cost = 38.46 log(bit)
BSSA cost:1.2e+02s.



"lwechallenge/50-015.txt" exists.
-------------------------
Primal attack, TU LWE challenge n=50, m=2500, alpha=0.015, q=2503 
Chose 193 samples. Predict solution at bkz-87 + svp-118. 
Initial slope = -0.068
dim = 194, dvol = 415.65527573918

After a sigma normalization,Slope = -0.068032
 Attack Estimation via simulation + probabilistic model (BSSA)
gap = 1, J = 8, J_gap = 1, max_loop = 5, cost_model = 2, mul_node = 1, progressive_sieve = 1, max_RAM = 1000.000000
worst_case. 
Find the optimized Strategy through BSSA!!
bs = (G_BKZ = 11.38 gate, B_BKZ = 34.53 bit cum-pr = 0.05, dsvp = 0.00, dsvp_r = 142, G_dsvp = 10.24 gate, B_dsvp = 38.27 bit, G = 11.92 gate, B = 38.27 bit)
Block size strategy generated by BSSA (beta,jump,tours):{(112,  8,  2)}
Min Cost = 11.92 log2(sec), Memory Cost = 38.27 log(bit)
BSSA cost:1.2e+02s.



"lwechallenge/55-010.txt" exists.
-------------------------
Primal attack, TU LWE challenge n=55, m=3025, alpha=0.010, q=3037 
Chose 204 samples. Predict solution at bkz-76 + svp-107. 
Initial slope = -0.068
dim = 205, dvol = 495.01685533394

After a sigma normalization,Slope = -0.068057
 Attack Estimation via simulation + probabilistic model (BSSA)
gap = 1, J = 8, J_gap = 1, max_loop = 5, cost_model = 2, mul_node = 1, progressive_sieve = 1, max_RAM = 1000.000000
worst_case. 
Find the optimized Strategy through BSSA!!
bs = (G_BKZ = 10.95 gate, B_BKZ = 34.13 bit cum-pr = 0.00, dsvp = 0.00, dsvp_r = 137, G_dsvp = 9.25 gate, B_dsvp = 37.53 bit, G = 11.34 gate, B = 37.53 bit)
Block size strategy generated by BSSA (beta,jump,tours):{( 89,  8,  3)}
Min Cost = 11.34 log2(sec), Memory Cost = 37.53 log(bit)
BSSA cost:48s.



"lwechallenge/60-010.txt" exists.
-------------------------
Primal attack, TU LWE challenge n=60, m=3600, alpha=0.010, q=3607 
Chose 221 samples. Predict solution at bkz-92 + svp-122. 
Initial slope = -0.066
dim = 222, dvol = 522.71923621791

After a sigma normalization,Slope = -0.065713
 Attack Estimation via simulation + probabilistic model (BSSA)
gap = 1, J = 8, J_gap = 1, max_loop = 5, cost_model = 2, mul_node = 1, progressive_sieve = 1, max_RAM = 1000.000000
worst_case. 
Find the optimized Strategy through BSSA!!
bs = (G_BKZ = 12.51 gate, B_BKZ = 34.59 bit cum-pr = 0.04, dsvp = 0.00, dsvp_r = 146, G_dsvp = 11.03 gate, B_dsvp = 39.03 bit, G = 12.95 gate, B = 39.03 bit)
Block size strategy generated by BSSA (beta,jump,tours):{(113,  8,  3)}
Min Cost = 12.95 log2(sec), Memory Cost = 39.03 log(bit)
BSSA cost:2e+02s.



"lwechallenge/70-005.txt" exists.
-------------------------
Primal attack, TU LWE challenge n=70, m=4900, alpha=0.005, q=4903 
Chose 234 samples. Predict solution at bkz-77 + svp-106. 
Initial slope = -0.07
dim = 235, dvol = 641.77463704427

After a sigma normalization,Slope = -0.070160
 Attack Estimation via simulation + probabilistic model (BSSA)
gap = 1, J = 8, J_gap = 1, max_loop = 5, cost_model = 2, mul_node = 1, progressive_sieve = 1, max_RAM = 1000.000000
worst_case. 
Find the optimized Strategy through BSSA!!
bs = (G_BKZ = 11.88 gate, B_BKZ = 34.13 bit cum-pr = 0.00, dsvp = 0.00, dsvp_r = 140, G_dsvp = 9.90 gate, B_dsvp = 37.89 bit, G = 12.20 gate, B = 37.89 bit)
Block size strategy generated by BSSA (beta,jump,tours):{( 90,  8,  4)}
Min Cost = 12.20 log2(sec), Memory Cost = 37.89 log(bit)
BSSA cost:58s.



"lwechallenge/75-005.txt" exists.
-------------------------
Primal attack, TU LWE challenge n=75, m=5625, alpha=0.005, q=5639 
Chose 251 samples. Predict solution at bkz-90 + svp-118. 
Initial slope = -0.067
dim = 252, dvol = 678.72747085249

After a sigma normalization,Slope = -0.066672
 Attack Estimation via simulation + probabilistic model (BSSA)
gap = 1, J = 8, J_gap = 1, max_loop = 5, cost_model = 2, mul_node = 1, progressive_sieve = 1, max_RAM = 1000.000000
worst_case. 
Find the optimized Strategy through BSSA!!
bs = (G_BKZ = 13.01 gate, B_BKZ = 34.75 bit cum-pr = 0.03, dsvp = 0.00, dsvp_r = 147, G_dsvp = 11.14 gate, B_dsvp = 39.23 bit, G = 13.36 gate, B = 39.23 bit)
Block size strategy generated by BSSA (beta,jump,tours):{(116,  8,  3)}
Min Cost = 13.36 log2(sec), Memory Cost = 39.23 log(bit)
BSSA cost:1.8e+02s.



"lwechallenge/40-035.txt" exists.
-------------------------
Primal attack, TU LWE challenge n=40, m=1600, alpha=0.035, q=1601 
Chose 187 samples. Predict solution at bkz-114 + svp-148. 
Initial slope = -0.06
dim = 188, dvol = 327.73882468246

After a sigma normalization,Slope = -0.059717
 Attack Estimation via simulation + probabilistic model (BSSA)
gap = 1, J = 8, J_gap = 1, max_loop = 5, cost_model = 2, mul_node = 1, progressive_sieve = 1, max_RAM = 1000.000000
worst_case. 
Find the optimized Strategy through BSSA!!
bs = (G_BKZ = 14.85 gate, B_BKZ = 35.87 bit cum-pr = 0.01, dsvp = 0.00, dsvp_r = 167, G_dsvp = 16.81 gate, B_dsvp = 42.77 bit, G = 17.14 gate, B = 42.77 bit)
Block size strategy generated by BSSA (beta,jump,tours):{(106,  8,  2),(115,  4,  1),(119,  4,  1),(127,  2,  1)}
Min Cost = 17.14 log2(sec), Memory Cost = 42.77 log(bit)
BSSA cost:1.8e+02s.



"lwechallenge/40-045.txt" exists.
-------------------------
Primal attack, TU LWE challenge n=40, m=1600, alpha=0.045, q=1601 
Chose 194 samples. Predict solution at bkz-137 + svp-176. 
Initial slope = -0.057
dim = 195, dvol = 302.19936168844

After a sigma normalization,Slope = -0.056677
 Attack Estimation via simulation + probabilistic model (BSSA)
gap = 1, J = 8, J_gap = 1, max_loop = 5, cost_model = 2, mul_node = 1, progressive_sieve = 1, max_RAM = 1000.000000
worst_case. 
Find the optimized Strategy through BSSA!!
bs = (G_BKZ = 21.46 gate, B_BKZ = 40.40 bit cum-pr = 0.00, dsvp = 0.00, dsvp_r = 195, G_dsvp = 26.38 gate, B_dsvp = 47.95 bit, G = 26.42 gate, B = 47.95 bit)
Block size strategy generated by BSSA (beta,jump,tours):{(106,  8,  2),(117,  4,  1),(128,  4,  1),(141,  4,  1),(154,  2,  1)}
Min Cost = 26.42 log2(sec), Memory Cost = 47.95 log(bit)
BSSA cost:2.5e+02s.



"lwechallenge/45-035.txt" exists.
-------------------------
Primal attack, TU LWE challenge n=45, m=2025, alpha=0.035, q=2027 
Chose 210 samples. Predict solution at bkz-142 + svp-173. 
Initial slope = -0.056
dim = 211, dvol = 357.09956384954

After a sigma normalization,Slope = -0.056187
 Attack Estimation via simulation + probabilistic model (BSSA)
gap = 1, J = 8, J_gap = 1, max_loop = 5, cost_model = 2, mul_node = 1, progressive_sieve = 1, max_RAM = 1000.000000
worst_case. 
Find the optimized Strategy through BSSA!!
bs = (G_BKZ = 22.20 gate, B_BKZ = 40.60 bit cum-pr = 0.01, dsvp = 0.00, dsvp_r = 193, G_dsvp = 25.51 gate, B_dsvp = 47.75 bit, G = 25.65 gate, B = 47.75 bit)
Block size strategy generated by BSSA (beta,jump,tours):{(107,  8,  2),(115,  4,  1),(119,  4,  1),(127,  2,  1),(135,  2,  1),(142,  2,  1),(155,  2,  1)}
Min Cost = 25.65 log2(sec), Memory Cost = 47.75 log(bit)
BSSA cost:3e+02s.



"lwechallenge/50-030.txt" exists.
-------------------------
Primal attack, TU LWE challenge n=50, m=2500, alpha=0.030, q=2503 
Chose 227 samples. Predict solution at bkz-146 + svp-181. 
Initial slope = -0.056
dim = 228, dvol = 400.40769158427

After a sigma normalization,Slope = -0.055556
 Attack Estimation via simulation + probabilistic model (BSSA)
gap = 1, J = 8, J_gap = 1, max_loop = 5, cost_model = 2, mul_node = 1, progressive_sieve = 1, max_RAM = 1000.000000
worst_case. 
Find the optimized Strategy through BSSA!!
bs = (G_BKZ = 25.04 gate, B_BKZ = 41.98 bit cum-pr = 0.01, dsvp = 0.00, dsvp_r = 201, G_dsvp = 28.13 gate, B_dsvp = 49.15 bit, G = 28.29 gate, B = 49.15 bit)
Block size strategy generated by BSSA (beta,jump,tours):{( 91,  8,  3),(115,  4,  2),(118,  2,  1),(127,  2,  1),(140,  2,  1),(144,  2,  1),(151,  2,  1),(162,  2,  1)}
Min Cost = 28.29 log2(sec), Memory Cost = 49.15 log(bit)
BSSA cost:3.8e+02s.



"lwechallenge/55-025.txt" exists.
-------------------------
Primal attack, TU LWE challenge n=55, m=3025, alpha=0.025, q=3037 
Chose 240 samples. Predict solution at bkz-150 + svp-184. 
Initial slope = -0.056
dim = 241, dvol = 439.97692024407

After a sigma normalization,Slope = -0.056477
 Attack Estimation via simulation + probabilistic model (BSSA)
gap = 1, J = 8, J_gap = 1, max_loop = 5, cost_model = 2, mul_node = 1, progressive_sieve = 1, max_RAM = 1000.000000
worst_case. 
Find the optimized Strategy through BSSA!!
bs = (G_BKZ = 26.73 gate, B_BKZ = 42.77 bit cum-pr = 0.02, dsvp = 0.00, dsvp_r = 204, G_dsvp = 29.10 gate, B_dsvp = 49.74 bit, G = 29.35 gate, B = 49.74 bit)
Block size strategy generated by BSSA (beta,jump,tours):{(107,  8,  3),(117,  4,  1),(118,  4,  1),(120,  2,  1),(131,  4,  1),(140,  2,  1),(146,  2,  1),(150,  2,  1),(157,  2,  1),(167,  2,  1)}
Min Cost = 29.35 log2(sec), Memory Cost = 49.74 log(bit)
BSSA cost:4.4e+02s.



"lwechallenge/60-020.txt" exists.
-------------------------
Primal attack, TU LWE challenge n=60, m=3600, alpha=0.020, q=3607 
Chose 253 samples. Predict solution at bkz-146 + svp-182. 
Initial slope = -0.056
dim = 254, dvol = 494.02531552183

After a sigma normalization,Slope = -0.056398
 Attack Estimation via simulation + probabilistic model (BSSA)
gap = 1, J = 8, J_gap = 1, max_loop = 5, cost_model = 2, mul_node = 1, progressive_sieve = 1, max_RAM = 1000.000000
worst_case. 
Find the optimized Strategy through BSSA!!
bs = (G_BKZ = 25.93 gate, B_BKZ = 42.18 bit cum-pr = 0.02, dsvp = 0.00, dsvp_r = 201, G_dsvp = 28.23 gate, B_dsvp = 49.15 bit, G = 28.50 gate, B = 49.15 bit)
Block size strategy generated by BSSA (beta,jump,tours):{(107,  8,  3),(117,  4,  2),(120,  4,  1),(130,  4,  1),(130,  2,  1),(140,  2,  1),(141,  2,  1),(148,  2,  1),(157,  2,  1),(163,  2,  1)}
Min Cost = 28.50 log2(sec), Memory Cost = 49.15 log(bit)
BSSA cost:4.7e+02s.



"lwechallenge/65-015.txt" exists.
-------------------------
Primal attack, TU LWE challenge n=65, m=4225, alpha=0.015, q=4229 
Chose 261 samples. Predict solution at bkz-140 + svp-172. 
Initial slope = -0.058
dim = 262, dvol = 549.24128135648

After a sigma normalization,Slope = -0.057532
 Attack Estimation via simulation + probabilistic model (BSSA)
gap = 1, J = 8, J_gap = 1, max_loop = 5, cost_model = 2, mul_node = 1, progressive_sieve = 1, max_RAM = 1000.000000
worst_case. 
Find the optimized Strategy through BSSA!!
bs = (G_BKZ = 22.75 gate, B_BKZ = 40.40 bit cum-pr = 0.02, dsvp = 0.00, dsvp_r = 191, G_dsvp = 24.92 gate, B_dsvp = 47.35 bit, G = 25.21 gate, B = 47.35 bit)
Block size strategy generated by BSSA (beta,jump,tours):{( 79,  8,  4),(115,  4,  2),(119,  4,  2),(140,  2,  2),(146,  2,  1),(154,  2,  1)}
Min Cost = 25.21 log2(sec), Memory Cost = 47.35 log(bit)
BSSA cost:5.1e+02s.



"lwechallenge/75-010.txt" exists.
-------------------------
Primal attack, TU LWE challenge n=75, m=5625, alpha=0.010, q=5639 
Chose 280 samples. Predict solution at bkz-137 + svp-170. 
Initial slope = -0.059
dim = 281, dvol = 637.60574731214

After a sigma normalization,Slope = -0.058740
 Attack Estimation via simulation + probabilistic model (BSSA)
gap = 1, J = 8, J_gap = 1, max_loop = 5, cost_model = 2, mul_node = 1, progressive_sieve = 1, max_RAM = 1000.000000
worst_case. 
Find the optimized Strategy through BSSA!!
bs = (G_BKZ = 22.85 gate, B_BKZ = 40.40 bit cum-pr = 0.05, dsvp = 0.00, dsvp_r = 188, G_dsvp = 23.75 gate, B_dsvp = 46.76 bit, G = 24.37 gate, B = 46.76 bit)
Block size strategy generated by BSSA (beta,jump,tours):{(104,  8,  3),(115,  4,  2),(117,  2,  2),(128,  4,  1),(129,  2,  1),(140,  2,  1),(145,  2,  1),(154,  2,  1)}
Min Cost = 24.37 log2(sec), Memory Cost = 46.76 log(bit)
BSSA cost:5.3e+02s.



"lwechallenge/95-005.txt" exists.
-------------------------
Primal attack, TU LWE challenge n=95, m=9025, alpha=0.005, q=9029 
Chose 322 samples. Predict solution at bkz-140 + svp-169. 
Initial slope = -0.059
dim = 323, dvol = 836.94876527566

After a sigma normalization,Slope = -0.059469
 Attack Estimation via simulation + probabilistic model (BSSA)
gap = 1, J = 8, J_gap = 1, max_loop = 5, cost_model = 2, mul_node = 1, progressive_sieve = 1, max_RAM = 1000.000000
worst_case. 
Find the optimized Strategy through BSSA!!
bs = (G_BKZ = 23.01 gate, B_BKZ = 40.01 bit cum-pr = 0.02, dsvp = 0.00, dsvp_r = 188, G_dsvp = 23.85 gate, B_dsvp = 46.76 bit, G = 24.49 gate, B = 46.76 bit)
Block size strategy generated by BSSA (beta,jump,tours):{(107,  8,  4),(115,  4,  3),(128,  4,  2),(134,  2,  2),(140,  2,  1),(144,  2,  1),(147,  2,  1),(151,  2,  1)}
Min Cost = 24.49 log2(sec), Memory Cost = 46.76 log(bit)
BSSA cost:7e+02s.



