"lwechallenge/40-025.txt" exists.
-------------------------
Primal attack, TU LWE challenge n=40, m=1600, alpha=0.025, q=1601 
Chose 171 samples. Predict solution at bkz-89 + svp-117. 
Initial slope = -0.0665978
dim = 172, dvol = 331.97353385059

After a sigma normalization,Slope = -0.066598
 Attack Estimation via simulation + probabilistic model (EnumBS in parallel)
beta_start= 50, gap = 1, J = 8, J_gap = 1, cost_model = 2, max_loop = 5, threads = 10, G_prec = 1.000000e-03,  slope_prec = 1.000000e-04,  progressive_sieve = 1, Find minimal time cost strategy, worst_case, Min G2 Strategy. 

Find the optimal Strategy through EumBS!!
bs = (slope = -4.498558e-02, G_BKZ = 1.005904e+01 sec, B_BKZ = 3.483012e+01 bit cum-pr = 9.993778e-01, dsvp = 0.000000e+00, dsvp_r =   0, G_dsvp = 0.000000e+00 sec, B_dsvp = 0.000000e+00 bit, G = 1.006039e+01 sec, B = 3.483012e+01 bit,  min_GB.first = 1.006039e+01 gate)
S(beta,jump,tours):{(117,  8,  1)}
Min Cost = 10.06 log2(sec) = 0.30 h, Memory Cost = 34.83 log2(bit) = 0.00 TB 
EnumBS cost:5s.



"lwechallenge/45-020.txt" exists.
-------------------------
Primal attack, TU LWE challenge n=45, m=2025, alpha=0.020, q=2027 
Chose 184 samples. Predict solution at bkz-89 + svp-121. 
Initial slope = -0.066
dim = 185, dvol = 373.46589773268

After a sigma normalization,Slope = -0.065691
 Attack Estimation via simulation + probabilistic model (EnumBS in parallel)
