TU LWE Challenge, n =  40, alpha = 0.0450
[0m[1;31m dim = 195, dvol = 302.20 [0m
Generate gs-lengths by GSA assumption. Attack Estimation via simulation + probabilistic model (BSSA)
gap = 1, J = 15, J_gap = 1, max_loop = 30, cost_model = 1
Find the optimized Strategy through BSSA!!
bs = (G_BKZ = 67.41 gate, B_BKZ = 41.78 bit cum-pr = 0.05, dsvp = 159.06, dsvp_r = 179, G_dsvp = 71.15 gate, B_dsvp = 46.66 bit, G = 71.26 gate, B = 46.66 bit)
Block size strategy generated by BSSA (beta,jump,tours):{( 68,  2, 11),(156,  2,  6)}
Min Cost = 71.26 log2(gate), Memory Cost = 46.66 log(bit)
BSSA cost:1.4e+03s.
TU LWE Challenge, n =  45, alpha = 0.0350
[0m[1;31m dim = 211, dvol = 357.10 [0m
Generate gs-lengths by GSA assumption. Attack Estimation via simulation + probabilistic model (BSSA)
gap = 1, J = 15, J_gap = 1, max_loop = 30, cost_model = 1
Find the optimized Strategy through BSSA!!
bs = (G_BKZ = 66.41 gate, B_BKZ = 41.11 bit cum-pr = 0.04, dsvp = 158.48, dsvp_r = 176, G_dsvp = 70.58 gate, B_dsvp = 46.00 bit, G = 70.66 gate, B = 46.00 bit)
Block size strategy generated by BSSA (beta,jump,tours):{( 67,  3, 20),( 86,  2,  5),( 91,  2,  3),(100,  2,  3),(103,  2,  2),(106,  2,  2),(153,  2,  6)}
Min Cost = 70.66 log2(gate), Memory Cost = 46.00 log(bit)
BSSA cost:1.7e+03s.
TU LWE Challenge, n =  50, alpha = 0.0300
[0m[1;31m dim = 228, dvol = 400.41 [0m
Generate gs-lengths by GSA assumption. Attack Estimation via simulation + probabilistic model (BSSA)
gap = 1, J = 15, J_gap = 1, max_loop = 30, cost_model = 1
Find the optimized Strategy through BSSA!!
bs = (G_BKZ = 68.73 gate, B_BKZ = 42.67 bit cum-pr = 0.03, dsvp = 167.76, dsvp_r = 184, G_dsvp = 72.64 gate, B_dsvp = 47.55 bit, G = 72.73 gate, B = 47.55 bit)
Block size strategy generated by BSSA (beta,jump,tours):{( 73,  2, 13),( 80,  2,  5),(109,  2,  4),(112,  2,  2),(115,  2,  2),(119,  2,  2),(125,  2,  2),(126,  2,  1),(140,  2,  2),(142,  2,  1),(144,  2,  1),(160,  2,  5)}
Min Cost = 72.73 log2(gate), Memory Cost = 47.55 log(bit)
BSSA cost:2e+03s.
TU LWE Challenge, n =  55, alpha = 0.0250
[0m[1;31m dim = 241, dvol = 439.98 [0m
Generate gs-lengths by GSA assumption. Attack Estimation via simulation + probabilistic model (BSSA)
gap = 1, J = 15, J_gap = 1, max_loop = 30, cost_model = 1
Find the optimized Strategy through BSSA!!
bs = (G_BKZ = 69.75 gate, B_BKZ = 43.34 bit cum-pr = 0.03, dsvp = 171.15, dsvp_r = 187, G_dsvp = 73.49 gate, B_dsvp = 48.21 bit, G = 73.60 gate, B = 48.21 bit)
Block size strategy generated by BSSA (beta,jump,tours):{( 72,  2, 15),(104,  2,  5),(112,  2,  3),(115,  2,  2),(118,  2,  2),(122,  2,  2),(126,  2,  2),(127,  2,  1),(128,  2,  1),(129,  2,  1),(130,  2,  1),(131,  2,  1),(132,  2,  1),(133,  2,  1),(134,  2,  1),(135,  2,  1),(136,  2,  1),(137,  2,  1),(163,  2,  5)}
Min Cost = 73.60 log2(gate), Memory Cost = 48.21 log(bit)
BSSA cost:2.2e+03s.
TU LWE Challenge, n =  60, alpha = 0.0200
[0m[1;31m dim = 254, dvol = 494.03 [0m
Generate gs-lengths by GSA assumption. Attack Estimation via simulation + probabilistic model (BSSA)
gap = 1, J = 15, J_gap = 1, max_loop = 30, cost_model = 1
Find the optimized Strategy through BSSA!!
bs = (G_BKZ = 68.82 gate, B_BKZ = 42.67 bit cum-pr = 0.02, dsvp = 169.46, dsvp_r = 185, G_dsvp = 72.82 gate, B_dsvp = 47.77 bit, G = 72.91 gate, B = 47.77 bit)
Block size strategy generated by BSSA (beta,jump,tours):{( 59,  3, 30),(118,  2,  5),(121,  2,  2),(124,  2,  2),(127,  2,  2),(131,  2,  2),(132,  2,  1),(133,  2,  1),(134,  2,  1),(135,  2,  1),(136,  2,  1),(137,  2,  1),(160,  2,  5)}
Min Cost = 72.91 log2(gate), Memory Cost = 47.77 log(bit)
BSSA cost:2.3e+03s.
TU LWE Challenge, n =  65, alpha = 0.0150
[0m[1;31m dim = 262, dvol = 557.64 [0m
Generate gs-lengths by GSA assumption. Attack Estimation via simulation + probabilistic model (BSSA)
gap = 1, J = 15, J_gap = 1, max_loop = 30, cost_model = 1
Find the optimized Strategy through BSSA!!
bs = (G_BKZ = 65.87 gate, B_BKZ = 40.21 bit cum-pr = 0.04, dsvp = 153.18, dsvp_r = 172, G_dsvp = 69.36 gate, B_dsvp = 45.11 bit, G = 69.48 gate, B = 45.11 bit)
Block size strategy generated by BSSA (beta,jump,tours):{( 62,  2, 22),(121,  2,  5),(124,  2,  2),(127,  2,  2),(131,  2,  2),(132,  2,  1),(133,  2,  1),(134,  2,  1),(135,  2,  1),(141,  2,  2),(148,  2,  7)}
Min Cost = 69.48 log2(gate), Memory Cost = 45.11 log(bit)
BSSA cost:1.8e+03s.
TU LWE Challenge, n =  75, alpha = 0.0100
[0m[1;31m dim = 281, dvol = 637.61 [0m
Generate gs-lengths by GSA assumption. Attack Estimation via simulation + probabilistic model (BSSA)
gap = 1, J = 15, J_gap = 1, max_loop = 30, cost_model = 1
Find the optimized Strategy through BSSA!!
bs = (G_BKZ = 65.83 gate, B_BKZ = 40.21 bit cum-pr = 0.04, dsvp = 154.90, dsvp_r = 172, G_dsvp = 69.52 gate, B_dsvp = 45.11 bit, G = 69.63 gate, B = 45.11 bit)
Block size strategy generated by BSSA (beta,jump,tours):{( 57, 13, 20),(148,  2,  9)}
Min Cost = 69.63 log2(gate), Memory Cost = 45.11 log(bit)
BSSA cost:1.9e+03s.
TU LWE Challenge, n =  95, alpha = 0.0050
[0m[1;31m dim = 323, dvol = 836.97 [0m
Generate gs-lengths by GSA assumption. Attack Estimation via simulation + probabilistic model (BSSA)
gap = 1, J = 15, J_gap = 1, max_loop = 30, cost_model = 1
Find the optimized Strategy through BSSA!!
bs = (G_BKZ = 66.69 gate, B_BKZ = 40.21 bit cum-pr = 0.05, dsvp = 152.43, dsvp_r = 172, G_dsvp = 69.41 gate, B_dsvp = 45.11 bit, G = 69.62 gate, B = 45.11 bit)
Block size strategy generated by BSSA (beta,jump,tours):{(148,  2, 13)}
Min Cost = 69.62 log2(gate), Memory Cost = 45.11 log(bit)
BSSA cost:2.3e+03s.
