TU LWE Challenge, n =  40, alpha = 0.0450
[0m[1;31m dim = 195, dvol = 302.20 [0m
Generate gs-lengths by GSA assumption. Attack Estimation via simulation + probabilistic model (BSSA)
gap = 1, J = 15, J_gap = 1, max_loop = 30, cost_model = 2, mul_node = 1, progressive_sieve = 0
Find the optimized Strategy through BSSA!!
bs = (G_BKZ = 30.01 gate, B_BKZ = 47.99 bit cum-pr = 1.00, dsvp = 165.16, dsvp_r = 165, G_dsvp = 21.87 gate, B_dsvp = 43.78 bit, G = 30.02 gate, B = 47.99 bit)
Block size strategy generated by BSSA (beta,jump,tours):{(135, 15,  1),(172,  2,  2),(175,  1,  1),(179,  2,  1),(186,  2,  1)}
Min Cost = 30.02 log2(sec), Memory Cost = 47.99 log(bit)
BSSA cost:9e+02s.
TU LWE Challenge, n =  45, alpha = 0.0350
[0m[1;31m dim = 211, dvol = 357.10 [0m
Generate gs-lengths by GSA assumption. Attack Estimation via simulation + probabilistic model (BSSA)
gap = 1, J = 15, J_gap = 1, max_loop = 30, cost_model = 2, mul_node = 1, progressive_sieve = 0
Find the optimized Strategy through BSSA!!
bs = (G_BKZ = 28.48 gate, B_BKZ = 46.44 bit cum-pr = 1.00, dsvp = 167.16, dsvp_r = 167, G_dsvp = 22.24 gate, B_dsvp = 44.00 bit, G = 28.50 gate, B = 46.44 bit)
Block size strategy generated by BSSA (beta,jump,tours):{( 52, 13,  6),(160,  2,  2),(166,  2,  1),(168,  2,  1),(170,  1,  1),(173,  2,  1),(175,  1,  1),(178,  2,  1)}
Min Cost = 28.50 log2(sec), Memory Cost = 46.44 log(bit)
BSSA cost:9.8e+02s.
TU LWE Challenge, n =  50, alpha = 0.0300
[0m[1;31m dim = 228, dvol = 400.41 [0m
Generate gs-lengths by GSA assumption. Attack Estimation via simulation + probabilistic model (BSSA)
gap = 1, J = 15, J_gap = 1, max_loop = 30, cost_model = 2, mul_node = 1, progressive_sieve = 0
Find the optimized Strategy through BSSA!!
bs = (G_BKZ = 31.22 gate, B_BKZ = 47.99 bit cum-pr = 1.00, dsvp = 0.00, dsvp_r =   0, G_dsvp = 0.00 gate, B_dsvp = 0.00 bit, G = 31.22 gate, B = 47.99 bit)
Block size strategy generated by BSSA (beta,jump,tours):{(166,  3,  3),(171,  2,  1),(173,  2,  1),(175,  1,  1),(178,  2,  1),(180,  1,  1),(183,  2,  1),(186,  2,  1)}
Min Cost = 31.22 log2(sec), Memory Cost = 47.99 log(bit)
BSSA cost:1.1e+03s.
TU LWE Challenge, n =  55, alpha = 0.0250
[0m[1;31m dim = 241, dvol = 439.98 [0m
Generate gs-lengths by GSA assumption. Attack Estimation via simulation + probabilistic model (BSSA)
gap = 1, J = 15, J_gap = 1, max_loop = 30, cost_model = 2, mul_node = 1, progressive_sieve = 0
Find the optimized Strategy through BSSA!!
bs = (G_BKZ = 32.22 gate, B_BKZ = 48.87 bit cum-pr = 1.00, dsvp = 0.00, dsvp_r =   0, G_dsvp = 0.00 gate, B_dsvp = 0.00 bit, G = 32.22 gate, B = 48.87 bit)
Block size strategy generated by BSSA (beta,jump,tours):{( 59,  4, 16),(115,  4,  3),(173,  2,  2),(175,  2,  1),(177,  1,  1),(180,  2,  1),(182,  1,  1),(185,  2,  1),(187,  1,  1),(190,  2,  1)}
Min Cost = 32.22 log2(sec), Memory Cost = 48.87 log(bit)
BSSA cost:1.2e+03s.
TU LWE Challenge, n =  60, alpha = 0.0200
[0m[1;31m dim = 254, dvol = 494.03 [0m
Generate gs-lengths by GSA assumption. Attack Estimation via simulation + probabilistic model (BSSA)
gap = 1, J = 15, J_gap = 1, max_loop = 30, cost_model = 2, mul_node = 1, progressive_sieve = 0
Find the optimized Strategy through BSSA!!
bs = (G_BKZ = 30.99 gate, B_BKZ = 47.77 bit cum-pr = 1.00, dsvp = 0.00, dsvp_r =   0, G_dsvp = 0.00 gate, B_dsvp = 0.00 bit, G = 30.99 gate, B = 47.77 bit)
Block size strategy generated by BSSA (beta,jump,tours):{( 78,  2, 11),(172,  4,  3),(171,  2,  1),(173,  2,  1),(175,  2,  1),(177,  1,  1),(180,  2,  1),(182,  1,  1),(185,  2,  1)}
Min Cost = 30.99 log2(sec), Memory Cost = 47.77 log(bit)
BSSA cost:1.1e+03s.
TU LWE Challenge, n =  65, alpha = 0.0150
[0m[1;31m dim = 262, dvol = 557.64 [0m
Generate gs-lengths by GSA assumption. Attack Estimation via simulation + probabilistic model (BSSA)
gap = 1, J = 15, J_gap = 1, max_loop = 30, cost_model = 2, mul_node = 1, progressive_sieve = 0
Find the optimized Strategy through BSSA!!
bs = (G_BKZ = 26.92 gate, B_BKZ = 44.67 bit cum-pr = 1.00, dsvp = 0.00, dsvp_r =   0, G_dsvp = 0.00 gate, B_dsvp = 0.00 bit, G = 26.92 gate, B = 44.67 bit)
Block size strategy generated by BSSA (beta,jump,tours):{( 76,  1, 12),(103,  3,  5),(109,  2,  2),(130,  2,  3),(141,  3,  2),(155,  2,  2),(156,  1,  1),(158,  1,  1),(160,  1,  1),(162,  1,  1),(164,  1,  1),(166,  1,  1),(168,  1,  1),(170,  1,  1)}
Min Cost = 26.92 log2(sec), Memory Cost = 44.67 log(bit)
BSSA cost:1e+03s.
TU LWE Challenge, n =  75, alpha = 0.0100
[0m[1;31m dim = 281, dvol = 637.61 [0m
Generate gs-lengths by GSA assumption. Attack Estimation via simulation + probabilistic model (BSSA)
gap = 1, J = 15, J_gap = 1, max_loop = 30, cost_model = 2, mul_node = 1, progressive_sieve = 0
Find the optimized Strategy through BSSA!!
bs = (G_BKZ = 27.07 gate, B_BKZ = 44.45 bit cum-pr = 1.00, dsvp = 155.15, dsvp_r = 155, G_dsvp = 18.19 gate, B_dsvp = 41.55 bit, G = 27.07 gate, B = 44.45 bit)
Block size strategy generated by BSSA (beta,jump,tours):{( 94,  1, 10),(153,  2,  3),(156,  2,  1),(157,  1,  1),(159,  1,  1),(161,  1,  1),(163,  1,  1),(165,  1,  1),(167,  1,  1),(169,  1,  1)}
Min Cost = 27.07 log2(sec), Memory Cost = 44.45 log(bit)
BSSA cost:1.1e+03s.
TU LWE Challenge, n =  95, alpha = 0.0050
[0m[1;31m dim = 323, dvol = 836.97 [0m
Generate gs-lengths by GSA assumption. Attack Estimation via simulation + probabilistic model (BSSA)
gap = 1, J = 15, J_gap = 1, max_loop = 30, cost_model = 2, mul_node = 1, progressive_sieve = 0
Find the optimized Strategy through BSSA!!
bs = (G_BKZ = 26.45 gate, B_BKZ = 44.00 bit cum-pr = 1.00, dsvp = 158.14, dsvp_r = 158, G_dsvp = 19.30 gate, B_dsvp = 42.22 bit, G = 26.46 gate, B = 44.00 bit)
Block size strategy generated by BSSA (beta,jump,tours):{( 99,  1, 11),(115,  2,  4),(119,  2,  2),(123,  2,  2),(127,  2,  2),(131,  2,  2),(135,  2,  1),(140,  2,  2),(144,  2,  2),(151,  2,  2),(158,  2,  2),(159,  1,  1),(161,  1,  1),(163,  2,  1),(165,  2,  1),(167,  2,  1)}
Min Cost = 26.46 log2(sec), Memory Cost = 44.00 log(bit)
BSSA cost:1.3e+03s.
odel = 2, mul_node = 1, progressive_sieve = 1
Find the optimized Strategy through BSSA!!
bs = (G_BKZ = 18.82 gate, B_BKZ = 41.11 bit cum-pr = 0.05, dsvp = 150.00, dsvp_r = 170, G_dsvp = 20.22 gate, B_dsvp = 44.67 bit, G = 20.69 gate, B = 44.67 bit)
Block size strategy generated by BSSA (beta,jump,tours):{(102,  1, 11),(105,  2,  2),(106,  2,  1),(107,  2,  1),(108,  2,  1),(109,  2,  1),(110,  2,  1),(111,  2,  1),(112,  2,  1),(113,  2,  1),(114,  2,  1),(115,  2,  1),(116,  2,  1),(117,  2,  1),(118,  2,  1),(119,  2,  1),(122,  2,  2),(123,  2,  1),(131,  2,  3),(135,  2,  2),(139,  2,  2),(143,  2,  2),(148,  2,  2),(153,  2,  1)}
Min Cost = 20.69 log2(sec), Memory Cost = 44.67 log(bit)
BSSA cost:1.6e+03s.
