TU LWE Challenge, n =  40, alpha = 0.0450
[0m[1;31m dim = 195, dvol = 302.20 [0m
Generate gs-lengths by GSA assumption. Attack Estimation via simulation + probabilistic model (BSSA)
gap = 1, J = 15, J_gap = 1, max_loop = 30, cost_model = 2, mul_node = 1, progressive_sieve = 0
Find the optimized Strategy through BSSA!!
bs = (G_BKZ = 30.15 gate, B_BKZ = 47.33 bit cum-pr = 1.00, dsvp = 176.16, dsvp_r = 176, G_dsvp = 25.55 gate, B_dsvp = 46.00 bit, G = 30.21 gate, B = 47.33 bit)
Block size strategy generated by BSSA (beta,jump,tours):{(128, 15,  1),(178,  4,  2),(179,  2,  1),(183,  1,  1)}
Min Cost = 30.21 log2(sec), Memory Cost = 47.33 log(bit)
BSSA cost:3.9e+02s.
TU LWE Challenge, n =  45, alpha = 0.0350
[0m[1;31m dim = 211, dvol = 357.10 [0m
Generate gs-lengths by GSA assumption. Attack Estimation via simulation + probabilistic model (BSSA)
gap = 1, J = 15, J_gap = 1, max_loop = 30, cost_model = 2, mul_node = 1, progressive_sieve = 0
Find the optimized Strategy through BSSA!!
bs = (G_BKZ = 29.75 gate, B_BKZ = 47.11 bit cum-pr = 1.00, dsvp = 171.17, dsvp_r = 171, G_dsvp = 23.71 gate, B_dsvp = 44.89 bit, G = 29.77 gate, B = 47.11 bit)
Block size strategy generated by BSSA (beta,jump,tours):{( 89,  4,  6),(102,  4,  2),(134, 15,  1),(176,  4,  2),(182,  2,  1)}
Min Cost = 29.77 log2(sec), Memory Cost = 47.11 log(bit)
BSSA cost:5.5e+02s.
TU LWE Challenge, n =  50, alpha = 0.0300
[0m[1;31m dim = 228, dvol = 400.41 [0m
Generate gs-lengths by GSA assumption. Attack Estimation via simulation + probabilistic model (BSSA)
gap = 1, J = 15, J_gap = 1, max_loop = 30, cost_model = 2, mul_node = 1, progressive_sieve = 0
Find the optimized Strategy through BSSA!!
bs = (G_BKZ = 31.72 gate, B_BKZ = 47.99 bit cum-pr = 1.00, dsvp = 178.17, dsvp_r = 178, G_dsvp = 26.29 gate, B_dsvp = 46.44 bit, G = 31.75 gate, B = 47.99 bit)
Block size strategy generated by BSSA (beta,jump,tours):{( 97,  2,  7),(133,  4,  2),(152, 12,  2),(176,  4,  2),(178,  2,  1),(184,  2,  1),(186,  1,  1)}
Min Cost = 31.75 log2(sec), Memory Cost = 47.99 log(bit)
BSSA cost:7.8e+02s.
TU LWE Challenge, n =  55, alpha = 0.0250
[0m[1;31m dim = 241, dvol = 439.98 [0m
Generate gs-lengths by GSA assumption. Attack Estimation via simulation + probabilistic model (BSSA)
gap = 1, J = 15, J_gap = 1, max_loop = 30, cost_model = 2, mul_node = 1, progressive_sieve = 0
Find the optimized Strategy through BSSA!!
bs = (G_BKZ = 32.66 gate, B_BKZ = 48.65 bit cum-pr = 1.00, dsvp = 0.00, dsvp_r =   0, G_dsvp = 0.00 gate, B_dsvp = 0.00 bit, G = 32.66 gate, B = 48.65 bit)
Block size strategy generated by BSSA (beta,jump,tours):{(101,  2,  7),(137,  4,  2),(162,  4,  2),(172,  4,  1),(176,  4,  1),(177,  2,  1),(182,  2,  1),(184,  1,  1),(187,  2,  1),(189,  1,  1)}
Min Cost = 32.66 log2(sec), Memory Cost = 48.65 log(bit)
BSSA cost:8e+02s.
TU LWE Challenge, n =  60, alpha = 0.0200
[0m[1;31m dim = 254, dvol = 494.03 [0m
Generate gs-lengths by GSA assumption. Attack Estimation via simulation + probabilistic model (BSSA)
gap = 1, J = 15, J_gap = 1, max_loop = 30, cost_model = 2, mul_node = 1, progressive_sieve = 0
Find the optimized Strategy through BSSA!!
bs = (G_BKZ = 31.05 gate, B_BKZ = 47.55 bit cum-pr = 1.00, dsvp = 172.17, dsvp_r = 172, G_dsvp = 24.08 gate, B_dsvp = 45.11 bit, G = 31.06 gate, B = 47.55 bit)
Block size strategy generated by BSSA (beta,jump,tours):{( 62,  2, 16),(177,  4,  3),(177,  2,  1),(179,  2,  1),(181,  1,  1),(184,  2,  1)}
Min Cost = 31.06 log2(sec), Memory Cost = 47.55 log(bit)
BSSA cost:8.2e+02s.
TU LWE Challenge, n =  65, alpha = 0.0150
[0m[1;31m dim = 262, dvol = 557.64 [0m
Generate gs-lengths by GSA assumption. Attack Estimation via simulation + probabilistic model (BSSA)
gap = 1, J = 15, J_gap = 1, max_loop = 30, cost_model = 2, mul_node = 1, progressive_sieve = 0
Find the optimized Strategy through BSSA!!
bs = (G_BKZ = 26.49 gate, B_BKZ = 44.67 bit cum-pr = 1.00, dsvp = 147.15, dsvp_r = 147, G_dsvp = 15.67 gate, B_dsvp = 39.99 bit, G = 26.49 gate, B = 44.67 bit)
Block size strategy generated by BSSA (beta,jump,tours):{( 87,  2, 10),(102,  2,  3),(118,  4,  3),(124,  4,  1),(147,  4,  2),(148,  2,  1),(155,  4,  1),(160,  2,  1),(162,  2,  1),(164,  2,  1),(166,  2,  1),(168,  2,  1),(170,  2,  1)}
Min Cost = 26.49 log2(sec), Memory Cost = 44.67 log(bit)
BSSA cost:5.3e+02s.
TU LWE Challenge, n =  75, alpha = 0.0100
[0m[1;31m dim = 281, dvol = 637.61 [0m
Generate gs-lengths by GSA assumption. Attack Estimation via simulation + probabilistic model (BSSA)
gap = 1, J = 15, J_gap = 1, max_loop = 30, cost_model = 2, mul_node = 1, progressive_sieve = 0
Find the optimized Strategy through BSSA!!
bs = (G_BKZ = 27.04 gate, B_BKZ = 44.67 bit cum-pr = 1.00, dsvp = 159.15, dsvp_r = 159, G_dsvp = 19.66 gate, B_dsvp = 42.45 bit, G = 27.05 gate, B = 44.67 bit)
Block size strategy generated by BSSA (beta,jump,tours):{( 76,  2, 13),(102,  2,  4),(107,  2,  2),(116,  2,  2),(119,  2,  1),(122,  2,  1),(138,  3,  3),(145,  3,  2),(148,  2,  1),(152,  3,  1),(154,  2,  1),(159,  2,  1),(160,  2,  1),(167,  2,  1),(168,  2,  1),(170,  2,  1)}
Min Cost = 27.05 log2(sec), Memory Cost = 44.67 log(bit)
BSSA cost:6e+02s.
TU LWE Challenge, n =  95, alpha = 0.0050
[0m[1;31m dim = 323, dvol = 836.97 [0m
Generate gs-lengths by GSA assumption. Attack Estimation via simulation + probabilistic model (BSSA)
gap = 1, J = 15, J_gap = 1, max_loop = 30, cost_model = 2, mul_node = 1, progressive_sieve = 0
Find the optimized Strategy through BSSA!!
bs = (G_BKZ = 26.51 gate, B_BKZ = 44.23 bit cum-pr = 1.00, dsvp = 0.00, dsvp_r =   0, G_dsvp = 0.00 gate, B_dsvp = 0.00 bit, G = 26.51 gate, B = 44.23 bit)
Block size strategy generated by BSSA (beta,jump,tours):{( 87,  2, 13),(115,  2,  5),(119,  2,  2),(123,  2,  2),(127,  2,  2),(130,  2,  1),(132,  2,  1),(135,  2,  1),(140,  2,  2),(143,  2,  1),(145,  2,  1),(148,  2,  1),(149,  2,  1),(152,  2,  1),(156,  2,  1),(159,  2,  1),(160,  2,  1),(162,  2,  1),(163,  1,  1),(165,  1,  1),(168,  2,  1)}
Min Cost = 26.51 log2(sec), Memory Cost = 44.23 log(bit)
BSSA cost:8.1e+02s.
