TU LWE Challenge, n =  40, alpha = 0.0450
[0m[1;31m dim = 195, dvol = 302.20 [0m
Generate gs-lengths by GSA assumption. Attack Estimation via simulation + probabilistic model (BSSA)
gap = 1, J = 15, J_gap = 1, max_loop = 30, cost_model = 2
Find the optimized Strategy through BSSA!!
bs = (G_BKZ = 24.67 gate, B_BKZ = 44.00 bit cum-pr = 1.00, dsvp = 0.00, dsvp_r =   0, G_dsvp = 0.00 gate, B_dsvp = 0.00 bit, G = 24.67 gate, B = 44.00 bit)
Block size strategy generated by BSSA (beta,jump,tours):{(155,  2, 20),(160,  2, 23),(162,  2, 24),(163,  2, 24),(166,  4, 30)}
Min Cost = 24.67 log2(sec), Memory Cost = 44.00 log(bit)
BSSA cost:2.1e+03s.
TU LWE Challenge, n =  45, alpha = 0.0350
[0m[1;31m dim = 211, dvol = 357.10 [0m
Generate gs-lengths by GSA assumption. Attack Estimation via simulation + probabilistic model (BSSA)
gap = 1, J = 15, J_gap = 1, max_loop = 30, cost_model = 2
Find the optimized Strategy through BSSA!!
bs = (G_BKZ = 24.08 gate, B_BKZ = 43.11 bit cum-pr = 1.00, dsvp = 0.00, dsvp_r =   0, G_dsvp = 0.00 gate, B_dsvp = 0.00 bit, G = 24.08 gate, B = 43.11 bit)
Block size strategy generated by BSSA (beta,jump,tours):{( 59,  3, 24),(154,  2, 20),(158,  2, 23),(160,  2, 24),(161,  2, 24),(162,  4, 24)}
Min Cost = 24.08 log2(sec), Memory Cost = 43.11 log(bit)
BSSA cost:1.9e+03s.
TU LWE Challenge, n =  50, alpha = 0.0300
[0m[1;31m dim = 228, dvol = 400.41 [0m
Generate gs-lengths by GSA assumption. Attack Estimation via simulation + probabilistic model (BSSA)
gap = 1, J = 15, J_gap = 1, max_loop = 30, cost_model = 2
Find the optimized Strategy through BSSA!!
bs = (G_BKZ = 26.99 gate, B_BKZ = 45.34 bit cum-pr = 1.00, dsvp = 0.00, dsvp_r =   0, G_dsvp = 0.00 gate, B_dsvp = 0.00 bit, G = 26.99 gate, B = 45.34 bit)
Block size strategy generated by BSSA (beta,jump,tours):{(161,  2, 19),(165,  2, 23),(168,  2, 24),(169,  2, 25),(173, 15, 29)}
Min Cost = 26.99 log2(sec), Memory Cost = 45.34 log(bit)
BSSA cost:2.4e+03s.
TU LWE Challenge, n =  55, alpha = 0.0250
[0m[1;31m dim = 241, dvol = 439.98 [0m
Generate gs-lengths by GSA assumption. Attack Estimation via simulation + probabilistic model (BSSA)
gap = 1, J = 15, J_gap = 1, max_loop = 30, cost_model = 2
Find the optimized Strategy through BSSA!!
bs = (G_BKZ = 28.11 gate, B_BKZ = 45.11 bit cum-pr = 1.00, dsvp = 0.00, dsvp_r =   0, G_dsvp = 0.00 gate, B_dsvp = 0.00 bit, G = 28.11 gate, B = 45.11 bit)
Block size strategy generated by BSSA (beta,jump,tours):{(167,  2, 22),(170,  2, 24),(171,  2, 24),(172,  2, 23)}
Min Cost = 28.11 log2(sec), Memory Cost = 45.11 log(bit)
BSSA cost:2.5e+03s.
TU LWE Challenge, n =  60, alpha = 0.0200
[0m[1;31m dim = 254, dvol = 494.03 [0m
Generate gs-lengths by GSA assumption. Attack Estimation via simulation + probabilistic model (BSSA)
gap = 1, J = 15, J_gap = 1, max_loop = 30, cost_model = 2
Find the optimized Strategy through BSSA!!
bs = (G_BKZ = 27.30 gate, B_BKZ = 44.89 bit cum-pr = 1.00, dsvp = 0.00, dsvp_r =   0, G_dsvp = 0.00 gate, B_dsvp = 0.00 bit, G = 27.30 gate, B = 44.89 bit)
Block size strategy generated by BSSA (beta,jump,tours):{( 61,  3, 30),(163,  2, 20),(167,  2, 23),(168,  2, 24),(171,  4, 29)}
Min Cost = 27.30 log2(sec), Memory Cost = 44.89 log(bit)
BSSA cost:2.5e+03s.
TU LWE Challenge, n =  65, alpha = 0.0150
[0m[1;31m dim = 262, dvol = 557.64 [0m
Generate gs-lengths by GSA assumption. Attack Estimation via simulation + probabilistic model (BSSA)
gap = 1, J = 15, J_gap = 1, max_loop = 30, cost_model = 2
Find the optimized Strategy through BSSA!!
bs = (G_BKZ = 22.85 gate, B_BKZ = 42.00 bit cum-pr = 1.00, dsvp = 0.00, dsvp_r =   0, G_dsvp = 0.00 gate, B_dsvp = 0.00 bit, G = 22.85 gate, B = 42.00 bit)
Block size strategy generated by BSSA (beta,jump,tours):{(152,  2, 22),(154,  2, 23),(155,  2, 24),(157,  4, 28)}
Min Cost = 22.85 log2(sec), Memory Cost = 42.00 log(bit)
BSSA cost:1.8e+03s.
TU LWE Challenge, n =  75, alpha = 0.0100
[0m[1;31m dim = 281, dvol = 637.61 [0m
Generate gs-lengths by GSA assumption. Attack Estimation via simulation + probabilistic model (BSSA)
gap = 1, J = 15, J_gap = 1, max_loop = 30, cost_model = 2
Find the optimized Strategy through BSSA!!
bs = (G_BKZ = 23.08 gate, B_BKZ = 41.78 bit cum-pr = 1.00, dsvp = 0.00, dsvp_r =   0, G_dsvp = 0.00 gate, B_dsvp = 0.00 bit, G = 23.08 gate, B = 41.78 bit)
Block size strategy generated by BSSA (beta,jump,tours):{( 59,  2, 26),(152,  2, 21),(154,  2, 23),(155,  2, 23),(156,  2, 23)}
Min Cost = 23.08 log2(sec), Memory Cost = 41.78 log(bit)
BSSA cost:1.8e+03s.
TU LWE Challenge, n =  95, alpha = 0.0050
[0m[1;31m dim = 323, dvol = 836.97 [0m
Generate gs-lengths by GSA assumption. Attack Estimation via simulation + probabilistic model (BSSA)
gap = 1, J = 15, J_gap = 1, max_loop = 30, cost_model = 2
Find the optimized Strategy through BSSA!!
bs = (G_BKZ = 23.47 gate, B_BKZ = 41.78 bit cum-pr = 1.00, dsvp = 0.00, dsvp_r =   0, G_dsvp = 0.00 gate, B_dsvp = 0.00 bit, G = 23.47 gate, B = 41.78 bit)
Block size strategy generated by BSSA (beta,jump,tours):{( 88,  2, 18),(156,  4, 28),(155,  2, 23),(156,  4, 22)}
Min Cost = 23.47 log2(sec), Memory Cost = 41.78 log(bit)
BSSA cost:1.9e+03s.
