TU LWE Challenge, n =  40, alpha = 0.0450
[0m[1;31m dim = 195, dvol = 302.20 [0m
Generate gs-lengths by GSA assumption. Attack Estimation via simulation + probabilistic model (BSSA)
gap = 1, J = 15, J_gap = 1, max_loop = 10, cost_model = 2
Find the optimized Strategy through BSSA!!
bs = (G_BKZ = 27.41 gate, B_BKZ = 45.78 bit cum-pr = 1.00, dsvp = 0.00, dsvp_r =   0, G_dsvp = 0.00 gate, B_dsvp = 0.00 bit, G = 27.41 gate, B = 45.78 bit)
Block size strategy generated by BSSA (beta,jump,tours):{( 60,  1, 10),(164,  2,  7),(174,  4, 10),(175, 15,  6)}
Min Cost = 27.41 log2(sec), Memory Cost = 45.78 log(bit)
BSSA cost:1e+03s.
TU LWE Challenge, n =  45, alpha = 0.0350
[0m[1;31m dim = 211, dvol = 357.10 [0m
Generate gs-lengths by GSA assumption. Attack Estimation via simulation + probabilistic model (BSSA)
gap = 1, J = 15, J_gap = 1, max_loop = 10, cost_model = 2
Find the optimized Strategy through BSSA!!
bs = (G_BKZ = 27.06 gate, B_BKZ = 44.67 bit cum-pr = 1.00, dsvp = 0.00, dsvp_r =   0, G_dsvp = 0.00 gate, B_dsvp = 0.00 bit, G = 27.06 gate, B = 44.67 bit)
Block size strategy generated by BSSA (beta,jump,tours):{(161,  2,  9),(170,  2,  9)}
Min Cost = 27.06 log2(sec), Memory Cost = 44.67 log(bit)
BSSA cost:9.9e+02s.
TU LWE Challenge, n =  50, alpha = 0.0300
[0m[1;31m dim = 228, dvol = 400.41 [0m
Generate gs-lengths by GSA assumption. Attack Estimation via simulation + probabilistic model (BSSA)
gap = 1, J = 15, J_gap = 1, max_loop = 10, cost_model = 2
Find the optimized Strategy through BSSA!!
bs = (G_BKZ = 29.65 gate, B_BKZ = 46.89 bit cum-pr = 1.00, dsvp = 0.00, dsvp_r =   0, G_dsvp = 0.00 gate, B_dsvp = 0.00 bit, G = 29.65 gate, B = 46.89 bit)
Block size strategy generated by BSSA (beta,jump,tours):{(166,  2,  8),(175,  2, 10),(181, 15,  9)}
Min Cost = 29.65 log2(sec), Memory Cost = 46.89 log(bit)
BSSA cost:1.1e+03s.
TU LWE Challenge, n =  55, alpha = 0.0250
[0m[1;31m dim = 241, dvol = 439.98 [0m
Generate gs-lengths by GSA assumption. Attack Estimation via simulation + probabilistic model (BSSA)
gap = 1, J = 15, J_gap = 1, max_loop = 10, cost_model = 2
Find the optimized Strategy through BSSA!!
bs = (G_BKZ = 30.92 gate, B_BKZ = 47.99 bit cum-pr = 1.00, dsvp = 0.00, dsvp_r =   0, G_dsvp = 0.00 gate, B_dsvp = 0.00 bit, G = 30.92 gate, B = 47.99 bit)
Block size strategy generated by BSSA (beta,jump,tours):{(169,  2,  8),(178,  2, 10),(186, 15,  6)}
Min Cost = 30.92 log2(sec), Memory Cost = 47.99 log(bit)
BSSA cost:1.5e+03s.
TU LWE Challenge, n =  60, alpha = 0.0200
[0m[1;31m dim = 254, dvol = 494.03 [0m
Generate gs-lengths by GSA assumption. Attack Estimation via simulation + probabilistic model (BSSA)
gap = 1, J = 15, J_gap = 1, max_loop = 10, cost_model = 2
Find the optimized Strategy through BSSA!!
bs = (G_BKZ = 28.83 gate, B_BKZ = 45.56 bit cum-pr = 1.00, dsvp = 0.00, dsvp_r =   0, G_dsvp = 0.00 gate, B_dsvp = 0.00 bit, G = 28.83 gate, B = 45.56 bit)
Block size strategy generated by BSSA (beta,jump,tours):{(170,  2,  9),(172,  2,  9),(173,  2,  9),(174, 15,  9)}
Min Cost = 28.83 log2(sec), Memory Cost = 45.56 log(bit)
BSSA cost:1e+03s.
TU LWE Challenge, n =  65, alpha = 0.0150
[0m[1;31m dim = 262, dvol = 557.64 [0m
Generate gs-lengths by GSA assumption. Attack Estimation via simulation + probabilistic model (BSSA)
gap = 1, J = 15, J_gap = 1, max_loop = 10, cost_model = 2
Find the optimized Strategy through BSSA!!
bs = (G_BKZ = 25.38 gate, B_BKZ = 44.00 bit cum-pr = 1.00, dsvp = 0.00, dsvp_r =   0, G_dsvp = 0.00 gate, B_dsvp = 0.00 bit, G = 25.38 gate, B = 44.00 bit)
Block size strategy generated by BSSA (beta,jump,tours):{(157,  2,  9),(166,  4,  8)}
Min Cost = 25.38 log2(sec), Memory Cost = 44.00 log(bit)
BSSA cost:9.9e+02s.
TU LWE Challenge, n =  75, alpha = 0.0100
[0m[1;31m dim = 281, dvol = 637.61 [0m
Generate gs-lengths by GSA assumption. Attack Estimation via simulation + probabilistic model (BSSA)
gap = 1, J = 15, J_gap = 1, max_loop = 10, cost_model = 2
Find the optimized Strategy through BSSA!!
bs = (G_BKZ = 24.94 gate, B_BKZ = 43.56 bit cum-pr = 1.00, dsvp = 0.00, dsvp_r =   0, G_dsvp = 0.00 gate, B_dsvp = 0.00 bit, G = 24.94 gate, B = 43.56 bit)
Block size strategy generated by BSSA (beta,jump,tours):{( 58,  1, 10),(161,  4, 10),(160,  2,  9),(164, 15, 10)}
Min Cost = 24.94 log2(sec), Memory Cost = 43.56 log(bit)
BSSA cost:8.3e+02s.
TU LWE Challenge, n =  95, alpha = 0.0050
[0m[1;31m dim = 323, dvol = 836.97 [0m
Generate gs-lengths by GSA assumption. Attack Estimation via simulation + probabilistic model (BSSA)
gap = 1, J = 15, J_gap = 1, max_loop = 10, cost_model = 2
Find the optimized Strategy through BSSA!!
bs = (G_BKZ = 24.57 gate, B_BKZ = 44.00 bit cum-pr = 1.00, dsvp = 0.00, dsvp_r =   0, G_dsvp = 0.00 gate, B_dsvp = 0.00 bit, G = 24.57 gate, B = 44.00 bit)
Block size strategy generated by BSSA (beta,jump,tours):{(104,  1, 10),(136,  2,  5),(144,  2,  3),(146,  2,  2),(159,  4, 10),(158,  2,  9),(166, 12, 10)}
Min Cost = 24.57 log2(sec), Memory Cost = 44.00 log(bit)
BSSA cost:1.1e+03s.
