"lwechallenge/40-045.txt" exists.
-------------------------
Primal attack, TU LWE challenge n=40, m=1600, alpha=0.045, q=1601 
Chose 194 samples. Predict solution at bkz-137 + svp-176. 
dim = 195, dvol = 302.19936168844

Generate gs-lengths by GSA assumption... Attack Estimation via simulation + probabilistic model (BSSA)
gap = 1, J = 8, J_gap = 1, max_loop = 5, cost_model = 2, mul_node = 1, progressive_sieve = 1
worst_case. 
Find the optimized Strategy through BSSA!!
bs = (G_BKZ = 22.16 gate, B_BKZ = 40.60 bit cum-pr = 0.00, dsvp = 0.00, dsvp_r = 195, G_dsvp = 26.97 gate, B_dsvp = 48.35 bit, G = 27.02 gate, B = 48.35 bit)
Block size strategy generated by BSSA (beta,jump,tours):{( 83,  8,  3),(113,  8,  2),(113,  4,  1),(122,  4,  1),(138,  4,  1),(147,  2,  1),(153,  2,  1)}
Min Cost = 27.02 log2(sec), Memory Cost = 48.35 log(bit)
BSSA cost:2.6e+02s.



"lwechallenge/45-035.txt" exists.
-------------------------
Primal attack, TU LWE challenge n=45, m=2025, alpha=0.035, q=2027 
Chose 210 samples. Predict solution at bkz-142 + svp-173. 
dim = 211, dvol = 357.09956384954

Generate gs-lengths by GSA assumption... Attack Estimation via simulation + probabilistic model (BSSA)
gap = 1, J = 8, J_gap = 1, max_loop = 5, cost_model = 2, mul_node = 1, progressive_sieve = 1
worst_case. 
Find the optimized Strategy through BSSA!!
bs = (G_BKZ = 22.57 gate, B_BKZ = 40.79 bit cum-pr = 0.01, dsvp = 0.00, dsvp_r = 193, G_dsvp = 26.14 gate, B_dsvp = 48.15 bit, G = 26.25 gate, B = 48.15 bit)
Block size strategy generated by BSSA (beta,jump,tours):{( 89,  8,  3),(113,  8,  2),(115,  4,  1),(125,  4,  1),(130,  4,  1),(138,  4,  1),(145,  4,  1),(154,  2,  1)}
Min Cost = 26.25 log2(sec), Memory Cost = 48.15 log(bit)
BSSA cost:3.1e+02s.



"lwechallenge/50-030.txt" exists.
-------------------------
Primal attack, TU LWE challenge n=50, m=2500, alpha=0.030, q=2503 
Chose 227 samples. Predict solution at bkz-146 + svp-181. 
dim = 228, dvol = 400.40769158427

Generate gs-lengths by GSA assumption... Attack Estimation via simulation + probabilistic model (BSSA)
gap = 1, J = 8, J_gap = 1, max_loop = 5, cost_model = 2, mul_node = 1, progressive_sieve = 1
worst_case. 
Find the optimized Strategy through BSSA!!
bs = (G_BKZ = 25.76 gate, B_BKZ = 42.38 bit cum-pr = 0.01, dsvp = 0.00, dsvp_r = 201, G_dsvp = 28.72 gate, B_dsvp = 49.54 bit, G = 28.90 gate, B = 49.54 bit)
Block size strategy generated by BSSA (beta,jump,tours):{(111,  8,  3),(115,  4,  2),(125,  4,  1),(138,  4,  1),(144,  4,  1),(152,  2,  1),(162,  2,  1)}
Min Cost = 28.90 log2(sec), Memory Cost = 49.54 log(bit)
BSSA cost:4.2e+02s.



"lwechallenge/55-025.txt" exists.
-------------------------
Primal attack, TU LWE challenge n=55, m=3025, alpha=0.025, q=3037 
Chose 240 samples. Predict solution at bkz-150 + svp-184. 
dim = 241, dvol = 439.97692024407

Generate gs-lengths by GSA assumption... Attack Estimation via simulation + probabilistic model (BSSA)
gap = 1, J = 8, J_gap = 1, max_loop = 5, cost_model = 2, mul_node = 1, progressive_sieve = 1
worst_case. 
Find the optimized Strategy through BSSA!!
bs = (G_BKZ = 27.45 gate, B_BKZ = 43.17 bit cum-pr = 0.02, dsvp = 0.00, dsvp_r = 204, G_dsvp = 29.70 gate, B_dsvp = 50.14 bit, G = 29.97 gate, B = 50.14 bit)
Block size strategy generated by BSSA (beta,jump,tours):{(113,  8,  4),(113,  4,  1),(125,  4,  2),(138,  4,  1),(141,  4,  1),(148,  4,  1),(153,  4,  1),(157,  2,  1),(167,  2,  1)}
Min Cost = 29.97 log2(sec), Memory Cost = 50.14 log(bit)
BSSA cost:5.3e+02s.



"lwechallenge/60-020.txt" exists.
-------------------------
Primal attack, TU LWE challenge n=60, m=3600, alpha=0.020, q=3607 
Chose 253 samples. Predict solution at bkz-146 + svp-182. 
dim = 254, dvol = 494.02531552183

Generate gs-lengths by GSA assumption... Attack Estimation via simulation + probabilistic model (BSSA)
gap = 1, J = 8, J_gap = 1, max_loop = 5, cost_model = 2, mul_node = 1, progressive_sieve = 1
worst_case. 
Find the optimized Strategy through BSSA!!
bs = (G_BKZ = 26.64 gate, B_BKZ = 42.58 bit cum-pr = 0.01, dsvp = 0.00, dsvp_r = 201, G_dsvp = 28.84 gate, B_dsvp = 49.54 bit, G = 29.12 gate, B = 49.54 bit)
Block size strategy generated by BSSA (beta,jump,tours):{(112,  8,  4),(115,  4,  2),(118,  4,  1),(126,  4,  2),(138,  4,  1),(141,  4,  1),(147,  4,  1),(152,  2,  1),(156,  2,  1),(163,  2,  1)}
Min Cost = 29.12 log2(sec), Memory Cost = 49.54 log(bit)
BSSA cost:5.8e+02s.



"lwechallenge/65-015.txt" exists.
-------------------------
Primal attack, TU LWE challenge n=65, m=4225, alpha=0.015, q=4229 
Chose 261 samples. Predict solution at bkz-140 + svp-172. 
dim = 262, dvol = 549.24128135648

Generate gs-lengths by GSA assumption... Attack Estimation via simulation + probabilistic model (BSSA)
gap = 1, J = 8, J_gap = 1, max_loop = 5, cost_model = 2, mul_node = 1, progressive_sieve = 1
worst_case. 
Find the optimized Strategy through BSSA!!
bs = (G_BKZ = 23.36 gate, B_BKZ = 40.60 bit cum-pr = 0.01, dsvp = 0.00, dsvp_r = 191, G_dsvp = 25.52 gate, B_dsvp = 47.75 bit, G = 25.81 gate, B = 47.75 bit)
Block size strategy generated by BSSA (beta,jump,tours):{(113,  8,  5),(115,  4,  1),(116,  4,  1),(129,  4,  2),(138,  4,  1),(139,  4,  1),(145,  4,  1),(152,  4,  1),(153,  2,  1)}
Min Cost = 25.81 log2(sec), Memory Cost = 47.75 log(bit)
BSSA cost:5.5e+02s.



"lwechallenge/75-010.txt" exists.
-------------------------
Primal attack, TU LWE challenge n=75, m=5625, alpha=0.010, q=5639 
Chose 280 samples. Predict solution at bkz-137 + svp-170. 
dim = 281, dvol = 637.60574731214

Generate gs-lengths by GSA assumption... Attack Estimation via simulation + probabilistic model (BSSA)
gap = 1, J = 8, J_gap = 1, max_loop = 5, cost_model = 2, mul_node = 1, progressive_sieve = 1
worst_case. 
Find the optimized Strategy through BSSA!!
bs = (G_BKZ = 23.12 gate, B_BKZ = 40.40 bit cum-pr = 0.03, dsvp = 0.00, dsvp_r = 188, G_dsvp = 24.46 gate, B_dsvp = 47.15 bit, G = 24.94 gate, B = 47.15 bit)
Block size strategy generated by BSSA (beta,jump,tours):{(108,  8,  5),(115,  4,  3),(131,  4,  2),(138,  4,  1),(141,  4,  1),(143,  4,  1),(149,  4,  1),(152,  2,  1)}
Min Cost = 24.94 log2(sec), Memory Cost = 47.15 log(bit)
BSSA cost:6.3e+02s.



"lwechallenge/95-005.txt" exists.
-------------------------
Primal attack, TU LWE challenge n=95, m=9025, alpha=0.005, q=9029 
Chose 322 samples. Predict solution at bkz-140 + svp-169. 
dim = 323, dvol = 836.94876527566

Generate gs-lengths by GSA assumption... Attack Estimation via simulation + probabilistic model (BSSA)
gap = 1, J = 8, J_gap = 1, max_loop = 5, cost_model = 2, mul_node = 1, progressive_sieve = 1
worst_case. 
Find the optimized Strategy through BSSA!!
bs = (G_BKZ = 23.81 gate, B_BKZ = 40.40 bit cum-pr = 0.04, dsvp = 0.00, dsvp_r = 188, G_dsvp = 24.23 gate, B_dsvp = 47.15 bit, G = 25.04 gate, B = 47.15 bit)
Block size strategy generated by BSSA (beta,jump,tours):{( 89,  8,  5),(116,  4,  5),(125,  4,  2),(131,  4,  1),(138,  4,  2),(143,  4,  1),(148,  4,  1),(152,  4,  1),(152,  2,  1)}
Min Cost = 25.04 log2(sec), Memory Cost = 47.15 log(bit)
BSSA cost:8e+02s.



