"lwechallenge/40-035.txt" exists.
-------------------------
Primal attack, TU LWE challenge n=40, m=1600, alpha=0.035, q=1601 
Chose 187 samples. Predict solution at bkz-114 + svp-148. 
dim = 188, dvol = 327.73882468246

Generate gs-lengths by GSA assumption... Attack Estimation via simulation + probabilistic model (BSSA)
gap = 1, J = 8, J_gap = 1, max_loop = 5, cost_model = 2, mul_node = 1, progressive_sieve = 1
worst_case. 
Find the optimized Strategy through BSSA!!
bs = (G_BKZ = 15.12 gate, B_BKZ = 36.82 bit cum-pr = 0.01, dsvp = 0.00, dsvp_r = 167, G_dsvp = 17.35 gate, B_dsvp = 43.17 bit, G = 17.63 gate, B = 43.17 bit)
Block size strategy generated by BSSA (beta,jump,tours):{( 83,  8,  3),(113,  8,  1),(113,  4,  1),(118,  4,  1),(131,  4,  1)}
Min Cost = 17.63 log2(sec), Memory Cost = 43.17 log(bit)
BSSA cost:1.6e+02s.



"lwechallenge/40-025.txt" exists.
-------------------------
Primal attack, TU LWE challenge n=40, m=1600, alpha=0.025, q=1601 
Chose 171 samples. Predict solution at bkz-89 + svp-117. 
dim = 172, dvol = 331.97353385059

Generate gs-lengths by GSA assumption... Attack Estimation via simulation + probabilistic model (BSSA)
gap = 1, J = 8, J_gap = 1, max_loop = 5, cost_model = 2, mul_node = 1, progressive_sieve = 1
worst_case. 
Find the optimized Strategy through BSSA!!
bs = (G_BKZ = 10.78 gate, B_BKZ = 34.53 bit cum-pr = 0.02, dsvp = 0.00, dsvp_r = 138, G_dsvp = 10.29 gate, B_dsvp = 37.89 bit, G = 11.55 gate, B = 37.89 bit)
Block size strategy generated by BSSA (beta,jump,tours):{( 89,  8,  2),(111,  8,  1)}
Min Cost = 11.55 log2(sec), Memory Cost = 37.89 log(bit)
BSSA cost:69s.



"lwechallenge/45-020.txt" exists.
-------------------------
Primal attack, TU LWE challenge n=45, m=2025, alpha=0.020, q=2027 
Chose 184 samples. Predict solution at bkz-89 + svp-121. 
dim = 185, dvol = 373.46589773268

Generate gs-lengths by GSA assumption... Attack Estimation via simulation + probabilistic model (BSSA)
gap = 1, J = 8, J_gap = 1, max_loop = 5, cost_model = 2, mul_node = 1, progressive_sieve = 1
worst_case. 
Find the optimized Strategy through BSSA!!
bs = (G_BKZ = 11.41 gate, B_BKZ = 34.59 bit cum-pr = 0.01, dsvp = 0.00, dsvp_r = 141, G_dsvp = 10.83 gate, B_dsvp = 38.46 bit, G = 12.15 gate, B = 38.46 bit)
Block size strategy generated by BSSA (beta,jump,tours):{( 99,  8,  2),(112,  8,  1)}
Min Cost = 12.15 log2(sec), Memory Cost = 38.46 log(bit)
BSSA cost:88s.



"lwechallenge/50-015.txt" exists.
-------------------------
Primal attack, TU LWE challenge n=50, m=2500, alpha=0.015, q=2503 
Chose 193 samples. Predict solution at bkz-87 + svp-118. 
dim = 194, dvol = 415.65527573918

Generate gs-lengths by GSA assumption... Attack Estimation via simulation + probabilistic model (BSSA)
gap = 1, J = 8, J_gap = 1, max_loop = 5, cost_model = 2, mul_node = 1, progressive_sieve = 1
worst_case. 
Find the optimized Strategy through BSSA!!
bs = (G_BKZ = 11.56 gate, B_BKZ = 34.67 bit cum-pr = 0.02, dsvp = 0.00, dsvp_r = 139, G_dsvp = 10.58 gate, B_dsvp = 38.08 bit, G = 12.15 gate, B = 38.08 bit)
Block size strategy generated by BSSA (beta,jump,tours):{( 85,  8,  3),(113,  8,  1)}
Min Cost = 12.15 log2(sec), Memory Cost = 38.08 log(bit)
BSSA cost:91s.



"lwechallenge/55-010.txt" exists.
-------------------------
Primal attack, TU LWE challenge n=55, m=3025, alpha=0.010, q=3037 
Chose 204 samples. Predict solution at bkz-76 + svp-107. 
dim = 205, dvol = 495.01685533394

Generate gs-lengths by GSA assumption... Attack Estimation via simulation + probabilistic model (BSSA)
gap = 1, J = 8, J_gap = 1, max_loop = 5, cost_model = 2, mul_node = 1, progressive_sieve = 1
worst_case. 
Find the optimized Strategy through BSSA!!
bs = (G_BKZ = 11.23 gate, B_BKZ = 34.15 bit cum-pr = 0.00, dsvp = 0.00, dsvp_r = 134, G_dsvp = 9.98 gate, B_dsvp = 37.35 bit, G = 11.73 gate, B = 37.35 bit)
Block size strategy generated by BSSA (beta,jump,tours):{( 92,  8,  3)}
Min Cost = 11.73 log2(sec), Memory Cost = 37.35 log(bit)
BSSA cost:67s.



"lwechallenge/60-010.txt" exists.
-------------------------
Primal attack, TU LWE challenge n=60, m=3600, alpha=0.010, q=3607 
Chose 221 samples. Predict solution at bkz-92 + svp-122. 
dim = 222, dvol = 522.71923621791

Generate gs-lengths by GSA assumption... Attack Estimation via simulation + probabilistic model (BSSA)
gap = 1, J = 8, J_gap = 1, max_loop = 5, cost_model = 2, mul_node = 1, progressive_sieve = 1
worst_case. 
Find the optimized Strategy through BSSA!!
bs = (G_BKZ = 12.55 gate, B_BKZ = 34.67 bit cum-pr = 0.01, dsvp = 0.00, dsvp_r = 143, G_dsvp = 11.30 gate, B_dsvp = 38.84 bit, G = 13.06 gate, B = 38.84 bit)
Block size strategy generated by BSSA (beta,jump,tours):{( 82,  8,  3),(113,  8,  2)}
Min Cost = 13.06 log2(sec), Memory Cost = 38.84 log(bit)
BSSA cost:1.4e+02s.



"lwechallenge/70-005.txt" exists.
-------------------------
Primal attack, TU LWE challenge n=70, m=4900, alpha=0.005, q=4903 
Chose 234 samples. Predict solution at bkz-77 + svp-106. 
dim = 235, dvol = 641.77463704427

Generate gs-lengths by GSA assumption... Attack Estimation via simulation + probabilistic model (BSSA)
gap = 1, J = 8, J_gap = 1, max_loop = 5, cost_model = 2, mul_node = 1, progressive_sieve = 1
worst_case. 
Find the optimized Strategy through BSSA!!
bs = (G_BKZ = 12.02 gate, B_BKZ = 34.20 bit cum-pr = 0.00, dsvp = 0.00, dsvp_r = 137, G_dsvp = 10.36 gate, B_dsvp = 37.89 bit, G = 12.42 gate, B = 37.89 bit)
Block size strategy generated by BSSA (beta,jump,tours):{( 99,  8,  3)}
Min Cost = 12.42 log2(sec), Memory Cost = 37.89 log(bit)
BSSA cost:91s.



"lwechallenge/75-005.txt" exists.
-------------------------
Primal attack, TU LWE challenge n=75, m=5625, alpha=0.005, q=5639 
Chose 251 samples. Predict solution at bkz-90 + svp-118. 
dim = 252, dvol = 678.72747085249

Generate gs-lengths by GSA assumption... Attack Estimation via simulation + probabilistic model (BSSA)
gap = 1, J = 8, J_gap = 1, max_loop = 5, cost_model = 2, mul_node = 1, progressive_sieve = 1
worst_case. 
Find the optimized Strategy through BSSA!!
bs = (G_BKZ = 13.26 gate, B_BKZ = 34.53 bit cum-pr = 0.01, dsvp = 0.00, dsvp_r = 140, G_dsvp = 10.74 gate, B_dsvp = 38.27 bit, G = 13.49 gate, B = 38.27 bit)
Block size strategy generated by BSSA (beta,jump,tours):{(111,  8,  4)}
Min Cost = 13.49 log2(sec), Memory Cost = 38.27 log(bit)
BSSA cost:1.7e+02s.



