"lwechallenge/40-045.txt" exists.
-------------------------
Primal attack, TU LWE challenge n=40, m=1600, alpha=0.045, q=1601 
Chose 194 samples. Predict solution at bkz-137 + svp-176. 
dim = 195, dvol = 302.19936168844

Generate gs-lengths by GSA assumption... Attack Estimation via simulation + probabilistic model (BSSA)
gap = 1, J = 8, J_gap = 1, max_loop = 5, cost_model = 2, mul_node = 1, progressive_sieve = 1, max_RAM = 300.000000
worst_case. 
bs = (G_BKZ = 0.00 gate, B_BKZ = 0.00 bit cum-pr = 0.00, dsvp = 0.00, dsvp_r = 195, G_dsvp = 29.81 gate, B_dsvp = 48.35 bit, G = 29.81 gate, B = 48.35 bit)
Block size strategy generated by BSSA (beta,jump,tours):{}
bs = (G_BKZ = 5.68 gate, B_BKZ = 34.02 bit cum-pr = 0.00, dsvp = 0.00, dsvp_r = 195, G_dsvp = 28.65 gate, B_dsvp = 48.35 bit, G = 28.65 gate, B = 48.35 bit)
Block size strategy generated by BSSA (beta,jump,tours):{( 52,  8,  5)}
bs = (G_BKZ = 6.56 gate, B_BKZ = 34.02 bit cum-pr = 0.00, dsvp = 0.00, dsvp_r = 195, G_dsvp = 28.36 gate, B_dsvp = 48.35 bit, G = 28.36 gate, B = 48.35 bit)
Block size strategy generated by BSSA (beta,jump,tours):{( 52,  8,  5),( 57,  8,  4)}
bs = (G_BKZ = 6.72 gate, B_BKZ = 34.02 bit cum-pr = 0.00, dsvp = 0.00, dsvp_r = 195, G_dsvp = 28.35 gate, B_dsvp = 48.35 bit, G = 28.35 gate, B = 48.35 bit)
Block size strategy generated by BSSA (beta,jump,tours):{( 52,  8,  5),( 57,  8,  5)}
bs = (G_BKZ = 6.92 gate, B_BKZ = 34.02 bit cum-pr = 0.00, dsvp = 0.00, dsvp_r = 195, G_dsvp = 28.33 gate, B_dsvp = 48.35 bit, G = 28.33 gate, B = 48.35 bit)
Block size strategy generated by BSSA (beta,jump,tours):{( 52,  8,  5),( 59,  8,  5)}
bs = (G_BKZ = 7.15 gate, B_BKZ = 34.02 bit cum-pr = 0.00, dsvp = 0.00, dsvp_r = 195, G_dsvp = 28.32 gate, B_dsvp = 48.35 bit, G = 28.32 gate, B = 48.35 bit)
Block size strategy generated by BSSA (beta,jump,tours):{( 52,  8,  5),( 61,  8,  5)}
bs = (G_BKZ = 7.36 gate, B_BKZ = 34.02 bit cum-pr = 0.00, dsvp = 0.00, dsvp_r = 195, G_dsvp = 28.29 gate, B_dsvp = 48.35 bit, G = 28.29 gate, B = 48.35 bit)
Block size strategy generated by BSSA (beta,jump,tours):{( 52,  8,  5),( 57,  8,  4),( 67,  4,  1)}
bs = (G_BKZ = 7.46 gate, B_BKZ = 34.02 bit cum-pr = 0.00, dsvp = 0.00, dsvp_r = 195, G_dsvp = 28.28 gate, B_dsvp = 48.35 bit, G = 28.28 gate, B = 48.35 bit)
Block size strategy generated by BSSA (beta,jump,tours):{( 52,  8,  5),( 57,  8,  5),( 67,  4,  1)}
bs = (G_BKZ = 7.73 gate, B_BKZ = 34.02 bit cum-pr = 0.00, dsvp = 0.00, dsvp_r = 195, G_dsvp = 28.26 gate, B_dsvp = 48.35 bit, G = 28.26 gate, B = 48.35 bit)
Block size strategy generated by BSSA (beta,jump,tours):{( 52,  8,  5),( 61,  8,  5),( 67,  4,  1)}
bs = (G_BKZ = 7.87 gate, B_BKZ = 34.02 bit cum-pr = 0.00, dsvp = 0.00, dsvp_r = 195, G_dsvp = 28.25 gate, B_dsvp = 48.35 bit, G = 28.25 gate, B = 48.35 bit)
Block size strategy generated by BSSA (beta,jump,tours):{( 52,  8,  5),( 61,  8,  5),( 69,  4,  1)}
bs = (G_BKZ = 7.94 gate, B_BKZ = 34.02 bit cum-pr = 0.00, dsvp = 0.00, dsvp_r = 195, G_dsvp = 28.23 gate, B_dsvp = 48.35 bit, G = 28.23 gate, B = 48.35 bit)
Block size strategy generated by BSSA (beta,jump,tours):{( 52,  8,  5),( 57,  8,  5),( 67,  4,  2)}
bs = (G_BKZ = 8.04 gate, B_BKZ = 34.02 bit cum-pr = 0.00, dsvp = 0.00, dsvp_r = 195, G_dsvp = 28.23 gate, B_dsvp = 48.35 bit, G = 28.23 gate, B = 48.35 bit)
Block size strategy generated by BSSA (beta,jump,tours):{( 52,  8,  5),( 67,  4,  3)}
bs = (G_BKZ = 8.26 gate, B_BKZ = 34.02 bit cum-pr = 0.00, dsvp = 0.00, dsvp_r = 195, G_dsvp = 28.20 gate, B_dsvp = 48.35 bit, G = 28.20 gate, B = 48.35 bit)
Block size strategy generated by BSSA (beta,jump,tours):{( 52,  8,  5),( 57,  8,  4),( 67,  4,  3)}
bs = (G_BKZ = 8.35 gate, B_BKZ = 34.02 bit cum-pr = 0.00, dsvp = 0.00, dsvp_r = 195, G_dsvp = 28.20 gate, B_dsvp = 48.35 bit, G = 28.20 gate, B = 48.35 bit)
Block size strategy generated by BSSA (beta,jump,tours):{( 52,  8,  5),( 69,  4,  3)}
bs = (G_BKZ = 8.53 gate, B_BKZ = 34.02 bit cum-pr = 0.00, dsvp = 0.00, dsvp_r = 195, G_dsvp = 28.17 gate, B_dsvp = 48.35 bit, G = 28.17 gate, B = 48.35 bit)
Block size strategy generated by BSSA (beta,jump,tours):{( 52,  8,  5),( 57,  8,  4),( 69,  4,  3)}
bs = (G_BKZ = 8.68 gate, B_BKZ = 34.02 bit cum-pr = 0.00, dsvp = 0.00, dsvp_r = 195, G_dsvp = 28.16 gate, B_dsvp = 48.35 bit, G = 28.16 gate, B = 48.35 bit)
Block size strategy generated by BSSA (beta,jump,tours):{( 52,  8,  5),( 71,  4,  3)}
bs = (G_BKZ = 8.82 gate, B_BKZ = 34.02 bit cum-pr = 0.00, dsvp = 0.00, dsvp_r = 195, G_dsvp = 28.14 gate, B_dsvp = 48.35 bit, G = 28.14 gate, B = 48.35 bit)
Block size strategy generated by BSSA (beta,jump,tours):{( 52,  8,  5),( 57,  8,  4),( 71,  4,  3)}
bs = (G_BKZ = 9.03 gate, B_BKZ = 34.02 bit cum-pr = 0.00, dsvp = 0.00, dsvp_r = 195, G_dsvp = 28.12 gate, B_dsvp = 48.35 bit, G = 28.12 gate, B = 48.35 bit)
Block size strategy generated by BSSA (beta,jump,tours):{( 52,  8,  5),( 57,  8,  4),( 67,  4,  1),( 71,  4,  3)}
bs = (G_BKZ = 9.16 gate, B_BKZ = 34.02 bit cum-pr = 0.00, dsvp = 0.00, dsvp_r = 195, G_dsvp = 28.11 gate, B_dsvp = 48.35 bit, G = 28.11 gate, B = 48.35 bit)
Block size strategy generated by BSSA (beta,jump,tours):{( 52,  8,  5),( 57,  8,  4),( 71,  4,  4)}
bs = (G_BKZ = 9.43 gate, B_BKZ = 34.02 bit cum-pr = 0.00, dsvp = 0.00, dsvp_r = 195, G_dsvp = 28.09 gate, B_dsvp = 48.35 bit, G = 28.09 gate, B = 48.35 bit)
Block size strategy generated by BSSA (beta,jump,tours):{( 52,  8,  5),( 57,  8,  4),( 71,  4,  5)}
bs = (G_BKZ = 9.77 gate, B_BKZ = 34.03 bit cum-pr = 0.00, dsvp = 0.00, dsvp_r = 195, G_dsvp = 28.08 gate, B_dsvp = 48.35 bit, G = 28.08 gate, B = 48.35 bit)
Block size strategy generated by BSSA (beta,jump,tours):{( 52,  8,  5),( 57,  8,  4),( 73,  4,  5)}
bs = (G_BKZ = 10.04 gate, B_BKZ = 34.16 bit cum-pr = 0.00, dsvp = 0.00, dsvp_r = 195, G_dsvp = 28.05 gate, B_dsvp = 48.35 bit, G = 28.05 gate, B = 48.35 bit)
Block size strategy generated by BSSA (beta,jump,tours):{( 52,  8,  5),( 69,  4,  3),( 93,  8,  1)}
bs = (G_BKZ = 10.08 gate, B_BKZ = 34.18 bit cum-pr = 0.00, dsvp = 0.00, dsvp_r = 195, G_dsvp = 28.04 gate, B_dsvp = 48.35 bit, G = 28.04 gate, B = 48.35 bit)
Block size strategy generated by BSSA (beta,jump,tours):{( 52,  8,  5),( 67,  4,  3),( 97,  8,  1)}
bs = (G_BKZ = 10.16 gate, B_BKZ = 34.18 bit cum-pr = 0.00, dsvp = 0.00, dsvp_r = 195, G_dsvp = 28.02 gate, B_dsvp = 48.35 bit, G = 28.02 gate, B = 48.35 bit)
Block size strategy generated by BSSA (beta,jump,tours):{( 52,  8,  5),( 69,  4,  3),( 97,  8,  1)}
bs = (G_BKZ = 10.24 gate, B_BKZ = 34.20 bit cum-pr = 0.00, dsvp = 0.00, dsvp_r = 195, G_dsvp = 28.00 gate, B_dsvp = 48.35 bit, G = 28.00 gate, B = 48.35 bit)
Block size strategy generated by BSSA (beta,jump,tours):{( 52,  8,  5),( 69,  4,  3),( 99,  8,  1)}
bs = (G_BKZ = 10.29 gate, B_BKZ = 34.20 bit cum-pr = 0.00, dsvp = 0.00, dsvp_r = 195, G_dsvp = 27.99 gate, B_dsvp = 48.35 bit, G = 27.99 gate, B = 48.35 bit)
Block size strategy generated by BSSA (beta,jump,tours):{( 52,  8,  5),( 57,  8,  4),( 69,  4,  3),( 99,  8,  1)}
bs = (G_BKZ = 10.38 gate, B_BKZ = 34.30 bit cum-pr = 0.00, dsvp = 0.00, dsvp_r = 195, G_dsvp = 27.97 gate, B_dsvp = 48.35 bit, G = 27.97 gate, B = 48.35 bit)
Block size strategy generated by BSSA (beta,jump,tours):{( 52,  8,  5),( 67,  4,  3),(104,  8,  1)}
bs = (G_BKZ = 10.45 gate, B_BKZ = 34.30 bit cum-pr = 0.00, dsvp = 0.00, dsvp_r = 195, G_dsvp = 27.96 gate, B_dsvp = 48.35 bit, G = 27.96 gate, B = 48.35 bit)
Block size strategy generated by BSSA (beta,jump,tours):{( 52,  8,  5),( 69,  4,  3),(104,  8,  1)}
bs = (G_BKZ = 10.52 gate, B_BKZ = 34.36 bit cum-pr = 0.00, dsvp = 0.00, dsvp_r = 195, G_dsvp = 27.94 gate, B_dsvp = 48.35 bit, G = 27.94 gate, B = 48.35 bit)
Block size strategy generated by BSSA (beta,jump,tours):{( 52,  8,  5),( 57,  8,  4),( 67,  4,  3),(106,  8,  1)}
bs = (G_BKZ = 10.58 gate, B_BKZ = 34.36 bit cum-pr = 0.00, dsvp = 0.00, dsvp_r = 195, G_dsvp = 27.93 gate, B_dsvp = 48.35 bit, G = 27.93 gate, B = 48.35 bit)
Block size strategy generated by BSSA (beta,jump,tours):{( 52,  8,  5),( 57,  8,  4),( 69,  4,  3),(106,  8,  1)}
bs = (G_BKZ = 10.64 gate, B_BKZ = 34.53 bit cum-pr = 0.00, dsvp = 0.00, dsvp_r = 195, G_dsvp = 27.91 gate, B_dsvp = 48.35 bit, G = 27.91 gate, B = 48.35 bit)
Block size strategy generated by BSSA (beta,jump,tours):{( 52,  8,  5),( 57,  8,  5),( 67,  4,  2),(111,  8,  1)}
bs = (G_BKZ = 10.70 gate, B_BKZ = 34.53 bit cum-pr = 0.00, dsvp = 0.00, dsvp_r = 195, G_dsvp = 27.89 gate, B_dsvp = 48.35 bit, G = 27.89 gate, B = 48.35 bit)
Block size strategy generated by BSSA (beta,jump,tours):{( 52,  8,  5),( 57,  8,  4),( 67,  4,  3),(111,  8,  1)}
bs = (G_BKZ = 10.75 gate, B_BKZ = 34.53 bit cum-pr = 0.00, dsvp = 0.00, dsvp_r = 195, G_dsvp = 27.88 gate, B_dsvp = 48.35 bit, G = 27.88 gate, B = 48.35 bit)
Block size strategy generated by BSSA (beta,jump,tours):{( 52,  8,  5),( 57,  8,  4),( 69,  4,  3),(111,  8,  1)}
bs = (G_BKZ = 10.82 gate, B_BKZ = 34.53 bit cum-pr = 0.00, dsvp = 0.00, dsvp_r = 195, G_dsvp = 27.86 gate, B_dsvp = 48.35 bit, G = 27.86 gate, B = 48.35 bit)
Block size strategy generated by BSSA (beta,jump,tours):{( 52,  8,  5),( 57,  8,  4),( 71,  4,  3),(111,  8,  1)}
bs = (G_BKZ = 10.87 gate, B_BKZ = 34.67 bit cum-pr = 0.00, dsvp = 0.00, dsvp_r = 195, G_dsvp = 27.85 gate, B_dsvp = 48.35 bit, G = 27.85 gate, B = 48.35 bit)
Block size strategy generated by BSSA (beta,jump,tours):{( 52,  8,  5),( 71,  4,  3),(113,  8,  1)}
bs = (G_BKZ = 10.96 gate, B_BKZ = 34.67 bit cum-pr = 0.00, dsvp = 0.00, dsvp_r = 195, G_dsvp = 27.83 gate, B_dsvp = 48.35 bit, G = 27.83 gate, B = 48.35 bit)
Block size strategy generated by BSSA (beta,jump,tours):{( 52,  8,  5),( 57,  8,  4),( 67,  4,  1),( 71,  4,  3),(113,  8,  1)}
bs = (G_BKZ = 11.07 gate, B_BKZ = 34.83 bit cum-pr = 0.00, dsvp = 0.00, dsvp_r = 195, G_dsvp = 27.82 gate, B_dsvp = 48.35 bit, G = 27.82 gate, B = 48.35 bit)
Block size strategy generated by BSSA (beta,jump,tours):{( 52,  8,  5),( 57,  8,  4),( 71,  4,  4),(115,  8,  1)}
bs = (G_BKZ = 11.25 gate, B_BKZ = 34.53 bit cum-pr = 0.00, dsvp = 0.00, dsvp_r = 195, G_dsvp = 27.80 gate, B_dsvp = 48.35 bit, G = 27.80 gate, B = 48.35 bit)
Block size strategy generated by BSSA (beta,jump,tours):{( 52,  8,  5),( 67,  4,  3),( 97,  8,  1),(110,  8,  1)}
bs = (G_BKZ = 11.28 gate, B_BKZ = 34.59 bit cum-pr = 0.00, dsvp = 0.00, dsvp_r = 195, G_dsvp = 27.78 gate, B_dsvp = 48.35 bit, G = 27.78 gate, B = 48.35 bit)
Block size strategy generated by BSSA (beta,jump,tours):{( 52,  8,  5),( 67,  4,  3),( 97,  8,  1),(112,  8,  1)}
bs = (G_BKZ = 11.31 gate, B_BKZ = 34.67 bit cum-pr = 0.00, dsvp = 0.00, dsvp_r = 195, G_dsvp = 27.77 gate, B_dsvp = 48.35 bit, G = 27.77 gate, B = 48.35 bit)
Block size strategy generated by BSSA (beta,jump,tours):{( 52,  8,  5),( 67,  4,  3),( 97,  8,  1),(113,  8,  1)}
bs = (G_BKZ = 11.38 gate, B_BKZ = 34.59 bit cum-pr = 0.00, dsvp = 0.00, dsvp_r = 195, G_dsvp = 27.75 gate, B_dsvp = 48.35 bit, G = 27.75 gate, B = 48.35 bit)
Block size strategy generated by BSSA (beta,jump,tours):{( 52,  8,  5),( 57,  8,  4),( 69,  4,  3),( 99,  8,  1),(112,  8,  1)}
bs = (G_BKZ = 11.39 gate, B_BKZ = 34.53 bit cum-pr = 0.00, dsvp = 0.00, dsvp_r = 195, G_dsvp = 27.74 gate, B_dsvp = 48.35 bit, G = 27.74 gate, B = 48.35 bit)
Block size strategy generated by BSSA (beta,jump,tours):{( 52,  8,  5),( 67,  4,  3),(104,  8,  1),(111,  8,  1)}
bs = (G_BKZ = 11.45 gate, B_BKZ = 34.67 bit cum-pr = 0.00, dsvp = 0.00, dsvp_r = 195, G_dsvp = 27.72 gate, B_dsvp = 48.35 bit, G = 27.72 gate, B = 48.35 bit)
Block size strategy generated by BSSA (beta,jump,tours):{( 52,  8,  5),( 67,  4,  3),(104,  8,  1),(113,  8,  1)}
bs = (G_BKZ = 11.49 gate, B_BKZ = 34.53 bit cum-pr = 0.00, dsvp = 0.00, dsvp_r = 195, G_dsvp = 27.70 gate, B_dsvp = 48.35 bit, G = 27.70 gate, B = 48.35 bit)
Block size strategy generated by BSSA (beta,jump,tours):{( 52,  8,  5),( 57,  8,  4),( 67,  4,  1),(111,  8,  2)}
bs = (G_BKZ = 11.52 gate, B_BKZ = 34.53 bit cum-pr = 0.00, dsvp = 0.00, dsvp_r = 195, G_dsvp = 27.69 gate, B_dsvp = 48.35 bit, G = 27.69 gate, B = 48.35 bit)
Block size strategy generated by BSSA (beta,jump,tours):{( 52,  8,  5),( 61,  8,  5),( 69,  4,  1),(111,  8,  2)}
bs = (G_BKZ = 11.57 gate, B_BKZ = 34.59 bit cum-pr = 0.00, dsvp = 0.00, dsvp_r = 195, G_dsvp = 27.67 gate, B_dsvp = 48.35 bit, G = 27.67 gate, B = 48.35 bit)
Block size strategy generated by BSSA (beta,jump,tours):{( 52,  8,  5),( 61,  8,  5),( 69,  4,  1),(112,  8,  2)}
bs = (G_BKZ = 11.63 gate, B_BKZ = 34.67 bit cum-pr = 0.00, dsvp = 0.00, dsvp_r = 195, G_dsvp = 27.66 gate, B_dsvp = 48.35 bit, G = 27.66 gate, B = 48.35 bit)
Block size strategy generated by BSSA (beta,jump,tours):{( 52,  8,  5),( 61,  8,  5),( 69,  4,  1),(113,  8,  2)}
bs = (G_BKZ = 11.70 gate, B_BKZ = 34.67 bit cum-pr = 0.00, dsvp = 0.00, dsvp_r = 195, G_dsvp = 27.64 gate, B_dsvp = 48.35 bit, G = 27.64 gate, B = 48.35 bit)
Block size strategy generated by BSSA (beta,jump,tours):{( 52,  8,  5),( 71,  4,  3),(113,  8,  2)}
bs = (G_BKZ = 11.80 gate, B_BKZ = 34.83 bit cum-pr = 0.00, dsvp = 0.00, dsvp_r = 195, G_dsvp = 27.63 gate, B_dsvp = 48.35 bit, G = 27.63 gate, B = 48.35 bit)
Block size strategy generated by BSSA (beta,jump,tours):{( 52,  8,  5),( 71,  4,  3),(115,  8,  2)}
bs = (G_BKZ = 11.96 gate, B_BKZ = 34.92 bit cum-pr = 0.00, dsvp = 0.00, dsvp_r = 195, G_dsvp = 27.61 gate, B_dsvp = 48.35 bit, G = 27.61 gate, B = 48.35 bit)
Block size strategy generated by BSSA (beta,jump,tours):{( 52,  8,  5),( 71,  4,  3),(116,  8,  2)}
bs = (G_BKZ = 12.10 gate, B_BKZ = 34.83 bit cum-pr = 0.00, dsvp = 0.00, dsvp_r = 195, G_dsvp = 27.60 gate, B_dsvp = 48.35 bit, G = 27.60 gate, B = 48.35 bit)
Block size strategy generated by BSSA (beta,jump,tours):{( 52,  8,  5),( 67,  4,  3),(104,  8,  1),(113,  8,  1),(115,  8,  1)}
bs = (G_BKZ = 12.16 gate, B_BKZ = 34.67 bit cum-pr = 0.00, dsvp = 0.00, dsvp_r = 195, G_dsvp = 27.58 gate, B_dsvp = 48.35 bit, G = 27.58 gate, B = 48.35 bit)
Block size strategy generated by BSSA (beta,jump,tours):{( 52,  8,  5),( 57,  8,  4),( 67,  4,  3),(111,  8,  1),(113,  4,  1)}
bs = (G_BKZ = 12.23 gate, B_BKZ = 34.67 bit cum-pr = 0.00, dsvp = 0.00, dsvp_r = 195, G_dsvp = 27.56 gate, B_dsvp = 48.35 bit, G = 27.56 gate, B = 48.35 bit)
Block size strategy generated by BSSA (beta,jump,tours):{( 52,  8,  5),( 71,  4,  3),(113,  8,  1),(113,  4,  1)}
bs = (G_BKZ = 12.30 gate, B_BKZ = 34.83 bit cum-pr = 0.00, dsvp = 0.00, dsvp_r = 195, G_dsvp = 27.55 gate, B_dsvp = 48.35 bit, G = 27.55 gate, B = 48.35 bit)
Block size strategy generated by BSSA (beta,jump,tours):{( 52,  8,  5),( 71,  4,  3),(113,  8,  1),(115,  4,  1)}
bs = (G_BKZ = 12.44 gate, B_BKZ = 34.92 bit cum-pr = 0.00, dsvp = 0.00, dsvp_r = 195, G_dsvp = 27.54 gate, B_dsvp = 48.35 bit, G = 27.54 gate, B = 48.35 bit)
Block size strategy generated by BSSA (beta,jump,tours):{( 52,  8,  5),( 57,  8,  4),( 67,  4,  1),( 71,  4,  3),(113,  8,  1),(116,  4,  1)}
bs = (G_BKZ = 12.54 gate, B_BKZ = 34.83 bit cum-pr = 0.00, dsvp = 0.00, dsvp_r = 195, G_dsvp = 27.52 gate, B_dsvp = 48.35 bit, G = 27.52 gate, B = 48.35 bit)
Block size strategy generated by BSSA (beta,jump,tours):{( 52,  8,  5),( 67,  4,  3),(104,  8,  1),(113,  8,  1),(115,  4,  1)}
bs = (G_BKZ = 12.61 gate, B_BKZ = 34.67 bit cum-pr = 0.00, dsvp = 0.00, dsvp_r = 195, G_dsvp = 27.51 gate, B_dsvp = 48.35 bit, G = 27.51 gate, B = 48.35 bit)
Block size strategy generated by BSSA (beta,jump,tours):{( 52,  8,  5),( 71,  4,  3),(113,  4,  2)}
bs = (G_BKZ = 12.71 gate, B_BKZ = 34.83 bit cum-pr = 0.00, dsvp = 0.00, dsvp_r = 195, G_dsvp = 27.50 gate, B_dsvp = 48.35 bit, G = 27.50 gate, B = 48.35 bit)
Block size strategy generated by BSSA (beta,jump,tours):{( 52,  8,  5),( 57,  8,  4),( 69,  4,  3),(115,  4,  2)}
bs = (G_BKZ = 12.81 gate, B_BKZ = 34.67 bit cum-pr = 0.00, dsvp = 0.00, dsvp_r = 195, G_dsvp = 27.49 gate, B_dsvp = 48.35 bit, G = 27.49 gate, B = 48.35 bit)
Block size strategy generated by BSSA (beta,jump,tours):{( 52,  8,  5),( 67,  4,  3),(104,  8,  1),(113,  4,  2)}
bs = (G_BKZ = 12.90 gate, B_BKZ = 34.83 bit cum-pr = 0.00, dsvp = 0.00, dsvp_r = 195, G_dsvp = 27.47 gate, B_dsvp = 48.35 bit, G = 27.47 gate, B = 48.35 bit)
Block size strategy generated by BSSA (beta,jump,tours):{( 52,  8,  5),( 67,  4,  3),(104,  8,  1),(115,  4,  2)}
bs = (G_BKZ = 12.99 gate, B_BKZ = 34.92 bit cum-pr = 0.00, dsvp = 0.00, dsvp_r = 195, G_dsvp = 27.46 gate, B_dsvp = 48.35 bit, G = 27.46 gate, B = 48.35 bit)
Block size strategy generated by BSSA (beta,jump,tours):{( 52,  8,  5),( 57,  8,  4),( 67,  4,  3),(111,  8,  1),(113,  4,  1),(116,  4,  1)}
bs = (G_BKZ = 13.14 gate, B_BKZ = 34.92 bit cum-pr = 0.00, dsvp = 0.00, dsvp_r = 195, G_dsvp = 27.45 gate, B_dsvp = 48.35 bit, G = 27.45 gate, B = 48.35 bit)
Block size strategy generated by BSSA (beta,jump,tours):{( 52,  8,  5),( 71,  4,  3),(113,  8,  1),(116,  4,  2)}
bs = (G_BKZ = 13.27 gate, B_BKZ = 35.12 bit cum-pr = 0.00, dsvp = 0.00, dsvp_r = 195, G_dsvp = 27.44 gate, B_dsvp = 48.35 bit, G = 27.44 gate, B = 48.35 bit)
Block size strategy generated by BSSA (beta,jump,tours):{( 52,  8,  5),( 71,  4,  3),(113,  8,  1),(115,  4,  1),(118,  4,  1)}
bs = (G_BKZ = 13.45 gate, B_BKZ = 35.23 bit cum-pr = 0.00, dsvp = 0.00, dsvp_r = 195, G_dsvp = 27.42 gate, B_dsvp = 48.35 bit, G = 27.42 gate, B = 48.35 bit)
Block size strategy generated by BSSA (beta,jump,tours):{( 52,  8,  5),( 57,  8,  4),( 67,  4,  1),( 71,  4,  3),(113,  8,  1),(116,  4,  1),(119,  4,  1)}
bs = (G_BKZ = 13.62 gate, B_BKZ = 35.47 bit cum-pr = 0.00, dsvp = 0.00, dsvp_r = 195, G_dsvp = 27.41 gate, B_dsvp = 48.35 bit, G = 27.41 gate, B = 48.35 bit)
Block size strategy generated by BSSA (beta,jump,tours):{( 52,  8,  5),( 71,  4,  3),(113,  8,  1),(115,  4,  1),(121,  4,  1)}
bs = (G_BKZ = 13.80 gate, B_BKZ = 35.59 bit cum-pr = 0.00, dsvp = 0.00, dsvp_r = 195, G_dsvp = 27.40 gate, B_dsvp = 48.35 bit, G = 27.40 gate, B = 48.35 bit)
Block size strategy generated by BSSA (beta,jump,tours):{( 52,  8,  5),( 57,  8,  4),( 67,  4,  1),( 71,  4,  3),(113,  8,  1),(116,  4,  1),(122,  4,  1)}
bs = (G_BKZ = 13.98 gate, B_BKZ = 35.73 bit cum-pr = 0.00, dsvp = 0.00, dsvp_r = 195, G_dsvp = 27.39 gate, B_dsvp = 48.35 bit, G = 27.39 gate, B = 48.35 bit)
Block size strategy generated by BSSA (beta,jump,tours):{( 52,  8,  5),( 67,  4,  3),(104,  8,  1),(113,  8,  1),(115,  4,  1),(123,  4,  1)}
bs = (G_BKZ = 14.04 gate, B_BKZ = 35.87 bit cum-pr = 0.00, dsvp = 0.00, dsvp_r = 195, G_dsvp = 27.38 gate, B_dsvp = 48.35 bit, G = 27.38 gate, B = 48.35 bit)
Block size strategy generated by BSSA (beta,jump,tours):{( 52,  8,  5),( 71,  4,  3),(113,  8,  1),(115,  4,  1),(125,  4,  1)}
bs = (G_BKZ = 14.23 gate, B_BKZ = 36.02 bit cum-pr = 0.00, dsvp = 0.00, dsvp_r = 195, G_dsvp = 27.36 gate, B_dsvp = 48.35 bit, G = 27.36 gate, B = 48.35 bit)
Block size strategy generated by BSSA (beta,jump,tours):{( 52,  8,  5),( 57,  8,  4),( 67,  4,  1),( 71,  4,  3),(113,  8,  1),(116,  4,  1),(126,  4,  1)}
bs = (G_BKZ = 14.40 gate, B_BKZ = 35.87 bit cum-pr = 0.00, dsvp = 0.00, dsvp_r = 195, G_dsvp = 27.35 gate, B_dsvp = 48.35 bit, G = 27.35 gate, B = 48.35 bit)
Block size strategy generated by BSSA (beta,jump,tours):{( 52,  8,  5),( 71,  4,  3),(113,  8,  1),(115,  4,  1),(118,  4,  1),(125,  4,  1)}
bs = (G_BKZ = 14.60 gate, B_BKZ = 36.02 bit cum-pr = 0.00, dsvp = 0.00, dsvp_r = 195, G_dsvp = 27.34 gate, B_dsvp = 48.35 bit, G = 27.34 gate, B = 48.35 bit)
Block size strategy generated by BSSA (beta,jump,tours):{( 52,  8,  5),( 57,  8,  4),( 67,  4,  1),( 71,  4,  3),(113,  8,  1),(116,  4,  1),(119,  4,  1),(126,  4,  1)}
bs = (G_BKZ = 14.74 gate, B_BKZ = 36.33 bit cum-pr = 0.00, dsvp = 0.00, dsvp_r = 195, G_dsvp = 27.33 gate, B_dsvp = 48.35 bit, G = 27.33 gate, B = 48.35 bit)
Block size strategy generated by BSSA (beta,jump,tours):{( 52,  8,  5),( 71,  4,  3),(113,  8,  1),(116,  4,  2),(128,  4,  1)}
bs = (G_BKZ = 14.92 gate, B_BKZ = 36.33 bit cum-pr = 0.00, dsvp = 0.00, dsvp_r = 195, G_dsvp = 27.32 gate, B_dsvp = 48.35 bit, G = 27.32 gate, B = 48.35 bit)
Block size strategy generated by BSSA (beta,jump,tours):{( 52,  8,  5),( 71,  4,  3),(113,  8,  1),(115,  4,  1),(121,  4,  1),(128,  4,  1)}
bs = (G_BKZ = 15.05 gate, B_BKZ = 36.49 bit cum-pr = 0.00, dsvp = 0.00, dsvp_r = 195, G_dsvp = 27.31 gate, B_dsvp = 48.35 bit, G = 27.31 gate, B = 48.35 bit)
Block size strategy generated by BSSA (beta,jump,tours):{( 52,  8,  5),( 71,  4,  3),(113,  8,  1),(115,  4,  1),(121,  4,  1),(129,  4,  1)}
bs = (G_BKZ = 15.22 gate, B_BKZ = 36.49 bit cum-pr = 0.00, dsvp = 0.00, dsvp_r = 195, G_dsvp = 27.30 gate, B_dsvp = 48.35 bit, G = 27.30 gate, B = 48.35 bit)
Block size strategy generated by BSSA (beta,jump,tours):{( 52,  8,  5),( 71,  4,  3),(113,  8,  1),(115,  4,  1),(125,  4,  1),(129,  4,  1)}
bs = (G_BKZ = 15.43 gate, B_BKZ = 36.65 bit cum-pr = 0.00, dsvp = 0.00, dsvp_r = 195, G_dsvp = 27.29 gate, B_dsvp = 48.35 bit, G = 27.29 gate, B = 48.35 bit)
Block size strategy generated by BSSA (beta,jump,tours):{( 52,  8,  5),( 57,  8,  4),( 67,  4,  1),( 71,  4,  3),(113,  8,  1),(116,  4,  1),(126,  4,  1),(130,  4,  1)}
bs = (G_BKZ = 15.60 gate, B_BKZ = 36.99 bit cum-pr = 0.00, dsvp = 0.00, dsvp_r = 195, G_dsvp = 27.28 gate, B_dsvp = 48.35 bit, G = 27.28 gate, B = 48.35 bit)
Block size strategy generated by BSSA (beta,jump,tours):{( 52,  8,  5),( 67,  4,  3),(104,  8,  1),(113,  8,  1),(115,  4,  1),(123,  4,  1),(132,  4,  1)}
bs = (G_BKZ = 15.76 gate, B_BKZ = 37.17 bit cum-pr = 0.00, dsvp = 0.00, dsvp_r = 195, G_dsvp = 27.26 gate, B_dsvp = 48.35 bit, G = 27.26 gate, B = 48.35 bit)
Block size strategy generated by BSSA (beta,jump,tours):{( 52,  8,  5),( 71,  4,  3),(113,  8,  1),(115,  4,  1),(125,  4,  1),(133,  4,  1)}
bs = (G_BKZ = 15.92 gate, B_BKZ = 37.35 bit cum-pr = 0.00, dsvp = 0.00, dsvp_r = 195, G_dsvp = 27.25 gate, B_dsvp = 48.35 bit, G = 27.25 gate, B = 48.35 bit)
Block size strategy generated by BSSA (beta,jump,tours):{( 52,  8,  5),( 71,  4,  3),(113,  8,  1),(115,  4,  1),(125,  4,  1),(134,  4,  1)}
bs = (G_BKZ = 16.13 gate, B_BKZ = 37.53 bit cum-pr = 0.00, dsvp = 0.00, dsvp_r = 195, G_dsvp = 27.24 gate, B_dsvp = 48.35 bit, G = 27.24 gate, B = 48.35 bit)
Block size strategy generated by BSSA (beta,jump,tours):{( 52,  8,  5),( 57,  8,  4),( 67,  4,  1),( 71,  4,  3),(113,  8,  1),(116,  4,  1),(126,  4,  1),(135,  4,  1)}
bs = (G_BKZ = 16.29 gate, B_BKZ = 37.71 bit cum-pr = 0.00, dsvp = 0.00, dsvp_r = 195, G_dsvp = 27.23 gate, B_dsvp = 48.35 bit, G = 27.23 gate, B = 48.35 bit)
Block size strategy generated by BSSA (beta,jump,tours):{( 52,  8,  5),( 57,  8,  4),( 67,  4,  1),( 71,  4,  3),(113,  8,  1),(116,  4,  1),(126,  4,  1),(136,  4,  1)}
bs = (G_BKZ = 16.37 gate, B_BKZ = 37.89 bit cum-pr = 0.00, dsvp = 0.00, dsvp_r = 195, G_dsvp = 27.22 gate, B_dsvp = 48.35 bit, G = 27.22 gate, B = 48.35 bit)
Block size strategy generated by BSSA (beta,jump,tours):{( 52,  8,  5),( 57,  8,  4),( 67,  4,  1),( 71,  4,  3),(113,  8,  1),(116,  4,  1),(122,  4,  1),(138,  4,  1)}
bs = (G_BKZ = 16.54 gate, B_BKZ = 37.89 bit cum-pr = 0.00, dsvp = 0.00, dsvp_r = 195, G_dsvp = 27.21 gate, B_dsvp = 48.35 bit, G = 27.21 gate, B = 48.35 bit)
Block size strategy generated by BSSA (beta,jump,tours):{( 52,  8,  5),( 57,  8,  4),( 67,  4,  1),( 71,  4,  3),(113,  8,  1),(116,  4,  1),(119,  4,  1),(126,  4,  1),(138,  4,  1)}
bs = (G_BKZ = 16.85 gate, B_BKZ = 38.08 bit cum-pr = 0.00, dsvp = 0.00, dsvp_r = 195, G_dsvp = 27.19 gate, B_dsvp = 48.35 bit, G = 27.20 gate, B = 48.35 bit)
Block size strategy generated by BSSA (beta,jump,tours):{( 52,  8,  5),( 71,  4,  3),(113,  8,  1),(116,  4,  2),(128,  4,  1),(139,  4,  1)}
bs = (G_BKZ = 17.10 gate, B_BKZ = 38.08 bit cum-pr = 0.00, dsvp = 0.00, dsvp_r = 195, G_dsvp = 27.18 gate, B_dsvp = 48.35 bit, G = 27.19 gate, B = 48.35 bit)
Block size strategy generated by BSSA (beta,jump,tours):{( 52,  8,  5),( 67,  4,  3),(104,  8,  1),(113,  8,  1),(115,  4,  1),(123,  4,  1),(132,  4,  1),(139,  4,  1)}
bs = (G_BKZ = 17.36 gate, B_BKZ = 38.46 bit cum-pr = 0.00, dsvp = 0.00, dsvp_r = 195, G_dsvp = 27.17 gate, B_dsvp = 48.35 bit, G = 27.18 gate, B = 48.35 bit)
Block size strategy generated by BSSA (beta,jump,tours):{( 52,  8,  5),( 71,  4,  3),(113,  8,  1),(116,  4,  2),(128,  4,  1),(141,  4,  1)}
bs = (G_BKZ = 17.58 gate, B_BKZ = 38.46 bit cum-pr = 0.00, dsvp = 0.00, dsvp_r = 195, G_dsvp = 27.16 gate, B_dsvp = 48.35 bit, G = 27.16 gate, B = 48.35 bit)
Block size strategy generated by BSSA (beta,jump,tours):{( 52,  8,  5),( 71,  4,  3),(113,  8,  1),(115,  4,  1),(125,  4,  1),(133,  4,  1),(141,  4,  1)}
bs = (G_BKZ = 17.81 gate, B_BKZ = 38.65 bit cum-pr = 0.00, dsvp = 0.00, dsvp_r = 195, G_dsvp = 27.15 gate, B_dsvp = 48.35 bit, G = 27.15 gate, B = 48.35 bit)
Block size strategy generated by BSSA (beta,jump,tours):{( 52,  8,  5),( 71,  4,  3),(113,  8,  1),(115,  4,  1),(125,  4,  1),(133,  4,  1),(142,  4,  1)}
bs = (G_BKZ = 18.09 gate, B_BKZ = 38.84 bit cum-pr = 0.00, dsvp = 0.00, dsvp_r = 195, G_dsvp = 27.14 gate, B_dsvp = 48.35 bit, G = 27.14 gate, B = 48.35 bit)
Block size strategy generated by BSSA (beta,jump,tours):{( 52,  8,  5),( 71,  4,  3),(113,  8,  1),(115,  4,  1),(125,  4,  1),(134,  4,  1),(143,  4,  1)}
bs = (G_BKZ = 18.38 gate, B_BKZ = 39.03 bit cum-pr = 0.00, dsvp = 0.00, dsvp_r = 195, G_dsvp = 27.13 gate, B_dsvp = 48.35 bit, G = 27.13 gate, B = 48.35 bit)
Block size strategy generated by BSSA (beta,jump,tours):{( 52,  8,  5),( 57,  8,  4),( 67,  4,  1),( 71,  4,  3),(113,  8,  1),(116,  4,  1),(126,  4,  1),(135,  4,  1),(144,  4,  1)}
bs = (G_BKZ = 18.63 gate, B_BKZ = 39.23 bit cum-pr = 0.00, dsvp = 0.00, dsvp_r = 195, G_dsvp = 27.12 gate, B_dsvp = 48.35 bit, G = 27.12 gate, B = 48.35 bit)
Block size strategy generated by BSSA (beta,jump,tours):{( 52,  8,  5),( 57,  8,  4),( 67,  4,  1),( 71,  4,  3),(113,  8,  1),(116,  4,  1),(126,  4,  1),(135,  4,  1),(145,  4,  1)}
bs = (G_BKZ = 18.92 gate, B_BKZ = 39.42 bit cum-pr = 0.00, dsvp = 0.00, dsvp_r = 195, G_dsvp = 27.10 gate, B_dsvp = 48.35 bit, G = 27.11 gate, B = 48.35 bit)
Block size strategy generated by BSSA (beta,jump,tours):{( 52,  8,  5),( 57,  8,  4),( 67,  4,  1),( 71,  4,  3),(113,  8,  1),(116,  4,  1),(126,  4,  1),(136,  4,  1),(146,  4,  1)}
bs = (G_BKZ = 19.19 gate, B_BKZ = 39.61 bit cum-pr = 0.00, dsvp = 0.00, dsvp_r = 195, G_dsvp = 27.09 gate, B_dsvp = 48.35 bit, G = 27.10 gate, B = 48.35 bit)
Block size strategy generated by BSSA (beta,jump,tours):{( 52,  8,  5),( 57,  8,  4),( 67,  4,  1),( 71,  4,  3),(113,  8,  1),(116,  4,  1),(126,  4,  1),(136,  4,  1),(147,  4,  1)}
bs = (G_BKZ = 19.47 gate, B_BKZ = 39.81 bit cum-pr = 0.00, dsvp = 0.00, dsvp_r = 195, G_dsvp = 27.08 gate, B_dsvp = 48.35 bit, G = 27.09 gate, B = 48.35 bit)
Block size strategy generated by BSSA (beta,jump,tours):{( 52,  8,  5),( 57,  8,  4),( 67,  4,  1),( 71,  4,  3),(113,  8,  1),(116,  4,  1),(126,  4,  1),(136,  4,  1),(148,  4,  1)}
bs = (G_BKZ = 19.81 gate, B_BKZ = 40.01 bit cum-pr = 0.00, dsvp = 0.00, dsvp_r = 195, G_dsvp = 27.07 gate, B_dsvp = 48.35 bit, G = 27.08 gate, B = 48.35 bit)
Block size strategy generated by BSSA (beta,jump,tours):{( 52,  8,  5),( 57,  8,  4),( 67,  4,  1),( 71,  4,  3),(113,  8,  1),(116,  4,  1),(122,  4,  1),(138,  4,  1),(149,  4,  1)}
bs = (G_BKZ = 20.10 gate, B_BKZ = 39.61 bit cum-pr = 0.00, dsvp = 0.00, dsvp_r = 195, G_dsvp = 27.06 gate, B_dsvp = 48.35 bit, G = 27.07 gate, B = 48.35 bit)
Block size strategy generated by BSSA (beta,jump,tours):{( 52,  8,  5),( 57,  8,  4),( 67,  4,  1),( 71,  4,  3),(113,  8,  1),(116,  4,  1),(122,  4,  1),(138,  4,  1),(147,  2,  1)}
bs = (G_BKZ = 20.40 gate, B_BKZ = 39.81 bit cum-pr = 0.00, dsvp = 0.00, dsvp_r = 195, G_dsvp = 27.05 gate, B_dsvp = 48.35 bit, G = 27.06 gate, B = 48.35 bit)
Block size strategy generated by BSSA (beta,jump,tours):{( 52,  8,  5),( 57,  8,  4),( 67,  4,  1),( 71,  4,  3),(113,  8,  1),(116,  4,  1),(119,  4,  1),(126,  4,  1),(138,  4,  1),(148,  2,  1)}
bs = (G_BKZ = 20.49 gate, B_BKZ = 40.40 bit cum-pr = 0.00, dsvp = 0.00, dsvp_r = 195, G_dsvp = 27.03 gate, B_dsvp = 48.35 bit, G = 27.05 gate, B = 48.35 bit)
Block size strategy generated by BSSA (beta,jump,tours):{( 52,  8,  5),( 57,  8,  4),( 67,  4,  1),( 71,  4,  3),(113,  8,  1),(116,  4,  1),(122,  4,  1),(138,  4,  1),(152,  4,  1)}
bs = (G_BKZ = 20.85 gate, B_BKZ = 40.60 bit cum-pr = 0.00, dsvp = 0.00, dsvp_r = 195, G_dsvp = 27.02 gate, B_dsvp = 48.35 bit, G = 27.04 gate, B = 48.35 bit)
Block size strategy generated by BSSA (beta,jump,tours):{( 52,  8,  5),( 57,  8,  4),( 67,  4,  1),( 71,  4,  3),(113,  8,  1),(116,  4,  1),(119,  4,  1),(126,  4,  1),(138,  4,  1),(153,  4,  1)}
bs = (G_BKZ = 21.19 gate, B_BKZ = 40.60 bit cum-pr = 0.00, dsvp = 0.00, dsvp_r = 195, G_dsvp = 27.01 gate, B_dsvp = 48.35 bit, G = 27.04 gate, B = 48.35 bit)
Block size strategy generated by BSSA (beta,jump,tours):{( 52,  8,  5),( 57,  8,  4),( 67,  4,  1),( 71,  4,  3),(113,  8,  1),(116,  4,  1),(126,  4,  1),(136,  4,  1),(147,  4,  1),(153,  4,  1)}
bs = (G_BKZ = 21.46 gate, B_BKZ = 40.40 bit cum-pr = 0.00, dsvp = 0.00, dsvp_r = 195, G_dsvp = 27.00 gate, B_dsvp = 48.35 bit, G = 27.03 gate, B = 48.35 bit)
Block size strategy generated by BSSA (beta,jump,tours):{( 52,  8,  5),( 71,  4,  3),(113,  8,  1),(116,  4,  2),(128,  4,  1),(139,  4,  1),(152,  2,  1)}
bs = (G_BKZ = 21.82 gate, B_BKZ = 40.60 bit cum-pr = 0.00, dsvp = 0.00, dsvp_r = 195, G_dsvp = 26.99 gate, B_dsvp = 48.35 bit, G = 27.03 gate, B = 48.35 bit)
Block size strategy generated by BSSA (beta,jump,tours):{( 52,  8,  5),( 71,  4,  3),(113,  8,  1),(116,  4,  2),(128,  4,  1),(139,  4,  1),(153,  2,  1)}
bs = (G_BKZ = 22.16 gate, B_BKZ = 40.60 bit cum-pr = 0.00, dsvp = 0.00, dsvp_r = 195, G_dsvp = 26.97 gate, B_dsvp = 48.35 bit, G = 27.02 gate, B = 48.35 bit)
Block size strategy generated by BSSA (beta,jump,tours):{( 52,  8,  5),( 57,  8,  4),( 67,  4,  1),( 71,  4,  3),(113,  8,  1),(116,  4,  1),(122,  4,  1),(138,  4,  1),(147,  2,  1),(153,  2,  1)}
bs = (G_BKZ = 22.52 gate, B_BKZ = 40.79 bit cum-pr = 0.00, dsvp = 0.00, dsvp_r = 195, G_dsvp = 26.96 gate, B_dsvp = 48.35 bit, G = 27.02 gate, B = 48.35 bit)
Block size strategy generated by BSSA (beta,jump,tours):{( 52,  8,  5),( 57,  8,  4),( 67,  4,  1),( 71,  4,  3),(113,  8,  1),(116,  4,  1),(119,  4,  1),(126,  4,  1),(138,  4,  1),(148,  2,  1),(154,  2,  1)}
bs = (G_BKZ = 22.81 gate, B_BKZ = 40.99 bit cum-pr = 0.01, dsvp = 0.00, dsvp_r = 195, G_dsvp = 26.95 gate, B_dsvp = 48.35 bit, G = 27.03 gate, B = 48.35 bit)
Block size strategy generated by BSSA (beta,jump,tours):{( 52,  8,  5),( 57,  8,  4),( 67,  4,  1),( 71,  4,  3),(113,  8,  1),(116,  4,  1),(119,  4,  1),(126,  4,  1),(138,  4,  1),(148,  2,  1),(155,  2,  1)}
bs = (G_BKZ = 23.13 gate, B_BKZ = 41.19 bit cum-pr = 0.01, dsvp = 0.00, dsvp_r = 195, G_dsvp = 26.93 gate, B_dsvp = 48.35 bit, G = 27.03 gate, B = 48.35 bit)
Block size strategy generated by BSSA (beta,jump,tours):{( 52,  8,  5),( 57,  8,  4),( 67,  4,  1),( 71,  4,  3),(113,  8,  1),(116,  4,  1),(122,  4,  1),(138,  4,  1),(152,  4,  1),(156,  2,  1)}
bs = (G_BKZ = 23.44 gate, B_BKZ = 41.39 bit cum-pr = 0.01, dsvp = 0.00, dsvp_r = 195, G_dsvp = 26.92 gate, B_dsvp = 48.35 bit, G = 27.05 gate, B = 48.35 bit)
Block size strategy generated by BSSA (beta,jump,tours):{( 52,  8,  5),( 57,  8,  4),( 67,  4,  1),( 71,  4,  3),(113,  8,  1),(116,  4,  1),(122,  4,  1),(138,  4,  1),(152,  4,  1),(157,  2,  1)}
bs = (G_BKZ = 23.81 gate, B_BKZ = 41.58 bit cum-pr = 0.02, dsvp = 0.00, dsvp_r = 195, G_dsvp = 26.91 gate, B_dsvp = 48.35 bit, G = 27.07 gate, B = 48.35 bit)
Block size strategy generated by BSSA (beta,jump,tours):{( 52,  8,  5),( 57,  8,  4),( 67,  4,  1),( 71,  4,  3),(113,  8,  1),(116,  4,  1),(119,  4,  1),(126,  4,  1),(138,  4,  1),(153,  4,  1),(158,  2,  1)}
bs = (G_BKZ = 24.13 gate, B_BKZ = 41.78 bit cum-pr = 0.02, dsvp = 0.00, dsvp_r = 195, G_dsvp = 26.89 gate, B_dsvp = 48.35 bit, G = 27.09 gate, B = 48.35 bit)
Block size strategy generated by BSSA (beta,jump,tours):{( 52,  8,  5),( 57,  8,  4),( 67,  4,  1),( 71,  4,  3),(113,  8,  1),(116,  4,  1),(119,  4,  1),(126,  4,  1),(138,  4,  1),(153,  4,  1),(159,  2,  1)}
bs = (G_BKZ = 24.47 gate, B_BKZ = 41.98 bit cum-pr = 0.03, dsvp = 0.00, dsvp_r = 195, G_dsvp = 26.88 gate, B_dsvp = 48.35 bit, G = 27.13 gate, B = 48.35 bit)
Block size strategy generated by BSSA (beta,jump,tours):{( 52,  8,  5),( 57,  8,  4),( 67,  4,  1),( 71,  4,  3),(113,  8,  1),(116,  4,  1),(119,  4,  1),(126,  4,  1),(138,  4,  1),(153,  4,  1),(160,  2,  1)}
bs = (G_BKZ = 24.83 gate, B_BKZ = 42.18 bit cum-pr = 0.04, dsvp = 0.00, dsvp_r = 195, G_dsvp = 26.87 gate, B_dsvp = 48.35 bit, G = 27.18 gate, B = 48.35 bit)
Block size strategy generated by BSSA (beta,jump,tours):{( 52,  8,  5),( 57,  8,  4),( 67,  4,  1),( 71,  4,  3),(113,  8,  1),(116,  4,  1),(126,  4,  1),(136,  4,  1),(147,  4,  1),(153,  4,  1),(161,  2,  1)}
bs = (G_BKZ = 25.18 gate, B_BKZ = 42.38 bit cum-pr = 0.06, dsvp = 0.00, dsvp_r = 195, G_dsvp = 26.85 gate, B_dsvp = 48.35 bit, G = 27.25 gate, B = 48.35 bit)
Block size strategy generated by BSSA (beta,jump,tours):{( 52,  8,  5),( 57,  8,  4),( 67,  4,  1),( 71,  4,  3),(113,  8,  1),(116,  4,  1),(126,  4,  1),(136,  4,  1),(147,  4,  1),(153,  4,  1),(162,  2,  1)}
bs = (G_BKZ = 25.54 gate, B_BKZ = 42.58 bit cum-pr = 0.07, dsvp = 0.00, dsvp_r = 195, G_dsvp = 26.84 gate, B_dsvp = 48.35 bit, G = 27.33 gate, B = 48.35 bit)
Block size strategy generated by BSSA (beta,jump,tours):{( 52,  8,  5),( 71,  4,  3),(113,  8,  1),(116,  4,  2),(128,  4,  1),(139,  4,  1),(152,  2,  1),(163,  2,  1)}
bs = (G_BKZ = 25.89 gate, B_BKZ = 42.77 bit cum-pr = 0.10, dsvp = 0.00, dsvp_r = 195, G_dsvp = 26.82 gate, B_dsvp = 48.35 bit, G = 27.43 gate, B = 48.35 bit)
Block size strategy generated by BSSA (beta,jump,tours):{( 52,  8,  5),( 71,  4,  3),(113,  8,  1),(116,  4,  2),(128,  4,  1),(139,  4,  1),(152,  2,  1),(164,  2,  1)}
bs = (G_BKZ = 26.24 gate, B_BKZ = 42.97 bit cum-pr = 0.12, dsvp = 0.00, dsvp_r = 195, G_dsvp = 26.81 gate, B_dsvp = 48.35 bit, G = 27.55 gate, B = 48.35 bit)
Block size strategy generated by BSSA (beta,jump,tours):{( 52,  8,  5),( 71,  4,  3),(113,  8,  1),(116,  4,  2),(128,  4,  1),(139,  4,  1),(152,  2,  1),(165,  2,  1)}
bs = (G_BKZ = 26.56 gate, B_BKZ = 43.17 bit cum-pr = 0.18, dsvp = 0.00, dsvp_r = 195, G_dsvp = 26.79 gate, B_dsvp = 48.35 bit, G = 27.68 gate, B = 48.35 bit)
Block size strategy generated by BSSA (beta,jump,tours):{( 52,  8,  5),( 71,  4,  3),(113,  8,  1),(115,  4,  1),(125,  4,  1),(133,  4,  1),(167,  2,  1)}
bs = (G_BKZ = 26.59 gate, B_BKZ = 43.17 bit cum-pr = 0.18, dsvp = 0.00, dsvp_r = 195, G_dsvp = 26.78 gate, B_dsvp = 48.35 bit, G = 27.69 gate, B = 48.35 bit)
Block size strategy generated by BSSA (beta,jump,tours):{( 52,  8,  5),( 57,  8,  4),( 67,  4,  1),( 71,  4,  3),(113,  8,  1),(116,  4,  1),(126,  4,  1),(136,  4,  1),(147,  4,  1),(153,  4,  1),(167,  2,  1)}
bs = (G_BKZ = 26.94 gate, B_BKZ = 43.37 bit cum-pr = 0.22, dsvp = 0.00, dsvp_r = 195, G_dsvp = 26.76 gate, B_dsvp = 48.35 bit, G = 27.86 gate, B = 48.35 bit)
Block size strategy generated by BSSA (beta,jump,tours):{( 52,  8,  5),( 57,  8,  4),( 67,  4,  1),( 71,  4,  3),(113,  8,  1),(116,  4,  1),(119,  4,  1),(126,  4,  1),(138,  4,  1),(153,  4,  1),(168,  2,  1)}
bs = (G_BKZ = 27.31 gate, B_BKZ = 43.57 bit cum-pr = 0.26, dsvp = 0.00, dsvp_r = 195, G_dsvp = 26.75 gate, B_dsvp = 48.35 bit, G = 28.05 gate, B = 48.35 bit)
Block size strategy generated by BSSA (beta,jump,tours):{( 52,  8,  5),( 57,  8,  4),( 67,  4,  1),( 71,  4,  3),(113,  8,  1),(116,  4,  1),(119,  4,  1),(126,  4,  1),(138,  4,  1),(153,  4,  1),(169,  2,  1)}
bs = (G_BKZ = 27.67 gate, B_BKZ = 43.77 bit cum-pr = 0.31, dsvp = 0.00, dsvp_r = 195, G_dsvp = 26.73 gate, B_dsvp = 48.35 bit, G = 28.28 gate, B = 48.35 bit)
Block size strategy generated by BSSA (beta,jump,tours):{( 52,  8,  5),( 57,  8,  4),( 67,  4,  1),( 71,  4,  3),(113,  8,  1),(116,  4,  1),(122,  4,  1),(138,  4,  1),(152,  4,  1),(170,  2,  1)}
bs = (G_BKZ = 28.03 gate, B_BKZ = 43.97 bit cum-pr = 0.36, dsvp = 0.00, dsvp_r = 195, G_dsvp = 26.72 gate, B_dsvp = 48.35 bit, G = 28.52 gate, B = 48.35 bit)
Block size strategy generated by BSSA (beta,jump,tours):{( 52,  8,  5),( 57,  8,  4),( 67,  4,  1),( 71,  4,  3),(113,  8,  1),(116,  4,  1),(122,  4,  1),(138,  4,  1),(152,  4,  1),(171,  2,  1)}
bs = (G_BKZ = 28.40 gate, B_BKZ = 44.17 bit cum-pr = 0.41, dsvp = 0.00, dsvp_r = 195, G_dsvp = 26.70 gate, B_dsvp = 48.35 bit, G = 28.79 gate, B = 48.35 bit)
Block size strategy generated by BSSA (beta,jump,tours):{( 52,  8,  5),( 57,  8,  4),( 67,  4,  1),( 71,  4,  3),(113,  8,  1),(116,  4,  1),(119,  4,  1),(126,  4,  1),(138,  4,  1),(148,  2,  1),(172,  2,  1)}
bs = (G_BKZ = 28.77 gate, B_BKZ = 44.37 bit cum-pr = 0.47, dsvp = 0.00, dsvp_r = 195, G_dsvp = 26.68 gate, B_dsvp = 48.35 bit, G = 29.07 gate, B = 48.35 bit)
Block size strategy generated by BSSA (beta,jump,tours):{( 52,  8,  5),( 57,  8,  4),( 67,  4,  1),( 71,  4,  3),(113,  8,  1),(116,  4,  1),(122,  4,  1),(138,  4,  1),(147,  2,  1),(173,  2,  1)}
bs = (G_BKZ = 29.13 gate, B_BKZ = 44.57 bit cum-pr = 0.53, dsvp = 0.00, dsvp_r = 195, G_dsvp = 26.67 gate, B_dsvp = 48.35 bit, G = 29.37 gate, B = 48.35 bit)
Block size strategy generated by BSSA (beta,jump,tours):{( 52,  8,  5),( 57,  8,  4),( 67,  4,  1),( 71,  4,  3),(113,  8,  1),(116,  4,  1),(122,  4,  1),(138,  4,  1),(149,  4,  1),(174,  2,  1)}
bs = (G_BKZ = 29.50 gate, B_BKZ = 44.76 bit cum-pr = 0.58, dsvp = 0.00, dsvp_r = 195, G_dsvp = 26.65 gate, B_dsvp = 48.35 bit, G = 29.69 gate, B = 48.35 bit)
Block size strategy generated by BSSA (beta,jump,tours):{( 52,  8,  5),( 57,  8,  4),( 67,  4,  1),( 71,  4,  3),(113,  8,  1),(116,  4,  1),(126,  4,  1),(136,  4,  1),(148,  4,  1),(175,  2,  1)}
bs = (G_BKZ = 29.87 gate, B_BKZ = 44.96 bit cum-pr = 0.64, dsvp = 0.00, dsvp_r = 195, G_dsvp = 26.63 gate, B_dsvp = 48.35 bit, G = 30.01 gate, B = 48.35 bit)
Block size strategy generated by BSSA (beta,jump,tours):{( 52,  8,  5),( 57,  8,  4),( 67,  4,  1),( 71,  4,  3),(113,  8,  1),(116,  4,  1),(126,  4,  1),(136,  4,  1),(146,  4,  1),(176,  2,  1)}
bs = (G_BKZ = 30.24 gate, B_BKZ = 45.16 bit cum-pr = 0.69, dsvp = 0.00, dsvp_r = 195, G_dsvp = 26.62 gate, B_dsvp = 48.35 bit, G = 30.35 gate, B = 48.35 bit)
Block size strategy generated by BSSA (beta,jump,tours):{( 52,  8,  5),( 57,  8,  4),( 67,  4,  1),( 71,  4,  3),(113,  8,  1),(116,  4,  1),(126,  4,  1),(135,  4,  1),(144,  4,  1),(177,  2,  1)}
bs = (G_BKZ = 31.60 gate, B_BKZ = 45.36 bit cum-pr = 0.91, dsvp = 0.00, dsvp_r = 195, G_dsvp = 26.59 gate, B_dsvp = 48.35 bit, G = 31.65 gate, B = 48.35 bit)
Block size strategy generated by BSSA (beta,jump,tours):{(178,  2,  2)}
bs = (G_BKZ = 34.28 gate, B_BKZ = 47.35 bit cum-pr = 1.00, dsvp = 0.00, dsvp_r =   0, G_dsvp = 0.00 gate, B_dsvp = 0.00 bit, G = 34.28 gate, B = 47.35 bit)
Block size strategy generated by BSSA (beta,jump,tours):{(189,  4,  2)}
bs = (G_BKZ = 34.28 gate, B_BKZ = 47.35 bit cum-pr = 1.00, dsvp = 0.00, dsvp_r =   0, G_dsvp = 0.00 gate, B_dsvp = 0.00 bit, G = 34.28 gate, B = 47.35 bit)
Block size strategy generated by BSSA (beta,jump,tours):{(189,  4,  2)}
Find the optimized Strategy through BSSA!!
bs = (G_BKZ = 22.16 gate, B_BKZ = 40.60 bit cum-pr = 0.00, dsvp = 0.00, dsvp_r = 195, G_dsvp = 26.97 gate, B_dsvp = 48.35 bit, G = 27.02 gate, B = 48.35 bit)
Block size strategy generated by BSSA (beta,jump,tours):{( 52,  8,  5),( 57,  8,  4),( 67,  4,  1),( 71,  4,  3),(113,  8,  1),(116,  4,  1),(122,  4,  1),(138,  4,  1),(147,  2,  1),(153,  2,  1)}
Min Cost = 27.02 log2(sec), Memory Cost = 48.35 log(bit)
BSSA cost:9.1e+02s.



"lwechallenge/45-035.txt" exists.
-------------------------
Primal attack, TU LWE challenge n=45, m=2025, alpha=0.035, q=2027 
Chose 210 samples. Predict solution at bkz-142 + svp-173. 
dim = 211, dvol = 357.09956384954

Generate gs-lengths by GSA assumption... Attack Estimation via simulation + probabilistic model (BSSA)
