"lwechallenge/40-025.txt" exists.
-------------------------
Primal attack, TU LWE challenge n=40, m=1600, alpha=0.025, q=1601 
Chose 171 samples. Predict solution at bkz-89 + svp-117. 
Initial slope = -0.0665978
dim = 172, dvol = 331.97353385059

After a sigma normalization,Slope = -0.066598
enumbs min_G_prec = 0.1
 Attack Estimation via simulation + probabilistic model (EnumBS in parallel)
beta_start= 50, gap = 1, J = 8, J_gap = 1, cost_model = 2, max_loop = 5, threads = 2, G_prec = 1.000000e-03,  slope_prec = 1.000000e-04,  progressive_sieve = True, worst_case = 0, Find minimal time cost strategy, average_case, practical_pnjbkz_d4f = 3, practical_pump_d4f = 3.
 
Find the optimal Strategy through EumBS!!
bs = (slope = -4.311966e-02, G_BKZ = -1.285603e+00 log2(sec), B_BKZ = 2.403806e+01 log2(bit), cum-pr = 3.320719e-04, pump-{32,140,22}, G_dsvp = 1.099226e+01 log2(sec), B_dsvp = 3.568484e+01 bit, G = 1.099255e+01 log2(sec), B = 3.568484e+01 log2(bit),  min_GB.first = 1.099255e+01 log2(sec))
S(beta,jump,tours):[(89,8,1),(104,8,1)]
Min Cost = 10.99 log2(sec) = 2037.45 s, Memory Cost = 35.69 log2(bit) = 6.43 GB 
EnumBS cost:27s.



"lwechallenge/40-030.txt" exists.
-------------------------
Primal attack, TU LWE challenge n=40, m=1600, alpha=0.030, q=1601 
Chose 178 samples. Predict solution at bkz-102 + svp-133. 
Initial slope = -0.064
dim = 179, dvol = 325.16013135542

After a sigma normalization,Slope = -0.064016
enumbs min_G_prec = 0.1
 Attack Estimation via simulation + probabilistic model (EnumBS in parallel)
beta_start= 50, gap = 1, J = 8, J_gap = 1, cost_model = 2, max_loop = 5, threads = 2, G_prec = 1.000000e-03,  slope_prec = 1.000000e-04,  progressive_sieve = True, worst_case = 0, Find minimal time cost strategy, average_case, practical_pnjbkz_d4f = 3, practical_pump_d4f = 3.
 
Find the optimal Strategy through EumBS!!
bs = (slope = -3.802180e-02, G_BKZ = 2.928622e+00 log2(sec), B_BKZ = 2.925093e+01 log2(bit), cum-pr = 2.213561e-03, pump-{27,152,22}, G_dsvp = 1.313098e+01 log2(sec), B_dsvp = 3.738548e+01 bit, G = 1.313220e+01 log2(sec), B = 3.738548e+01 log2(bit),  min_GB.first = 1.313220e+01 log2(sec))
S(beta,jump,tours):[(73,8,1),(89,8,1),(113,8,1),(119,8,1)]
Min Cost = 13.13 log2(sec) = 8978.15 s, Memory Cost = 37.39 log2(bit) = 20.98 GB 
EnumBS cost:1.5e+02s.



"lwechallenge/45-020.txt" exists.
-------------------------
Primal attack, TU LWE challenge n=45, m=2025, alpha=0.020, q=2027 
Chose 184 samples. Predict solution at bkz-89 + svp-121. 
Initial slope = -0.066
dim = 185, dvol = 373.46589773268

After a sigma normalization,Slope = -0.065691
enumbs min_G_prec = 0.1
 Attack Estimation via simulation + probabilistic model (EnumBS in parallel)
beta_start= 50, gap = 1, J = 8, J_gap = 1, cost_model = 2, max_loop = 5, threads = 2, G_prec = 1.000000e-03,  slope_prec = 1.000000e-04,  progressive_sieve = True, worst_case = 0, Find minimal time cost strategy, average_case, practical_pnjbkz_d4f = 3, practical_pump_d4f = 3.
 
Find the optimal Strategy through EumBS!!
bs = (slope = -4.138048e-02, G_BKZ = 1.865434e+00 log2(sec), B_BKZ = 2.747791e+01 log2(bit), cum-pr = 1.941599e-03, pump-{43,142,22}, G_dsvp = 1.154134e+01 log2(sec), B_dsvp = 3.595962e+01 bit, G = 1.154310e+01 log2(sec), B = 3.595962e+01 log2(bit),  min_GB.first = 1.154310e+01 log2(sec))
S(beta,jump,tours):[(73,8,1),(90,8,1),(110,8,1)]
Min Cost = 11.54 log2(sec) = 2984.15 s, Memory Cost = 35.96 log2(bit) = 7.80 GB 
EnumBS cost:67s.



"lwechallenge/50-015.txt" exists.
-------------------------
Primal attack, TU LWE challenge n=50, m=2500, alpha=0.015, q=2503 
Chose 193 samples. Predict solution at bkz-87 + svp-118. 
Initial slope = -0.068
dim = 194, dvol = 415.65527573918

After a sigma normalization,Slope = -0.068032
enumbs min_G_prec = 0.1
 Attack Estimation via simulation + probabilistic model (EnumBS in parallel)
beta_start= 50, gap = 1, J = 8, J_gap = 1, cost_model = 2, max_loop = 5, threads = 2, G_prec = 1.000000e-03,  slope_prec = 1.000000e-04,  progressive_sieve = True, worst_case = 0, Find minimal time cost strategy, average_case, practical_pnjbkz_d4f = 3, practical_pump_d4f = 3.
 
Find the optimal Strategy through EumBS!!
bs = (slope = -4.264230e-02, G_BKZ = 5.523532e-01 log2(sec), B_BKZ = 2.557056e+01 log2(bit), cum-pr = 7.165790e-04, pump-{53,141,22}, G_dsvp = 1.156723e+01 log2(sec), B_dsvp = 3.586431e+01 bit, G = 1.156792e+01 log2(sec), B = 3.586431e+01 log2(bit),  min_GB.first = 1.156792e+01 log2(sec))
S(beta,jump,tours):[(76,8,1),(90,8,1),(107,8,1)]
Min Cost = 11.57 log2(sec) = 3035.93 s, Memory Cost = 35.87 log2(bit) = 7.29 GB 
EnumBS cost:83s.



"lwechallenge/60-010.txt" exists.
-------------------------
Primal attack, TU LWE challenge n=60, m=3600, alpha=0.010, q=3607 
Chose 221 samples. Predict solution at bkz-92 + svp-122. 
Initial slope = -0.066
dim = 222, dvol = 522.71923621791

After a sigma normalization,Slope = -0.065713
enumbs min_G_prec = 0.1
 Attack Estimation via simulation + probabilistic model (EnumBS in parallel)
beta_start= 50, gap = 1, J = 8, J_gap = 1, cost_model = 2, max_loop = 5, threads = 2, G_prec = 1.000000e-03,  slope_prec = 1.000000e-04,  progressive_sieve = True, worst_case = 0, Find minimal time cost strategy, average_case, practical_pnjbkz_d4f = 3, practical_pump_d4f = 3.
 
Find the optimal Strategy through EumBS!!
bs = (slope = -4.034173e-02, G_BKZ = 3.971078e+00 log2(sec), B_BKZ = 2.880312e+01 log2(bit), cum-pr = 3.425706e-03, pump-{78,144,22}, G_dsvp = 1.255681e+01 log2(sec), B_dsvp = 3.620580e+01 bit, G = 1.256056e+01 log2(sec), B = 3.620580e+01 log2(bit),  min_GB.first = 1.256056e+01 log2(sec))
S(beta,jump,tours):[(73,8,1),(89,8,1),(104,8,1),(113,8,1)]
Min Cost = 12.56 log2(sec) = 6040.97 s, Memory Cost = 36.21 log2(bit) = 9.28 GB 
EnumBS cost:1.9e+02s.



"lwechallenge/80-005.txt" exists.
-------------------------
Primal attack, TU LWE challenge n=80, m=6400, alpha=0.005, q=6421 
Chose 270 samples. Predict solution at bkz-100 + svp-132. 
Initial slope = -0.065
dim = 271, dvol = 725.69003801176

After a sigma normalization,Slope = -0.065334
enumbs min_G_prec = 0.1
 Attack Estimation via simulation + probabilistic model (EnumBS in parallel)
beta_start= 50, gap = 1, J = 8, J_gap = 1, cost_model = 2, max_loop = 5, threads = 2, G_prec = 1.000000e-03,  slope_prec = 1.000000e-04,  progressive_sieve = True, worst_case = 0, Find minimal time cost strategy, average_case, practical_pnjbkz_d4f = 3, practical_pump_d4f = 3.
 
Find the optimal Strategy through EumBS!!
bs = (slope = -3.783510e-02, G_BKZ = 4.575494e+00 log2(sec), B_BKZ = 2.879427e+01 log2(bit), cum-pr = 1.608918e-03, pump-{118,153,22}, G_dsvp = 1.437419e+01 log2(sec), B_dsvp = 3.750995e+01 bit, G = 1.437580e+01 log2(sec), B = 3.750995e+01 log2(bit),  min_GB.first = 1.437580e+01 log2(sec))
S(beta,jump,tours):[(73,8,1),(77,8,1),(89,8,1),(92,8,1),(117,8,2),(119,8,1)]
Min Cost = 14.38 log2(sec) = 21259.27 s, Memory Cost = 37.51 log2(bit) = 22.84 GB 
EnumBS cost:7.1e+02s.



"lwechallenge/40-035.txt" exists.
-------------------------
Primal attack, TU LWE challenge n=40, m=1600, alpha=0.035, q=1601 
Chose 187 samples. Predict solution at bkz-114 + svp-148. 
Initial slope = -0.06
dim = 188, dvol = 327.73882468246

After a sigma normalization,Slope = -0.059717
enumbs min_G_prec = 0.1
 Attack Estimation via simulation + probabilistic model (EnumBS in parallel)
beta_start= 50, gap = 1, J = 8, J_gap = 1, cost_model = 2, max_loop = 5, threads = 2, G_prec = 1.000000e-03,  slope_prec = 1.000000e-04,  progressive_sieve = True, worst_case = 0, Find minimal time cost strategy, average_case, practical_pnjbkz_d4f = 3, practical_pump_d4f = 3.
 
Find the optimal Strategy through EumBS!!
bs = (slope = -3.522929e-02, G_BKZ = 8.721539e+00 log2(sec), B_BKZ = 3.456146e+01 log2(bit), cum-pr = 1.527565e-02, pump-{21,167,24}, G_dsvp = 1.704985e+01 log2(sec), B_dsvp = 3.979444e+01 bit, G = 1.705433e+01 log2(sec), B = 3.979444e+01 log2(bit),  min_GB.first = 1.705433e+01 log2(sec))
S(beta,jump,tours):[(75,8,1),(90,8,1),(112,8,1),(118,4,1),(132,4,1)]
Min Cost = 17.05 log2(sec) = 136102.19 s, Memory Cost = 39.83 log2(bit) = 113.95 GB 
EnumBS cost:1.3e+02s.



"lwechallenge/40-040.txt" exists.
-------------------------
Primal attack, TU LWE challenge n=40, m=1600, alpha=0.040, q=1601 
Chose 191 samples. Predict solution at bkz-128 + svp-162. 
Initial slope = -0.057
dim = 192, dvol = 315.51042609031

After a sigma normalization,Slope = -0.056585
enumbs min_G_prec = 0.1
 Attack Estimation via simulation + probabilistic model (EnumBS in parallel)
beta_start= 50, gap = 1, J = 8, J_gap = 1, cost_model = 2, max_loop = 5, threads = 2, G_prec = 1.000000e-03,  slope_prec = 1.000000e-04,  progressive_sieve = True, worst_case = 0, Find minimal time cost strategy, average_case, practical_pnjbkz_d4f = 3, practical_pump_d4f = 3.
 
Find the optimal Strategy through EumBS!!
bs = (slope = -3.360859e-02, G_BKZ = 1.290739e+01 log2(sec), B_BKZ = 3.796633e+01 log2(bit), cum-pr = 2.072036e-02, pump-{11,181,25}, G_dsvp = 2.169342e+01 log2(sec), B_dsvp = 4.236966e+01 bit, G = 2.169669e+01 log2(sec), B = 4.236966e+01 log2(bit),  min_GB.first = 2.169669e+01 log2(sec))
S(beta,jump,tours):[(77,8,1),(90,8,1),(111,8,1),(117,4,1),(120,4,1),(136,4,1),(147,4,1)]
Min Cost = 21.70 log2(sec) = 3399015.34 s, Memory Cost = 42.44 log2(bit) = 692.79 GB 
EnumBS cost:1.7e+02s.



"lwechallenge/50-025.txt" exists.
-------------------------
Primal attack, TU LWE challenge n=50, m=2500, alpha=0.025, q=2503 
Chose 219 samples. Predict solution at bkz-130 + svp-161. 
Initial slope = -0.058
dim = 220, dvol = 412.46597436512

After a sigma normalization,Slope = -0.057964
enumbs min_G_prec = 0.1
 Attack Estimation via simulation + probabilistic model (EnumBS in parallel)
beta_start= 50, gap = 1, J = 8, J_gap = 1, cost_model = 2, max_loop = 5, threads = 2, G_prec = 1.000000e-03,  slope_prec = 1.000000e-04,  progressive_sieve = True, worst_case = 0, Find minimal time cost strategy, average_case, practical_pnjbkz_d4f = 3, practical_pump_d4f = 3.
 
Find the optimal Strategy through EumBS!!
bs = (slope = -3.301464e-02, G_BKZ = 1.408632e+01 log2(sec), B_BKZ = 3.847253e+01 log2(bit), cum-pr = 3.044337e-02, pump-{40,180,25}, G_dsvp = 2.147565e+01 log2(sec), B_dsvp = 4.215673e+01 bit, G = 2.148423e+01 log2(sec), B = 4.215673e+01 log2(bit),  min_GB.first = 2.148423e+01 log2(sec))
S(beta,jump,tours):[(82,8,1),(113,8,2),(117,4,1),(128,4,1),(141,4,1),(147,4,1)]
Min Cost = 21.48 log2(sec) = 2933570.00 s, Memory Cost = 42.26 log2(bit) = 615.16 GB 
EnumBS cost:8.9e+02s.



"lwechallenge/55-020.txt" exists.
-------------------------
Primal attack, TU LWE challenge n=55, m=3025, alpha=0.020, q=3037 
Chose 230 samples. Predict solution at bkz-128 + svp-161. 
Initial slope = -0.059
dim = 231, dvol = 454.63428930493

After a sigma normalization,Slope = -0.058674
enumbs min_G_prec = 0.1
 Attack Estimation via simulation + probabilistic model (EnumBS in parallel)
beta_start= 50, gap = 1, J = 8, J_gap = 1, cost_model = 2, max_loop = 5, threads = 2, G_prec = 1.000000e-03,  slope_prec = 1.000000e-04,  progressive_sieve = True, worst_case = 0, Find minimal time cost strategy, average_case, practical_pnjbkz_d4f = 3, practical_pump_d4f = 3.
 
Find the optimal Strategy through EumBS!!
bs = (slope = -3.282466e-02, G_BKZ = 1.465095e+01 log2(sec), B_BKZ = 3.879826e+01 log2(bit), cum-pr = 3.828234e-02, pump-{52,179,24}, G_dsvp = 2.131029e+01 log2(sec), B_dsvp = 4.199866e+01 bit, G = 2.132449e+01 log2(sec), B = 4.199866e+01 log2(bit),  min_GB.first = 2.132449e+01 log2(sec))
S(beta,jump,tours):[(73,8,1),(75,8,1),(82,8,1),(117,8,2),(117,4,1),(124,4,1),(133,4,1),(141,4,1),(147,4,1)]
Min Cost = 21.32 log2(sec) = 2626104.38 s, Memory Cost = 42.15 log2(bit) = 567.17 GB 
EnumBS cost:1.4e+03s.



"lwechallenge/90-005.txt" exists.
-------------------------
Primal attack, TU LWE challenge n=90, m=8100, alpha=0.005, q=8101 
Chose 306 samples. Predict solution at bkz-127 + svp-156. 
Initial slope = -0.06
dim = 307, dvol = 807.55779063989

After a sigma normalization,Slope = -0.060246
enumbs min_G_prec = 0.1
 Attack Estimation via simulation + probabilistic model (EnumBS in parallel)
beta_start= 50, gap = 1, J = 8, J_gap = 1, cost_model = 2, max_loop = 5, threads = 2, G_prec = 1.000000e-03,  slope_prec = 1.000000e-04,  progressive_sieve = True, worst_case = 0, Find minimal time cost strategy, average_case, practical_pnjbkz_d4f = 3, practical_pump_d4f = 3.
 
Find the optimal Strategy through EumBS!!
bs = (slope = -3.269102e-02, G_BKZ = 1.385220e+01 log2(sec), B_BKZ = 3.720809e+01 log2(bit), cum-pr = 2.927049e-02, pump-{133,174,24}, G_dsvp = 2.011047e+01 log2(sec), B_dsvp = 4.112340e+01 bit, G = 2.012919e+01 log2(sec), B = 4.112340e+01 log2(bit),  min_GB.first = 2.012919e+01 log2(sec))
S(beta,jump,tours):[(73,8,2),(78,8,1),(89,8,1),(117,8,3),(117,4,1),(118,4,1),(121,4,1),(128,4,1),(132,4,1),(138,4,1),(141,4,1)]
Min Cost = 20.13 log2(sec) = 1146809.79 s, Memory Cost = 41.22 log2(bit) = 297.34 GB 
EnumBS cost:2.9e+03s.



